<?xml version="1.0" encoding="UTF-8"?>
<testsuites name="Wallets" time="99.619" tests="5" failures="0" errors="0">
   <testsuite name="Wallets" tests="5" failures="0" errors="0" time="99.619" skipped="0" timestamp="22-01-2025T14:58:32" hostname="manilacel - localhost" id="Test Suites/PMT_Libraries/Wallets">
      <properties>
         <property name="deviceName" value=""/>
         <property name="devicePlatform"/>
         <property name="logFolder" value="/Users/manilacel/Library/CloudStorage/OneDrive-RoyalCaribbeanGroup/PMT/Git/payment.web-utility-automation/payment.web-utility-automation/Reports/20250122_145829/PMT_Libraries/Wallets/20250122_145829"/>
         <property name="logFiles" value="/Users/manilacel/Library/CloudStorage/OneDrive-RoyalCaribbeanGroup/PMT/Git/payment.web-utility-automation/payment.web-utility-automation/Reports/20250122_145829/PMT_Libraries/Wallets/20250122_145829/execution0.log"/>
         <property name="attachments" value="./screenshots/Failed_Wallet_Update.png, ./screenshots/Failed_Wallet_Add.png, ./screenshots/Failed_Wallet_Delete.png"/>
         <property name="hostName" value="manilacel - localhost"/>
         <property name="os" value="Mac OS X 64bit"/>
         <property name="katalonVersion" value="9.5.0.217"/>
         <property name="browser" value="Chrome 131.0.0.0"/>
         <property name="hostAddress" value="127.0.0.1"/>
         <property name="sessionId" value="47d7bf2b7fa18f572583a9357d07c52a"/>
         <property name="seleniumVersion" value="3.141.59"/>
         <property name="proxyInformation" value="ProxyInformation { proxyOption=NO_PROXY, proxyServerType=HTTP, username=, password=********, proxyServerAddress=, proxyServerPort=0, executionList=&quot;&quot;, isApplyToDesiredCapabilities=true }"/>
         <property name="platform" value="Mac OS X"/>
      </properties>
      <testcase name="Test Cases/Web_Utilities_TestCases/Wallets/TC3_Wallet_Update" time="25.153" classname="Test Cases/Web_Utilities_TestCases/Wallets/TC3_Wallet_Update" status="PASSED">
         <system-out><![CDATA[22-01-2025T14:58:32 - [TEST_CASE][PASSED] - Test Cases/Web_Utilities_TestCases/Wallets/TC3_Wallet_Update: Test Cases/Web_Utilities_TestCases/Wallets/TC3_Wallet_Update

22-01-2025T14:58:33 - [TEST_STEP][PASSED] - try: null

22-01-2025T14:58:33 - [TEST_STEP][PASSED] - utils.openBrowserAndNavigateToPMT(): Navigate to 'https://dev1.payment.rccl.com/payment/utilities' successfully

22-01-2025T14:58:33 - [MESSAGE][INFO] - Starting 'Chrome' driver

22-01-2025T14:58:33 - [MESSAGE][INFO] - Action delay is set to 0 milliseconds

22-01-2025T14:58:36 - [MESSAGE][PASSED] - Browser is opened with url: ''

22-01-2025T14:58:36 - [MESSAGE][PASSED] - Current window maximized

22-01-2025T14:58:40 - [MESSAGE][PASSED] - Navigate to 'https://dev1.payment.rccl.com/payment/utilities' successfully

22-01-2025T14:58:40 - [TEST_STEP][PASSED] - EXCEL_PATH = "./Data Files/TestData.xlsx": null

22-01-2025T14:58:40 - [TEST_STEP][PASSED] - TAB = "Wallet_Update": null

22-01-2025T14:58:40 - [TEST_STEP][PASSED] - driver = getWebDriver(): null

22-01-2025T14:58:40 - [TEST_STEP][PASSED] - utils.goToWallets(): null

22-01-2025T14:58:41 - [TEST_STEP][PASSED] - clickAuthorizePayment = xpath("//a[normalize-space()='Update']")).click(): null

22-01-2025T14:58:41 - [TEST_STEP][PASSED] - utils.selectEnvironment(ENV): null

22-01-2025T14:58:42 - [TEST_STEP][PASSED] - sendRequestTextBox = driver.findElement(By.xpath("//textarea[@name='req']")): null

22-01-2025T14:58:42 - [TEST_STEP][PASSED] - fetchGuestAccount = sendRequest(findTestObject("GuestAccount")): Send request successfully

22-01-2025T14:58:45 - [MESSAGE][INFO] - HAR: /Users/manilacel/Library/CloudStorage/OneDrive-RoyalCaribbeanGroup/PMT/Git/payment.web-utility-automation/payment.web-utility-automation/Reports/20250122_145829/PMT_Libraries/Wallets/20250122_145829/requests/main/0.har

22-01-2025T14:58:45 - [MESSAGE][PASSED] - Send request successfully

22-01-2025T14:58:45 - [TEST_STEP][PASSED] - accountId = getElementPropertyValue(fetchGuestAccount, "payload.accountId"): null

22-01-2025T14:58:45 - [TEST_STEP][PASSED] - accessToken = getElementPropertyValue(fetchGuestAccount, "payload.accessToken"): null

22-01-2025T14:58:45 - [TEST_STEP][PASSED] - accountId = accountId: null

22-01-2025T14:58:45 - [TEST_STEP][PASSED] - accessToken = accessToken: null

22-01-2025T14:58:45 - [TEST_STEP][PASSED] - testdata = getdata.fromExcel(EXCEL_PATH, TAB): null

22-01-2025T14:58:46 - [TEST_STEP][PASSED] - for ([i = 0, i < testdata.size(), (i++)]): null

22-01-2025T14:58:46 - [TEST_STEP][PASSED] - sendRequestTextBox.clear(): null

22-01-2025T14:58:46 - [TEST_STEP][PASSED] - paymentMethod = testdata["paymentMethod"][i]: null

22-01-2025T14:58:46 - [TEST_STEP][PASSED] - cardNumber = testdata["cardNumber"][i]: null

22-01-2025T14:58:46 - [TEST_STEP][PASSED] - CNumber = cardNumber.replaceAll("\.0$", ""): null

22-01-2025T14:58:46 - [TEST_STEP][PASSED] - expirationMonth = testdata["expirationMonth"][i]: null

22-01-2025T14:58:46 - [TEST_STEP][PASSED] - xMonth = expirationMonth.replaceAll("\.0$", ""): null

22-01-2025T14:58:46 - [TEST_STEP][PASSED] - expirationYear = testdata["expirationYear"][i]: null

22-01-2025T14:58:46 - [TEST_STEP][PASSED] - xYear = expirationYear.replaceAll("\.0$", ""): null

22-01-2025T14:58:46 - [TEST_STEP][PASSED] - cardholderName = testdata["cardholderName"][i]: null

22-01-2025T14:58:46 - [TEST_STEP][PASSED] - nickName = testdata["nickName"][i]: null

22-01-2025T14:58:46 - [TEST_STEP][PASSED] - defaultPaymentMethod = testdata["defaultPaymentMethod"][i]: null

22-01-2025T14:58:46 - [TEST_STEP][PASSED] - request = {
    "paymentMethod": {
        "type": "$paymentMethod",
        "cardNumber": "$cardNumber",
        "cardholder": "$cardholderName",
        "nickname": "$nickName",
        "expirationMonth": "$expirationMonth",
        "expirationYear": "$expirationYear",
        "defaultPaymentMethod": "$defaultPaymentMethod"
    },
    "accountId": "$accountId",
    "accessToken": "$accessToken"
}: null

22-01-2025T14:58:46 - [TEST_STEP][PASSED] - restRequest = JsonSlurper().parseText(request): null

22-01-2025T14:58:46 - [TEST_STEP][PASSED] - prettyJson = JsonBuilder(restRequest).toPrettyString(): null

22-01-2025T14:58:46 - [TEST_STEP][PASSED] - println(prettyJson): null

22-01-2025T14:58:46 - [TEST_STEP][PASSED] - sendRequestTextBox.sendKeys(prettyJson): null

22-01-2025T14:58:48 - [TEST_STEP][PASSED] - utils.clickSendButton(): null

22-01-2025T14:58:48 - [TEST_STEP][PASSED] - delay(3): Delayed 3 second(s)

22-01-2025T14:58:51 - [MESSAGE][PASSED] - Delayed 3 second(s)

22-01-2025T14:58:51 - [TEST_STEP][PASSED] - response = utils.getResponse(): null

22-01-2025T14:58:52 - [TEST_STEP][PASSED] - println(response): null

22-01-2025T14:58:52 - [TEST_STEP][PASSED] - validation1 = testdata["ContainsValidation"][i]: null

22-01-2025T14:58:52 - [TEST_STEP][PASSED] - println(validation1): null

22-01-2025T14:58:52 - [TEST_STEP][PASSED] - validation2 = testdata["NotContainsValidation"][i]: null

22-01-2025T14:58:52 - [TEST_STEP][PASSED] - println(validation2): null

22-01-2025T14:58:52 - [TEST_STEP][PASSED] - println(testdata["TCNumber"][i]): null

22-01-2025T14:58:52 - [TEST_STEP][PASSED] - assert response.contains(validation1): null

22-01-2025T14:58:52 - [TEST_STEP][PASSED] - catch (AssertionError e): null

22-01-2025T14:58:52 - [TEST_STEP][PASSED] - takeScreenshot("./screenshots/Failed_Wallet_Update.png"): Taking screenshot successfully

22-01-2025T14:58:53 - [MESSAGE][PASSED] - Taking screenshot successfully
[[ATTACHMENT|./screenshots/Failed_Wallet_Update.png]]

22-01-2025T14:58:53 - [TEST_STEP][PASSED] - println(Assertion failed: $e.message): null

22-01-2025T14:58:53 - [TEST_STEP][PASSED] - e.printStackTrace(): null

22-01-2025T14:58:53 - [TEST_STEP][PASSED] - Finally: Browser is closed

22-01-2025T14:58:53 - [TEST_STEP][PASSED] - utils.closeBrowser(): Browser is closed

22-01-2025T14:58:55 - [MESSAGE][PASSED] - Delayed 2 second(s)

22-01-2025T14:58:55 - [MESSAGE][PASSED] - Browser is closed

22-01-2025T14:58:57 - [TEST_STEP][PASSED] - Video: Video recording for test case 'Test Cases/Web_Utilities_TestCases/Wallets/TC3_Wallet_Update' .

22-01-2025T14:58:57 - [MESSAGE][INFO] - Video recording for test case 'Test Cases/Web_Utilities_TestCases/Wallets/TC3_Wallet_Update' .]]></system-out>
         <system-err><![CDATA[]]></system-err>
      </testcase>
      <testcase name="Test Cases/Web_Utilities_TestCases/Wallets/Wallet_Get" time="12.063" classname="Test Cases/Web_Utilities_TestCases/Wallets/Wallet_Get" status="PASSED">
         <system-out><![CDATA[22-01-2025T14:58:57 - [TEST_CASE][PASSED] - Test Cases/Web_Utilities_TestCases/Wallets/Wallet_Get: Test Cases/Web_Utilities_TestCases/Wallets/Wallet_Get

22-01-2025T14:58:57 - [TEST_STEP][PASSED] - try: null

22-01-2025T14:58:57 - [TEST_STEP][PASSED] - utils.openBrowserAndNavigateToPMT(): Navigate to 'https://dev1.payment.rccl.com/payment/utilities' successfully

22-01-2025T14:58:57 - [MESSAGE][INFO] - Starting 'Chrome' driver

22-01-2025T14:58:57 - [MESSAGE][INFO] - Action delay is set to 0 milliseconds

22-01-2025T14:58:58 - [MESSAGE][PASSED] - Browser is opened with url: ''

22-01-2025T14:58:59 - [MESSAGE][PASSED] - Current window maximized

22-01-2025T14:59:02 - [MESSAGE][PASSED] - Navigate to 'https://dev1.payment.rccl.com/payment/utilities' successfully

22-01-2025T14:59:02 - [TEST_STEP][PASSED] - driver = getWebDriver(): null

22-01-2025T14:59:02 - [TEST_STEP][PASSED] - utils.goToWallets(): null

22-01-2025T14:59:04 - [TEST_STEP][PASSED] - clickAuthorizePayment = xpath("//a[normalize-space()='Get']")).click(): null

22-01-2025T14:59:04 - [TEST_STEP][PASSED] - utils.selectEnvironment(ENV): null

22-01-2025T14:59:05 - [TEST_STEP][PASSED] - Finally: Browser is closed

22-01-2025T14:59:05 - [TEST_STEP][PASSED] - utils.closeBrowser(): Browser is closed

22-01-2025T14:59:07 - [MESSAGE][PASSED] - Delayed 2 second(s)

22-01-2025T14:59:07 - [MESSAGE][PASSED] - Browser is closed

22-01-2025T14:59:09 - [TEST_STEP][PASSED] - Video: Video recording for test case 'Test Cases/Web_Utilities_TestCases/Wallets/Wallet_Get' .

22-01-2025T14:59:09 - [MESSAGE][INFO] - Video recording for test case 'Test Cases/Web_Utilities_TestCases/Wallets/Wallet_Get' .]]></system-out>
         <system-err><![CDATA[]]></system-err>
      </testcase>
      <testcase name="Test Cases/Web_Utilities_TestCases/Wallets/TC2__Replace" time="21.598" classname="Test Cases/Web_Utilities_TestCases/Wallets/TC2__Replace" status="PASSED">
         <system-out><![CDATA[22-01-2025T14:59:09 - [TEST_CASE][PASSED] - Test Cases/Web_Utilities_TestCases/Wallets/TC2__Replace: Test Cases/Web_Utilities_TestCases/Wallets/TC2__Replace

22-01-2025T14:59:09 - [TEST_STEP][PASSED] - try: null

22-01-2025T14:59:09 - [TEST_STEP][PASSED] - utils.openBrowserAndNavigateToPMT(): Navigate to 'https://dev1.payment.rccl.com/payment/utilities' successfully

22-01-2025T14:59:09 - [MESSAGE][INFO] - Starting 'Chrome' driver

22-01-2025T14:59:09 - [MESSAGE][INFO] - Action delay is set to 0 milliseconds

22-01-2025T14:59:11 - [MESSAGE][PASSED] - Browser is opened with url: ''

22-01-2025T14:59:11 - [MESSAGE][PASSED] - Current window maximized

22-01-2025T14:59:14 - [MESSAGE][PASSED] - Navigate to 'https://dev1.payment.rccl.com/payment/utilities' successfully

22-01-2025T14:59:14 - [TEST_STEP][PASSED] - EXCEL_PATH = "./Data Files/TestData.xlsx": null

22-01-2025T14:59:15 - [TEST_STEP][PASSED] - TAB = "Wallet_Replace": null

22-01-2025T14:59:15 - [TEST_STEP][PASSED] - driver = getWebDriver(): null

22-01-2025T14:59:15 - [TEST_STEP][PASSED] - utils.goToWallets(): null

22-01-2025T14:59:16 - [TEST_STEP][PASSED] - clickAuthorizePayment = xpath("//a[normalize-space()='Replace']")).click(): null

22-01-2025T14:59:16 - [TEST_STEP][PASSED] - utils.selectEnvironment(ENV): null

22-01-2025T14:59:17 - [TEST_STEP][PASSED] - sendRequestTextBox = driver.findElement(By.xpath("//textarea[@name='req']")): null

22-01-2025T14:59:17 - [TEST_STEP][PASSED] - fetchGuestAccount = sendRequest(findTestObject("GuestAccount")): Send request successfully

22-01-2025T14:59:18 - [MESSAGE][INFO] - HAR: /Users/manilacel/Library/CloudStorage/OneDrive-RoyalCaribbeanGroup/PMT/Git/payment.web-utility-automation/payment.web-utility-automation/Reports/20250122_145829/PMT_Libraries/Wallets/20250122_145829/requests/main/1.har

22-01-2025T14:59:18 - [MESSAGE][PASSED] - Send request successfully

22-01-2025T14:59:18 - [TEST_STEP][PASSED] - accountId = getElementPropertyValue(fetchGuestAccount, "payload.accountId"): null

22-01-2025T14:59:18 - [TEST_STEP][PASSED] - accessToken = getElementPropertyValue(fetchGuestAccount, "payload.accessToken"): null

22-01-2025T14:59:18 - [TEST_STEP][PASSED] - accountId = accountId: null

22-01-2025T14:59:18 - [TEST_STEP][PASSED] - accessToken = accessToken: null

22-01-2025T14:59:18 - [TEST_STEP][PASSED] - testdata = getdata.fromExcel(EXCEL_PATH, TAB): null

22-01-2025T14:59:18 - [TEST_STEP][PASSED] - for ([i = 0, i < testdata.size(), (i++)]): null

22-01-2025T14:59:18 - [TEST_STEP][PASSED] - sendRequestTextBox.clear(): null

22-01-2025T14:59:18 - [TEST_STEP][PASSED] - idToBeReplaced = testdata["idToBeReplaced"][i]: null

22-01-2025T14:59:18 - [TEST_STEP][PASSED] - paymentMethod = testdata["paymentMethod"][i]: null

22-01-2025T14:59:18 - [TEST_STEP][PASSED] - cardNumber = testdata["cardNumber"][i]: null

22-01-2025T14:59:18 - [TEST_STEP][PASSED] - CNumber = cardNumber.replaceAll("\.0$", ""): null

22-01-2025T14:59:18 - [TEST_STEP][PASSED] - expirationMonth = testdata["expirationMonth"][i]: null

22-01-2025T14:59:18 - [TEST_STEP][PASSED] - xMonth = expirationMonth.replaceAll("\.0$", ""): null

22-01-2025T14:59:18 - [TEST_STEP][PASSED] - expirationYear = testdata["expirationYear"][i]: null

22-01-2025T14:59:18 - [TEST_STEP][PASSED] - xYear = expirationYear.replaceAll("\.0$", ""): null

22-01-2025T14:59:18 - [TEST_STEP][PASSED] - cardholderName = testdata["cardholderName"][i]: null

22-01-2025T14:59:18 - [TEST_STEP][PASSED] - nickName = testdata["nickName"][i]: null

22-01-2025T14:59:18 - [TEST_STEP][PASSED] - defaultPaymentMethod = testdata["defaultPaymentMethod"][i]: null

22-01-2025T14:59:18 - [TEST_STEP][PASSED] - request = {
    "idToBeReplaced": "$idToBeReplaced",
    "paymentMethod": {
        "type": "$paymentMethod",
        "cardNumber": "$cardNumber",
        "expirationMonth": "$expirationMonth",
        "expirationYear": "$expirationYear",
        "cardholder": "$cardholderName",
        "nickname": "$nickName"
    },
    "accountId": "$accountId",
    "accessToken": "$accessToken"
}: null

22-01-2025T14:59:18 - [TEST_STEP][PASSED] - restRequest = JsonSlurper().parseText(request): null

22-01-2025T14:59:18 - [TEST_STEP][PASSED] - prettyJson = JsonBuilder(restRequest).toPrettyString(): null

22-01-2025T14:59:18 - [TEST_STEP][PASSED] - println(prettyJson): null

22-01-2025T14:59:18 - [TEST_STEP][PASSED] - sendRequestTextBox.sendKeys(prettyJson): null

22-01-2025T14:59:20 - [TEST_STEP][PASSED] - utils.clickSendButton(): null

22-01-2025T14:59:20 - [TEST_STEP][PASSED] - delay(3): Delayed 3 second(s)

22-01-2025T14:59:23 - [MESSAGE][PASSED] - Delayed 3 second(s)

22-01-2025T14:59:23 - [TEST_STEP][PASSED] - response = utils.getResponse(): null

22-01-2025T14:59:26 - [TEST_STEP][PASSED] - println(response): null

22-01-2025T14:59:26 - [TEST_STEP][PASSED] - validation1 = testdata["ContainsValidation"][i]: null

22-01-2025T14:59:26 - [TEST_STEP][PASSED] - println(validation1): null

22-01-2025T14:59:26 - [TEST_STEP][PASSED] - validation2 = testdata["NotContainsValidation"][i]: null

22-01-2025T14:59:26 - [TEST_STEP][PASSED] - println(validation2): null

22-01-2025T14:59:26 - [TEST_STEP][PASSED] - println(testdata["TCNumber"][i]): null

22-01-2025T14:59:26 - [TEST_STEP][PASSED] - assert response.contains(validation1): null

22-01-2025T14:59:26 - [TEST_STEP][PASSED] - assert response.contains(validation2) == false: null

22-01-2025T14:59:26 - [TEST_STEP][PASSED] - sendRequestTextBox.clear(): null

22-01-2025T14:59:26 - [TEST_STEP][PASSED] - idToBeReplaced = testdata["idToBeReplaced"][i]: null

22-01-2025T14:59:26 - [TEST_STEP][PASSED] - paymentMethod = testdata["paymentMethod"][i]: null

22-01-2025T14:59:26 - [TEST_STEP][PASSED] - cardNumber = testdata["cardNumber"][i]: null

22-01-2025T14:59:26 - [TEST_STEP][PASSED] - CNumber = cardNumber.replaceAll("\.0$", ""): null

22-01-2025T14:59:26 - [TEST_STEP][PASSED] - expirationMonth = testdata["expirationMonth"][i]: null

22-01-2025T14:59:26 - [TEST_STEP][PASSED] - xMonth = expirationMonth.replaceAll("\.0$", ""): null

22-01-2025T14:59:26 - [TEST_STEP][PASSED] - catch (Exception e): null

22-01-2025T14:59:26 - [TEST_STEP][PASSED] - println(An unexpected error occurred: $e.message): null

22-01-2025T14:59:26 - [TEST_STEP][PASSED] - e.printStackTrace(): null

22-01-2025T14:59:26 - [TEST_STEP][PASSED] - Finally: Browser is closed

22-01-2025T14:59:26 - [TEST_STEP][PASSED] - utils.closeBrowser(): Browser is closed

22-01-2025T14:59:28 - [MESSAGE][PASSED] - Delayed 2 second(s)

22-01-2025T14:59:28 - [MESSAGE][PASSED] - Browser is closed

22-01-2025T14:59:30 - [TEST_STEP][PASSED] - Video: Video recording for test case 'Test Cases/Web_Utilities_TestCases/Wallets/TC2__Replace' .

22-01-2025T14:59:31 - [MESSAGE][INFO] - Video recording for test case 'Test Cases/Web_Utilities_TestCases/Wallets/TC2__Replace' .]]></system-out>
         <system-err><![CDATA[]]></system-err>
      </testcase>
      <testcase name="Test Cases/Web_Utilities_TestCases/Wallets/TC1_Wallet_Add" time="19.509" classname="Test Cases/Web_Utilities_TestCases/Wallets/TC1_Wallet_Add" status="PASSED">
         <system-out><![CDATA[22-01-2025T14:59:31 - [TEST_CASE][PASSED] - Test Cases/Web_Utilities_TestCases/Wallets/TC1_Wallet_Add: Test Cases/Web_Utilities_TestCases/Wallets/TC1_Wallet_Add

22-01-2025T14:59:31 - [TEST_STEP][PASSED] - try: null

22-01-2025T14:59:31 - [TEST_STEP][PASSED] - utils.openBrowserAndNavigateToPMT(): Navigate to 'https://dev1.payment.rccl.com/payment/utilities' successfully

22-01-2025T14:59:31 - [MESSAGE][INFO] - Starting 'Chrome' driver

22-01-2025T14:59:31 - [MESSAGE][INFO] - Action delay is set to 0 milliseconds

22-01-2025T14:59:32 - [MESSAGE][PASSED] - Browser is opened with url: ''

22-01-2025T14:59:33 - [MESSAGE][PASSED] - Current window maximized

22-01-2025T14:59:36 - [MESSAGE][PASSED] - Navigate to 'https://dev1.payment.rccl.com/payment/utilities' successfully

22-01-2025T14:59:36 - [TEST_STEP][PASSED] - EXCEL_PATH = "./Data Files/TestData.xlsx": null

22-01-2025T14:59:36 - [TEST_STEP][PASSED] - TAB = "Wallet_Add": null

22-01-2025T14:59:36 - [TEST_STEP][PASSED] - utils.goToWallets(): null

22-01-2025T14:59:38 - [TEST_STEP][PASSED] - driver = getWebDriver(): null

22-01-2025T14:59:38 - [TEST_STEP][PASSED] - clickAdd = xpath("//a[normalize-space()='Add']")).click(): null

22-01-2025T14:59:38 - [TEST_STEP][PASSED] - utils.selectEnvironment(ENV): null

22-01-2025T14:59:39 - [TEST_STEP][PASSED] - sendRequestTextBox = driver.findElement(By.xpath("//textarea[@name='req']")): null

22-01-2025T14:59:39 - [TEST_STEP][PASSED] - fetchGuestAccount = sendRequest(findTestObject("GuestAccount")): Send request successfully

22-01-2025T14:59:40 - [MESSAGE][INFO] - HAR: /Users/manilacel/Library/CloudStorage/OneDrive-RoyalCaribbeanGroup/PMT/Git/payment.web-utility-automation/payment.web-utility-automation/Reports/20250122_145829/PMT_Libraries/Wallets/20250122_145829/requests/main/2.har

22-01-2025T14:59:40 - [MESSAGE][PASSED] - Send request successfully

22-01-2025T14:59:40 - [TEST_STEP][PASSED] - accountId = getElementPropertyValue(fetchGuestAccount, "payload.accountId"): null

22-01-2025T14:59:40 - [TEST_STEP][PASSED] - accessToken = getElementPropertyValue(fetchGuestAccount, "payload.accessToken"): null

22-01-2025T14:59:40 - [TEST_STEP][PASSED] - accountId = accountId: null

22-01-2025T14:59:40 - [TEST_STEP][PASSED] - accessToken = accessToken: null

22-01-2025T14:59:40 - [TEST_STEP][PASSED] - testdata = getdata.fromExcel(EXCEL_PATH, TAB): null

22-01-2025T14:59:40 - [TEST_STEP][PASSED] - for ([i = 0, i < testdata.size(), (i++)]): null

22-01-2025T14:59:40 - [TEST_STEP][PASSED] - sendRequestTextBox.clear(): null

22-01-2025T14:59:40 - [TEST_STEP][PASSED] - paymentMethod = testdata["paymentMethod"][i]: null

22-01-2025T14:59:40 - [TEST_STEP][PASSED] - cardNumber = testdata["cardNumber"][i]: null

22-01-2025T14:59:40 - [TEST_STEP][PASSED] - CNumber = cardNumber.replaceAll("\.0$", ""): null

22-01-2025T14:59:40 - [TEST_STEP][PASSED] - expirationMonth = testdata["expirationMonth"][i]: null

22-01-2025T14:59:40 - [TEST_STEP][PASSED] - xMonth = expirationMonth.replaceAll("\.0$", ""): null

22-01-2025T14:59:40 - [TEST_STEP][PASSED] - expirationYear = testdata["expirationYear"][i]: null

22-01-2025T14:59:40 - [TEST_STEP][PASSED] - xYear = expirationYear.replaceAll("\.0$", ""): null

22-01-2025T14:59:40 - [TEST_STEP][PASSED] - cardholderName = testdata["cardholderName"][i]: null

22-01-2025T14:59:40 - [TEST_STEP][PASSED] - nickName = testdata["nickName"][i]: null

22-01-2025T14:59:40 - [TEST_STEP][PASSED] - defaultPaymentMethod = testdata["defaultPaymentMethod"][i]: null

22-01-2025T14:59:40 - [TEST_STEP][PASSED] - request = {
    "paymentMethod": {
        "type": "$paymentMethod",
        "cardNumber": "$cardNumber",
        "expirationMonth": "$expirationMonth",
        "expirationYear": "$expirationYear",
        "cardholder": "$cardholderName",
        "nickname": "$nickName",
        "defaultPaymentMethod": "$defaultPaymentMethod"
    },
    "accountId": "$accountId",
    "accessToken": "$accessToken"
}: null

22-01-2025T14:59:40 - [TEST_STEP][PASSED] - restRequest = JsonSlurper().parseText(request): null

22-01-2025T14:59:40 - [TEST_STEP][PASSED] - prettyJson = JsonBuilder(restRequest).toPrettyString(): null

22-01-2025T14:59:40 - [TEST_STEP][PASSED] - println(prettyJson): null

22-01-2025T14:59:40 - [TEST_STEP][PASSED] - sendRequestTextBox.sendKeys(prettyJson): null

22-01-2025T14:59:41 - [TEST_STEP][PASSED] - utils.clickSendButton(): null

22-01-2025T14:59:42 - [TEST_STEP][PASSED] - delay(3): Delayed 3 second(s)

22-01-2025T14:59:45 - [MESSAGE][PASSED] - Delayed 3 second(s)

22-01-2025T14:59:45 - [TEST_STEP][PASSED] - response = utils.getResponse(): null

22-01-2025T14:59:47 - [TEST_STEP][PASSED] - println(response): null

22-01-2025T14:59:47 - [TEST_STEP][PASSED] - validation1 = testdata["ContainsValidation"][i]: null

22-01-2025T14:59:47 - [TEST_STEP][PASSED] - println(validation1): null

22-01-2025T14:59:47 - [TEST_STEP][PASSED] - validation2 = testdata["NotContainsValidation"][i]: null

22-01-2025T14:59:47 - [TEST_STEP][PASSED] - println(validation2): null

22-01-2025T14:59:47 - [TEST_STEP][PASSED] - println(testdata["TCNumber"][i]): null

22-01-2025T14:59:47 - [TEST_STEP][PASSED] - assert response.contains(validation1): null

22-01-2025T14:59:47 - [TEST_STEP][PASSED] - catch (AssertionError e): null

22-01-2025T14:59:47 - [TEST_STEP][PASSED] - takeScreenshot("./screenshots/Failed_Wallet_Add.png"): Taking screenshot successfully

22-01-2025T14:59:48 - [MESSAGE][PASSED] - Taking screenshot successfully
[[ATTACHMENT|./screenshots/Failed_Wallet_Add.png]]

22-01-2025T14:59:48 - [TEST_STEP][PASSED] - println(Assertion failed: $e.message): null

22-01-2025T14:59:48 - [TEST_STEP][PASSED] - e.printStackTrace(): null

22-01-2025T14:59:50 - [TEST_STEP][PASSED] - Video: Video recording for test case 'Test Cases/Web_Utilities_TestCases/Wallets/TC1_Wallet_Add' .

22-01-2025T14:59:50 - [MESSAGE][INFO] - Video recording for test case 'Test Cases/Web_Utilities_TestCases/Wallets/TC1_Wallet_Add' .]]></system-out>
         <system-err><![CDATA[]]></system-err>
      </testcase>
      <testcase name="Test Cases/Web_Utilities_TestCases/Wallets/TC4_Wallet_Delete" time="21.14" classname="Test Cases/Web_Utilities_TestCases/Wallets/TC4_Wallet_Delete" status="PASSED">
         <system-out><![CDATA[22-01-2025T14:59:50 - [TEST_CASE][PASSED] - Test Cases/Web_Utilities_TestCases/Wallets/TC4_Wallet_Delete: Test Cases/Web_Utilities_TestCases/Wallets/TC4_Wallet_Delete

22-01-2025T14:59:50 - [TEST_STEP][PASSED] - try: null

22-01-2025T14:59:50 - [TEST_STEP][PASSED] - utils.openBrowserAndNavigateToPMT(): Navigate to 'https://dev1.payment.rccl.com/payment/utilities' successfully

22-01-2025T14:59:50 - [MESSAGE][WARNING] - A browser is already opened. Closing browser and opening a new one

22-01-2025T14:59:50 - [MESSAGE][INFO] - Starting 'Chrome' driver

22-01-2025T14:59:50 - [MESSAGE][INFO] - Action delay is set to 0 milliseconds

22-01-2025T14:59:52 - [MESSAGE][PASSED] - Browser is opened with url: ''

22-01-2025T14:59:52 - [MESSAGE][PASSED] - Current window maximized

22-01-2025T14:59:55 - [MESSAGE][PASSED] - Navigate to 'https://dev1.payment.rccl.com/payment/utilities' successfully

22-01-2025T14:59:55 - [TEST_STEP][PASSED] - EXCEL_PATH = "./Data Files/TestData.xlsx": null

22-01-2025T14:59:55 - [TEST_STEP][PASSED] - TAB = "Wallet_Delete": null

22-01-2025T14:59:55 - [TEST_STEP][PASSED] - driver = getWebDriver(): null

22-01-2025T14:59:55 - [TEST_STEP][PASSED] - utils.goToWallets(): null

22-01-2025T14:59:57 - [TEST_STEP][PASSED] - clickAuthorizePayment = xpath("//a[normalize-space()='Delete']")).click(): null

22-01-2025T14:59:57 - [TEST_STEP][PASSED] - utils.selectEnvironment(ENV): null

22-01-2025T14:59:58 - [TEST_STEP][PASSED] - sendRequestTextBox = driver.findElement(By.xpath("//textarea[@name='req']")): null

22-01-2025T14:59:58 - [TEST_STEP][PASSED] - fetchGuestAccount = sendRequest(findTestObject("GuestAccount")): Send request successfully

22-01-2025T14:59:59 - [MESSAGE][INFO] - HAR: /Users/manilacel/Library/CloudStorage/OneDrive-RoyalCaribbeanGroup/PMT/Git/payment.web-utility-automation/payment.web-utility-automation/Reports/20250122_145829/PMT_Libraries/Wallets/20250122_145829/requests/main/3.har

22-01-2025T14:59:59 - [MESSAGE][PASSED] - Send request successfully

22-01-2025T14:59:59 - [TEST_STEP][PASSED] - accountId = getElementPropertyValue(fetchGuestAccount, "payload.accountId"): null

22-01-2025T14:59:59 - [TEST_STEP][PASSED] - accessToken = getElementPropertyValue(fetchGuestAccount, "payload.accessToken"): null

22-01-2025T14:59:59 - [TEST_STEP][PASSED] - accountId = accountId: null

22-01-2025T14:59:59 - [TEST_STEP][PASSED] - accessToken = accessToken: null

22-01-2025T14:59:59 - [TEST_STEP][PASSED] - testdata = getdata.fromExcel(EXCEL_PATH, TAB): null

22-01-2025T14:59:59 - [TEST_STEP][PASSED] - for ([i = 0, i < testdata.size(), (i++)]): null

22-01-2025T14:59:59 - [TEST_STEP][PASSED] - sendRequestTextBox.clear(): null

22-01-2025T14:59:59 - [TEST_STEP][PASSED] - cardNumber = testdata["cardNumber"][i]: null

22-01-2025T14:59:59 - [TEST_STEP][PASSED] - CNumber = cardNumber.replaceAll("\.0$", ""): null

22-01-2025T14:59:59 - [TEST_STEP][PASSED] - expirationMonth = testdata["expirationMonth"][i]: null

22-01-2025T14:59:59 - [TEST_STEP][PASSED] - xMonth = expirationMonth.replaceAll("\.0$", ""): null

22-01-2025T14:59:59 - [TEST_STEP][PASSED] - expirationYear = testdata["expirationYear"][i]: null

22-01-2025T14:59:59 - [TEST_STEP][PASSED] - xYear = expirationYear.replaceAll("\.0$", ""): null

22-01-2025T14:59:59 - [TEST_STEP][PASSED] - request = {
		"cardNumber": "$cardNumber",
		"expirationMonth": "$expirationMonth",
		"expirationYear": "$expirationYear",
		"accessToken": "$accessToken",
		"accountId": "$accountId"
		}: null

22-01-2025T14:59:59 - [TEST_STEP][PASSED] - restRequest = JsonSlurper().parseText(request): null

22-01-2025T14:59:59 - [TEST_STEP][PASSED] - prettyJson = JsonBuilder(restRequest).toPrettyString(): null

22-01-2025T14:59:59 - [TEST_STEP][PASSED] - println(prettyJson): null

22-01-2025T14:59:59 - [TEST_STEP][PASSED] - sendRequestTextBox.sendKeys(prettyJson): null

22-01-2025T15:00:00 - [TEST_STEP][PASSED] - utils.clickSendButton(): null

22-01-2025T15:00:00 - [TEST_STEP][PASSED] - delay(3): Delayed 3 second(s)

22-01-2025T15:00:03 - [MESSAGE][PASSED] - Delayed 3 second(s)

22-01-2025T15:00:03 - [TEST_STEP][PASSED] - response = utils.getResponse(): null

22-01-2025T15:00:06 - [TEST_STEP][PASSED] - println(response): null

22-01-2025T15:00:06 - [TEST_STEP][PASSED] - validation1 = testdata["ContainsValidation"][i]: null

22-01-2025T15:00:06 - [TEST_STEP][PASSED] - println(validation1): null

22-01-2025T15:00:06 - [TEST_STEP][PASSED] - validation2 = testdata["NotContainsValidation"][i]: null

22-01-2025T15:00:06 - [TEST_STEP][PASSED] - println(validation2): null

22-01-2025T15:00:06 - [TEST_STEP][PASSED] - println(testdata["TCNumber"][i]): null

22-01-2025T15:00:06 - [TEST_STEP][PASSED] - assert response.contains(validation1): null

22-01-2025T15:00:06 - [TEST_STEP][PASSED] - catch (AssertionError e): null

22-01-2025T15:00:06 - [TEST_STEP][PASSED] - takeScreenshot("./screenshots/Failed_Wallet_Delete.png"): Taking screenshot successfully

22-01-2025T15:00:07 - [MESSAGE][PASSED] - Taking screenshot successfully
[[ATTACHMENT|./screenshots/Failed_Wallet_Delete.png]]

22-01-2025T15:00:07 - [TEST_STEP][PASSED] - println(Assertion failed: $e.message): null

22-01-2025T15:00:07 - [TEST_STEP][PASSED] - e.printStackTrace(): null

22-01-2025T15:00:07 - [TEST_STEP][PASSED] - Finally: Browser is closed

22-01-2025T15:00:07 - [TEST_STEP][PASSED] - utils.closeBrowser(): Browser is closed

22-01-2025T15:00:09 - [MESSAGE][PASSED] - Delayed 2 second(s)

22-01-2025T15:00:09 - [MESSAGE][PASSED] - Browser is closed

22-01-2025T15:00:11 - [TEST_STEP][PASSED] - Video: Video recording for test case 'Test Cases/Web_Utilities_TestCases/Wallets/TC4_Wallet_Delete' .

22-01-2025T15:00:11 - [MESSAGE][INFO] - Video recording for test case 'Test Cases/Web_Utilities_TestCases/Wallets/TC4_Wallet_Delete' .]]></system-out>
         <system-err><![CDATA[]]></system-err>
      </testcase>
      <system-out><![CDATA[22-01-2025T14:58:32 - [TEST_SUITE][PASSED] - Wallets: Test Cases/Web_Utilities_TestCases/Wallets/TC4_Wallet_Delete]]></system-out>
      <system-err><![CDATA[]]></system-err>
   </testsuite>
</testsuites>
