<?xml version="1.0" encoding="UTF-8"?>
<testsuites name="Wallets" time="169.746" tests="4" failures="0" errors="0">
   <testsuite name="Wallets" tests="4" failures="0" errors="0" time="169.746" skipped="0" timestamp="04-10-2024T11:07:54" hostname="manilacel - localhost" id="Test Suites/PMT_Libraries/Wallets">
      <properties>
         <property name="deviceName" value=""/>
         <property name="devicePlatform"/>
         <property name="logFolder" value="/Users/manilacel/Library/CloudStorage/OneDrive-RoyalCaribbeanGroup/PMT/Git/RestructuredScript/TestingFolder/Reports/20241004_110733/PMT_Libraries/Wallets/20241004_110742"/>
         <property name="logFiles" value="/Users/manilacel/Library/CloudStorage/OneDrive-RoyalCaribbeanGroup/PMT/Git/RestructuredScript/TestingFolder/Reports/20241004_110733/PMT_Libraries/Wallets/20241004_110742/execution0.log"/>
         <property name="attachments" value="./screenshots/Failed_Wallet_Update.png, ./screenshots/Failed_Wallet_Add.png, ./screenshots/Failed_Wallet_Delete.png"/>
         <property name="hostName" value="manilacel - localhost"/>
         <property name="os" value="Mac OS X 64bit"/>
         <property name="katalonVersion" value="9.5.0.217"/>
         <property name="browser" value="Chrome 129.0.0.0"/>
         <property name="hostAddress" value="127.0.0.1"/>
         <property name="sessionId" value="99f945494da7c8cf5fb064aa157d2e34"/>
         <property name="seleniumVersion" value="3.141.59"/>
         <property name="proxyInformation" value="ProxyInformation { proxyOption=NO_PROXY, proxyServerType=HTTP, username=, password=********, proxyServerAddress=, proxyServerPort=0, executionList=&quot;&quot;, isApplyToDesiredCapabilities=true }"/>
         <property name="platform" value="Mac OS X"/>
      </properties>
      <testcase name="Test Cases/Web_Utilities_TestCases/Wallets/TC3_Wallet_Update" time="56.181" classname="Test Cases/Web_Utilities_TestCases/Wallets/TC3_Wallet_Update" status="PASSED">
         <system-out><![CDATA[04-10-2024T11:07:55 - [TEST_CASE][PASSED] - Test Cases/Web_Utilities_TestCases/Wallets/TC3_Wallet_Update: Test Cases/Web_Utilities_TestCases/Wallets/TC3_Wallet_Update

04-10-2024T11:08:03 - [TEST_STEP][PASSED] - try: null

04-10-2024T11:08:03 - [TEST_STEP][PASSED] - utils.openBrowserAndNavigateToPMT(): Navigate to 'https://dev1.payment.rccl.com/payment/utilities' successfully

04-10-2024T11:08:03 - [MESSAGE][INFO] - Starting 'Chrome' driver

04-10-2024T11:08:03 - [MESSAGE][INFO] - Action delay is set to 0 milliseconds

04-10-2024T11:08:10 - [MESSAGE][PASSED] - Browser is opened with url: ''

04-10-2024T11:08:10 - [MESSAGE][PASSED] - Current window maximized

04-10-2024T11:08:18 - [MESSAGE][PASSED] - Navigate to 'https://dev1.payment.rccl.com/payment/utilities' successfully

04-10-2024T11:08:18 - [TEST_STEP][PASSED] - EXCEL_PATH = "./Data Files/TestData.xlsx": null

04-10-2024T11:08:18 - [TEST_STEP][PASSED] - TAB = "Wallet_Update": null

04-10-2024T11:08:18 - [TEST_STEP][PASSED] - driver = getWebDriver(): null

04-10-2024T11:08:18 - [TEST_STEP][PASSED] - utils.goToWallets(): null

04-10-2024T11:08:21 - [TEST_STEP][PASSED] - clickAuthorizePayment = xpath("//a[normalize-space()='Update']")).click(): null

04-10-2024T11:08:22 - [TEST_STEP][PASSED] - utils.selectEnvironment(ENV): null

04-10-2024T11:08:23 - [TEST_STEP][PASSED] - sendRequestTextBox = driver.findElement(By.xpath("//textarea[@name='req']")): null

04-10-2024T11:08:24 - [TEST_STEP][PASSED] - fetchGuestAccount = sendRequest(findTestObject("GuestAccount")): Send request successfully

04-10-2024T11:08:30 - [MESSAGE][INFO] - HAR: /Users/manilacel/Library/CloudStorage/OneDrive-RoyalCaribbeanGroup/PMT/Git/RestructuredScript/TestingFolder/Reports/20241004_110733/PMT_Libraries/Wallets/20241004_110742/requests/main/0.har

04-10-2024T11:08:30 - [MESSAGE][PASSED] - Send request successfully

04-10-2024T11:08:30 - [TEST_STEP][PASSED] - accountId = getElementPropertyValue(fetchGuestAccount, "payload.accountId"): null

04-10-2024T11:08:30 - [TEST_STEP][PASSED] - accessToken = getElementPropertyValue(fetchGuestAccount, "payload.accessToken"): null

04-10-2024T11:08:31 - [TEST_STEP][PASSED] - accountId = accountId: null

04-10-2024T11:08:31 - [TEST_STEP][PASSED] - accessToken = accessToken: null

04-10-2024T11:08:31 - [TEST_STEP][PASSED] - testdata = getdata.fromExcel(EXCEL_PATH, TAB): null

04-10-2024T11:08:33 - [TEST_STEP][PASSED] - for ([i = 0, i < testdata.size(), (i++)]): null

04-10-2024T11:08:33 - [TEST_STEP][PASSED] - sendRequestTextBox.clear(): null

04-10-2024T11:08:33 - [TEST_STEP][PASSED] - paymentMethod = testdata["paymentMethod"][i]: null

04-10-2024T11:08:33 - [TEST_STEP][PASSED] - cardNumber = testdata["cardNumber"][i]: null

04-10-2024T11:08:33 - [TEST_STEP][PASSED] - CNumber = cardNumber.replaceAll("\.0$", ""): null

04-10-2024T11:08:33 - [TEST_STEP][PASSED] - expirationMonth = testdata["expirationMonth"][i]: null

04-10-2024T11:08:33 - [TEST_STEP][PASSED] - xMonth = expirationMonth.replaceAll("\.0$", ""): null

04-10-2024T11:08:33 - [TEST_STEP][PASSED] - expirationYear = testdata["expirationYear"][i]: null

04-10-2024T11:08:33 - [TEST_STEP][PASSED] - xYear = expirationYear.replaceAll("\.0$", ""): null

04-10-2024T11:08:33 - [TEST_STEP][PASSED] - cardholderName = testdata["cardholderName"][i]: null

04-10-2024T11:08:33 - [TEST_STEP][PASSED] - nickName = testdata["nickName"][i]: null

04-10-2024T11:08:33 - [TEST_STEP][PASSED] - defaultPaymentMethod = testdata["defaultPaymentMethod"][i]: null

04-10-2024T11:08:33 - [TEST_STEP][PASSED] - request = {
    "paymentMethod": {
        "type": "$paymentMethod",
        "cardNumber": "$cardNumber",
        "cardholder": "$cardholderName",
        "nickname": "$nickName",
        "expirationMonth": "$expirationMonth",
        "expirationYear": "$expirationYear",
        "defaultPaymentMethod": "$defaultPaymentMethod"
    },
    "accountId": "$accountId",
    "accessToken": "$accessToken"
}: null

04-10-2024T11:08:33 - [TEST_STEP][PASSED] - restRequest = JsonSlurper().parseText(request): null

04-10-2024T11:08:33 - [TEST_STEP][PASSED] - prettyJson = JsonBuilder(restRequest).toPrettyString(): null

04-10-2024T11:08:33 - [TEST_STEP][PASSED] - println(prettyJson): null

04-10-2024T11:08:33 - [TEST_STEP][PASSED] - sendRequestTextBox.sendKeys(prettyJson): null

04-10-2024T11:08:40 - [TEST_STEP][PASSED] - utils.clickSendButton(): null

04-10-2024T11:08:40 - [TEST_STEP][PASSED] - delay(3): Delayed 3 second(s)

04-10-2024T11:08:43 - [MESSAGE][PASSED] - Delayed 3 second(s)

04-10-2024T11:08:43 - [TEST_STEP][PASSED] - response = utils.getResponse(): null

04-10-2024T11:08:43 - [TEST_STEP][PASSED] - println(response): null

04-10-2024T11:08:43 - [TEST_STEP][PASSED] - validation1 = testdata["ContainsValidation"][i]: null

04-10-2024T11:08:43 - [TEST_STEP][PASSED] - println(validation1): null

04-10-2024T11:08:43 - [TEST_STEP][PASSED] - validation2 = testdata["NotContainsValidation"][i]: null

04-10-2024T11:08:43 - [TEST_STEP][PASSED] - println(validation2): null

04-10-2024T11:08:43 - [TEST_STEP][PASSED] - println(testdata["TCNumber"][i]): null

04-10-2024T11:08:43 - [TEST_STEP][PASSED] - assert response.contains(validation1): null

04-10-2024T11:08:43 - [TEST_STEP][PASSED] - catch (AssertionError e): null

04-10-2024T11:08:44 - [TEST_STEP][PASSED] - takeScreenshot("./screenshots/Failed_Wallet_Update.png"): Taking screenshot successfully

04-10-2024T11:08:46 - [MESSAGE][PASSED] - Taking screenshot successfully
[[ATTACHMENT|./screenshots/Failed_Wallet_Update.png]]

04-10-2024T11:08:46 - [TEST_STEP][PASSED] - println(Assertion failed: $e.message): null

04-10-2024T11:08:46 - [TEST_STEP][PASSED] - e.printStackTrace(): null

04-10-2024T11:08:46 - [TEST_STEP][PASSED] - Finally: Browser is closed

04-10-2024T11:08:46 - [TEST_STEP][PASSED] - utils.closeBrowser(): Browser is closed

04-10-2024T11:08:48 - [MESSAGE][PASSED] - Delayed 2 second(s)

04-10-2024T11:08:49 - [MESSAGE][PASSED] - Browser is closed

04-10-2024T11:08:51 - [TEST_STEP][PASSED] - Video: Video recording for test case 'Test Cases/Web_Utilities_TestCases/Wallets/TC3_Wallet_Update' .

04-10-2024T11:08:51 - [MESSAGE][INFO] - Video recording for test case 'Test Cases/Web_Utilities_TestCases/Wallets/TC3_Wallet_Update' .]]></system-out>
         <system-err><![CDATA[]]></system-err>
      </testcase>
      <testcase name="Test Cases/Web_Utilities_TestCases/Wallets/TC2__Replace" time="37.52" classname="Test Cases/Web_Utilities_TestCases/Wallets/TC2__Replace" status="PASSED">
         <system-out><![CDATA[04-10-2024T11:08:51 - [TEST_CASE][PASSED] - Test Cases/Web_Utilities_TestCases/Wallets/TC2__Replace: Test Cases/Web_Utilities_TestCases/Wallets/TC2__Replace

04-10-2024T11:08:52 - [TEST_STEP][PASSED] - try: null

04-10-2024T11:08:52 - [TEST_STEP][PASSED] - utils.openBrowserAndNavigateToPMT(): Navigate to 'https://dev1.payment.rccl.com/payment/utilities' successfully

04-10-2024T11:08:52 - [MESSAGE][INFO] - Starting 'Chrome' driver

04-10-2024T11:08:52 - [MESSAGE][INFO] - Action delay is set to 0 milliseconds

04-10-2024T11:08:54 - [MESSAGE][PASSED] - Browser is opened with url: ''

04-10-2024T11:08:55 - [MESSAGE][PASSED] - Current window maximized

04-10-2024T11:09:01 - [MESSAGE][PASSED] - Navigate to 'https://dev1.payment.rccl.com/payment/utilities' successfully

04-10-2024T11:09:01 - [TEST_STEP][PASSED] - EXCEL_PATH = "./Data Files/TestData.xlsx": null

04-10-2024T11:09:01 - [TEST_STEP][PASSED] - TAB = "Wallet_Replace": null

04-10-2024T11:09:01 - [TEST_STEP][PASSED] - driver = getWebDriver(): null

04-10-2024T11:09:01 - [TEST_STEP][PASSED] - utils.goToWallets(): null

04-10-2024T11:09:06 - [TEST_STEP][PASSED] - clickAuthorizePayment = xpath("//a[normalize-space()='Replace']")).click(): null

04-10-2024T11:09:07 - [TEST_STEP][PASSED] - utils.selectEnvironment(ENV): null

04-10-2024T11:09:09 - [TEST_STEP][PASSED] - sendRequestTextBox = driver.findElement(By.xpath("//textarea[@name='req']")): null

04-10-2024T11:09:09 - [TEST_STEP][PASSED] - fetchGuestAccount = sendRequest(findTestObject("GuestAccount")): Send request successfully

04-10-2024T11:09:09 - [MESSAGE][INFO] - HAR: /Users/manilacel/Library/CloudStorage/OneDrive-RoyalCaribbeanGroup/PMT/Git/RestructuredScript/TestingFolder/Reports/20241004_110733/PMT_Libraries/Wallets/20241004_110742/requests/main/1.har

04-10-2024T11:09:09 - [MESSAGE][PASSED] - Send request successfully

04-10-2024T11:09:09 - [TEST_STEP][PASSED] - accountId = getElementPropertyValue(fetchGuestAccount, "payload.accountId"): null

04-10-2024T11:09:09 - [TEST_STEP][PASSED] - accessToken = getElementPropertyValue(fetchGuestAccount, "payload.accessToken"): null

04-10-2024T11:09:09 - [TEST_STEP][PASSED] - accountId = accountId: null

04-10-2024T11:09:09 - [TEST_STEP][PASSED] - accessToken = accessToken: null

04-10-2024T11:09:09 - [TEST_STEP][PASSED] - testdata = getdata.fromExcel(EXCEL_PATH, TAB): null

04-10-2024T11:09:10 - [TEST_STEP][PASSED] - for ([i = 0, i < testdata.size(), (i++)]): null

04-10-2024T11:09:10 - [TEST_STEP][PASSED] - sendRequestTextBox.clear(): null

04-10-2024T11:09:10 - [TEST_STEP][PASSED] - idToBeReplaced = testdata["idToBeReplaced"][i]: null

04-10-2024T11:09:10 - [TEST_STEP][PASSED] - paymentMethod = testdata["paymentMethod"][i]: null

04-10-2024T11:09:10 - [TEST_STEP][PASSED] - cardNumber = testdata["cardNumber"][i]: null

04-10-2024T11:09:10 - [TEST_STEP][PASSED] - CNumber = cardNumber.replaceAll("\.0$", ""): null

04-10-2024T11:09:10 - [TEST_STEP][PASSED] - expirationMonth = testdata["expirationMonth"][i]: null

04-10-2024T11:09:10 - [TEST_STEP][PASSED] - xMonth = expirationMonth.replaceAll("\.0$", ""): null

04-10-2024T11:09:10 - [TEST_STEP][PASSED] - expirationYear = testdata["expirationYear"][i]: null

04-10-2024T11:09:10 - [TEST_STEP][PASSED] - xYear = expirationYear.replaceAll("\.0$", ""): null

04-10-2024T11:09:10 - [TEST_STEP][PASSED] - cardholderName = testdata["cardholderName"][i]: null

04-10-2024T11:09:10 - [TEST_STEP][PASSED] - nickName = testdata["nickName"][i]: null

04-10-2024T11:09:10 - [TEST_STEP][PASSED] - defaultPaymentMethod = testdata["defaultPaymentMethod"][i]: null

04-10-2024T11:09:10 - [TEST_STEP][PASSED] - request = {
    "idToBeReplaced": "$idToBeReplaced",
    "paymentMethod": {
        "type": "$paymentMethod",
        "cardNumber": "$cardNumber",
        "expirationMonth": "$expirationMonth",
        "expirationYear": "$expirationYear",
        "cardholder": "$cardholderName",
        "nickname": "$nickName"
    },
    "accountId": "$accountId",
    "accessToken": "$accessToken"
}: null

04-10-2024T11:09:11 - [TEST_STEP][PASSED] - restRequest = JsonSlurper().parseText(request): null

04-10-2024T11:09:11 - [TEST_STEP][PASSED] - prettyJson = JsonBuilder(restRequest).toPrettyString(): null

04-10-2024T11:09:11 - [TEST_STEP][PASSED] - println(prettyJson): null

04-10-2024T11:09:11 - [TEST_STEP][PASSED] - sendRequestTextBox.sendKeys(prettyJson): null

04-10-2024T11:09:19 - [TEST_STEP][PASSED] - utils.clickSendButton(): null

04-10-2024T11:09:19 - [TEST_STEP][PASSED] - delay(3): Delayed 3 second(s)

04-10-2024T11:09:22 - [MESSAGE][PASSED] - Delayed 3 second(s)

04-10-2024T11:09:22 - [TEST_STEP][PASSED] - response = utils.getResponse(): null

04-10-2024T11:09:23 - [TEST_STEP][PASSED] - println(response): null

04-10-2024T11:09:23 - [TEST_STEP][PASSED] - validation1 = testdata["ContainsValidation"][i]: null

04-10-2024T11:09:23 - [TEST_STEP][PASSED] - println(validation1): null

04-10-2024T11:09:23 - [TEST_STEP][PASSED] - validation2 = testdata["NotContainsValidation"][i]: null

04-10-2024T11:09:24 - [TEST_STEP][PASSED] - println(validation2): null

04-10-2024T11:09:24 - [TEST_STEP][PASSED] - println(testdata["TCNumber"][i]): null

04-10-2024T11:09:24 - [TEST_STEP][PASSED] - assert response.contains(validation1): null

04-10-2024T11:09:24 - [TEST_STEP][PASSED] - assert response.contains(validation2) == false: null

04-10-2024T11:09:24 - [TEST_STEP][PASSED] - sendRequestTextBox.clear(): null

04-10-2024T11:09:24 - [TEST_STEP][PASSED] - idToBeReplaced = testdata["idToBeReplaced"][i]: null

04-10-2024T11:09:24 - [TEST_STEP][PASSED] - paymentMethod = testdata["paymentMethod"][i]: null

04-10-2024T11:09:24 - [TEST_STEP][PASSED] - cardNumber = testdata["cardNumber"][i]: null

04-10-2024T11:09:24 - [TEST_STEP][PASSED] - CNumber = cardNumber.replaceAll("\.0$", ""): null

04-10-2024T11:09:24 - [TEST_STEP][PASSED] - expirationMonth = testdata["expirationMonth"][i]: null

04-10-2024T11:09:24 - [TEST_STEP][PASSED] - xMonth = expirationMonth.replaceAll("\.0$", ""): null

04-10-2024T11:09:24 - [TEST_STEP][PASSED] - catch (Exception e): null

04-10-2024T11:09:24 - [TEST_STEP][PASSED] - println(An unexpected error occurred: $e.message): null

04-10-2024T11:09:24 - [TEST_STEP][PASSED] - e.printStackTrace(): null

04-10-2024T11:09:24 - [TEST_STEP][PASSED] - Finally: Browser is closed

04-10-2024T11:09:24 - [TEST_STEP][PASSED] - utils.closeBrowser(): Browser is closed

04-10-2024T11:09:26 - [MESSAGE][PASSED] - Delayed 2 second(s)

04-10-2024T11:09:26 - [MESSAGE][PASSED] - Browser is closed

04-10-2024T11:09:28 - [TEST_STEP][PASSED] - Video: Video recording for test case 'Test Cases/Web_Utilities_TestCases/Wallets/TC2__Replace' .

04-10-2024T11:09:28 - [MESSAGE][INFO] - Video recording for test case 'Test Cases/Web_Utilities_TestCases/Wallets/TC2__Replace' .]]></system-out>
         <system-err><![CDATA[]]></system-err>
      </testcase>
      <testcase name="Test Cases/Web_Utilities_TestCases/Wallets/TC1_Wallet_Add" time="45.998" classname="Test Cases/Web_Utilities_TestCases/Wallets/TC1_Wallet_Add" status="PASSED">
         <system-out><![CDATA[04-10-2024T11:09:28 - [TEST_CASE][PASSED] - Test Cases/Web_Utilities_TestCases/Wallets/TC1_Wallet_Add: Test Cases/Web_Utilities_TestCases/Wallets/TC1_Wallet_Add

04-10-2024T11:09:30 - [TEST_STEP][PASSED] - try: null

04-10-2024T11:09:30 - [TEST_STEP][PASSED] - utils.openBrowserAndNavigateToPMT(): Navigate to 'https://dev1.payment.rccl.com/payment/utilities' successfully

04-10-2024T11:09:30 - [MESSAGE][INFO] - Starting 'Chrome' driver

04-10-2024T11:09:30 - [MESSAGE][INFO] - Action delay is set to 0 milliseconds

04-10-2024T11:09:34 - [MESSAGE][PASSED] - Browser is opened with url: ''

04-10-2024T11:09:34 - [MESSAGE][PASSED] - Current window maximized

04-10-2024T11:09:43 - [MESSAGE][PASSED] - Navigate to 'https://dev1.payment.rccl.com/payment/utilities' successfully

04-10-2024T11:09:43 - [TEST_STEP][PASSED] - EXCEL_PATH = "./Data Files/TestData.xlsx": null

04-10-2024T11:09:43 - [TEST_STEP][PASSED] - TAB = "Wallet_Add": null

04-10-2024T11:09:43 - [TEST_STEP][PASSED] - driver = getWebDriver(): null

04-10-2024T11:09:43 - [TEST_STEP][PASSED] - utils.goToWallets(): null

04-10-2024T11:09:46 - [TEST_STEP][PASSED] - clickAdd = xpath("//a[normalize-space()='Add']")).click(): null

04-10-2024T11:09:47 - [TEST_STEP][PASSED] - utils.selectEnvironment(ENV): null

04-10-2024T11:09:49 - [TEST_STEP][PASSED] - sendRequestTextBox = driver.findElement(By.xpath("//textarea[@name='req']")): null

04-10-2024T11:09:49 - [TEST_STEP][PASSED] - fetchGuestAccount = sendRequest(findTestObject("GuestAccount")): Send request successfully

04-10-2024T11:09:50 - [MESSAGE][INFO] - HAR: /Users/manilacel/Library/CloudStorage/OneDrive-RoyalCaribbeanGroup/PMT/Git/RestructuredScript/TestingFolder/Reports/20241004_110733/PMT_Libraries/Wallets/20241004_110742/requests/main/2.har

04-10-2024T11:09:50 - [MESSAGE][PASSED] - Send request successfully

04-10-2024T11:09:50 - [TEST_STEP][PASSED] - accountId = getElementPropertyValue(fetchGuestAccount, "payload.accountId"): null

04-10-2024T11:09:50 - [TEST_STEP][PASSED] - accessToken = getElementPropertyValue(fetchGuestAccount, "payload.accessToken"): null

04-10-2024T11:09:50 - [TEST_STEP][PASSED] - accountId = accountId: null

04-10-2024T11:09:50 - [TEST_STEP][PASSED] - accessToken = accessToken: null

04-10-2024T11:09:50 - [TEST_STEP][PASSED] - testdata = getdata.fromExcel(EXCEL_PATH, TAB): null

04-10-2024T11:09:50 - [TEST_STEP][PASSED] - for ([i = 0, i < testdata.size(), (i++)]): null

04-10-2024T11:09:50 - [TEST_STEP][PASSED] - sendRequestTextBox.clear(): null

04-10-2024T11:09:50 - [TEST_STEP][PASSED] - paymentMethod = testdata["paymentMethod"][i]: null

04-10-2024T11:09:50 - [TEST_STEP][PASSED] - cardNumber = testdata["cardNumber"][i]: null

04-10-2024T11:09:50 - [TEST_STEP][PASSED] - CNumber = cardNumber.replaceAll("\.0$", ""): null

04-10-2024T11:09:50 - [TEST_STEP][PASSED] - expirationMonth = testdata["expirationMonth"][i]: null

04-10-2024T11:09:50 - [TEST_STEP][PASSED] - xMonth = expirationMonth.replaceAll("\.0$", ""): null

04-10-2024T11:09:50 - [TEST_STEP][PASSED] - expirationYear = testdata["expirationYear"][i]: null

04-10-2024T11:09:50 - [TEST_STEP][PASSED] - xYear = expirationYear.replaceAll("\.0$", ""): null

04-10-2024T11:09:50 - [TEST_STEP][PASSED] - cardholderName = testdata["cardholderName"][i]: null

04-10-2024T11:09:50 - [TEST_STEP][PASSED] - nickName = testdata["nickName"][i]: null

04-10-2024T11:09:50 - [TEST_STEP][PASSED] - defaultPaymentMethod = testdata["defaultPaymentMethod"][i]: null

04-10-2024T11:09:50 - [TEST_STEP][PASSED] - request = {
    "paymentMethod": {
        "type": "$paymentMethod",
        "cardNumber": "$cardNumber",
        "expirationMonth": "$expirationMonth",
        "expirationYear": "$expirationYear",
        "cardholder": "$cardholderName",
        "nickname": "$nickName",
        "defaultPaymentMethod": "$defaultPaymentMethod"
    },
    "accountId": "$accountId",
    "accessToken": "$accessToken"
}: null

04-10-2024T11:09:50 - [TEST_STEP][PASSED] - restRequest = JsonSlurper().parseText(request): null

04-10-2024T11:09:50 - [TEST_STEP][PASSED] - prettyJson = JsonBuilder(restRequest).toPrettyString(): null

04-10-2024T11:09:50 - [TEST_STEP][PASSED] - println(prettyJson): null

04-10-2024T11:09:50 - [TEST_STEP][PASSED] - sendRequestTextBox.sendKeys(prettyJson): null

04-10-2024T11:09:59 - [TEST_STEP][PASSED] - utils.clickSendButton(): null

04-10-2024T11:10:00 - [TEST_STEP][PASSED] - delay(3): Delayed 3 second(s)

04-10-2024T11:10:03 - [MESSAGE][PASSED] - Delayed 3 second(s)

04-10-2024T11:10:03 - [TEST_STEP][PASSED] - response = utils.getResponse(): null

04-10-2024T11:10:06 - [TEST_STEP][PASSED] - println(response): null

04-10-2024T11:10:06 - [TEST_STEP][PASSED] - validation1 = testdata["ContainsValidation"][i]: null

04-10-2024T11:10:06 - [TEST_STEP][PASSED] - println(validation1): null

04-10-2024T11:10:06 - [TEST_STEP][PASSED] - validation2 = testdata["NotContainsValidation"][i]: null

04-10-2024T11:10:06 - [TEST_STEP][PASSED] - println(validation2): null

04-10-2024T11:10:06 - [TEST_STEP][PASSED] - println(testdata["TCNumber"][i]): null

04-10-2024T11:10:06 - [TEST_STEP][PASSED] - assert response.contains(validation1): null

04-10-2024T11:10:06 - [TEST_STEP][PASSED] - catch (AssertionError e): null

04-10-2024T11:10:06 - [TEST_STEP][PASSED] - takeScreenshot("./screenshots/Failed_Wallet_Add.png"): Taking screenshot successfully

04-10-2024T11:10:09 - [MESSAGE][PASSED] - Taking screenshot successfully
[[ATTACHMENT|./screenshots/Failed_Wallet_Add.png]]

04-10-2024T11:10:09 - [TEST_STEP][PASSED] - println(Assertion failed: $e.message): null

04-10-2024T11:10:09 - [TEST_STEP][PASSED] - e.printStackTrace(): null

04-10-2024T11:10:09 - [TEST_STEP][PASSED] - Finally: Browser is closed

04-10-2024T11:10:09 - [TEST_STEP][PASSED] - utils.closeBrowser(): Browser is closed

04-10-2024T11:10:11 - [MESSAGE][PASSED] - Delayed 2 second(s)

04-10-2024T11:10:12 - [MESSAGE][PASSED] - Browser is closed

04-10-2024T11:10:14 - [TEST_STEP][PASSED] - Video: Video recording for test case 'Test Cases/Web_Utilities_TestCases/Wallets/TC1_Wallet_Add' .

04-10-2024T11:10:14 - [MESSAGE][INFO] - Video recording for test case 'Test Cases/Web_Utilities_TestCases/Wallets/TC1_Wallet_Add' .]]></system-out>
         <system-err><![CDATA[]]></system-err>
      </testcase>
      <testcase name="Test Cases/Web_Utilities_TestCases/Wallets/TC4_Wallet_Delete" time="29.698" classname="Test Cases/Web_Utilities_TestCases/Wallets/TC4_Wallet_Delete" status="PASSED">
         <system-out><![CDATA[04-10-2024T11:10:14 - [TEST_CASE][PASSED] - Test Cases/Web_Utilities_TestCases/Wallets/TC4_Wallet_Delete: Test Cases/Web_Utilities_TestCases/Wallets/TC4_Wallet_Delete

04-10-2024T11:10:15 - [TEST_STEP][PASSED] - try: null

04-10-2024T11:10:15 - [TEST_STEP][PASSED] - utils.openBrowserAndNavigateToPMT(): Navigate to 'https://dev1.payment.rccl.com/payment/utilities' successfully

04-10-2024T11:10:15 - [MESSAGE][INFO] - Starting 'Chrome' driver

04-10-2024T11:10:15 - [MESSAGE][INFO] - Action delay is set to 0 milliseconds

04-10-2024T11:10:17 - [MESSAGE][PASSED] - Browser is opened with url: ''

04-10-2024T11:10:18 - [MESSAGE][PASSED] - Current window maximized

04-10-2024T11:10:21 - [MESSAGE][PASSED] - Navigate to 'https://dev1.payment.rccl.com/payment/utilities' successfully

04-10-2024T11:10:21 - [TEST_STEP][PASSED] - EXCEL_PATH = "./Data Files/TestData.xlsx": null

04-10-2024T11:10:21 - [TEST_STEP][PASSED] - TAB = "Wallet_Delete": null

04-10-2024T11:10:21 - [TEST_STEP][PASSED] - driver = getWebDriver(): null

04-10-2024T11:10:21 - [TEST_STEP][PASSED] - utils.goToWallets(): null

04-10-2024T11:10:25 - [TEST_STEP][PASSED] - clickAuthorizePayment = xpath("//a[normalize-space()='Delete']")).click(): null

04-10-2024T11:10:26 - [TEST_STEP][PASSED] - utils.selectEnvironment(ENV): null

04-10-2024T11:10:28 - [TEST_STEP][PASSED] - sendRequestTextBox = driver.findElement(By.xpath("//textarea[@name='req']")): null

04-10-2024T11:10:28 - [TEST_STEP][PASSED] - fetchGuestAccount = sendRequest(findTestObject("GuestAccount")): Send request successfully

04-10-2024T11:10:29 - [MESSAGE][INFO] - HAR: /Users/manilacel/Library/CloudStorage/OneDrive-RoyalCaribbeanGroup/PMT/Git/RestructuredScript/TestingFolder/Reports/20241004_110733/PMT_Libraries/Wallets/20241004_110742/requests/main/3.har

04-10-2024T11:10:29 - [MESSAGE][PASSED] - Send request successfully

04-10-2024T11:10:29 - [TEST_STEP][PASSED] - accountId = getElementPropertyValue(fetchGuestAccount, "payload.accountId"): null

04-10-2024T11:10:29 - [TEST_STEP][PASSED] - accessToken = getElementPropertyValue(fetchGuestAccount, "payload.accessToken"): null

04-10-2024T11:10:29 - [TEST_STEP][PASSED] - accountId = accountId: null

04-10-2024T11:10:29 - [TEST_STEP][PASSED] - accessToken = accessToken: null

04-10-2024T11:10:29 - [TEST_STEP][PASSED] - testdata = getdata.fromExcel(EXCEL_PATH, TAB): null

04-10-2024T11:10:29 - [TEST_STEP][PASSED] - for ([i = 0, i < testdata.size(), (i++)]): null

04-10-2024T11:10:29 - [TEST_STEP][PASSED] - sendRequestTextBox.clear(): null

04-10-2024T11:10:29 - [TEST_STEP][PASSED] - cardNumber = testdata["cardNumber"][i]: null

04-10-2024T11:10:29 - [TEST_STEP][PASSED] - CNumber = cardNumber.replaceAll("\.0$", ""): null

04-10-2024T11:10:29 - [TEST_STEP][PASSED] - expirationMonth = testdata["expirationMonth"][i]: null

04-10-2024T11:10:29 - [TEST_STEP][PASSED] - xMonth = expirationMonth.replaceAll("\.0$", ""): null

04-10-2024T11:10:29 - [TEST_STEP][PASSED] - expirationYear = testdata["expirationYear"][i]: null

04-10-2024T11:10:29 - [TEST_STEP][PASSED] - xYear = expirationYear.replaceAll("\.0$", ""): null

04-10-2024T11:10:29 - [TEST_STEP][PASSED] - request = {
		"cardNumber": "$cardNumber",
		"expirationMonth": "$expirationMonth",
		"expirationYear": "$expirationYear",
		"accessToken": "$accountId",
		"accountId": "$accessToken"
		}: null

04-10-2024T11:10:29 - [TEST_STEP][PASSED] - restRequest = JsonSlurper().parseText(request): null

04-10-2024T11:10:29 - [TEST_STEP][PASSED] - prettyJson = JsonBuilder(restRequest).toPrettyString(): null

04-10-2024T11:10:29 - [TEST_STEP][PASSED] - println(prettyJson): null

04-10-2024T11:10:29 - [TEST_STEP][PASSED] - sendRequestTextBox.sendKeys(prettyJson): null

04-10-2024T11:10:32 - [TEST_STEP][PASSED] - utils.clickSendButton(): null

04-10-2024T11:10:33 - [TEST_STEP][PASSED] - delay(3): Delayed 3 second(s)

04-10-2024T11:10:36 - [MESSAGE][PASSED] - Delayed 3 second(s)

04-10-2024T11:10:36 - [TEST_STEP][PASSED] - response = utils.getResponse(): null

04-10-2024T11:10:37 - [TEST_STEP][PASSED] - println(response): null

04-10-2024T11:10:37 - [TEST_STEP][PASSED] - validation1 = testdata["ContainsValidation"][i]: null

04-10-2024T11:10:37 - [TEST_STEP][PASSED] - println(validation1): null

04-10-2024T11:10:37 - [TEST_STEP][PASSED] - validation2 = testdata["NotContainsValidation"][i]: null

04-10-2024T11:10:38 - [TEST_STEP][PASSED] - println(validation2): null

04-10-2024T11:10:38 - [TEST_STEP][PASSED] - println(testdata["TCNumber"][i]): null

04-10-2024T11:10:38 - [TEST_STEP][PASSED] - assert response.contains(validation1): null

04-10-2024T11:10:38 - [TEST_STEP][PASSED] - catch (AssertionError e): null

04-10-2024T11:10:38 - [TEST_STEP][PASSED] - takeScreenshot("./screenshots/Failed_Wallet_Delete.png"): Taking screenshot successfully

04-10-2024T11:10:40 - [MESSAGE][PASSED] - Taking screenshot successfully
[[ATTACHMENT|./screenshots/Failed_Wallet_Delete.png]]

04-10-2024T11:10:40 - [TEST_STEP][PASSED] - println(Assertion failed: $e.message): null

04-10-2024T11:10:40 - [TEST_STEP][PASSED] - e.printStackTrace(): null

04-10-2024T11:10:40 - [TEST_STEP][PASSED] - Finally: Browser is closed

04-10-2024T11:10:40 - [TEST_STEP][PASSED] - utils.closeBrowser(): Browser is closed

04-10-2024T11:10:42 - [MESSAGE][PASSED] - Delayed 2 second(s)

04-10-2024T11:10:42 - [MESSAGE][PASSED] - Browser is closed

04-10-2024T11:10:44 - [TEST_STEP][PASSED] - Video: Video recording for test case 'Test Cases/Web_Utilities_TestCases/Wallets/TC4_Wallet_Delete' .

04-10-2024T11:10:44 - [MESSAGE][INFO] - Video recording for test case 'Test Cases/Web_Utilities_TestCases/Wallets/TC4_Wallet_Delete' .]]></system-out>
         <system-err><![CDATA[]]></system-err>
      </testcase>
      <system-out><![CDATA[04-10-2024T11:07:54 - [TEST_SUITE][PASSED] - Wallets: Test Cases/Web_Utilities_TestCases/Wallets/TC4_Wallet_Delete]]></system-out>
      <system-err><![CDATA[]]></system-err>
   </testsuite>
</testsuites>
