<?xml version="1.0" encoding="UTF-8"?>
<testsuites name="Wallets" time="139.702" tests="4" failures="3" errors="0">
   <testsuite name="Wallets" tests="4" failures="3" errors="0" time="139.702" skipped="0" timestamp="04-10-2024T08:22:19" hostname="manilacel - localhost" id="Test Suites/PMT_Libraries/Wallets">
      <properties>
         <property name="deviceName" value=""/>
         <property name="devicePlatform"/>
         <property name="logFolder" value="/Users/manilacel/Library/CloudStorage/OneDrive-RoyalCaribbeanGroup/PMT/Git/RestructuredScript/TestingFolder/Reports/20241004_082201/PMT_Libraries/Wallets/20241004_082208"/>
         <property name="logFiles" value="/Users/manilacel/Library/CloudStorage/OneDrive-RoyalCaribbeanGroup/PMT/Git/RestructuredScript/TestingFolder/Reports/20241004_082201/PMT_Libraries/Wallets/20241004_082208/execution0.log"/>
         <property name="attachments" value=""/>
         <property name="hostName" value="manilacel - localhost"/>
         <property name="os" value="Mac OS X 64bit"/>
         <property name="katalonVersion" value="9.5.0.217"/>
         <property name="browser" value="Chrome 129.0.0.0"/>
         <property name="hostAddress" value="127.0.0.1"/>
         <property name="sessionId" value="20f8c731af4ccd67614d5b6cd5996d27"/>
         <property name="seleniumVersion" value="3.141.59"/>
         <property name="proxyInformation" value="ProxyInformation { proxyOption=NO_PROXY, proxyServerType=HTTP, username=, password=********, proxyServerAddress=, proxyServerPort=0, executionList=&quot;&quot;, isApplyToDesiredCapabilities=true }"/>
         <property name="platform" value="Mac OS X"/>
      </properties>
      <testcase name="Test Cases/Web_Utilities_TestCases/Wallets/TC3_Wallet_Update" time="53.07" classname="Test Cases/Web_Utilities_TestCases/Wallets/TC3_Wallet_Update" status="FAILED">
         <failure type="FAILED" message="Test Cases/Web_Utilities_TestCases/Wallets/TC3_Wallet_Update FAILED.&#xa;Reason:&#xa;com.kms.katalon.core.exception.StepFailedException: Cannot take screenshot&#xa;	at com.kms.katalon.core.webui.keyword.internal.WebUIKeywordMain.stepFailed(WebUIKeywordMain.groovy:64)&#xa;	at com.kms.katalon.core.webui.keyword.internal.WebUIKeywordMain.runKeyword(WebUIKeywordMain.groovy:26)&#xa;	at com.kms.katalon.core.webui.keyword.builtin.TakeScreenshotKeyword.takeScreenshot(TakeScreenshotKeyword.groovy:126)&#xa;	at com.kms.katalon.core.webui.keyword.builtin.TakeScreenshotKeyword.execute(TakeScreenshotKeyword.groovy:84)&#xa;	at com.kms.katalon.core.keyword.internal.KeywordExecutor.executeKeywordForPlatform(KeywordExecutor.groovy:74)&#xa;	at com.kms.katalon.core.webui.keyword.WebUiBuiltInKeywords.takeScreenshot(WebUiBuiltInKeywords.groovy:3013)&#xa;	at TC3_Wallet_Update.run(TC3_Wallet_Update:98)&#xa;	at com.kms.katalon.core.main.ScriptEngine.run(ScriptEngine.java:194)&#xa;	at com.kms.katalon.core.main.ScriptEngine.runScriptAsRawText(ScriptEngine.java:119)&#xa;	at com.kms.katalon.core.main.TestCaseExecutor.runScript(TestCaseExecutor.java:448)&#xa;	at com.kms.katalon.core.main.TestCaseExecutor.doExecute(TestCaseExecutor.java:439)&#xa;	at com.kms.katalon.core.main.TestCaseExecutor.processExecutionPhase(TestCaseExecutor.java:418)&#xa;	at com.kms.katalon.core.main.TestCaseExecutor.accessMainPhase(TestCaseExecutor.java:410)&#xa;	at com.kms.katalon.core.main.TestCaseExecutor.execute(TestCaseExecutor.java:285)&#xa;	at com.kms.katalon.core.common.CommonExecutor.accessTestCaseMainPhase(CommonExecutor.java:65)&#xa;	at com.kms.katalon.core.main.TestSuiteExecutor.accessTestSuiteMainPhase(TestSuiteExecutor.java:150)&#xa;	at com.kms.katalon.core.main.TestSuiteExecutor.execute(TestSuiteExecutor.java:106)&#xa;	at com.kms.katalon.core.main.TestCaseMain.startTestSuite(TestCaseMain.java:180)&#xa;	at TempTestSuite1728001328877.run(TempTestSuite1728001328877.groovy:35)&#xa;	at java.base/jdk.internal.reflect.NativeMethodAccessorImpl.invoke0(Native Method)&#xa;	at java.base/jdk.internal.reflect.NativeMethodAccessorImpl.invoke(NativeMethodAccessorImpl.java:77)&#xa;	at java.base/jdk.internal.reflect.DelegatingMethodAccessorImpl.invoke(DelegatingMethodAccessorImpl.java:43)&#xa;Caused by: java.io.IOException: Destination '/screenshots' directory cannot be created&#xa;	at org.apache.commons.io.FileUtils.copyFile(FileUtils.java:1085)&#xa;	at com.kms.katalon.core.webui.util.FileUtil.takeDefaultScreenshot(FileUtil.java:347)&#xa;	at com.kms.katalon.core.webui.util.FileUtil.takesScreenshot(FileUtil.java:61)&#xa;	at com.kms.katalon.core.webui.keyword.builtin.TakeScreenshotKeyword$_takeScreenshot_closure1.doCall(TakeScreenshotKeyword.groovy:127)&#xa;	at com.kms.katalon.core.webui.keyword.builtin.TakeScreenshotKeyword$_takeScreenshot_closure1.call(TakeScreenshotKeyword.groovy)&#xa;	at com.kms.katalon.core.webui.keyword.internal.WebUIKeywordMain.runKeyword(WebUIKeywordMain.groovy:20)&#xa;	... 20 more&#xa;"/>
         <system-out><![CDATA[04-10-2024T08:22:19 - [TEST_CASE][FAILED] - Test Cases/Web_Utilities_TestCases/Wallets/TC3_Wallet_Update: Test Cases/Web_Utilities_TestCases/Wallets/TC3_Wallet_Update FAILED.
Reason:
com.kms.katalon.core.exception.StepFailedException: Cannot take screenshot
	at com.kms.katalon.core.webui.keyword.internal.WebUIKeywordMain.stepFailed(WebUIKeywordMain.groovy:64)
	at com.kms.katalon.core.webui.keyword.internal.WebUIKeywordMain.runKeyword(WebUIKeywordMain.groovy:26)
	at com.kms.katalon.core.webui.keyword.builtin.TakeScreenshotKeyword.takeScreenshot(TakeScreenshotKeyword.groovy:126)
	at com.kms.katalon.core.webui.keyword.builtin.TakeScreenshotKeyword.execute(TakeScreenshotKeyword.groovy:84)
	at com.kms.katalon.core.keyword.internal.KeywordExecutor.executeKeywordForPlatform(KeywordExecutor.groovy:74)
	at com.kms.katalon.core.webui.keyword.WebUiBuiltInKeywords.takeScreenshot(WebUiBuiltInKeywords.groovy:3013)
	at TC3_Wallet_Update.run(TC3_Wallet_Update:98)
	at com.kms.katalon.core.main.ScriptEngine.run(ScriptEngine.java:194)
	at com.kms.katalon.core.main.ScriptEngine.runScriptAsRawText(ScriptEngine.java:119)
	at com.kms.katalon.core.main.TestCaseExecutor.runScript(TestCaseExecutor.java:448)
	at com.kms.katalon.core.main.TestCaseExecutor.doExecute(TestCaseExecutor.java:439)
	at com.kms.katalon.core.main.TestCaseExecutor.processExecutionPhase(TestCaseExecutor.java:418)
	at com.kms.katalon.core.main.TestCaseExecutor.accessMainPhase(TestCaseExecutor.java:410)
	at com.kms.katalon.core.main.TestCaseExecutor.execute(TestCaseExecutor.java:285)
	at com.kms.katalon.core.common.CommonExecutor.accessTestCaseMainPhase(CommonExecutor.java:65)
	at com.kms.katalon.core.main.TestSuiteExecutor.accessTestSuiteMainPhase(TestSuiteExecutor.java:150)
	at com.kms.katalon.core.main.TestSuiteExecutor.execute(TestSuiteExecutor.java:106)
	at com.kms.katalon.core.main.TestCaseMain.startTestSuite(TestCaseMain.java:180)
	at TempTestSuite1728001328877.run(TempTestSuite1728001328877.groovy:35)
	at java.base/jdk.internal.reflect.NativeMethodAccessorImpl.invoke0(Native Method)
	at java.base/jdk.internal.reflect.NativeMethodAccessorImpl.invoke(NativeMethodAccessorImpl.java:77)
	at java.base/jdk.internal.reflect.DelegatingMethodAccessorImpl.invoke(DelegatingMethodAccessorImpl.java:43)
Caused by: java.io.IOException: Destination '/screenshots' directory cannot be created
	at org.apache.commons.io.FileUtils.copyFile(FileUtils.java:1085)
	at com.kms.katalon.core.webui.util.FileUtil.takeDefaultScreenshot(FileUtil.java:347)
	at com.kms.katalon.core.webui.util.FileUtil.takesScreenshot(FileUtil.java:61)
	at com.kms.katalon.core.webui.keyword.builtin.TakeScreenshotKeyword$_takeScreenshot_closure1.doCall(TakeScreenshotKeyword.groovy:127)
	at com.kms.katalon.core.webui.keyword.builtin.TakeScreenshotKeyword$_takeScreenshot_closure1.call(TakeScreenshotKeyword.groovy)
	at com.kms.katalon.core.webui.keyword.internal.WebUIKeywordMain.runKeyword(WebUIKeywordMain.groovy:20)
	... 20 more


04-10-2024T08:22:26 - [TEST_STEP][PASSED] - try: null

04-10-2024T08:22:26 - [TEST_STEP][PASSED] - utils.openBrowserAndNavigateToPMT(): Navigate to 'https://dev1.payment.rccl.com/payment/utilities' successfully

04-10-2024T08:22:27 - [MESSAGE][INFO] - Starting 'Chrome' driver

04-10-2024T08:22:27 - [MESSAGE][INFO] - Action delay is set to 0 milliseconds

04-10-2024T08:22:34 - [MESSAGE][PASSED] - Browser is opened with url: ''

04-10-2024T08:22:34 - [MESSAGE][PASSED] - Current window maximized

04-10-2024T08:22:42 - [MESSAGE][PASSED] - Navigate to 'https://dev1.payment.rccl.com/payment/utilities' successfully

04-10-2024T08:22:42 - [TEST_STEP][PASSED] - EXCEL_PATH = "./Data Files/TestData.xlsx": null

04-10-2024T08:22:42 - [TEST_STEP][PASSED] - TAB = "Wallet_Update": null

04-10-2024T08:22:42 - [TEST_STEP][PASSED] - driver = getWebDriver(): null

04-10-2024T08:22:42 - [TEST_STEP][PASSED] - utils.goToWallets(): null

04-10-2024T08:22:43 - [TEST_STEP][PASSED] - clickAuthorizePayment = xpath("//a[normalize-space()='Update']")).click(): null

04-10-2024T08:22:44 - [TEST_STEP][PASSED] - utils.selectEnvironment(ENV): null

04-10-2024T08:22:45 - [TEST_STEP][PASSED] - sendRequestTextBox = driver.findElement(By.xpath("//textarea[@name='req']")): null

04-10-2024T08:22:45 - [TEST_STEP][PASSED] - fetchGuestAccount = sendRequest(findTestObject("GuestAccount")): Send request successfully

04-10-2024T08:22:48 - [MESSAGE][INFO] - HAR: /Users/manilacel/Library/CloudStorage/OneDrive-RoyalCaribbeanGroup/PMT/Git/RestructuredScript/TestingFolder/Reports/20241004_082201/PMT_Libraries/Wallets/20241004_082208/requests/main/0.har

04-10-2024T08:22:49 - [MESSAGE][PASSED] - Send request successfully

04-10-2024T08:22:49 - [TEST_STEP][PASSED] - accountId = getElementPropertyValue(fetchGuestAccount, "payload.accountId"): null

04-10-2024T08:22:49 - [TEST_STEP][PASSED] - accessToken = getElementPropertyValue(fetchGuestAccount, "payload.accessToken"): null

04-10-2024T08:22:49 - [TEST_STEP][PASSED] - accountId = accountId: null

04-10-2024T08:22:49 - [TEST_STEP][PASSED] - accessToken = accessToken: null

04-10-2024T08:22:49 - [TEST_STEP][PASSED] - testdata = getdata.fromExcel(EXCEL_PATH, TAB): null

04-10-2024T08:22:50 - [TEST_STEP][PASSED] - for ([i = 0, i < testdata.size(), (i++)]): null

04-10-2024T08:22:50 - [TEST_STEP][PASSED] - sendRequestTextBox.clear(): null

04-10-2024T08:22:50 - [TEST_STEP][PASSED] - paymentMethod = testdata["paymentMethod"][i]: null

04-10-2024T08:22:50 - [TEST_STEP][PASSED] - cardNumber = testdata["cardNumber"][i]: null

04-10-2024T08:22:50 - [TEST_STEP][PASSED] - CNumber = cardNumber.replaceAll("\.0$", ""): null

04-10-2024T08:22:50 - [TEST_STEP][PASSED] - expirationMonth = testdata["expirationMonth"][i]: null

04-10-2024T08:22:50 - [TEST_STEP][PASSED] - xMonth = expirationMonth.replaceAll("\.0$", ""): null

04-10-2024T08:22:50 - [TEST_STEP][PASSED] - expirationYear = testdata["expirationYear"][i]: null

04-10-2024T08:22:50 - [TEST_STEP][PASSED] - xYear = expirationYear.replaceAll("\.0$", ""): null

04-10-2024T08:22:50 - [TEST_STEP][PASSED] - cardholderName = testdata["cardholderName"][i]: null

04-10-2024T08:22:50 - [TEST_STEP][PASSED] - nickName = testdata["nickName"][i]: null

04-10-2024T08:22:50 - [TEST_STEP][PASSED] - defaultPaymentMethod = testdata["defaultPaymentMethod"][i]: null

04-10-2024T08:22:50 - [TEST_STEP][PASSED] - request = {
    "paymentMethod": {
        "type": "$paymentMethod",
        "cardNumber": "$cardNumber",
        "cardholder": "$cardholderName",
        "nickname": "$nickName",
        "expirationMonth": "$expirationMonth",
        "expirationYear": "$expirationYear",
        "defaultPaymentMethod": "$defaultPaymentMethod"
    },
    "accountId": "$accountId",
    "accessToken": "$accessToken"
}: null

04-10-2024T08:22:50 - [TEST_STEP][PASSED] - restRequest = JsonSlurper().parseText(request): null

04-10-2024T08:22:50 - [TEST_STEP][PASSED] - prettyJson = JsonBuilder(restRequest).toPrettyString(): null

04-10-2024T08:22:50 - [TEST_STEP][PASSED] - println(prettyJson): null

04-10-2024T08:22:50 - [TEST_STEP][PASSED] - sendRequestTextBox.sendKeys(prettyJson): null

04-10-2024T08:22:56 - [TEST_STEP][PASSED] - utils.clickSendButton(): null

04-10-2024T08:22:56 - [TEST_STEP][PASSED] - delay(3): Delayed 3 second(s)

04-10-2024T08:22:59 - [MESSAGE][PASSED] - Delayed 3 second(s)

04-10-2024T08:22:59 - [TEST_STEP][PASSED] - response = utils.getResponse(): null

04-10-2024T08:22:59 - [TEST_STEP][PASSED] - println(response): null

04-10-2024T08:22:59 - [TEST_STEP][PASSED] - validation1 = testdata["ContainsValidation"][i]: null

04-10-2024T08:22:59 - [TEST_STEP][PASSED] - println(validation1): null

04-10-2024T08:22:59 - [TEST_STEP][PASSED] - validation2 = testdata["NotContainsValidation"][i]: null

04-10-2024T08:22:59 - [TEST_STEP][PASSED] - println(validation2): null

04-10-2024T08:22:59 - [TEST_STEP][PASSED] - println(testdata["TCNumber"][i]): null

04-10-2024T08:22:59 - [TEST_STEP][PASSED] - assert response.contains(validation1): null

04-10-2024T08:22:59 - [TEST_STEP][FAILED] - catch (AssertionError e): Cannot take screenshot (Root cause: com.kms.katalon.core.exception.StepFailedException: Cannot take screenshot
	at com.kms.katalon.core.webui.keyword.internal.WebUIKeywordMain.stepFailed(WebUIKeywordMain.groovy:64)
	at com.kms.katalon.core.webui.keyword.internal.WebUIKeywordMain.runKeyword(WebUIKeywordMain.groovy:26)
	at com.kms.katalon.core.webui.keyword.builtin.TakeScreenshotKeyword.takeScreenshot(TakeScreenshotKeyword.groovy:126)
	at com.kms.katalon.core.webui.keyword.builtin.TakeScreenshotKeyword.execute(TakeScreenshotKeyword.groovy:84)
	at com.kms.katalon.core.keyword.internal.KeywordExecutor.executeKeywordForPlatform(KeywordExecutor.groovy:74)
	at com.kms.katalon.core.webui.keyword.WebUiBuiltInKeywords.takeScreenshot(WebUiBuiltInKeywords.groovy:3013)
	at TC3_Wallet_Update.run(TC3_Wallet_Update:98)
	at com.kms.katalon.core.main.ScriptEngine.run(ScriptEngine.java:194)
	at com.kms.katalon.core.main.ScriptEngine.runScriptAsRawText(ScriptEngine.java:119)
	at com.kms.katalon.core.main.TestCaseExecutor.runScript(TestCaseExecutor.java:448)
	at com.kms.katalon.core.main.TestCaseExecutor.doExecute(TestCaseExecutor.java:439)
	at com.kms.katalon.core.main.TestCaseExecutor.processExecutionPhase(TestCaseExecutor.java:418)
	at com.kms.katalon.core.main.TestCaseExecutor.accessMainPhase(TestCaseExecutor.java:410)
	at com.kms.katalon.core.main.TestCaseExecutor.execute(TestCaseExecutor.java:285)
	at com.kms.katalon.core.common.CommonExecutor.accessTestCaseMainPhase(CommonExecutor.java:65)
	at com.kms.katalon.core.main.TestSuiteExecutor.accessTestSuiteMainPhase(TestSuiteExecutor.java:150)
	at com.kms.katalon.core.main.TestSuiteExecutor.execute(TestSuiteExecutor.java:106)
	at com.kms.katalon.core.main.TestCaseMain.startTestSuite(TestCaseMain.java:180)
	at TempTestSuite1728001328877.run(TempTestSuite1728001328877.groovy:35)
	at java.base/jdk.internal.reflect.NativeMethodAccessorImpl.invoke0(Native Method)
	at java.base/jdk.internal.reflect.NativeMethodAccessorImpl.invoke(NativeMethodAccessorImpl.java:77)
	at java.base/jdk.internal.reflect.DelegatingMethodAccessorImpl.invoke(DelegatingMethodAccessorImpl.java:43)
Caused by: java.io.IOException: Destination '/screenshots' directory cannot be created
	at org.apache.commons.io.FileUtils.copyFile(FileUtils.java:1085)
	at com.kms.katalon.core.webui.util.FileUtil.takeDefaultScreenshot(FileUtil.java:347)
	at com.kms.katalon.core.webui.util.FileUtil.takesScreenshot(FileUtil.java:61)
	at com.kms.katalon.core.webui.keyword.builtin.TakeScreenshotKeyword$_takeScreenshot_closure1.doCall(TakeScreenshotKeyword.groovy:127)
	at com.kms.katalon.core.webui.keyword.builtin.TakeScreenshotKeyword$_takeScreenshot_closure1.call(TakeScreenshotKeyword.groovy)
	at com.kms.katalon.core.webui.keyword.internal.WebUIKeywordMain.runKeyword(WebUIKeywordMain.groovy:20)
	at com.kms.katalon.core.webui.keyword.builtin.TakeScreenshotKeyword.takeScreenshot(TakeScreenshotKeyword.groovy:126)
	at com.kms.katalon.core.webui.keyword.builtin.TakeScreenshotKeyword.execute(TakeScreenshotKeyword.groovy:84)
	at com.kms.katalon.core.keyword.internal.KeywordExecutor.executeKeywordForPlatform(KeywordExecutor.groovy:74)
	at com.kms.katalon.core.webui.keyword.WebUiBuiltInKeywords.takeScreenshot(WebUiBuiltInKeywords.groovy:3013)
	at Script1721698076958.run(Script1721698076958.groovy:98)
	... 15 more
)

04-10-2024T08:22:59 - [TEST_STEP][FAILED] - takeScreenshot("/screenshots/Failed_Wallet_Update.png"): Cannot take screenshot (Root cause: com.kms.katalon.core.exception.StepFailedException: Cannot take screenshot
	at com.kms.katalon.core.webui.keyword.internal.WebUIKeywordMain.stepFailed(WebUIKeywordMain.groovy:64)
	at com.kms.katalon.core.webui.keyword.internal.WebUIKeywordMain.runKeyword(WebUIKeywordMain.groovy:26)
	at com.kms.katalon.core.webui.keyword.builtin.TakeScreenshotKeyword.takeScreenshot(TakeScreenshotKeyword.groovy:126)
	at com.kms.katalon.core.webui.keyword.builtin.TakeScreenshotKeyword.execute(TakeScreenshotKeyword.groovy:84)
	at com.kms.katalon.core.keyword.internal.KeywordExecutor.executeKeywordForPlatform(KeywordExecutor.groovy:74)
	at com.kms.katalon.core.webui.keyword.WebUiBuiltInKeywords.takeScreenshot(WebUiBuiltInKeywords.groovy:3013)
	at TC3_Wallet_Update.run(TC3_Wallet_Update:98)
	at com.kms.katalon.core.main.ScriptEngine.run(ScriptEngine.java:194)
	at com.kms.katalon.core.main.ScriptEngine.runScriptAsRawText(ScriptEngine.java:119)
	at com.kms.katalon.core.main.TestCaseExecutor.runScript(TestCaseExecutor.java:448)
	at com.kms.katalon.core.main.TestCaseExecutor.doExecute(TestCaseExecutor.java:439)
	at com.kms.katalon.core.main.TestCaseExecutor.processExecutionPhase(TestCaseExecutor.java:418)
	at com.kms.katalon.core.main.TestCaseExecutor.accessMainPhase(TestCaseExecutor.java:410)
	at com.kms.katalon.core.main.TestCaseExecutor.execute(TestCaseExecutor.java:285)
	at com.kms.katalon.core.common.CommonExecutor.accessTestCaseMainPhase(CommonExecutor.java:65)
	at com.kms.katalon.core.main.TestSuiteExecutor.accessTestSuiteMainPhase(TestSuiteExecutor.java:150)
	at com.kms.katalon.core.main.TestSuiteExecutor.execute(TestSuiteExecutor.java:106)
	at com.kms.katalon.core.main.TestCaseMain.startTestSuite(TestCaseMain.java:180)
	at TempTestSuite1728001328877.run(TempTestSuite1728001328877.groovy:35)
	at java.base/jdk.internal.reflect.NativeMethodAccessorImpl.invoke0(Native Method)
	at java.base/jdk.internal.reflect.NativeMethodAccessorImpl.invoke(NativeMethodAccessorImpl.java:77)
	at java.base/jdk.internal.reflect.DelegatingMethodAccessorImpl.invoke(DelegatingMethodAccessorImpl.java:43)
Caused by: java.io.IOException: Destination '/screenshots' directory cannot be created
	at org.apache.commons.io.FileUtils.copyFile(FileUtils.java:1085)
	at com.kms.katalon.core.webui.util.FileUtil.takeDefaultScreenshot(FileUtil.java:347)
	at com.kms.katalon.core.webui.util.FileUtil.takesScreenshot(FileUtil.java:61)
	at com.kms.katalon.core.webui.keyword.builtin.TakeScreenshotKeyword$_takeScreenshot_closure1.doCall(TakeScreenshotKeyword.groovy:127)
	at com.kms.katalon.core.webui.keyword.builtin.TakeScreenshotKeyword$_takeScreenshot_closure1.call(TakeScreenshotKeyword.groovy)
	at com.kms.katalon.core.webui.keyword.internal.WebUIKeywordMain.runKeyword(WebUIKeywordMain.groovy:20)
	at com.kms.katalon.core.webui.keyword.builtin.TakeScreenshotKeyword.takeScreenshot(TakeScreenshotKeyword.groovy:126)
	at com.kms.katalon.core.webui.keyword.builtin.TakeScreenshotKeyword.execute(TakeScreenshotKeyword.groovy:84)
	at com.kms.katalon.core.keyword.internal.KeywordExecutor.executeKeywordForPlatform(KeywordExecutor.groovy:74)
	at com.kms.katalon.core.webui.keyword.WebUiBuiltInKeywords.takeScreenshot(WebUiBuiltInKeywords.groovy:3013)
	at Script1721698076958.run(Script1721698076958.groovy:98)
	... 15 more
)

04-10-2024T08:23:01 - [MESSAGE][FAILED] - Cannot take screenshot (Root cause: com.kms.katalon.core.exception.StepFailedException: Cannot take screenshot
	at com.kms.katalon.core.webui.keyword.internal.WebUIKeywordMain.stepFailed(WebUIKeywordMain.groovy:64)
	at com.kms.katalon.core.webui.keyword.internal.WebUIKeywordMain.runKeyword(WebUIKeywordMain.groovy:26)
	at com.kms.katalon.core.webui.keyword.builtin.TakeScreenshotKeyword.takeScreenshot(TakeScreenshotKeyword.groovy:126)
	at com.kms.katalon.core.webui.keyword.builtin.TakeScreenshotKeyword.execute(TakeScreenshotKeyword.groovy:84)
	at com.kms.katalon.core.keyword.internal.KeywordExecutor.executeKeywordForPlatform(KeywordExecutor.groovy:74)
	at com.kms.katalon.core.webui.keyword.WebUiBuiltInKeywords.takeScreenshot(WebUiBuiltInKeywords.groovy:3013)
	at TC3_Wallet_Update.run(TC3_Wallet_Update:98)
	at com.kms.katalon.core.main.ScriptEngine.run(ScriptEngine.java:194)
	at com.kms.katalon.core.main.ScriptEngine.runScriptAsRawText(ScriptEngine.java:119)
	at com.kms.katalon.core.main.TestCaseExecutor.runScript(TestCaseExecutor.java:448)
	at com.kms.katalon.core.main.TestCaseExecutor.doExecute(TestCaseExecutor.java:439)
	at com.kms.katalon.core.main.TestCaseExecutor.processExecutionPhase(TestCaseExecutor.java:418)
	at com.kms.katalon.core.main.TestCaseExecutor.accessMainPhase(TestCaseExecutor.java:410)
	at com.kms.katalon.core.main.TestCaseExecutor.execute(TestCaseExecutor.java:285)
	at com.kms.katalon.core.common.CommonExecutor.accessTestCaseMainPhase(CommonExecutor.java:65)
	at com.kms.katalon.core.main.TestSuiteExecutor.accessTestSuiteMainPhase(TestSuiteExecutor.java:150)
	at com.kms.katalon.core.main.TestSuiteExecutor.execute(TestSuiteExecutor.java:106)
	at com.kms.katalon.core.main.TestCaseMain.startTestSuite(TestCaseMain.java:180)
	at TempTestSuite1728001328877.run(TempTestSuite1728001328877.groovy:35)
	at java.base/jdk.internal.reflect.NativeMethodAccessorImpl.invoke0(Native Method)
	at java.base/jdk.internal.reflect.NativeMethodAccessorImpl.invoke(NativeMethodAccessorImpl.java:77)
	at java.base/jdk.internal.reflect.DelegatingMethodAccessorImpl.invoke(DelegatingMethodAccessorImpl.java:43)
Caused by: java.io.IOException: Destination '/screenshots' directory cannot be created
	at org.apache.commons.io.FileUtils.copyFile(FileUtils.java:1085)
	at com.kms.katalon.core.webui.util.FileUtil.takeDefaultScreenshot(FileUtil.java:347)
	at com.kms.katalon.core.webui.util.FileUtil.takesScreenshot(FileUtil.java:61)
	at com.kms.katalon.core.webui.keyword.builtin.TakeScreenshotKeyword$_takeScreenshot_closure1.doCall(TakeScreenshotKeyword.groovy:127)
	at com.kms.katalon.core.webui.keyword.builtin.TakeScreenshotKeyword$_takeScreenshot_closure1.call(TakeScreenshotKeyword.groovy)
	at com.kms.katalon.core.webui.keyword.internal.WebUIKeywordMain.runKeyword(WebUIKeywordMain.groovy:20)
	at com.kms.katalon.core.webui.keyword.builtin.TakeScreenshotKeyword.takeScreenshot(TakeScreenshotKeyword.groovy:126)
	at com.kms.katalon.core.webui.keyword.builtin.TakeScreenshotKeyword.execute(TakeScreenshotKeyword.groovy:84)
	at com.kms.katalon.core.keyword.internal.KeywordExecutor.executeKeywordForPlatform(KeywordExecutor.groovy:74)
	at com.kms.katalon.core.webui.keyword.WebUiBuiltInKeywords.takeScreenshot(WebUiBuiltInKeywords.groovy:3013)
	at Script1721698076958.run(Script1721698076958.groovy:98)
	... 15 more
)

04-10-2024T08:23:01 - [TEST_STEP][PASSED] - Finally: Browser is closed

04-10-2024T08:23:01 - [TEST_STEP][PASSED] - utils.closeBrowser(): Browser is closed

04-10-2024T08:23:03 - [MESSAGE][PASSED] - Delayed 2 second(s)

04-10-2024T08:23:05 - [MESSAGE][PASSED] - Browser is closed

04-10-2024T08:23:12 - [TEST_STEP][PASSED] - Video: Video recording for test case 'Test Cases/Web_Utilities_TestCases/Wallets/TC3_Wallet_Update' .

04-10-2024T08:23:12 - [MESSAGE][INFO] - Video recording for test case 'Test Cases/Web_Utilities_TestCases/Wallets/TC3_Wallet_Update' .]]></system-out>
         <system-err><![CDATA[04-10-2024T08:22:19 - [TEST_CASE][FAILED] - Test Cases/Web_Utilities_TestCases/Wallets/TC3_Wallet_Update: Test Cases/Web_Utilities_TestCases/Wallets/TC3_Wallet_Update FAILED.
Reason:
com.kms.katalon.core.exception.StepFailedException: Cannot take screenshot
	at com.kms.katalon.core.webui.keyword.internal.WebUIKeywordMain.stepFailed(WebUIKeywordMain.groovy:64)
	at com.kms.katalon.core.webui.keyword.internal.WebUIKeywordMain.runKeyword(WebUIKeywordMain.groovy:26)
	at com.kms.katalon.core.webui.keyword.builtin.TakeScreenshotKeyword.takeScreenshot(TakeScreenshotKeyword.groovy:126)
	at com.kms.katalon.core.webui.keyword.builtin.TakeScreenshotKeyword.execute(TakeScreenshotKeyword.groovy:84)
	at com.kms.katalon.core.keyword.internal.KeywordExecutor.executeKeywordForPlatform(KeywordExecutor.groovy:74)
	at com.kms.katalon.core.webui.keyword.WebUiBuiltInKeywords.takeScreenshot(WebUiBuiltInKeywords.groovy:3013)
	at TC3_Wallet_Update.run(TC3_Wallet_Update:98)
	at com.kms.katalon.core.main.ScriptEngine.run(ScriptEngine.java:194)
	at com.kms.katalon.core.main.ScriptEngine.runScriptAsRawText(ScriptEngine.java:119)
	at com.kms.katalon.core.main.TestCaseExecutor.runScript(TestCaseExecutor.java:448)
	at com.kms.katalon.core.main.TestCaseExecutor.doExecute(TestCaseExecutor.java:439)
	at com.kms.katalon.core.main.TestCaseExecutor.processExecutionPhase(TestCaseExecutor.java:418)
	at com.kms.katalon.core.main.TestCaseExecutor.accessMainPhase(TestCaseExecutor.java:410)
	at com.kms.katalon.core.main.TestCaseExecutor.execute(TestCaseExecutor.java:285)
	at com.kms.katalon.core.common.CommonExecutor.accessTestCaseMainPhase(CommonExecutor.java:65)
	at com.kms.katalon.core.main.TestSuiteExecutor.accessTestSuiteMainPhase(TestSuiteExecutor.java:150)
	at com.kms.katalon.core.main.TestSuiteExecutor.execute(TestSuiteExecutor.java:106)
	at com.kms.katalon.core.main.TestCaseMain.startTestSuite(TestCaseMain.java:180)
	at TempTestSuite1728001328877.run(TempTestSuite1728001328877.groovy:35)
	at java.base/jdk.internal.reflect.NativeMethodAccessorImpl.invoke0(Native Method)
	at java.base/jdk.internal.reflect.NativeMethodAccessorImpl.invoke(NativeMethodAccessorImpl.java:77)
	at java.base/jdk.internal.reflect.DelegatingMethodAccessorImpl.invoke(DelegatingMethodAccessorImpl.java:43)
Caused by: java.io.IOException: Destination '/screenshots' directory cannot be created
	at org.apache.commons.io.FileUtils.copyFile(FileUtils.java:1085)
	at com.kms.katalon.core.webui.util.FileUtil.takeDefaultScreenshot(FileUtil.java:347)
	at com.kms.katalon.core.webui.util.FileUtil.takesScreenshot(FileUtil.java:61)
	at com.kms.katalon.core.webui.keyword.builtin.TakeScreenshotKeyword$_takeScreenshot_closure1.doCall(TakeScreenshotKeyword.groovy:127)
	at com.kms.katalon.core.webui.keyword.builtin.TakeScreenshotKeyword$_takeScreenshot_closure1.call(TakeScreenshotKeyword.groovy)
	at com.kms.katalon.core.webui.keyword.internal.WebUIKeywordMain.runKeyword(WebUIKeywordMain.groovy:20)
	... 20 more]]></system-err>
      </testcase>
      <testcase name="Test Cases/Web_Utilities_TestCases/Wallets/TC2__Replace" time="24.865" classname="Test Cases/Web_Utilities_TestCases/Wallets/TC2__Replace" status="PASSED">
         <system-out><![CDATA[04-10-2024T08:23:12 - [TEST_CASE][PASSED] - Test Cases/Web_Utilities_TestCases/Wallets/TC2__Replace: Test Cases/Web_Utilities_TestCases/Wallets/TC2__Replace

04-10-2024T08:23:13 - [TEST_STEP][PASSED] - try: null

04-10-2024T08:23:13 - [TEST_STEP][PASSED] - utils.openBrowserAndNavigateToPMT(): Navigate to 'https://dev1.payment.rccl.com/payment/utilities' successfully

04-10-2024T08:23:13 - [MESSAGE][INFO] - Starting 'Chrome' driver

04-10-2024T08:23:13 - [MESSAGE][INFO] - Action delay is set to 0 milliseconds

04-10-2024T08:23:16 - [MESSAGE][PASSED] - Browser is opened with url: ''

04-10-2024T08:23:16 - [MESSAGE][PASSED] - Current window maximized

04-10-2024T08:23:19 - [MESSAGE][PASSED] - Navigate to 'https://dev1.payment.rccl.com/payment/utilities' successfully

04-10-2024T08:23:19 - [TEST_STEP][PASSED] - EXCEL_PATH = "./Data Files/TestData.xlsx": null

04-10-2024T08:23:19 - [TEST_STEP][PASSED] - TAB = "Wallet_Replace": null

04-10-2024T08:23:19 - [TEST_STEP][PASSED] - driver = getWebDriver(): null

04-10-2024T08:23:19 - [TEST_STEP][PASSED] - utils.goToWallets(): null

04-10-2024T08:23:20 - [TEST_STEP][PASSED] - clickAuthorizePayment = xpath("//a[normalize-space()='Replace']")).click(): null

04-10-2024T08:23:21 - [TEST_STEP][PASSED] - utils.selectEnvironment(ENV): null

04-10-2024T08:23:22 - [TEST_STEP][PASSED] - sendRequestTextBox = driver.findElement(By.xpath("//textarea[@name='req']")): null

04-10-2024T08:23:22 - [TEST_STEP][PASSED] - fetchGuestAccount = sendRequest(findTestObject("GuestAccount")): Send request successfully

04-10-2024T08:23:22 - [MESSAGE][INFO] - HAR: /Users/manilacel/Library/CloudStorage/OneDrive-RoyalCaribbeanGroup/PMT/Git/RestructuredScript/TestingFolder/Reports/20241004_082201/PMT_Libraries/Wallets/20241004_082208/requests/main/1.har

04-10-2024T08:23:22 - [MESSAGE][PASSED] - Send request successfully

04-10-2024T08:23:22 - [TEST_STEP][PASSED] - accountId = getElementPropertyValue(fetchGuestAccount, "payload.accountId"): null

04-10-2024T08:23:22 - [TEST_STEP][PASSED] - accessToken = getElementPropertyValue(fetchGuestAccount, "payload.accessToken"): null

04-10-2024T08:23:22 - [TEST_STEP][PASSED] - accountId = accountId: null

04-10-2024T08:23:22 - [TEST_STEP][PASSED] - accessToken = accessToken: null

04-10-2024T08:23:22 - [TEST_STEP][PASSED] - testdata = getdata.fromExcel(EXCEL_PATH, TAB): null

04-10-2024T08:23:23 - [TEST_STEP][PASSED] - for ([i = 0, i < testdata.size(), (i++)]): null

04-10-2024T08:23:23 - [TEST_STEP][PASSED] - sendRequestTextBox.clear(): null

04-10-2024T08:23:23 - [TEST_STEP][PASSED] - idToBeReplaced = testdata["idToBeReplaced"][i]: null

04-10-2024T08:23:23 - [TEST_STEP][PASSED] - paymentMethod = testdata["paymentMethod"][i]: null

04-10-2024T08:23:23 - [TEST_STEP][PASSED] - cardNumber = testdata["cardNumber"][i]: null

04-10-2024T08:23:23 - [TEST_STEP][PASSED] - CNumber = cardNumber.replaceAll("\.0$", ""): null

04-10-2024T08:23:23 - [TEST_STEP][PASSED] - expirationMonth = testdata["expirationMonth"][i]: null

04-10-2024T08:23:23 - [TEST_STEP][PASSED] - xMonth = expirationMonth.replaceAll("\.0$", ""): null

04-10-2024T08:23:23 - [TEST_STEP][PASSED] - expirationYear = testdata["expirationYear"][i]: null

04-10-2024T08:23:23 - [TEST_STEP][PASSED] - xYear = expirationYear.replaceAll("\.0$", ""): null

04-10-2024T08:23:23 - [TEST_STEP][PASSED] - cardholderName = testdata["cardholderName"][i]: null

04-10-2024T08:23:23 - [TEST_STEP][PASSED] - nickName = testdata["nickName"][i]: null

04-10-2024T08:23:23 - [TEST_STEP][PASSED] - defaultPaymentMethod = testdata["defaultPaymentMethod"][i]: null

04-10-2024T08:23:23 - [TEST_STEP][PASSED] - request = {
    "idToBeReplaced": "$idToBeReplaced",
    "paymentMethod": {
        "type": "$paymentMethod",
        "cardNumber": "$cardNumber",
        "expirationMonth": "$expirationMonth",
        "expirationYear": "$expirationYear",
        "cardholder": "$cardholderName",
        "nickname": "$nickName"
    },
    "accountId": "$accountId",
    "accessToken": "$accessToken"
}: null

04-10-2024T08:23:23 - [TEST_STEP][PASSED] - restRequest = JsonSlurper().parseText(request): null

04-10-2024T08:23:23 - [TEST_STEP][PASSED] - prettyJson = JsonBuilder(restRequest).toPrettyString(): null

04-10-2024T08:23:23 - [TEST_STEP][PASSED] - println(prettyJson): null

04-10-2024T08:23:23 - [TEST_STEP][PASSED] - sendRequestTextBox.sendKeys(prettyJson): null

04-10-2024T08:23:27 - [TEST_STEP][PASSED] - utils.clickSendButton(): null

04-10-2024T08:23:27 - [TEST_STEP][PASSED] - delay(3): Delayed 3 second(s)

04-10-2024T08:23:30 - [MESSAGE][PASSED] - Delayed 3 second(s)

04-10-2024T08:23:30 - [TEST_STEP][PASSED] - response = utils.getResponse(): null

04-10-2024T08:23:31 - [TEST_STEP][PASSED] - println(response): null

04-10-2024T08:23:31 - [TEST_STEP][PASSED] - validation1 = testdata["ContainsValidation"][i]: null

04-10-2024T08:23:31 - [TEST_STEP][PASSED] - println(validation1): null

04-10-2024T08:23:31 - [TEST_STEP][PASSED] - validation2 = testdata["NotContainsValidation"][i]: null

04-10-2024T08:23:31 - [TEST_STEP][PASSED] - println(validation2): null

04-10-2024T08:23:31 - [TEST_STEP][PASSED] - println(testdata["TCNumber"][i]): null

04-10-2024T08:23:31 - [TEST_STEP][PASSED] - assert response.contains(validation1): null

04-10-2024T08:23:31 - [TEST_STEP][PASSED] - assert response.contains(validation2) == false: null

04-10-2024T08:23:31 - [TEST_STEP][PASSED] - sendRequestTextBox.clear(): null

04-10-2024T08:23:31 - [TEST_STEP][PASSED] - idToBeReplaced = testdata["idToBeReplaced"][i]: null

04-10-2024T08:23:31 - [TEST_STEP][PASSED] - paymentMethod = testdata["paymentMethod"][i]: null

04-10-2024T08:23:31 - [TEST_STEP][PASSED] - cardNumber = testdata["cardNumber"][i]: null

04-10-2024T08:23:31 - [TEST_STEP][PASSED] - CNumber = cardNumber.replaceAll("\.0$", ""): null

04-10-2024T08:23:31 - [TEST_STEP][PASSED] - expirationMonth = testdata["expirationMonth"][i]: null

04-10-2024T08:23:31 - [TEST_STEP][PASSED] - xMonth = expirationMonth.replaceAll("\.0$", ""): null

04-10-2024T08:23:31 - [TEST_STEP][PASSED] - catch (Exception e): null

04-10-2024T08:23:31 - [TEST_STEP][PASSED] - println(An unexpected error occurred: $e.message): null

04-10-2024T08:23:32 - [TEST_STEP][PASSED] - e.printStackTrace(): null

04-10-2024T08:23:32 - [TEST_STEP][PASSED] - Finally: Browser is closed

04-10-2024T08:23:32 - [TEST_STEP][PASSED] - utils.closeBrowser(): Browser is closed

04-10-2024T08:23:34 - [MESSAGE][PASSED] - Delayed 2 second(s)

04-10-2024T08:23:35 - [MESSAGE][PASSED] - Browser is closed

04-10-2024T08:23:37 - [TEST_STEP][PASSED] - Video: Video recording for test case 'Test Cases/Web_Utilities_TestCases/Wallets/TC2__Replace' .

04-10-2024T08:23:37 - [MESSAGE][INFO] - Video recording for test case 'Test Cases/Web_Utilities_TestCases/Wallets/TC2__Replace' .]]></system-out>
         <system-err><![CDATA[]]></system-err>
      </testcase>
      <testcase name="Test Cases/Web_Utilities_TestCases/Wallets/TC1_Wallet_Add" time="31.034" classname="Test Cases/Web_Utilities_TestCases/Wallets/TC1_Wallet_Add" status="FAILED">
         <failure type="FAILED" message="Test Cases/Web_Utilities_TestCases/Wallets/TC1_Wallet_Add FAILED.&#xa;Reason:&#xa;com.kms.katalon.core.exception.StepFailedException: Cannot take screenshot&#xa;	at com.kms.katalon.core.webui.keyword.internal.WebUIKeywordMain.stepFailed(WebUIKeywordMain.groovy:64)&#xa;	at com.kms.katalon.core.webui.keyword.internal.WebUIKeywordMain.runKeyword(WebUIKeywordMain.groovy:26)&#xa;	at com.kms.katalon.core.webui.keyword.builtin.TakeScreenshotKeyword.takeScreenshot(TakeScreenshotKeyword.groovy:126)&#xa;	at com.kms.katalon.core.webui.keyword.builtin.TakeScreenshotKeyword.execute(TakeScreenshotKeyword.groovy:84)&#xa;	at com.kms.katalon.core.keyword.internal.KeywordExecutor.executeKeywordForPlatform(KeywordExecutor.groovy:74)&#xa;	at com.kms.katalon.core.webui.keyword.WebUiBuiltInKeywords.takeScreenshot(WebUiBuiltInKeywords.groovy:3013)&#xa;	at TC1_Wallet_Add.run(TC1_Wallet_Add:98)&#xa;	at com.kms.katalon.core.main.ScriptEngine.run(ScriptEngine.java:194)&#xa;	at com.kms.katalon.core.main.ScriptEngine.runScriptAsRawText(ScriptEngine.java:119)&#xa;	at com.kms.katalon.core.main.TestCaseExecutor.runScript(TestCaseExecutor.java:448)&#xa;	at com.kms.katalon.core.main.TestCaseExecutor.doExecute(TestCaseExecutor.java:439)&#xa;	at com.kms.katalon.core.main.TestCaseExecutor.processExecutionPhase(TestCaseExecutor.java:418)&#xa;	at com.kms.katalon.core.main.TestCaseExecutor.accessMainPhase(TestCaseExecutor.java:410)&#xa;	at com.kms.katalon.core.main.TestCaseExecutor.execute(TestCaseExecutor.java:285)&#xa;	at com.kms.katalon.core.common.CommonExecutor.accessTestCaseMainPhase(CommonExecutor.java:65)&#xa;	at com.kms.katalon.core.main.TestSuiteExecutor.accessTestSuiteMainPhase(TestSuiteExecutor.java:150)&#xa;	at com.kms.katalon.core.main.TestSuiteExecutor.execute(TestSuiteExecutor.java:106)&#xa;	at com.kms.katalon.core.main.TestCaseMain.startTestSuite(TestCaseMain.java:180)&#xa;	at TempTestSuite1728001328877.run(TempTestSuite1728001328877.groovy:35)&#xa;	at java.base/jdk.internal.reflect.NativeMethodAccessorImpl.invoke0(Native Method)&#xa;	at java.base/jdk.internal.reflect.NativeMethodAccessorImpl.invoke(NativeMethodAccessorImpl.java:77)&#xa;	at java.base/jdk.internal.reflect.DelegatingMethodAccessorImpl.invoke(DelegatingMethodAccessorImpl.java:43)&#xa;Caused by: java.io.IOException: Destination '/screenshots' directory cannot be created&#xa;	at org.apache.commons.io.FileUtils.copyFile(FileUtils.java:1085)&#xa;	at com.kms.katalon.core.webui.util.FileUtil.takeDefaultScreenshot(FileUtil.java:347)&#xa;	at com.kms.katalon.core.webui.util.FileUtil.takesScreenshot(FileUtil.java:61)&#xa;	at com.kms.katalon.core.webui.keyword.builtin.TakeScreenshotKeyword$_takeScreenshot_closure1.doCall(TakeScreenshotKeyword.groovy:127)&#xa;	at com.kms.katalon.core.webui.keyword.builtin.TakeScreenshotKeyword$_takeScreenshot_closure1.call(TakeScreenshotKeyword.groovy)&#xa;	at com.kms.katalon.core.webui.keyword.internal.WebUIKeywordMain.runKeyword(WebUIKeywordMain.groovy:20)&#xa;	... 20 more&#xa;"/>
         <system-out><![CDATA[04-10-2024T08:23:37 - [TEST_CASE][FAILED] - Test Cases/Web_Utilities_TestCases/Wallets/TC1_Wallet_Add: Test Cases/Web_Utilities_TestCases/Wallets/TC1_Wallet_Add FAILED.
Reason:
com.kms.katalon.core.exception.StepFailedException: Cannot take screenshot
	at com.kms.katalon.core.webui.keyword.internal.WebUIKeywordMain.stepFailed(WebUIKeywordMain.groovy:64)
	at com.kms.katalon.core.webui.keyword.internal.WebUIKeywordMain.runKeyword(WebUIKeywordMain.groovy:26)
	at com.kms.katalon.core.webui.keyword.builtin.TakeScreenshotKeyword.takeScreenshot(TakeScreenshotKeyword.groovy:126)
	at com.kms.katalon.core.webui.keyword.builtin.TakeScreenshotKeyword.execute(TakeScreenshotKeyword.groovy:84)
	at com.kms.katalon.core.keyword.internal.KeywordExecutor.executeKeywordForPlatform(KeywordExecutor.groovy:74)
	at com.kms.katalon.core.webui.keyword.WebUiBuiltInKeywords.takeScreenshot(WebUiBuiltInKeywords.groovy:3013)
	at TC1_Wallet_Add.run(TC1_Wallet_Add:98)
	at com.kms.katalon.core.main.ScriptEngine.run(ScriptEngine.java:194)
	at com.kms.katalon.core.main.ScriptEngine.runScriptAsRawText(ScriptEngine.java:119)
	at com.kms.katalon.core.main.TestCaseExecutor.runScript(TestCaseExecutor.java:448)
	at com.kms.katalon.core.main.TestCaseExecutor.doExecute(TestCaseExecutor.java:439)
	at com.kms.katalon.core.main.TestCaseExecutor.processExecutionPhase(TestCaseExecutor.java:418)
	at com.kms.katalon.core.main.TestCaseExecutor.accessMainPhase(TestCaseExecutor.java:410)
	at com.kms.katalon.core.main.TestCaseExecutor.execute(TestCaseExecutor.java:285)
	at com.kms.katalon.core.common.CommonExecutor.accessTestCaseMainPhase(CommonExecutor.java:65)
	at com.kms.katalon.core.main.TestSuiteExecutor.accessTestSuiteMainPhase(TestSuiteExecutor.java:150)
	at com.kms.katalon.core.main.TestSuiteExecutor.execute(TestSuiteExecutor.java:106)
	at com.kms.katalon.core.main.TestCaseMain.startTestSuite(TestCaseMain.java:180)
	at TempTestSuite1728001328877.run(TempTestSuite1728001328877.groovy:35)
	at java.base/jdk.internal.reflect.NativeMethodAccessorImpl.invoke0(Native Method)
	at java.base/jdk.internal.reflect.NativeMethodAccessorImpl.invoke(NativeMethodAccessorImpl.java:77)
	at java.base/jdk.internal.reflect.DelegatingMethodAccessorImpl.invoke(DelegatingMethodAccessorImpl.java:43)
Caused by: java.io.IOException: Destination '/screenshots' directory cannot be created
	at org.apache.commons.io.FileUtils.copyFile(FileUtils.java:1085)
	at com.kms.katalon.core.webui.util.FileUtil.takeDefaultScreenshot(FileUtil.java:347)
	at com.kms.katalon.core.webui.util.FileUtil.takesScreenshot(FileUtil.java:61)
	at com.kms.katalon.core.webui.keyword.builtin.TakeScreenshotKeyword$_takeScreenshot_closure1.doCall(TakeScreenshotKeyword.groovy:127)
	at com.kms.katalon.core.webui.keyword.builtin.TakeScreenshotKeyword$_takeScreenshot_closure1.call(TakeScreenshotKeyword.groovy)
	at com.kms.katalon.core.webui.keyword.internal.WebUIKeywordMain.runKeyword(WebUIKeywordMain.groovy:20)
	... 20 more


04-10-2024T08:23:38 - [TEST_STEP][PASSED] - try: null

04-10-2024T08:23:38 - [TEST_STEP][PASSED] - utils.openBrowserAndNavigateToPMT(): Navigate to 'https://dev1.payment.rccl.com/payment/utilities' successfully

04-10-2024T08:23:38 - [MESSAGE][INFO] - Starting 'Chrome' driver

04-10-2024T08:23:38 - [MESSAGE][INFO] - Action delay is set to 0 milliseconds

04-10-2024T08:23:42 - [MESSAGE][PASSED] - Browser is opened with url: ''

04-10-2024T08:23:42 - [MESSAGE][PASSED] - Current window maximized

04-10-2024T08:23:44 - [MESSAGE][PASSED] - Navigate to 'https://dev1.payment.rccl.com/payment/utilities' successfully

04-10-2024T08:23:44 - [TEST_STEP][PASSED] - EXCEL_PATH = "./Data Files/TestData.xlsx": null

04-10-2024T08:23:44 - [TEST_STEP][PASSED] - TAB = "Wallet_Add": null

04-10-2024T08:23:44 - [TEST_STEP][PASSED] - driver = getWebDriver(): null

04-10-2024T08:23:44 - [TEST_STEP][PASSED] - utils.goToWallets(): null

04-10-2024T08:23:46 - [TEST_STEP][PASSED] - clickAdd = xpath("//a[normalize-space()='Add']")).click(): null

04-10-2024T08:23:47 - [TEST_STEP][PASSED] - utils.selectEnvironment(ENV): null

04-10-2024T08:23:48 - [TEST_STEP][PASSED] - sendRequestTextBox = driver.findElement(By.xpath("//textarea[@name='req']")): null

04-10-2024T08:23:48 - [TEST_STEP][PASSED] - fetchGuestAccount = sendRequest(findTestObject("GuestAccount")): Send request successfully

04-10-2024T08:23:48 - [MESSAGE][INFO] - HAR: /Users/manilacel/Library/CloudStorage/OneDrive-RoyalCaribbeanGroup/PMT/Git/RestructuredScript/TestingFolder/Reports/20241004_082201/PMT_Libraries/Wallets/20241004_082208/requests/main/2.har

04-10-2024T08:23:48 - [MESSAGE][PASSED] - Send request successfully

04-10-2024T08:23:48 - [TEST_STEP][PASSED] - accountId = getElementPropertyValue(fetchGuestAccount, "payload.accountId"): null

04-10-2024T08:23:48 - [TEST_STEP][PASSED] - accessToken = getElementPropertyValue(fetchGuestAccount, "payload.accessToken"): null

04-10-2024T08:23:48 - [TEST_STEP][PASSED] - accountId = accountId: null

04-10-2024T08:23:48 - [TEST_STEP][PASSED] - accessToken = accessToken: null

04-10-2024T08:23:48 - [TEST_STEP][PASSED] - testdata = getdata.fromExcel(EXCEL_PATH, TAB): null

04-10-2024T08:23:49 - [TEST_STEP][PASSED] - for ([i = 0, i < testdata.size(), (i++)]): null

04-10-2024T08:23:49 - [TEST_STEP][PASSED] - sendRequestTextBox.clear(): null

04-10-2024T08:23:49 - [TEST_STEP][PASSED] - paymentMethod = testdata["paymentMethod"][i]: null

04-10-2024T08:23:49 - [TEST_STEP][PASSED] - cardNumber = testdata["cardNumber"][i]: null

04-10-2024T08:23:49 - [TEST_STEP][PASSED] - CNumber = cardNumber.replaceAll("\.0$", ""): null

04-10-2024T08:23:49 - [TEST_STEP][PASSED] - expirationMonth = testdata["expirationMonth"][i]: null

04-10-2024T08:23:49 - [TEST_STEP][PASSED] - xMonth = expirationMonth.replaceAll("\.0$", ""): null

04-10-2024T08:23:49 - [TEST_STEP][PASSED] - expirationYear = testdata["expirationYear"][i]: null

04-10-2024T08:23:49 - [TEST_STEP][PASSED] - xYear = expirationYear.replaceAll("\.0$", ""): null

04-10-2024T08:23:49 - [TEST_STEP][PASSED] - cardholderName = testdata["cardholderName"][i]: null

04-10-2024T08:23:49 - [TEST_STEP][PASSED] - nickName = testdata["nickName"][i]: null

04-10-2024T08:23:49 - [TEST_STEP][PASSED] - defaultPaymentMethod = testdata["defaultPaymentMethod"][i]: null

04-10-2024T08:23:49 - [TEST_STEP][PASSED] - request = {
    "paymentMethod": {
        "type": "$paymentMethod",
        "cardNumber": "$cardNumber",
        "expirationMonth": "$expirationMonth",
        "expirationYear": "$expirationYear",
        "cardholder": "$cardholderName",
        "nickname": "$nickName",
        "defaultPaymentMethod": "$defaultPaymentMethod"
    },
    "accountId": "$accountId",
    "accessToken": "$accessToken"
}: null

04-10-2024T08:23:49 - [TEST_STEP][PASSED] - restRequest = JsonSlurper().parseText(request): null

04-10-2024T08:23:49 - [TEST_STEP][PASSED] - prettyJson = JsonBuilder(restRequest).toPrettyString(): null

04-10-2024T08:23:49 - [TEST_STEP][PASSED] - println(prettyJson): null

04-10-2024T08:23:49 - [TEST_STEP][PASSED] - sendRequestTextBox.sendKeys(prettyJson): null

04-10-2024T08:23:57 - [TEST_STEP][PASSED] - utils.clickSendButton(): null

04-10-2024T08:23:57 - [TEST_STEP][PASSED] - delay(3): Delayed 3 second(s)

04-10-2024T08:24:00 - [MESSAGE][PASSED] - Delayed 3 second(s)

04-10-2024T08:24:00 - [TEST_STEP][PASSED] - response = utils.getResponse(): null

04-10-2024T08:24:01 - [TEST_STEP][PASSED] - println(response): null

04-10-2024T08:24:01 - [TEST_STEP][PASSED] - validation1 = testdata["ContainsValidation"][i]: null

04-10-2024T08:24:01 - [TEST_STEP][PASSED] - println(validation1): null

04-10-2024T08:24:01 - [TEST_STEP][PASSED] - validation2 = testdata["NotContainsValidation"][i]: null

04-10-2024T08:24:01 - [TEST_STEP][PASSED] - println(validation2): null

04-10-2024T08:24:01 - [TEST_STEP][PASSED] - println(testdata["TCNumber"][i]): null

04-10-2024T08:24:01 - [TEST_STEP][PASSED] - assert response.contains(validation1): null

04-10-2024T08:24:01 - [TEST_STEP][FAILED] - catch (AssertionError e): Cannot take screenshot (Root cause: com.kms.katalon.core.exception.StepFailedException: Cannot take screenshot
	at com.kms.katalon.core.webui.keyword.internal.WebUIKeywordMain.stepFailed(WebUIKeywordMain.groovy:64)
	at com.kms.katalon.core.webui.keyword.internal.WebUIKeywordMain.runKeyword(WebUIKeywordMain.groovy:26)
	at com.kms.katalon.core.webui.keyword.builtin.TakeScreenshotKeyword.takeScreenshot(TakeScreenshotKeyword.groovy:126)
	at com.kms.katalon.core.webui.keyword.builtin.TakeScreenshotKeyword.execute(TakeScreenshotKeyword.groovy:84)
	at com.kms.katalon.core.keyword.internal.KeywordExecutor.executeKeywordForPlatform(KeywordExecutor.groovy:74)
	at com.kms.katalon.core.webui.keyword.WebUiBuiltInKeywords.takeScreenshot(WebUiBuiltInKeywords.groovy:3013)
	at TC1_Wallet_Add.run(TC1_Wallet_Add:98)
	at com.kms.katalon.core.main.ScriptEngine.run(ScriptEngine.java:194)
	at com.kms.katalon.core.main.ScriptEngine.runScriptAsRawText(ScriptEngine.java:119)
	at com.kms.katalon.core.main.TestCaseExecutor.runScript(TestCaseExecutor.java:448)
	at com.kms.katalon.core.main.TestCaseExecutor.doExecute(TestCaseExecutor.java:439)
	at com.kms.katalon.core.main.TestCaseExecutor.processExecutionPhase(TestCaseExecutor.java:418)
	at com.kms.katalon.core.main.TestCaseExecutor.accessMainPhase(TestCaseExecutor.java:410)
	at com.kms.katalon.core.main.TestCaseExecutor.execute(TestCaseExecutor.java:285)
	at com.kms.katalon.core.common.CommonExecutor.accessTestCaseMainPhase(CommonExecutor.java:65)
	at com.kms.katalon.core.main.TestSuiteExecutor.accessTestSuiteMainPhase(TestSuiteExecutor.java:150)
	at com.kms.katalon.core.main.TestSuiteExecutor.execute(TestSuiteExecutor.java:106)
	at com.kms.katalon.core.main.TestCaseMain.startTestSuite(TestCaseMain.java:180)
	at TempTestSuite1728001328877.run(TempTestSuite1728001328877.groovy:35)
	at java.base/jdk.internal.reflect.NativeMethodAccessorImpl.invoke0(Native Method)
	at java.base/jdk.internal.reflect.NativeMethodAccessorImpl.invoke(NativeMethodAccessorImpl.java:77)
	at java.base/jdk.internal.reflect.DelegatingMethodAccessorImpl.invoke(DelegatingMethodAccessorImpl.java:43)
Caused by: java.io.IOException: Destination '/screenshots' directory cannot be created
	at org.apache.commons.io.FileUtils.copyFile(FileUtils.java:1085)
	at com.kms.katalon.core.webui.util.FileUtil.takeDefaultScreenshot(FileUtil.java:347)
	at com.kms.katalon.core.webui.util.FileUtil.takesScreenshot(FileUtil.java:61)
	at com.kms.katalon.core.webui.keyword.builtin.TakeScreenshotKeyword$_takeScreenshot_closure1.doCall(TakeScreenshotKeyword.groovy:127)
	at com.kms.katalon.core.webui.keyword.builtin.TakeScreenshotKeyword$_takeScreenshot_closure1.call(TakeScreenshotKeyword.groovy)
	at com.kms.katalon.core.webui.keyword.internal.WebUIKeywordMain.runKeyword(WebUIKeywordMain.groovy:20)
	at com.kms.katalon.core.webui.keyword.builtin.TakeScreenshotKeyword.takeScreenshot(TakeScreenshotKeyword.groovy:126)
	at com.kms.katalon.core.webui.keyword.builtin.TakeScreenshotKeyword.execute(TakeScreenshotKeyword.groovy:84)
	at com.kms.katalon.core.keyword.internal.KeywordExecutor.executeKeywordForPlatform(KeywordExecutor.groovy:74)
	at com.kms.katalon.core.webui.keyword.WebUiBuiltInKeywords.takeScreenshot(WebUiBuiltInKeywords.groovy:3013)
	at Script1721698076963.run(Script1721698076963.groovy:98)
	... 15 more
)

04-10-2024T08:24:01 - [TEST_STEP][FAILED] - takeScreenshot("/screenshots/Failed_Wallet_Add.png"): Cannot take screenshot (Root cause: com.kms.katalon.core.exception.StepFailedException: Cannot take screenshot
	at com.kms.katalon.core.webui.keyword.internal.WebUIKeywordMain.stepFailed(WebUIKeywordMain.groovy:64)
	at com.kms.katalon.core.webui.keyword.internal.WebUIKeywordMain.runKeyword(WebUIKeywordMain.groovy:26)
	at com.kms.katalon.core.webui.keyword.builtin.TakeScreenshotKeyword.takeScreenshot(TakeScreenshotKeyword.groovy:126)
	at com.kms.katalon.core.webui.keyword.builtin.TakeScreenshotKeyword.execute(TakeScreenshotKeyword.groovy:84)
	at com.kms.katalon.core.keyword.internal.KeywordExecutor.executeKeywordForPlatform(KeywordExecutor.groovy:74)
	at com.kms.katalon.core.webui.keyword.WebUiBuiltInKeywords.takeScreenshot(WebUiBuiltInKeywords.groovy:3013)
	at TC1_Wallet_Add.run(TC1_Wallet_Add:98)
	at com.kms.katalon.core.main.ScriptEngine.run(ScriptEngine.java:194)
	at com.kms.katalon.core.main.ScriptEngine.runScriptAsRawText(ScriptEngine.java:119)
	at com.kms.katalon.core.main.TestCaseExecutor.runScript(TestCaseExecutor.java:448)
	at com.kms.katalon.core.main.TestCaseExecutor.doExecute(TestCaseExecutor.java:439)
	at com.kms.katalon.core.main.TestCaseExecutor.processExecutionPhase(TestCaseExecutor.java:418)
	at com.kms.katalon.core.main.TestCaseExecutor.accessMainPhase(TestCaseExecutor.java:410)
	at com.kms.katalon.core.main.TestCaseExecutor.execute(TestCaseExecutor.java:285)
	at com.kms.katalon.core.common.CommonExecutor.accessTestCaseMainPhase(CommonExecutor.java:65)
	at com.kms.katalon.core.main.TestSuiteExecutor.accessTestSuiteMainPhase(TestSuiteExecutor.java:150)
	at com.kms.katalon.core.main.TestSuiteExecutor.execute(TestSuiteExecutor.java:106)
	at com.kms.katalon.core.main.TestCaseMain.startTestSuite(TestCaseMain.java:180)
	at TempTestSuite1728001328877.run(TempTestSuite1728001328877.groovy:35)
	at java.base/jdk.internal.reflect.NativeMethodAccessorImpl.invoke0(Native Method)
	at java.base/jdk.internal.reflect.NativeMethodAccessorImpl.invoke(NativeMethodAccessorImpl.java:77)
	at java.base/jdk.internal.reflect.DelegatingMethodAccessorImpl.invoke(DelegatingMethodAccessorImpl.java:43)
Caused by: java.io.IOException: Destination '/screenshots' directory cannot be created
	at org.apache.commons.io.FileUtils.copyFile(FileUtils.java:1085)
	at com.kms.katalon.core.webui.util.FileUtil.takeDefaultScreenshot(FileUtil.java:347)
	at com.kms.katalon.core.webui.util.FileUtil.takesScreenshot(FileUtil.java:61)
	at com.kms.katalon.core.webui.keyword.builtin.TakeScreenshotKeyword$_takeScreenshot_closure1.doCall(TakeScreenshotKeyword.groovy:127)
	at com.kms.katalon.core.webui.keyword.builtin.TakeScreenshotKeyword$_takeScreenshot_closure1.call(TakeScreenshotKeyword.groovy)
	at com.kms.katalon.core.webui.keyword.internal.WebUIKeywordMain.runKeyword(WebUIKeywordMain.groovy:20)
	at com.kms.katalon.core.webui.keyword.builtin.TakeScreenshotKeyword.takeScreenshot(TakeScreenshotKeyword.groovy:126)
	at com.kms.katalon.core.webui.keyword.builtin.TakeScreenshotKeyword.execute(TakeScreenshotKeyword.groovy:84)
	at com.kms.katalon.core.keyword.internal.KeywordExecutor.executeKeywordForPlatform(KeywordExecutor.groovy:74)
	at com.kms.katalon.core.webui.keyword.WebUiBuiltInKeywords.takeScreenshot(WebUiBuiltInKeywords.groovy:3013)
	at Script1721698076963.run(Script1721698076963.groovy:98)
	... 15 more
)

04-10-2024T08:24:04 - [MESSAGE][FAILED] - Cannot take screenshot (Root cause: com.kms.katalon.core.exception.StepFailedException: Cannot take screenshot
	at com.kms.katalon.core.webui.keyword.internal.WebUIKeywordMain.stepFailed(WebUIKeywordMain.groovy:64)
	at com.kms.katalon.core.webui.keyword.internal.WebUIKeywordMain.runKeyword(WebUIKeywordMain.groovy:26)
	at com.kms.katalon.core.webui.keyword.builtin.TakeScreenshotKeyword.takeScreenshot(TakeScreenshotKeyword.groovy:126)
	at com.kms.katalon.core.webui.keyword.builtin.TakeScreenshotKeyword.execute(TakeScreenshotKeyword.groovy:84)
	at com.kms.katalon.core.keyword.internal.KeywordExecutor.executeKeywordForPlatform(KeywordExecutor.groovy:74)
	at com.kms.katalon.core.webui.keyword.WebUiBuiltInKeywords.takeScreenshot(WebUiBuiltInKeywords.groovy:3013)
	at TC1_Wallet_Add.run(TC1_Wallet_Add:98)
	at com.kms.katalon.core.main.ScriptEngine.run(ScriptEngine.java:194)
	at com.kms.katalon.core.main.ScriptEngine.runScriptAsRawText(ScriptEngine.java:119)
	at com.kms.katalon.core.main.TestCaseExecutor.runScript(TestCaseExecutor.java:448)
	at com.kms.katalon.core.main.TestCaseExecutor.doExecute(TestCaseExecutor.java:439)
	at com.kms.katalon.core.main.TestCaseExecutor.processExecutionPhase(TestCaseExecutor.java:418)
	at com.kms.katalon.core.main.TestCaseExecutor.accessMainPhase(TestCaseExecutor.java:410)
	at com.kms.katalon.core.main.TestCaseExecutor.execute(TestCaseExecutor.java:285)
	at com.kms.katalon.core.common.CommonExecutor.accessTestCaseMainPhase(CommonExecutor.java:65)
	at com.kms.katalon.core.main.TestSuiteExecutor.accessTestSuiteMainPhase(TestSuiteExecutor.java:150)
	at com.kms.katalon.core.main.TestSuiteExecutor.execute(TestSuiteExecutor.java:106)
	at com.kms.katalon.core.main.TestCaseMain.startTestSuite(TestCaseMain.java:180)
	at TempTestSuite1728001328877.run(TempTestSuite1728001328877.groovy:35)
	at java.base/jdk.internal.reflect.NativeMethodAccessorImpl.invoke0(Native Method)
	at java.base/jdk.internal.reflect.NativeMethodAccessorImpl.invoke(NativeMethodAccessorImpl.java:77)
	at java.base/jdk.internal.reflect.DelegatingMethodAccessorImpl.invoke(DelegatingMethodAccessorImpl.java:43)
Caused by: java.io.IOException: Destination '/screenshots' directory cannot be created
	at org.apache.commons.io.FileUtils.copyFile(FileUtils.java:1085)
	at com.kms.katalon.core.webui.util.FileUtil.takeDefaultScreenshot(FileUtil.java:347)
	at com.kms.katalon.core.webui.util.FileUtil.takesScreenshot(FileUtil.java:61)
	at com.kms.katalon.core.webui.keyword.builtin.TakeScreenshotKeyword$_takeScreenshot_closure1.doCall(TakeScreenshotKeyword.groovy:127)
	at com.kms.katalon.core.webui.keyword.builtin.TakeScreenshotKeyword$_takeScreenshot_closure1.call(TakeScreenshotKeyword.groovy)
	at com.kms.katalon.core.webui.keyword.internal.WebUIKeywordMain.runKeyword(WebUIKeywordMain.groovy:20)
	at com.kms.katalon.core.webui.keyword.builtin.TakeScreenshotKeyword.takeScreenshot(TakeScreenshotKeyword.groovy:126)
	at com.kms.katalon.core.webui.keyword.builtin.TakeScreenshotKeyword.execute(TakeScreenshotKeyword.groovy:84)
	at com.kms.katalon.core.keyword.internal.KeywordExecutor.executeKeywordForPlatform(KeywordExecutor.groovy:74)
	at com.kms.katalon.core.webui.keyword.WebUiBuiltInKeywords.takeScreenshot(WebUiBuiltInKeywords.groovy:3013)
	at Script1721698076963.run(Script1721698076963.groovy:98)
	... 15 more
)

04-10-2024T08:24:04 - [TEST_STEP][PASSED] - Finally: Browser is closed

04-10-2024T08:24:04 - [TEST_STEP][PASSED] - utils.closeBrowser(): Browser is closed

04-10-2024T08:24:06 - [MESSAGE][PASSED] - Delayed 2 second(s)

04-10-2024T08:24:06 - [MESSAGE][PASSED] - Browser is closed

04-10-2024T08:24:08 - [TEST_STEP][PASSED] - Video: Video recording for test case 'Test Cases/Web_Utilities_TestCases/Wallets/TC1_Wallet_Add' .

04-10-2024T08:24:08 - [MESSAGE][INFO] - Video recording for test case 'Test Cases/Web_Utilities_TestCases/Wallets/TC1_Wallet_Add' .]]></system-out>
         <system-err><![CDATA[04-10-2024T08:23:37 - [TEST_CASE][FAILED] - Test Cases/Web_Utilities_TestCases/Wallets/TC1_Wallet_Add: Test Cases/Web_Utilities_TestCases/Wallets/TC1_Wallet_Add FAILED.
Reason:
com.kms.katalon.core.exception.StepFailedException: Cannot take screenshot
	at com.kms.katalon.core.webui.keyword.internal.WebUIKeywordMain.stepFailed(WebUIKeywordMain.groovy:64)
	at com.kms.katalon.core.webui.keyword.internal.WebUIKeywordMain.runKeyword(WebUIKeywordMain.groovy:26)
	at com.kms.katalon.core.webui.keyword.builtin.TakeScreenshotKeyword.takeScreenshot(TakeScreenshotKeyword.groovy:126)
	at com.kms.katalon.core.webui.keyword.builtin.TakeScreenshotKeyword.execute(TakeScreenshotKeyword.groovy:84)
	at com.kms.katalon.core.keyword.internal.KeywordExecutor.executeKeywordForPlatform(KeywordExecutor.groovy:74)
	at com.kms.katalon.core.webui.keyword.WebUiBuiltInKeywords.takeScreenshot(WebUiBuiltInKeywords.groovy:3013)
	at TC1_Wallet_Add.run(TC1_Wallet_Add:98)
	at com.kms.katalon.core.main.ScriptEngine.run(ScriptEngine.java:194)
	at com.kms.katalon.core.main.ScriptEngine.runScriptAsRawText(ScriptEngine.java:119)
	at com.kms.katalon.core.main.TestCaseExecutor.runScript(TestCaseExecutor.java:448)
	at com.kms.katalon.core.main.TestCaseExecutor.doExecute(TestCaseExecutor.java:439)
	at com.kms.katalon.core.main.TestCaseExecutor.processExecutionPhase(TestCaseExecutor.java:418)
	at com.kms.katalon.core.main.TestCaseExecutor.accessMainPhase(TestCaseExecutor.java:410)
	at com.kms.katalon.core.main.TestCaseExecutor.execute(TestCaseExecutor.java:285)
	at com.kms.katalon.core.common.CommonExecutor.accessTestCaseMainPhase(CommonExecutor.java:65)
	at com.kms.katalon.core.main.TestSuiteExecutor.accessTestSuiteMainPhase(TestSuiteExecutor.java:150)
	at com.kms.katalon.core.main.TestSuiteExecutor.execute(TestSuiteExecutor.java:106)
	at com.kms.katalon.core.main.TestCaseMain.startTestSuite(TestCaseMain.java:180)
	at TempTestSuite1728001328877.run(TempTestSuite1728001328877.groovy:35)
	at java.base/jdk.internal.reflect.NativeMethodAccessorImpl.invoke0(Native Method)
	at java.base/jdk.internal.reflect.NativeMethodAccessorImpl.invoke(NativeMethodAccessorImpl.java:77)
	at java.base/jdk.internal.reflect.DelegatingMethodAccessorImpl.invoke(DelegatingMethodAccessorImpl.java:43)
Caused by: java.io.IOException: Destination '/screenshots' directory cannot be created
	at org.apache.commons.io.FileUtils.copyFile(FileUtils.java:1085)
	at com.kms.katalon.core.webui.util.FileUtil.takeDefaultScreenshot(FileUtil.java:347)
	at com.kms.katalon.core.webui.util.FileUtil.takesScreenshot(FileUtil.java:61)
	at com.kms.katalon.core.webui.keyword.builtin.TakeScreenshotKeyword$_takeScreenshot_closure1.doCall(TakeScreenshotKeyword.groovy:127)
	at com.kms.katalon.core.webui.keyword.builtin.TakeScreenshotKeyword$_takeScreenshot_closure1.call(TakeScreenshotKeyword.groovy)
	at com.kms.katalon.core.webui.keyword.internal.WebUIKeywordMain.runKeyword(WebUIKeywordMain.groovy:20)
	... 20 more]]></system-err>
      </testcase>
      <testcase name="Test Cases/Web_Utilities_TestCases/Wallets/TC4_Wallet_Delete" time="30.448" classname="Test Cases/Web_Utilities_TestCases/Wallets/TC4_Wallet_Delete" status="FAILED">
         <failure type="FAILED" message="Test Cases/Web_Utilities_TestCases/Wallets/TC4_Wallet_Delete FAILED.&#xa;Reason:&#xa;com.kms.katalon.core.exception.StepFailedException: Cannot take screenshot&#xa;	at com.kms.katalon.core.webui.keyword.internal.WebUIKeywordMain.stepFailed(WebUIKeywordMain.groovy:64)&#xa;	at com.kms.katalon.core.webui.keyword.internal.WebUIKeywordMain.runKeyword(WebUIKeywordMain.groovy:26)&#xa;	at com.kms.katalon.core.webui.keyword.builtin.TakeScreenshotKeyword.takeScreenshot(TakeScreenshotKeyword.groovy:126)&#xa;	at com.kms.katalon.core.webui.keyword.builtin.TakeScreenshotKeyword.execute(TakeScreenshotKeyword.groovy:84)&#xa;	at com.kms.katalon.core.keyword.internal.KeywordExecutor.executeKeywordForPlatform(KeywordExecutor.groovy:74)&#xa;	at com.kms.katalon.core.webui.keyword.WebUiBuiltInKeywords.takeScreenshot(WebUiBuiltInKeywords.groovy:3013)&#xa;	at TC4_Wallet_Delete.run(TC4_Wallet_Delete:87)&#xa;	at com.kms.katalon.core.main.ScriptEngine.run(ScriptEngine.java:194)&#xa;	at com.kms.katalon.core.main.ScriptEngine.runScriptAsRawText(ScriptEngine.java:119)&#xa;	at com.kms.katalon.core.main.TestCaseExecutor.runScript(TestCaseExecutor.java:448)&#xa;	at com.kms.katalon.core.main.TestCaseExecutor.doExecute(TestCaseExecutor.java:439)&#xa;	at com.kms.katalon.core.main.TestCaseExecutor.processExecutionPhase(TestCaseExecutor.java:418)&#xa;	at com.kms.katalon.core.main.TestCaseExecutor.accessMainPhase(TestCaseExecutor.java:410)&#xa;	at com.kms.katalon.core.main.TestCaseExecutor.execute(TestCaseExecutor.java:285)&#xa;	at com.kms.katalon.core.common.CommonExecutor.accessTestCaseMainPhase(CommonExecutor.java:65)&#xa;	at com.kms.katalon.core.main.TestSuiteExecutor.accessTestSuiteMainPhase(TestSuiteExecutor.java:150)&#xa;	at com.kms.katalon.core.main.TestSuiteExecutor.execute(TestSuiteExecutor.java:106)&#xa;	at com.kms.katalon.core.main.TestCaseMain.startTestSuite(TestCaseMain.java:180)&#xa;	at TempTestSuite1728001328877.run(TempTestSuite1728001328877.groovy:35)&#xa;	at java.base/jdk.internal.reflect.NativeMethodAccessorImpl.invoke0(Native Method)&#xa;	at java.base/jdk.internal.reflect.NativeMethodAccessorImpl.invoke(NativeMethodAccessorImpl.java:77)&#xa;	at java.base/jdk.internal.reflect.DelegatingMethodAccessorImpl.invoke(DelegatingMethodAccessorImpl.java:43)&#xa;Caused by: java.io.IOException: Destination '/screenshots' directory cannot be created&#xa;	at org.apache.commons.io.FileUtils.copyFile(FileUtils.java:1085)&#xa;	at com.kms.katalon.core.webui.util.FileUtil.takeDefaultScreenshot(FileUtil.java:347)&#xa;	at com.kms.katalon.core.webui.util.FileUtil.takesScreenshot(FileUtil.java:61)&#xa;	at com.kms.katalon.core.webui.keyword.builtin.TakeScreenshotKeyword$_takeScreenshot_closure1.doCall(TakeScreenshotKeyword.groovy:127)&#xa;	at com.kms.katalon.core.webui.keyword.builtin.TakeScreenshotKeyword$_takeScreenshot_closure1.call(TakeScreenshotKeyword.groovy)&#xa;	at com.kms.katalon.core.webui.keyword.internal.WebUIKeywordMain.runKeyword(WebUIKeywordMain.groovy:20)&#xa;	... 20 more&#xa;"/>
         <system-out><![CDATA[04-10-2024T08:24:08 - [TEST_CASE][FAILED] - Test Cases/Web_Utilities_TestCases/Wallets/TC4_Wallet_Delete: Test Cases/Web_Utilities_TestCases/Wallets/TC4_Wallet_Delete FAILED.
Reason:
com.kms.katalon.core.exception.StepFailedException: Cannot take screenshot
	at com.kms.katalon.core.webui.keyword.internal.WebUIKeywordMain.stepFailed(WebUIKeywordMain.groovy:64)
	at com.kms.katalon.core.webui.keyword.internal.WebUIKeywordMain.runKeyword(WebUIKeywordMain.groovy:26)
	at com.kms.katalon.core.webui.keyword.builtin.TakeScreenshotKeyword.takeScreenshot(TakeScreenshotKeyword.groovy:126)
	at com.kms.katalon.core.webui.keyword.builtin.TakeScreenshotKeyword.execute(TakeScreenshotKeyword.groovy:84)
	at com.kms.katalon.core.keyword.internal.KeywordExecutor.executeKeywordForPlatform(KeywordExecutor.groovy:74)
	at com.kms.katalon.core.webui.keyword.WebUiBuiltInKeywords.takeScreenshot(WebUiBuiltInKeywords.groovy:3013)
	at TC4_Wallet_Delete.run(TC4_Wallet_Delete:87)
	at com.kms.katalon.core.main.ScriptEngine.run(ScriptEngine.java:194)
	at com.kms.katalon.core.main.ScriptEngine.runScriptAsRawText(ScriptEngine.java:119)
	at com.kms.katalon.core.main.TestCaseExecutor.runScript(TestCaseExecutor.java:448)
	at com.kms.katalon.core.main.TestCaseExecutor.doExecute(TestCaseExecutor.java:439)
	at com.kms.katalon.core.main.TestCaseExecutor.processExecutionPhase(TestCaseExecutor.java:418)
	at com.kms.katalon.core.main.TestCaseExecutor.accessMainPhase(TestCaseExecutor.java:410)
	at com.kms.katalon.core.main.TestCaseExecutor.execute(TestCaseExecutor.java:285)
	at com.kms.katalon.core.common.CommonExecutor.accessTestCaseMainPhase(CommonExecutor.java:65)
	at com.kms.katalon.core.main.TestSuiteExecutor.accessTestSuiteMainPhase(TestSuiteExecutor.java:150)
	at com.kms.katalon.core.main.TestSuiteExecutor.execute(TestSuiteExecutor.java:106)
	at com.kms.katalon.core.main.TestCaseMain.startTestSuite(TestCaseMain.java:180)
	at TempTestSuite1728001328877.run(TempTestSuite1728001328877.groovy:35)
	at java.base/jdk.internal.reflect.NativeMethodAccessorImpl.invoke0(Native Method)
	at java.base/jdk.internal.reflect.NativeMethodAccessorImpl.invoke(NativeMethodAccessorImpl.java:77)
	at java.base/jdk.internal.reflect.DelegatingMethodAccessorImpl.invoke(DelegatingMethodAccessorImpl.java:43)
Caused by: java.io.IOException: Destination '/screenshots' directory cannot be created
	at org.apache.commons.io.FileUtils.copyFile(FileUtils.java:1085)
	at com.kms.katalon.core.webui.util.FileUtil.takeDefaultScreenshot(FileUtil.java:347)
	at com.kms.katalon.core.webui.util.FileUtil.takesScreenshot(FileUtil.java:61)
	at com.kms.katalon.core.webui.keyword.builtin.TakeScreenshotKeyword$_takeScreenshot_closure1.doCall(TakeScreenshotKeyword.groovy:127)
	at com.kms.katalon.core.webui.keyword.builtin.TakeScreenshotKeyword$_takeScreenshot_closure1.call(TakeScreenshotKeyword.groovy)
	at com.kms.katalon.core.webui.keyword.internal.WebUIKeywordMain.runKeyword(WebUIKeywordMain.groovy:20)
	... 20 more


04-10-2024T08:24:09 - [TEST_STEP][PASSED] - try: null

04-10-2024T08:24:09 - [TEST_STEP][PASSED] - utils.openBrowserAndNavigateToPMT(): Navigate to 'https://dev1.payment.rccl.com/payment/utilities' successfully

04-10-2024T08:24:09 - [MESSAGE][INFO] - Starting 'Chrome' driver

04-10-2024T08:24:09 - [MESSAGE][INFO] - Action delay is set to 0 milliseconds

04-10-2024T08:24:13 - [MESSAGE][PASSED] - Browser is opened with url: ''

04-10-2024T08:24:13 - [MESSAGE][PASSED] - Current window maximized

04-10-2024T08:24:20 - [MESSAGE][PASSED] - Navigate to 'https://dev1.payment.rccl.com/payment/utilities' successfully

04-10-2024T08:24:20 - [TEST_STEP][PASSED] - EXCEL_PATH = "./Data Files/TestData.xlsx": null

04-10-2024T08:24:20 - [TEST_STEP][PASSED] - TAB = "Wallet_Delete": null

04-10-2024T08:24:20 - [TEST_STEP][PASSED] - driver = getWebDriver(): null

04-10-2024T08:24:20 - [TEST_STEP][PASSED] - utils.goToWallets(): null

04-10-2024T08:24:22 - [TEST_STEP][PASSED] - clickAuthorizePayment = xpath("//a[normalize-space()='Delete']")).click(): null

04-10-2024T08:24:23 - [TEST_STEP][PASSED] - utils.selectEnvironment(ENV): null

04-10-2024T08:24:23 - [TEST_STEP][PASSED] - sendRequestTextBox = driver.findElement(By.xpath("//textarea[@name='req']")): null

04-10-2024T08:24:24 - [TEST_STEP][PASSED] - fetchGuestAccount = sendRequest(findTestObject("GuestAccount")): Send request successfully

04-10-2024T08:24:24 - [MESSAGE][INFO] - HAR: /Users/manilacel/Library/CloudStorage/OneDrive-RoyalCaribbeanGroup/PMT/Git/RestructuredScript/TestingFolder/Reports/20241004_082201/PMT_Libraries/Wallets/20241004_082208/requests/main/3.har

04-10-2024T08:24:24 - [MESSAGE][PASSED] - Send request successfully

04-10-2024T08:24:24 - [TEST_STEP][PASSED] - accountId = getElementPropertyValue(fetchGuestAccount, "payload.accountId"): null

04-10-2024T08:24:24 - [TEST_STEP][PASSED] - accessToken = getElementPropertyValue(fetchGuestAccount, "payload.accessToken"): null

04-10-2024T08:24:24 - [TEST_STEP][PASSED] - accountId = accountId: null

04-10-2024T08:24:24 - [TEST_STEP][PASSED] - accessToken = accessToken: null

04-10-2024T08:24:24 - [TEST_STEP][PASSED] - testdata = getdata.fromExcel(EXCEL_PATH, TAB): null

04-10-2024T08:24:24 - [TEST_STEP][PASSED] - for ([i = 0, i < testdata.size(), (i++)]): null

04-10-2024T08:24:24 - [TEST_STEP][PASSED] - sendRequestTextBox.clear(): null

04-10-2024T08:24:24 - [TEST_STEP][PASSED] - cardNumber = testdata["cardNumber"][i]: null

04-10-2024T08:24:24 - [TEST_STEP][PASSED] - CNumber = cardNumber.replaceAll("\.0$", ""): null

04-10-2024T08:24:24 - [TEST_STEP][PASSED] - expirationMonth = testdata["expirationMonth"][i]: null

04-10-2024T08:24:24 - [TEST_STEP][PASSED] - xMonth = expirationMonth.replaceAll("\.0$", ""): null

04-10-2024T08:24:24 - [TEST_STEP][PASSED] - expirationYear = testdata["expirationYear"][i]: null

04-10-2024T08:24:24 - [TEST_STEP][PASSED] - xYear = expirationYear.replaceAll("\.0$", ""): null

04-10-2024T08:24:24 - [TEST_STEP][PASSED] - request = {
		"cardNumber": "$cardNumber",
		"expirationMonth": "$expirationMonth",
		"expirationYear": "$expirationYear",
		"accessToken": "$accountId",
		"accountId": "$accessToken"
		}: null

04-10-2024T08:24:24 - [TEST_STEP][PASSED] - restRequest = JsonSlurper().parseText(request): null

04-10-2024T08:24:24 - [TEST_STEP][PASSED] - prettyJson = JsonBuilder(restRequest).toPrettyString(): null

04-10-2024T08:24:24 - [TEST_STEP][PASSED] - println(prettyJson): null

04-10-2024T08:24:24 - [TEST_STEP][PASSED] - sendRequestTextBox.sendKeys(prettyJson): null

04-10-2024T08:24:27 - [TEST_STEP][PASSED] - utils.clickSendButton(): null

04-10-2024T08:24:27 - [TEST_STEP][PASSED] - delay(3): Delayed 3 second(s)

04-10-2024T08:24:30 - [MESSAGE][PASSED] - Delayed 3 second(s)

04-10-2024T08:24:30 - [TEST_STEP][PASSED] - response = utils.getResponse(): null

04-10-2024T08:24:32 - [TEST_STEP][PASSED] - println(response): null

04-10-2024T08:24:32 - [TEST_STEP][PASSED] - validation1 = testdata["ContainsValidation"][i]: null

04-10-2024T08:24:32 - [TEST_STEP][PASSED] - println(validation1): null

04-10-2024T08:24:32 - [TEST_STEP][PASSED] - validation2 = testdata["NotContainsValidation"][i]: null

04-10-2024T08:24:32 - [TEST_STEP][PASSED] - println(validation2): null

04-10-2024T08:24:32 - [TEST_STEP][PASSED] - println(testdata["TCNumber"][i]): null

04-10-2024T08:24:32 - [TEST_STEP][PASSED] - assert response.contains(validation1): null

04-10-2024T08:24:32 - [TEST_STEP][FAILED] - catch (AssertionError e): Cannot take screenshot (Root cause: com.kms.katalon.core.exception.StepFailedException: Cannot take screenshot
	at com.kms.katalon.core.webui.keyword.internal.WebUIKeywordMain.stepFailed(WebUIKeywordMain.groovy:64)
	at com.kms.katalon.core.webui.keyword.internal.WebUIKeywordMain.runKeyword(WebUIKeywordMain.groovy:26)
	at com.kms.katalon.core.webui.keyword.builtin.TakeScreenshotKeyword.takeScreenshot(TakeScreenshotKeyword.groovy:126)
	at com.kms.katalon.core.webui.keyword.builtin.TakeScreenshotKeyword.execute(TakeScreenshotKeyword.groovy:84)
	at com.kms.katalon.core.keyword.internal.KeywordExecutor.executeKeywordForPlatform(KeywordExecutor.groovy:74)
	at com.kms.katalon.core.webui.keyword.WebUiBuiltInKeywords.takeScreenshot(WebUiBuiltInKeywords.groovy:3013)
	at TC4_Wallet_Delete.run(TC4_Wallet_Delete:87)
	at com.kms.katalon.core.main.ScriptEngine.run(ScriptEngine.java:194)
	at com.kms.katalon.core.main.ScriptEngine.runScriptAsRawText(ScriptEngine.java:119)
	at com.kms.katalon.core.main.TestCaseExecutor.runScript(TestCaseExecutor.java:448)
	at com.kms.katalon.core.main.TestCaseExecutor.doExecute(TestCaseExecutor.java:439)
	at com.kms.katalon.core.main.TestCaseExecutor.processExecutionPhase(TestCaseExecutor.java:418)
	at com.kms.katalon.core.main.TestCaseExecutor.accessMainPhase(TestCaseExecutor.java:410)
	at com.kms.katalon.core.main.TestCaseExecutor.execute(TestCaseExecutor.java:285)
	at com.kms.katalon.core.common.CommonExecutor.accessTestCaseMainPhase(CommonExecutor.java:65)
	at com.kms.katalon.core.main.TestSuiteExecutor.accessTestSuiteMainPhase(TestSuiteExecutor.java:150)
	at com.kms.katalon.core.main.TestSuiteExecutor.execute(TestSuiteExecutor.java:106)
	at com.kms.katalon.core.main.TestCaseMain.startTestSuite(TestCaseMain.java:180)
	at TempTestSuite1728001328877.run(TempTestSuite1728001328877.groovy:35)
	at java.base/jdk.internal.reflect.NativeMethodAccessorImpl.invoke0(Native Method)
	at java.base/jdk.internal.reflect.NativeMethodAccessorImpl.invoke(NativeMethodAccessorImpl.java:77)
	at java.base/jdk.internal.reflect.DelegatingMethodAccessorImpl.invoke(DelegatingMethodAccessorImpl.java:43)
Caused by: java.io.IOException: Destination '/screenshots' directory cannot be created
	at org.apache.commons.io.FileUtils.copyFile(FileUtils.java:1085)
	at com.kms.katalon.core.webui.util.FileUtil.takeDefaultScreenshot(FileUtil.java:347)
	at com.kms.katalon.core.webui.util.FileUtil.takesScreenshot(FileUtil.java:61)
	at com.kms.katalon.core.webui.keyword.builtin.TakeScreenshotKeyword$_takeScreenshot_closure1.doCall(TakeScreenshotKeyword.groovy:127)
	at com.kms.katalon.core.webui.keyword.builtin.TakeScreenshotKeyword$_takeScreenshot_closure1.call(TakeScreenshotKeyword.groovy)
	at com.kms.katalon.core.webui.keyword.internal.WebUIKeywordMain.runKeyword(WebUIKeywordMain.groovy:20)
	at com.kms.katalon.core.webui.keyword.builtin.TakeScreenshotKeyword.takeScreenshot(TakeScreenshotKeyword.groovy:126)
	at com.kms.katalon.core.webui.keyword.builtin.TakeScreenshotKeyword.execute(TakeScreenshotKeyword.groovy:84)
	at com.kms.katalon.core.keyword.internal.KeywordExecutor.executeKeywordForPlatform(KeywordExecutor.groovy:74)
	at com.kms.katalon.core.webui.keyword.WebUiBuiltInKeywords.takeScreenshot(WebUiBuiltInKeywords.groovy:3013)
	at Script1721698076965.run(Script1721698076965.groovy:87)
	... 15 more
)

04-10-2024T08:24:32 - [TEST_STEP][FAILED] - takeScreenshot("/screenshots/Failed_Wallet_Delete.png"): Cannot take screenshot (Root cause: com.kms.katalon.core.exception.StepFailedException: Cannot take screenshot
	at com.kms.katalon.core.webui.keyword.internal.WebUIKeywordMain.stepFailed(WebUIKeywordMain.groovy:64)
	at com.kms.katalon.core.webui.keyword.internal.WebUIKeywordMain.runKeyword(WebUIKeywordMain.groovy:26)
	at com.kms.katalon.core.webui.keyword.builtin.TakeScreenshotKeyword.takeScreenshot(TakeScreenshotKeyword.groovy:126)
	at com.kms.katalon.core.webui.keyword.builtin.TakeScreenshotKeyword.execute(TakeScreenshotKeyword.groovy:84)
	at com.kms.katalon.core.keyword.internal.KeywordExecutor.executeKeywordForPlatform(KeywordExecutor.groovy:74)
	at com.kms.katalon.core.webui.keyword.WebUiBuiltInKeywords.takeScreenshot(WebUiBuiltInKeywords.groovy:3013)
	at TC4_Wallet_Delete.run(TC4_Wallet_Delete:87)
	at com.kms.katalon.core.main.ScriptEngine.run(ScriptEngine.java:194)
	at com.kms.katalon.core.main.ScriptEngine.runScriptAsRawText(ScriptEngine.java:119)
	at com.kms.katalon.core.main.TestCaseExecutor.runScript(TestCaseExecutor.java:448)
	at com.kms.katalon.core.main.TestCaseExecutor.doExecute(TestCaseExecutor.java:439)
	at com.kms.katalon.core.main.TestCaseExecutor.processExecutionPhase(TestCaseExecutor.java:418)
	at com.kms.katalon.core.main.TestCaseExecutor.accessMainPhase(TestCaseExecutor.java:410)
	at com.kms.katalon.core.main.TestCaseExecutor.execute(TestCaseExecutor.java:285)
	at com.kms.katalon.core.common.CommonExecutor.accessTestCaseMainPhase(CommonExecutor.java:65)
	at com.kms.katalon.core.main.TestSuiteExecutor.accessTestSuiteMainPhase(TestSuiteExecutor.java:150)
	at com.kms.katalon.core.main.TestSuiteExecutor.execute(TestSuiteExecutor.java:106)
	at com.kms.katalon.core.main.TestCaseMain.startTestSuite(TestCaseMain.java:180)
	at TempTestSuite1728001328877.run(TempTestSuite1728001328877.groovy:35)
	at java.base/jdk.internal.reflect.NativeMethodAccessorImpl.invoke0(Native Method)
	at java.base/jdk.internal.reflect.NativeMethodAccessorImpl.invoke(NativeMethodAccessorImpl.java:77)
	at java.base/jdk.internal.reflect.DelegatingMethodAccessorImpl.invoke(DelegatingMethodAccessorImpl.java:43)
Caused by: java.io.IOException: Destination '/screenshots' directory cannot be created
	at org.apache.commons.io.FileUtils.copyFile(FileUtils.java:1085)
	at com.kms.katalon.core.webui.util.FileUtil.takeDefaultScreenshot(FileUtil.java:347)
	at com.kms.katalon.core.webui.util.FileUtil.takesScreenshot(FileUtil.java:61)
	at com.kms.katalon.core.webui.keyword.builtin.TakeScreenshotKeyword$_takeScreenshot_closure1.doCall(TakeScreenshotKeyword.groovy:127)
	at com.kms.katalon.core.webui.keyword.builtin.TakeScreenshotKeyword$_takeScreenshot_closure1.call(TakeScreenshotKeyword.groovy)
	at com.kms.katalon.core.webui.keyword.internal.WebUIKeywordMain.runKeyword(WebUIKeywordMain.groovy:20)
	at com.kms.katalon.core.webui.keyword.builtin.TakeScreenshotKeyword.takeScreenshot(TakeScreenshotKeyword.groovy:126)
	at com.kms.katalon.core.webui.keyword.builtin.TakeScreenshotKeyword.execute(TakeScreenshotKeyword.groovy:84)
	at com.kms.katalon.core.keyword.internal.KeywordExecutor.executeKeywordForPlatform(KeywordExecutor.groovy:74)
	at com.kms.katalon.core.webui.keyword.WebUiBuiltInKeywords.takeScreenshot(WebUiBuiltInKeywords.groovy:3013)
	at Script1721698076965.run(Script1721698076965.groovy:87)
	... 15 more
)

04-10-2024T08:24:34 - [MESSAGE][FAILED] - Cannot take screenshot (Root cause: com.kms.katalon.core.exception.StepFailedException: Cannot take screenshot
	at com.kms.katalon.core.webui.keyword.internal.WebUIKeywordMain.stepFailed(WebUIKeywordMain.groovy:64)
	at com.kms.katalon.core.webui.keyword.internal.WebUIKeywordMain.runKeyword(WebUIKeywordMain.groovy:26)
	at com.kms.katalon.core.webui.keyword.builtin.TakeScreenshotKeyword.takeScreenshot(TakeScreenshotKeyword.groovy:126)
	at com.kms.katalon.core.webui.keyword.builtin.TakeScreenshotKeyword.execute(TakeScreenshotKeyword.groovy:84)
	at com.kms.katalon.core.keyword.internal.KeywordExecutor.executeKeywordForPlatform(KeywordExecutor.groovy:74)
	at com.kms.katalon.core.webui.keyword.WebUiBuiltInKeywords.takeScreenshot(WebUiBuiltInKeywords.groovy:3013)
	at TC4_Wallet_Delete.run(TC4_Wallet_Delete:87)
	at com.kms.katalon.core.main.ScriptEngine.run(ScriptEngine.java:194)
	at com.kms.katalon.core.main.ScriptEngine.runScriptAsRawText(ScriptEngine.java:119)
	at com.kms.katalon.core.main.TestCaseExecutor.runScript(TestCaseExecutor.java:448)
	at com.kms.katalon.core.main.TestCaseExecutor.doExecute(TestCaseExecutor.java:439)
	at com.kms.katalon.core.main.TestCaseExecutor.processExecutionPhase(TestCaseExecutor.java:418)
	at com.kms.katalon.core.main.TestCaseExecutor.accessMainPhase(TestCaseExecutor.java:410)
	at com.kms.katalon.core.main.TestCaseExecutor.execute(TestCaseExecutor.java:285)
	at com.kms.katalon.core.common.CommonExecutor.accessTestCaseMainPhase(CommonExecutor.java:65)
	at com.kms.katalon.core.main.TestSuiteExecutor.accessTestSuiteMainPhase(TestSuiteExecutor.java:150)
	at com.kms.katalon.core.main.TestSuiteExecutor.execute(TestSuiteExecutor.java:106)
	at com.kms.katalon.core.main.TestCaseMain.startTestSuite(TestCaseMain.java:180)
	at TempTestSuite1728001328877.run(TempTestSuite1728001328877.groovy:35)
	at java.base/jdk.internal.reflect.NativeMethodAccessorImpl.invoke0(Native Method)
	at java.base/jdk.internal.reflect.NativeMethodAccessorImpl.invoke(NativeMethodAccessorImpl.java:77)
	at java.base/jdk.internal.reflect.DelegatingMethodAccessorImpl.invoke(DelegatingMethodAccessorImpl.java:43)
Caused by: java.io.IOException: Destination '/screenshots' directory cannot be created
	at org.apache.commons.io.FileUtils.copyFile(FileUtils.java:1085)
	at com.kms.katalon.core.webui.util.FileUtil.takeDefaultScreenshot(FileUtil.java:347)
	at com.kms.katalon.core.webui.util.FileUtil.takesScreenshot(FileUtil.java:61)
	at com.kms.katalon.core.webui.keyword.builtin.TakeScreenshotKeyword$_takeScreenshot_closure1.doCall(TakeScreenshotKeyword.groovy:127)
	at com.kms.katalon.core.webui.keyword.builtin.TakeScreenshotKeyword$_takeScreenshot_closure1.call(TakeScreenshotKeyword.groovy)
	at com.kms.katalon.core.webui.keyword.internal.WebUIKeywordMain.runKeyword(WebUIKeywordMain.groovy:20)
	at com.kms.katalon.core.webui.keyword.builtin.TakeScreenshotKeyword.takeScreenshot(TakeScreenshotKeyword.groovy:126)
	at com.kms.katalon.core.webui.keyword.builtin.TakeScreenshotKeyword.execute(TakeScreenshotKeyword.groovy:84)
	at com.kms.katalon.core.keyword.internal.KeywordExecutor.executeKeywordForPlatform(KeywordExecutor.groovy:74)
	at com.kms.katalon.core.webui.keyword.WebUiBuiltInKeywords.takeScreenshot(WebUiBuiltInKeywords.groovy:3013)
	at Script1721698076965.run(Script1721698076965.groovy:87)
	... 15 more
)

04-10-2024T08:24:34 - [TEST_STEP][PASSED] - Finally: Browser is closed

04-10-2024T08:24:34 - [TEST_STEP][PASSED] - utils.closeBrowser(): Browser is closed

04-10-2024T08:24:36 - [MESSAGE][PASSED] - Delayed 2 second(s)

04-10-2024T08:24:37 - [MESSAGE][PASSED] - Browser is closed

04-10-2024T08:24:39 - [TEST_STEP][PASSED] - Video: Video recording for test case 'Test Cases/Web_Utilities_TestCases/Wallets/TC4_Wallet_Delete' .

04-10-2024T08:24:39 - [MESSAGE][INFO] - Video recording for test case 'Test Cases/Web_Utilities_TestCases/Wallets/TC4_Wallet_Delete' .]]></system-out>
         <system-err><![CDATA[04-10-2024T08:24:08 - [TEST_CASE][FAILED] - Test Cases/Web_Utilities_TestCases/Wallets/TC4_Wallet_Delete: Test Cases/Web_Utilities_TestCases/Wallets/TC4_Wallet_Delete FAILED.
Reason:
com.kms.katalon.core.exception.StepFailedException: Cannot take screenshot
	at com.kms.katalon.core.webui.keyword.internal.WebUIKeywordMain.stepFailed(WebUIKeywordMain.groovy:64)
	at com.kms.katalon.core.webui.keyword.internal.WebUIKeywordMain.runKeyword(WebUIKeywordMain.groovy:26)
	at com.kms.katalon.core.webui.keyword.builtin.TakeScreenshotKeyword.takeScreenshot(TakeScreenshotKeyword.groovy:126)
	at com.kms.katalon.core.webui.keyword.builtin.TakeScreenshotKeyword.execute(TakeScreenshotKeyword.groovy:84)
	at com.kms.katalon.core.keyword.internal.KeywordExecutor.executeKeywordForPlatform(KeywordExecutor.groovy:74)
	at com.kms.katalon.core.webui.keyword.WebUiBuiltInKeywords.takeScreenshot(WebUiBuiltInKeywords.groovy:3013)
	at TC4_Wallet_Delete.run(TC4_Wallet_Delete:87)
	at com.kms.katalon.core.main.ScriptEngine.run(ScriptEngine.java:194)
	at com.kms.katalon.core.main.ScriptEngine.runScriptAsRawText(ScriptEngine.java:119)
	at com.kms.katalon.core.main.TestCaseExecutor.runScript(TestCaseExecutor.java:448)
	at com.kms.katalon.core.main.TestCaseExecutor.doExecute(TestCaseExecutor.java:439)
	at com.kms.katalon.core.main.TestCaseExecutor.processExecutionPhase(TestCaseExecutor.java:418)
	at com.kms.katalon.core.main.TestCaseExecutor.accessMainPhase(TestCaseExecutor.java:410)
	at com.kms.katalon.core.main.TestCaseExecutor.execute(TestCaseExecutor.java:285)
	at com.kms.katalon.core.common.CommonExecutor.accessTestCaseMainPhase(CommonExecutor.java:65)
	at com.kms.katalon.core.main.TestSuiteExecutor.accessTestSuiteMainPhase(TestSuiteExecutor.java:150)
	at com.kms.katalon.core.main.TestSuiteExecutor.execute(TestSuiteExecutor.java:106)
	at com.kms.katalon.core.main.TestCaseMain.startTestSuite(TestCaseMain.java:180)
	at TempTestSuite1728001328877.run(TempTestSuite1728001328877.groovy:35)
	at java.base/jdk.internal.reflect.NativeMethodAccessorImpl.invoke0(Native Method)
	at java.base/jdk.internal.reflect.NativeMethodAccessorImpl.invoke(NativeMethodAccessorImpl.java:77)
	at java.base/jdk.internal.reflect.DelegatingMethodAccessorImpl.invoke(DelegatingMethodAccessorImpl.java:43)
Caused by: java.io.IOException: Destination '/screenshots' directory cannot be created
	at org.apache.commons.io.FileUtils.copyFile(FileUtils.java:1085)
	at com.kms.katalon.core.webui.util.FileUtil.takeDefaultScreenshot(FileUtil.java:347)
	at com.kms.katalon.core.webui.util.FileUtil.takesScreenshot(FileUtil.java:61)
	at com.kms.katalon.core.webui.keyword.builtin.TakeScreenshotKeyword$_takeScreenshot_closure1.doCall(TakeScreenshotKeyword.groovy:127)
	at com.kms.katalon.core.webui.keyword.builtin.TakeScreenshotKeyword$_takeScreenshot_closure1.call(TakeScreenshotKeyword.groovy)
	at com.kms.katalon.core.webui.keyword.internal.WebUIKeywordMain.runKeyword(WebUIKeywordMain.groovy:20)
	... 20 more]]></system-err>
      </testcase>
      <system-out><![CDATA[04-10-2024T08:22:19 - [TEST_SUITE][FAILED] - Wallets: Test Cases/Web_Utilities_TestCases/Wallets/TC3_Wallet_Update FAILED.
Reason:
com.kms.katalon.core.exception.StepFailedException: Cannot take screenshot
	at com.kms.katalon.core.webui.keyword.internal.WebUIKeywordMain.stepFailed(WebUIKeywordMain.groovy:64)
	at com.kms.katalon.core.webui.keyword.internal.WebUIKeywordMain.runKeyword(WebUIKeywordMain.groovy:26)
	at com.kms.katalon.core.webui.keyword.builtin.TakeScreenshotKeyword.takeScreenshot(TakeScreenshotKeyword.groovy:126)
	at com.kms.katalon.core.webui.keyword.builtin.TakeScreenshotKeyword.execute(TakeScreenshotKeyword.groovy:84)
	at com.kms.katalon.core.keyword.internal.KeywordExecutor.executeKeywordForPlatform(KeywordExecutor.groovy:74)
	at com.kms.katalon.core.webui.keyword.WebUiBuiltInKeywords.takeScreenshot(WebUiBuiltInKeywords.groovy:3013)
	at TC3_Wallet_Update.run(TC3_Wallet_Update:98)
	at com.kms.katalon.core.main.ScriptEngine.run(ScriptEngine.java:194)
	at com.kms.katalon.core.main.ScriptEngine.runScriptAsRawText(ScriptEngine.java:119)
	at com.kms.katalon.core.main.TestCaseExecutor.runScript(TestCaseExecutor.java:448)
	at com.kms.katalon.core.main.TestCaseExecutor.doExecute(TestCaseExecutor.java:439)
	at com.kms.katalon.core.main.TestCaseExecutor.processExecutionPhase(TestCaseExecutor.java:418)
	at com.kms.katalon.core.main.TestCaseExecutor.accessMainPhase(TestCaseExecutor.java:410)
	at com.kms.katalon.core.main.TestCaseExecutor.execute(TestCaseExecutor.java:285)
	at com.kms.katalon.core.common.CommonExecutor.accessTestCaseMainPhase(CommonExecutor.java:65)
	at com.kms.katalon.core.main.TestSuiteExecutor.accessTestSuiteMainPhase(TestSuiteExecutor.java:150)
	at com.kms.katalon.core.main.TestSuiteExecutor.execute(TestSuiteExecutor.java:106)
	at com.kms.katalon.core.main.TestCaseMain.startTestSuite(TestCaseMain.java:180)
	at TempTestSuite1728001328877.run(TempTestSuite1728001328877.groovy:35)
	at java.base/jdk.internal.reflect.NativeMethodAccessorImpl.invoke0(Native Method)
	at java.base/jdk.internal.reflect.NativeMethodAccessorImpl.invoke(NativeMethodAccessorImpl.java:77)
	at java.base/jdk.internal.reflect.DelegatingMethodAccessorImpl.invoke(DelegatingMethodAccessorImpl.java:43)
Caused by: java.io.IOException: Destination '/screenshots' directory cannot be created
	at org.apache.commons.io.FileUtils.copyFile(FileUtils.java:1085)
	at com.kms.katalon.core.webui.util.FileUtil.takeDefaultScreenshot(FileUtil.java:347)
	at com.kms.katalon.core.webui.util.FileUtil.takesScreenshot(FileUtil.java:61)
	at com.kms.katalon.core.webui.keyword.builtin.TakeScreenshotKeyword$_takeScreenshot_closure1.doCall(TakeScreenshotKeyword.groovy:127)
	at com.kms.katalon.core.webui.keyword.builtin.TakeScreenshotKeyword$_takeScreenshot_closure1.call(TakeScreenshotKeyword.groovy)
	at com.kms.katalon.core.webui.keyword.internal.WebUIKeywordMain.runKeyword(WebUIKeywordMain.groovy:20)
	... 20 more]]></system-out>
      <system-err><![CDATA[04-10-2024T08:22:19 - [TEST_SUITE][FAILED] - Wallets: Test Cases/Web_Utilities_TestCases/Wallets/TC3_Wallet_Update FAILED.
Reason:
com.kms.katalon.core.exception.StepFailedException: Cannot take screenshot
	at com.kms.katalon.core.webui.keyword.internal.WebUIKeywordMain.stepFailed(WebUIKeywordMain.groovy:64)
	at com.kms.katalon.core.webui.keyword.internal.WebUIKeywordMain.runKeyword(WebUIKeywordMain.groovy:26)
	at com.kms.katalon.core.webui.keyword.builtin.TakeScreenshotKeyword.takeScreenshot(TakeScreenshotKeyword.groovy:126)
	at com.kms.katalon.core.webui.keyword.builtin.TakeScreenshotKeyword.execute(TakeScreenshotKeyword.groovy:84)
	at com.kms.katalon.core.keyword.internal.KeywordExecutor.executeKeywordForPlatform(KeywordExecutor.groovy:74)
	at com.kms.katalon.core.webui.keyword.WebUiBuiltInKeywords.takeScreenshot(WebUiBuiltInKeywords.groovy:3013)
	at TC3_Wallet_Update.run(TC3_Wallet_Update:98)
	at com.kms.katalon.core.main.ScriptEngine.run(ScriptEngine.java:194)
	at com.kms.katalon.core.main.ScriptEngine.runScriptAsRawText(ScriptEngine.java:119)
	at com.kms.katalon.core.main.TestCaseExecutor.runScript(TestCaseExecutor.java:448)
	at com.kms.katalon.core.main.TestCaseExecutor.doExecute(TestCaseExecutor.java:439)
	at com.kms.katalon.core.main.TestCaseExecutor.processExecutionPhase(TestCaseExecutor.java:418)
	at com.kms.katalon.core.main.TestCaseExecutor.accessMainPhase(TestCaseExecutor.java:410)
	at com.kms.katalon.core.main.TestCaseExecutor.execute(TestCaseExecutor.java:285)
	at com.kms.katalon.core.common.CommonExecutor.accessTestCaseMainPhase(CommonExecutor.java:65)
	at com.kms.katalon.core.main.TestSuiteExecutor.accessTestSuiteMainPhase(TestSuiteExecutor.java:150)
	at com.kms.katalon.core.main.TestSuiteExecutor.execute(TestSuiteExecutor.java:106)
	at com.kms.katalon.core.main.TestCaseMain.startTestSuite(TestCaseMain.java:180)
	at TempTestSuite1728001328877.run(TempTestSuite1728001328877.groovy:35)
	at java.base/jdk.internal.reflect.NativeMethodAccessorImpl.invoke0(Native Method)
	at java.base/jdk.internal.reflect.NativeMethodAccessorImpl.invoke(NativeMethodAccessorImpl.java:77)
	at java.base/jdk.internal.reflect.DelegatingMethodAccessorImpl.invoke(DelegatingMethodAccessorImpl.java:43)
Caused by: java.io.IOException: Destination '/screenshots' directory cannot be created
	at org.apache.commons.io.FileUtils.copyFile(FileUtils.java:1085)
	at com.kms.katalon.core.webui.util.FileUtil.takeDefaultScreenshot(FileUtil.java:347)
	at com.kms.katalon.core.webui.util.FileUtil.takesScreenshot(FileUtil.java:61)
	at com.kms.katalon.core.webui.keyword.builtin.TakeScreenshotKeyword$_takeScreenshot_closure1.doCall(TakeScreenshotKeyword.groovy:127)
	at com.kms.katalon.core.webui.keyword.builtin.TakeScreenshotKeyword$_takeScreenshot_closure1.call(TakeScreenshotKeyword.groovy)
	at com.kms.katalon.core.webui.keyword.internal.WebUIKeywordMain.runKeyword(WebUIKeywordMain.groovy:20)
	... 20 more]]></system-err>
   </testsuite>
</testsuites>
