<?xml version="1.0" encoding="UTF-8"?>
<testsuites name="Wallets" time="105.42" tests="5" failures="0" errors="0">
   <testsuite name="Wallets" tests="5" failures="0" errors="0" time="105.42" skipped="0" timestamp="22-01-2025T15:07:41" hostname="manilacel - localhost" id="Test Suites/PMT_Libraries/Wallets">
      <properties>
         <property name="deviceName" value=""/>
         <property name="devicePlatform"/>
         <property name="logFolder" value="/Users/manilacel/Library/CloudStorage/OneDrive-RoyalCaribbeanGroup/PMT/Git/payment.web-utility-automation/payment.web-utility-automation/Reports/20250122_150738/PMT_Libraries/Wallets/20250122_150738"/>
         <property name="logFiles" value="/Users/manilacel/Library/CloudStorage/OneDrive-RoyalCaribbeanGroup/PMT/Git/payment.web-utility-automation/payment.web-utility-automation/Reports/20250122_150738/PMT_Libraries/Wallets/20250122_150738/execution0.log"/>
         <property name="attachments" value="./screenshots/Failed_Wallet_Update.png, ./screenshots/Failed_Wallet_Add.png, ./screenshots/Failed_Wallet_Delete.png"/>
         <property name="hostName" value="manilacel - localhost"/>
         <property name="os" value="Mac OS X 64bit"/>
         <property name="katalonVersion" value="9.5.0.217"/>
         <property name="browser" value="Chrome 131.0.0.0"/>
         <property name="hostAddress" value="127.0.0.1"/>
         <property name="sessionId" value="149f3401e776911a4b344afb754452b4"/>
         <property name="seleniumVersion" value="3.141.59"/>
         <property name="proxyInformation" value="ProxyInformation { proxyOption=NO_PROXY, proxyServerType=HTTP, username=, password=********, proxyServerAddress=, proxyServerPort=0, executionList=&quot;&quot;, isApplyToDesiredCapabilities=true }"/>
         <property name="platform" value="Mac OS X"/>
      </properties>
      <testcase name="Test Cases/Web_Utilities_TestCases/Wallets/TC3_Wallet_Update" time="25.89" classname="Test Cases/Web_Utilities_TestCases/Wallets/TC3_Wallet_Update" status="PASSED">
         <system-out><![CDATA[22-01-2025T15:07:41 - [TEST_CASE][PASSED] - Test Cases/Web_Utilities_TestCases/Wallets/TC3_Wallet_Update: Test Cases/Web_Utilities_TestCases/Wallets/TC3_Wallet_Update

22-01-2025T15:07:42 - [TEST_STEP][PASSED] - try: null

22-01-2025T15:07:42 - [TEST_STEP][PASSED] - utils.openBrowserAndNavigateToPMT(): Navigate to 'https://dev1.payment.rccl.com/payment/utilities' successfully

22-01-2025T15:07:42 - [MESSAGE][INFO] - Starting 'Chrome' driver

22-01-2025T15:07:42 - [MESSAGE][INFO] - Action delay is set to 0 milliseconds

22-01-2025T15:07:44 - [MESSAGE][PASSED] - Browser is opened with url: ''

22-01-2025T15:07:45 - [MESSAGE][PASSED] - Current window maximized

22-01-2025T15:07:49 - [MESSAGE][PASSED] - Navigate to 'https://dev1.payment.rccl.com/payment/utilities' successfully

22-01-2025T15:07:49 - [TEST_STEP][PASSED] - EXCEL_PATH = "./Data Files/TestData.xlsx": null

22-01-2025T15:07:49 - [TEST_STEP][PASSED] - TAB = "Wallet_Update": null

22-01-2025T15:07:49 - [TEST_STEP][PASSED] - driver = getWebDriver(): null

22-01-2025T15:07:49 - [TEST_STEP][PASSED] - utils.goToWallets(): null

22-01-2025T15:07:50 - [TEST_STEP][PASSED] - clickAuthorizePayment = xpath("//a[normalize-space()='Update']")).click(): null

22-01-2025T15:07:51 - [TEST_STEP][PASSED] - utils.selectEnvironment(ENV): null

22-01-2025T15:07:51 - [TEST_STEP][PASSED] - sendRequestTextBox = driver.findElement(By.xpath("//textarea[@name='req']")): null

22-01-2025T15:07:52 - [TEST_STEP][PASSED] - fetchGuestAccount = sendRequest(findTestObject("GuestAccount")): Send request successfully

22-01-2025T15:07:54 - [MESSAGE][INFO] - HAR: /Users/manilacel/Library/CloudStorage/OneDrive-RoyalCaribbeanGroup/PMT/Git/payment.web-utility-automation/payment.web-utility-automation/Reports/20250122_150738/PMT_Libraries/Wallets/20250122_150738/requests/main/0.har

22-01-2025T15:07:54 - [MESSAGE][PASSED] - Send request successfully

22-01-2025T15:07:54 - [TEST_STEP][PASSED] - accountId = getElementPropertyValue(fetchGuestAccount, "payload.accountId"): null

22-01-2025T15:07:55 - [TEST_STEP][PASSED] - accessToken = getElementPropertyValue(fetchGuestAccount, "payload.accessToken"): null

22-01-2025T15:07:55 - [TEST_STEP][PASSED] - accountId = accountId: null

22-01-2025T15:07:55 - [TEST_STEP][PASSED] - accessToken = accessToken: null

22-01-2025T15:07:55 - [TEST_STEP][PASSED] - testdata = getdata.fromExcel(EXCEL_PATH, TAB): null

22-01-2025T15:07:55 - [TEST_STEP][PASSED] - for ([i = 0, i < testdata.size(), (i++)]): null

22-01-2025T15:07:55 - [TEST_STEP][PASSED] - sendRequestTextBox.clear(): null

22-01-2025T15:07:55 - [TEST_STEP][PASSED] - paymentMethod = testdata["paymentMethod"][i]: null

22-01-2025T15:07:56 - [TEST_STEP][PASSED] - cardNumber = testdata["cardNumber"][i]: null

22-01-2025T15:07:56 - [TEST_STEP][PASSED] - CNumber = cardNumber.replaceAll("\.0$", ""): null

22-01-2025T15:07:56 - [TEST_STEP][PASSED] - expirationMonth = testdata["expirationMonth"][i]: null

22-01-2025T15:07:56 - [TEST_STEP][PASSED] - xMonth = expirationMonth.replaceAll("\.0$", ""): null

22-01-2025T15:07:56 - [TEST_STEP][PASSED] - expirationYear = testdata["expirationYear"][i]: null

22-01-2025T15:07:56 - [TEST_STEP][PASSED] - xYear = expirationYear.replaceAll("\.0$", ""): null

22-01-2025T15:07:56 - [TEST_STEP][PASSED] - cardholderName = testdata["cardholderName"][i]: null

22-01-2025T15:07:56 - [TEST_STEP][PASSED] - nickName = testdata["nickName"][i]: null

22-01-2025T15:07:56 - [TEST_STEP][PASSED] - defaultPaymentMethod = testdata["defaultPaymentMethod"][i]: null

22-01-2025T15:07:56 - [TEST_STEP][PASSED] - request = {
    "paymentMethod": {
        "type": "$paymentMethod",
        "cardNumber": "$cardNumber",
        "cardholder": "$cardholderName",
        "nickname": "$nickName",
        "expirationMonth": "$expirationMonth",
        "expirationYear": "$expirationYear",
        "defaultPaymentMethod": "$defaultPaymentMethod"
    },
    "accountId": "$accountId",
    "accessToken": "$accessToken"
}: null

22-01-2025T15:07:56 - [TEST_STEP][PASSED] - restRequest = JsonSlurper().parseText(request): null

22-01-2025T15:07:56 - [TEST_STEP][PASSED] - prettyJson = JsonBuilder(restRequest).toPrettyString(): null

22-01-2025T15:07:56 - [TEST_STEP][PASSED] - println(prettyJson): null

22-01-2025T15:07:56 - [TEST_STEP][PASSED] - sendRequestTextBox.sendKeys(prettyJson): null

22-01-2025T15:07:58 - [TEST_STEP][PASSED] - utils.clickSendButton(): null

22-01-2025T15:07:58 - [TEST_STEP][PASSED] - delay(3): Delayed 3 second(s)

22-01-2025T15:08:01 - [MESSAGE][PASSED] - Delayed 3 second(s)

22-01-2025T15:08:01 - [TEST_STEP][PASSED] - response = utils.getResponse(): null

22-01-2025T15:08:01 - [TEST_STEP][PASSED] - println(response): null

22-01-2025T15:08:01 - [TEST_STEP][PASSED] - validation1 = testdata["ContainsValidation"][i]: null

22-01-2025T15:08:01 - [TEST_STEP][PASSED] - println(validation1): null

22-01-2025T15:08:01 - [TEST_STEP][PASSED] - validation2 = testdata["NotContainsValidation"][i]: null

22-01-2025T15:08:01 - [TEST_STEP][PASSED] - println(validation2): null

22-01-2025T15:08:01 - [TEST_STEP][PASSED] - println(testdata["TCNumber"][i]): null

22-01-2025T15:08:01 - [TEST_STEP][PASSED] - assert response.contains(validation1): null

22-01-2025T15:08:01 - [TEST_STEP][PASSED] - catch (AssertionError e): null

22-01-2025T15:08:01 - [TEST_STEP][PASSED] - takeScreenshot("./screenshots/Failed_Wallet_Update.png"): Taking screenshot successfully

22-01-2025T15:08:02 - [MESSAGE][PASSED] - Taking screenshot successfully
[[ATTACHMENT|./screenshots/Failed_Wallet_Update.png]]

22-01-2025T15:08:02 - [TEST_STEP][PASSED] - println(Assertion failed: $e.message): null

22-01-2025T15:08:02 - [TEST_STEP][PASSED] - e.printStackTrace(): null

22-01-2025T15:08:02 - [TEST_STEP][PASSED] - Finally: Browser is closed

22-01-2025T15:08:02 - [TEST_STEP][PASSED] - utils.closeBrowser(): Browser is closed

22-01-2025T15:08:04 - [MESSAGE][PASSED] - Delayed 2 second(s)

22-01-2025T15:08:05 - [MESSAGE][PASSED] - Browser is closed

22-01-2025T15:08:07 - [TEST_STEP][PASSED] - Video: Video recording for test case 'Test Cases/Web_Utilities_TestCases/Wallets/TC3_Wallet_Update' .

22-01-2025T15:08:07 - [MESSAGE][INFO] - Video recording for test case 'Test Cases/Web_Utilities_TestCases/Wallets/TC3_Wallet_Update' .]]></system-out>
         <system-err><![CDATA[]]></system-err>
      </testcase>
      <testcase name="Test Cases/Web_Utilities_TestCases/Wallets/Wallet_Get" time="11.783" classname="Test Cases/Web_Utilities_TestCases/Wallets/Wallet_Get" status="PASSED">
         <system-out><![CDATA[22-01-2025T15:08:07 - [TEST_CASE][PASSED] - Test Cases/Web_Utilities_TestCases/Wallets/Wallet_Get: Test Cases/Web_Utilities_TestCases/Wallets/Wallet_Get

22-01-2025T15:08:07 - [TEST_STEP][PASSED] - try: null

22-01-2025T15:08:07 - [TEST_STEP][PASSED] - utils.openBrowserAndNavigateToPMT(): Navigate to 'https://dev1.payment.rccl.com/payment/utilities' successfully

22-01-2025T15:08:07 - [MESSAGE][INFO] - Starting 'Chrome' driver

22-01-2025T15:08:07 - [MESSAGE][INFO] - Action delay is set to 0 milliseconds

22-01-2025T15:08:08 - [MESSAGE][PASSED] - Browser is opened with url: ''

22-01-2025T15:08:09 - [MESSAGE][PASSED] - Current window maximized

22-01-2025T15:08:12 - [MESSAGE][PASSED] - Navigate to 'https://dev1.payment.rccl.com/payment/utilities' successfully

22-01-2025T15:08:12 - [TEST_STEP][PASSED] - driver = getWebDriver(): null

22-01-2025T15:08:12 - [TEST_STEP][PASSED] - utils.goToWallets(): null

22-01-2025T15:08:13 - [TEST_STEP][PASSED] - clickAuthorizePayment = xpath("//a[normalize-space()='Get']")).click(): null

22-01-2025T15:08:14 - [TEST_STEP][PASSED] - utils.selectEnvironment(ENV): null

22-01-2025T15:08:14 - [TEST_STEP][PASSED] - Finally: Browser is closed

22-01-2025T15:08:14 - [TEST_STEP][PASSED] - utils.closeBrowser(): Browser is closed

22-01-2025T15:08:16 - [MESSAGE][PASSED] - Delayed 2 second(s)

22-01-2025T15:08:16 - [MESSAGE][PASSED] - Browser is closed

22-01-2025T15:08:18 - [TEST_STEP][PASSED] - Video: Video recording for test case 'Test Cases/Web_Utilities_TestCases/Wallets/Wallet_Get' .

22-01-2025T15:08:18 - [MESSAGE][INFO] - Video recording for test case 'Test Cases/Web_Utilities_TestCases/Wallets/Wallet_Get' .]]></system-out>
         <system-err><![CDATA[]]></system-err>
      </testcase>
      <testcase name="Test Cases/Web_Utilities_TestCases/Wallets/TC2__Replace" time="20.947" classname="Test Cases/Web_Utilities_TestCases/Wallets/TC2__Replace" status="PASSED">
         <system-out><![CDATA[22-01-2025T15:08:18 - [TEST_CASE][PASSED] - Test Cases/Web_Utilities_TestCases/Wallets/TC2__Replace: Test Cases/Web_Utilities_TestCases/Wallets/TC2__Replace

22-01-2025T15:08:19 - [TEST_STEP][PASSED] - try: null

22-01-2025T15:08:19 - [TEST_STEP][PASSED] - utils.openBrowserAndNavigateToPMT(): Navigate to 'https://dev1.payment.rccl.com/payment/utilities' successfully

22-01-2025T15:08:19 - [MESSAGE][INFO] - Starting 'Chrome' driver

22-01-2025T15:08:19 - [MESSAGE][INFO] - Action delay is set to 0 milliseconds

22-01-2025T15:08:20 - [MESSAGE][PASSED] - Browser is opened with url: ''

22-01-2025T15:08:21 - [MESSAGE][PASSED] - Current window maximized

22-01-2025T15:08:24 - [MESSAGE][PASSED] - Navigate to 'https://dev1.payment.rccl.com/payment/utilities' successfully

22-01-2025T15:08:24 - [TEST_STEP][PASSED] - EXCEL_PATH = "./Data Files/TestData.xlsx": null

22-01-2025T15:08:24 - [TEST_STEP][PASSED] - TAB = "Wallet_Replace": null

22-01-2025T15:08:24 - [TEST_STEP][PASSED] - driver = getWebDriver(): null

22-01-2025T15:08:24 - [TEST_STEP][PASSED] - utils.goToWallets(): null

22-01-2025T15:08:25 - [TEST_STEP][PASSED] - clickAuthorizePayment = xpath("//a[normalize-space()='Replace']")).click(): null

22-01-2025T15:08:26 - [TEST_STEP][PASSED] - utils.selectEnvironment(ENV): null

22-01-2025T15:08:26 - [TEST_STEP][PASSED] - sendRequestTextBox = driver.findElement(By.xpath("//textarea[@name='req']")): null

22-01-2025T15:08:27 - [TEST_STEP][PASSED] - fetchGuestAccount = sendRequest(findTestObject("GuestAccount")): Send request successfully

22-01-2025T15:08:27 - [MESSAGE][INFO] - HAR: /Users/manilacel/Library/CloudStorage/OneDrive-RoyalCaribbeanGroup/PMT/Git/payment.web-utility-automation/payment.web-utility-automation/Reports/20250122_150738/PMT_Libraries/Wallets/20250122_150738/requests/main/1.har

22-01-2025T15:08:27 - [MESSAGE][PASSED] - Send request successfully

22-01-2025T15:08:27 - [TEST_STEP][PASSED] - accountId = getElementPropertyValue(fetchGuestAccount, "payload.accountId"): null

22-01-2025T15:08:27 - [TEST_STEP][PASSED] - accessToken = getElementPropertyValue(fetchGuestAccount, "payload.accessToken"): null

22-01-2025T15:08:27 - [TEST_STEP][PASSED] - accountId = accountId: null

22-01-2025T15:08:27 - [TEST_STEP][PASSED] - accessToken = accessToken: null

22-01-2025T15:08:27 - [TEST_STEP][PASSED] - testdata = getdata.fromExcel(EXCEL_PATH, TAB): null

22-01-2025T15:08:27 - [TEST_STEP][PASSED] - for ([i = 0, i < testdata.size(), (i++)]): null

22-01-2025T15:08:27 - [TEST_STEP][PASSED] - sendRequestTextBox.clear(): null

22-01-2025T15:08:27 - [TEST_STEP][PASSED] - idToBeReplaced = testdata["idToBeReplaced"][i]: null

22-01-2025T15:08:27 - [TEST_STEP][PASSED] - paymentMethod = testdata["paymentMethod"][i]: null

22-01-2025T15:08:27 - [TEST_STEP][PASSED] - cardNumber = testdata["cardNumber"][i]: null

22-01-2025T15:08:27 - [TEST_STEP][PASSED] - CNumber = cardNumber.replaceAll("\.0$", ""): null

22-01-2025T15:08:27 - [TEST_STEP][PASSED] - expirationMonth = testdata["expirationMonth"][i]: null

22-01-2025T15:08:27 - [TEST_STEP][PASSED] - xMonth = expirationMonth.replaceAll("\.0$", ""): null

22-01-2025T15:08:27 - [TEST_STEP][PASSED] - expirationYear = testdata["expirationYear"][i]: null

22-01-2025T15:08:27 - [TEST_STEP][PASSED] - xYear = expirationYear.replaceAll("\.0$", ""): null

22-01-2025T15:08:27 - [TEST_STEP][PASSED] - cardholderName = testdata["cardholderName"][i]: null

22-01-2025T15:08:27 - [TEST_STEP][PASSED] - nickName = testdata["nickName"][i]: null

22-01-2025T15:08:27 - [TEST_STEP][PASSED] - defaultPaymentMethod = testdata["defaultPaymentMethod"][i]: null

22-01-2025T15:08:27 - [TEST_STEP][PASSED] - request = {
    "idToBeReplaced": "$idToBeReplaced",
    "paymentMethod": {
        "type": "$paymentMethod",
        "cardNumber": "$cardNumber",
        "expirationMonth": "$expirationMonth",
        "expirationYear": "$expirationYear",
        "cardholder": "$cardholderName",
        "nickname": "$nickName"
    },
    "accountId": "$accountId",
    "accessToken": "$accessToken"
}: null

22-01-2025T15:08:27 - [TEST_STEP][PASSED] - restRequest = JsonSlurper().parseText(request): null

22-01-2025T15:08:27 - [TEST_STEP][PASSED] - prettyJson = JsonBuilder(restRequest).toPrettyString(): null

22-01-2025T15:08:27 - [TEST_STEP][PASSED] - println(prettyJson): null

22-01-2025T15:08:27 - [TEST_STEP][PASSED] - sendRequestTextBox.sendKeys(prettyJson): null

22-01-2025T15:08:29 - [TEST_STEP][PASSED] - utils.clickSendButton(): null

22-01-2025T15:08:29 - [TEST_STEP][PASSED] - delay(3): Delayed 3 second(s)

22-01-2025T15:08:32 - [MESSAGE][PASSED] - Delayed 3 second(s)

22-01-2025T15:08:32 - [TEST_STEP][PASSED] - response = utils.getResponse(): null

22-01-2025T15:08:35 - [TEST_STEP][PASSED] - println(response): null

22-01-2025T15:08:35 - [TEST_STEP][PASSED] - validation1 = testdata["ContainsValidation"][i]: null

22-01-2025T15:08:35 - [TEST_STEP][PASSED] - println(validation1): null

22-01-2025T15:08:35 - [TEST_STEP][PASSED] - validation2 = testdata["NotContainsValidation"][i]: null

22-01-2025T15:08:35 - [TEST_STEP][PASSED] - println(validation2): null

22-01-2025T15:08:35 - [TEST_STEP][PASSED] - println(testdata["TCNumber"][i]): null

22-01-2025T15:08:35 - [TEST_STEP][PASSED] - assert response.contains(validation1): null

22-01-2025T15:08:35 - [TEST_STEP][PASSED] - assert response.contains(validation2) == false: null

22-01-2025T15:08:35 - [TEST_STEP][PASSED] - sendRequestTextBox.clear(): null

22-01-2025T15:08:35 - [TEST_STEP][PASSED] - idToBeReplaced = testdata["idToBeReplaced"][i]: null

22-01-2025T15:08:35 - [TEST_STEP][PASSED] - paymentMethod = testdata["paymentMethod"][i]: null

22-01-2025T15:08:35 - [TEST_STEP][PASSED] - cardNumber = testdata["cardNumber"][i]: null

22-01-2025T15:08:35 - [TEST_STEP][PASSED] - CNumber = cardNumber.replaceAll("\.0$", ""): null

22-01-2025T15:08:35 - [TEST_STEP][PASSED] - expirationMonth = testdata["expirationMonth"][i]: null

22-01-2025T15:08:35 - [TEST_STEP][PASSED] - xMonth = expirationMonth.replaceAll("\.0$", ""): null

22-01-2025T15:08:35 - [TEST_STEP][PASSED] - catch (Exception e): null

22-01-2025T15:08:35 - [TEST_STEP][PASSED] - println(An unexpected error occurred: $e.message): null

22-01-2025T15:08:35 - [TEST_STEP][PASSED] - e.printStackTrace(): null

22-01-2025T15:08:35 - [TEST_STEP][PASSED] - Finally: Browser is closed

22-01-2025T15:08:35 - [TEST_STEP][PASSED] - utils.closeBrowser(): Browser is closed

22-01-2025T15:08:37 - [MESSAGE][PASSED] - Delayed 2 second(s)

22-01-2025T15:08:37 - [MESSAGE][PASSED] - Browser is closed

22-01-2025T15:08:39 - [TEST_STEP][PASSED] - Video: Video recording for test case 'Test Cases/Web_Utilities_TestCases/Wallets/TC2__Replace' .

22-01-2025T15:08:39 - [MESSAGE][INFO] - Video recording for test case 'Test Cases/Web_Utilities_TestCases/Wallets/TC2__Replace' .]]></system-out>
         <system-err><![CDATA[]]></system-err>
      </testcase>
      <testcase name="Test Cases/Web_Utilities_TestCases/Wallets/TC1_Wallet_Add" time="19.898" classname="Test Cases/Web_Utilities_TestCases/Wallets/TC1_Wallet_Add" status="PASSED">
         <system-out><![CDATA[22-01-2025T15:08:39 - [TEST_CASE][PASSED] - Test Cases/Web_Utilities_TestCases/Wallets/TC1_Wallet_Add: Test Cases/Web_Utilities_TestCases/Wallets/TC1_Wallet_Add

22-01-2025T15:08:40 - [TEST_STEP][PASSED] - try: null

22-01-2025T15:08:40 - [TEST_STEP][PASSED] - utils.openBrowserAndNavigateToPMT(): Navigate to 'https://dev1.payment.rccl.com/payment/utilities' successfully

22-01-2025T15:08:40 - [MESSAGE][INFO] - Starting 'Chrome' driver

22-01-2025T15:08:40 - [MESSAGE][INFO] - Action delay is set to 0 milliseconds

22-01-2025T15:08:41 - [MESSAGE][PASSED] - Browser is opened with url: ''

22-01-2025T15:08:41 - [MESSAGE][PASSED] - Current window maximized

22-01-2025T15:08:45 - [MESSAGE][PASSED] - Navigate to 'https://dev1.payment.rccl.com/payment/utilities' successfully

22-01-2025T15:08:45 - [TEST_STEP][PASSED] - EXCEL_PATH = "./Data Files/TestData.xlsx": null

22-01-2025T15:08:45 - [TEST_STEP][PASSED] - TAB = "Wallet_Add": null

22-01-2025T15:08:45 - [TEST_STEP][PASSED] - utils.goToWallets(): null

22-01-2025T15:08:47 - [TEST_STEP][PASSED] - driver = getWebDriver(): null

22-01-2025T15:08:47 - [TEST_STEP][PASSED] - clickAdd = xpath("//a[normalize-space()='Add']")).click(): null

22-01-2025T15:08:47 - [TEST_STEP][PASSED] - utils.selectEnvironment(ENV): null

22-01-2025T15:08:48 - [TEST_STEP][PASSED] - sendRequestTextBox = driver.findElement(By.xpath("//textarea[@name='req']")): null

22-01-2025T15:08:48 - [TEST_STEP][PASSED] - fetchGuestAccount = sendRequest(findTestObject("GuestAccount")): Send request successfully

22-01-2025T15:08:48 - [MESSAGE][INFO] - HAR: /Users/manilacel/Library/CloudStorage/OneDrive-RoyalCaribbeanGroup/PMT/Git/payment.web-utility-automation/payment.web-utility-automation/Reports/20250122_150738/PMT_Libraries/Wallets/20250122_150738/requests/main/2.har

22-01-2025T15:08:48 - [MESSAGE][PASSED] - Send request successfully

22-01-2025T15:08:48 - [TEST_STEP][PASSED] - accountId = getElementPropertyValue(fetchGuestAccount, "payload.accountId"): null

22-01-2025T15:08:49 - [TEST_STEP][PASSED] - accessToken = getElementPropertyValue(fetchGuestAccount, "payload.accessToken"): null

22-01-2025T15:08:49 - [TEST_STEP][PASSED] - accountId = accountId: null

22-01-2025T15:08:49 - [TEST_STEP][PASSED] - accessToken = accessToken: null

22-01-2025T15:08:49 - [TEST_STEP][PASSED] - testdata = getdata.fromExcel(EXCEL_PATH, TAB): null

22-01-2025T15:08:49 - [TEST_STEP][PASSED] - for ([i = 0, i < testdata.size(), (i++)]): null

22-01-2025T15:08:49 - [TEST_STEP][PASSED] - sendRequestTextBox.clear(): null

22-01-2025T15:08:49 - [TEST_STEP][PASSED] - paymentMethod = testdata["paymentMethod"][i]: null

22-01-2025T15:08:49 - [TEST_STEP][PASSED] - cardNumber = testdata["cardNumber"][i]: null

22-01-2025T15:08:49 - [TEST_STEP][PASSED] - CNumber = cardNumber.replaceAll("\.0$", ""): null

22-01-2025T15:08:49 - [TEST_STEP][PASSED] - expirationMonth = testdata["expirationMonth"][i]: null

22-01-2025T15:08:49 - [TEST_STEP][PASSED] - xMonth = expirationMonth.replaceAll("\.0$", ""): null

22-01-2025T15:08:49 - [TEST_STEP][PASSED] - expirationYear = testdata["expirationYear"][i]: null

22-01-2025T15:08:49 - [TEST_STEP][PASSED] - xYear = expirationYear.replaceAll("\.0$", ""): null

22-01-2025T15:08:49 - [TEST_STEP][PASSED] - cardholderName = testdata["cardholderName"][i]: null

22-01-2025T15:08:49 - [TEST_STEP][PASSED] - nickName = testdata["nickName"][i]: null

22-01-2025T15:08:49 - [TEST_STEP][PASSED] - defaultPaymentMethod = testdata["defaultPaymentMethod"][i]: null

22-01-2025T15:08:49 - [TEST_STEP][PASSED] - request = {
    "paymentMethod": {
        "type": "$paymentMethod",
        "cardNumber": "$cardNumber",
        "expirationMonth": "$expirationMonth",
        "expirationYear": "$expirationYear",
        "cardholder": "$cardholderName",
        "nickname": "$nickName",
        "defaultPaymentMethod": "$defaultPaymentMethod"
    },
    "accountId": "$accountId",
    "accessToken": "$accessToken"
}: null

22-01-2025T15:08:49 - [TEST_STEP][PASSED] - restRequest = JsonSlurper().parseText(request): null

22-01-2025T15:08:49 - [TEST_STEP][PASSED] - prettyJson = JsonBuilder(restRequest).toPrettyString(): null

22-01-2025T15:08:49 - [TEST_STEP][PASSED] - println(prettyJson): null

22-01-2025T15:08:49 - [TEST_STEP][PASSED] - sendRequestTextBox.sendKeys(prettyJson): null

22-01-2025T15:08:50 - [TEST_STEP][PASSED] - utils.clickSendButton(): null

22-01-2025T15:08:51 - [TEST_STEP][PASSED] - delay(3): Delayed 3 second(s)

22-01-2025T15:08:54 - [MESSAGE][PASSED] - Delayed 3 second(s)

22-01-2025T15:08:54 - [TEST_STEP][PASSED] - response = utils.getResponse(): null

22-01-2025T15:08:56 - [TEST_STEP][PASSED] - println(response): null

22-01-2025T15:08:56 - [TEST_STEP][PASSED] - validation1 = testdata["ContainsValidation"][i]: null

22-01-2025T15:08:56 - [TEST_STEP][PASSED] - println(validation1): null

22-01-2025T15:08:56 - [TEST_STEP][PASSED] - validation2 = testdata["NotContainsValidation"][i]: null

22-01-2025T15:08:56 - [TEST_STEP][PASSED] - println(validation2): null

22-01-2025T15:08:56 - [TEST_STEP][PASSED] - println(testdata["TCNumber"][i]): null

22-01-2025T15:08:56 - [TEST_STEP][PASSED] - assert response.contains(validation1): null

22-01-2025T15:08:56 - [TEST_STEP][PASSED] - catch (AssertionError e): null

22-01-2025T15:08:56 - [TEST_STEP][PASSED] - takeScreenshot("./screenshots/Failed_Wallet_Add.png"): Taking screenshot successfully

22-01-2025T15:08:57 - [MESSAGE][PASSED] - Taking screenshot successfully
[[ATTACHMENT|./screenshots/Failed_Wallet_Add.png]]

22-01-2025T15:08:57 - [TEST_STEP][PASSED] - println(Assertion failed: $e.message): null

22-01-2025T15:08:57 - [TEST_STEP][PASSED] - e.printStackTrace(): null

22-01-2025T15:08:59 - [TEST_STEP][PASSED] - Video: Video recording for test case 'Test Cases/Web_Utilities_TestCases/Wallets/TC1_Wallet_Add' .

22-01-2025T15:08:59 - [MESSAGE][INFO] - Video recording for test case 'Test Cases/Web_Utilities_TestCases/Wallets/TC1_Wallet_Add' .]]></system-out>
         <system-err><![CDATA[]]></system-err>
      </testcase>
      <testcase name="Test Cases/Web_Utilities_TestCases/Wallets/TC4_Wallet_Delete" time="26.762" classname="Test Cases/Web_Utilities_TestCases/Wallets/TC4_Wallet_Delete" status="PASSED">
         <system-out><![CDATA[22-01-2025T15:08:59 - [TEST_CASE][PASSED] - Test Cases/Web_Utilities_TestCases/Wallets/TC4_Wallet_Delete: Test Cases/Web_Utilities_TestCases/Wallets/TC4_Wallet_Delete

22-01-2025T15:08:59 - [TEST_STEP][PASSED] - try: null

22-01-2025T15:08:59 - [TEST_STEP][PASSED] - utils.openBrowserAndNavigateToPMT(): Navigate to 'https://dev1.payment.rccl.com/payment/utilities' successfully

22-01-2025T15:09:00 - [MESSAGE][WARNING] - A browser is already opened. Closing browser and opening a new one

22-01-2025T15:09:00 - [MESSAGE][INFO] - Starting 'Chrome' driver

22-01-2025T15:09:00 - [MESSAGE][INFO] - Action delay is set to 0 milliseconds

22-01-2025T15:09:01 - [MESSAGE][PASSED] - Browser is opened with url: ''

22-01-2025T15:09:02 - [MESSAGE][PASSED] - Current window maximized

22-01-2025T15:09:05 - [MESSAGE][PASSED] - Navigate to 'https://dev1.payment.rccl.com/payment/utilities' successfully

22-01-2025T15:09:05 - [TEST_STEP][PASSED] - EXCEL_PATH = "./Data Files/TestData.xlsx": null

22-01-2025T15:09:05 - [TEST_STEP][PASSED] - TAB = "Wallet_Delete": null

22-01-2025T15:09:05 - [TEST_STEP][PASSED] - driver = getWebDriver(): null

22-01-2025T15:09:05 - [TEST_STEP][PASSED] - utils.goToWallets(): null

22-01-2025T15:09:06 - [TEST_STEP][PASSED] - clickAuthorizePayment = xpath("//a[normalize-space()='Delete']")).click(): null

22-01-2025T15:09:07 - [TEST_STEP][PASSED] - utils.selectEnvironment(ENV): null

22-01-2025T15:09:07 - [TEST_STEP][PASSED] - sendRequestTextBox = driver.findElement(By.xpath("//textarea[@name='req']")): null

22-01-2025T15:09:08 - [TEST_STEP][PASSED] - fetchGuestAccount = sendRequest(findTestObject("GuestAccount")): Send request successfully

22-01-2025T15:09:08 - [MESSAGE][INFO] - HAR: /Users/manilacel/Library/CloudStorage/OneDrive-RoyalCaribbeanGroup/PMT/Git/payment.web-utility-automation/payment.web-utility-automation/Reports/20250122_150738/PMT_Libraries/Wallets/20250122_150738/requests/main/3.har

22-01-2025T15:09:08 - [MESSAGE][PASSED] - Send request successfully

22-01-2025T15:09:08 - [TEST_STEP][PASSED] - accountId = getElementPropertyValue(fetchGuestAccount, "payload.accountId"): null

22-01-2025T15:09:08 - [TEST_STEP][PASSED] - accessToken = getElementPropertyValue(fetchGuestAccount, "payload.accessToken"): null

22-01-2025T15:09:08 - [TEST_STEP][PASSED] - accountId = accountId: null

22-01-2025T15:09:08 - [TEST_STEP][PASSED] - accessToken = accessToken: null

22-01-2025T15:09:08 - [TEST_STEP][PASSED] - testdata = getdata.fromExcel(EXCEL_PATH, TAB): null

22-01-2025T15:09:08 - [TEST_STEP][PASSED] - for ([i = 0, i < testdata.size(), (i++)]): null

22-01-2025T15:09:08 - [TEST_STEP][PASSED] - sendRequestTextBox.clear(): null

22-01-2025T15:09:08 - [TEST_STEP][PASSED] - cardNumber = testdata["cardNumber"][i]: null

22-01-2025T15:09:08 - [TEST_STEP][PASSED] - CNumber = cardNumber.replaceAll("\.0$", ""): null

22-01-2025T15:09:08 - [TEST_STEP][PASSED] - expirationMonth = testdata["expirationMonth"][i]: null

22-01-2025T15:09:08 - [TEST_STEP][PASSED] - xMonth = expirationMonth.replaceAll("\.0$", ""): null

22-01-2025T15:09:08 - [TEST_STEP][PASSED] - expirationYear = testdata["expirationYear"][i]: null

22-01-2025T15:09:08 - [TEST_STEP][PASSED] - xYear = expirationYear.replaceAll("\.0$", ""): null

22-01-2025T15:09:08 - [TEST_STEP][PASSED] - request = {
		"cardNumber": "$cardNumber",
		"expirationMonth": "$expirationMonth",
		"expirationYear": "$expirationYear",
		"accessToken": "$accessToken",
		"accountId": "$accountId"
		}: null

22-01-2025T15:09:08 - [TEST_STEP][PASSED] - restRequest = JsonSlurper().parseText(request): null

22-01-2025T15:09:08 - [TEST_STEP][PASSED] - prettyJson = JsonBuilder(restRequest).toPrettyString(): null

22-01-2025T15:09:08 - [TEST_STEP][PASSED] - println(prettyJson): null

22-01-2025T15:09:08 - [TEST_STEP][PASSED] - sendRequestTextBox.sendKeys(prettyJson): null

22-01-2025T15:09:10 - [TEST_STEP][PASSED] - utils.clickSendButton(): null

22-01-2025T15:09:10 - [TEST_STEP][PASSED] - delay(3): Delayed 3 second(s)

22-01-2025T15:09:13 - [MESSAGE][PASSED] - Delayed 3 second(s)

22-01-2025T15:09:13 - [TEST_STEP][PASSED] - response = utils.getResponse(): null

22-01-2025T15:09:16 - [TEST_STEP][PASSED] - println(response): null

22-01-2025T15:09:16 - [TEST_STEP][PASSED] - validation1 = testdata["ContainsValidation"][i]: null

22-01-2025T15:09:16 - [TEST_STEP][PASSED] - println(validation1): null

22-01-2025T15:09:16 - [TEST_STEP][PASSED] - validation2 = testdata["NotContainsValidation"][i]: null

22-01-2025T15:09:16 - [TEST_STEP][PASSED] - println(validation2): null

22-01-2025T15:09:16 - [TEST_STEP][PASSED] - println(testdata["TCNumber"][i]): null

22-01-2025T15:09:16 - [TEST_STEP][PASSED] - assert response.contains(validation1): null

22-01-2025T15:09:16 - [TEST_STEP][PASSED] - assert response.contains(validation2) == false: null

22-01-2025T15:09:16 - [TEST_STEP][PASSED] - sendRequestTextBox.clear(): null

22-01-2025T15:09:16 - [TEST_STEP][PASSED] - cardNumber = testdata["cardNumber"][i]: null

22-01-2025T15:09:16 - [TEST_STEP][PASSED] - CNumber = cardNumber.replaceAll("\.0$", ""): null

22-01-2025T15:09:16 - [TEST_STEP][PASSED] - expirationMonth = testdata["expirationMonth"][i]: null

22-01-2025T15:09:16 - [TEST_STEP][PASSED] - xMonth = expirationMonth.replaceAll("\.0$", ""): null

22-01-2025T15:09:16 - [TEST_STEP][PASSED] - expirationYear = testdata["expirationYear"][i]: null

22-01-2025T15:09:16 - [TEST_STEP][PASSED] - xYear = expirationYear.replaceAll("\.0$", ""): null

22-01-2025T15:09:16 - [TEST_STEP][PASSED] - request = {
		"cardNumber": "$cardNumber",
		"expirationMonth": "$expirationMonth",
		"expirationYear": "$expirationYear",
		"accessToken": "$accessToken",
		"accountId": "$accountId"
		}: null

22-01-2025T15:09:16 - [TEST_STEP][PASSED] - restRequest = JsonSlurper().parseText(request): null

22-01-2025T15:09:16 - [TEST_STEP][PASSED] - prettyJson = JsonBuilder(restRequest).toPrettyString(): null

22-01-2025T15:09:16 - [TEST_STEP][PASSED] - println(prettyJson): null

22-01-2025T15:09:16 - [TEST_STEP][PASSED] - sendRequestTextBox.sendKeys(prettyJson): null

22-01-2025T15:09:17 - [TEST_STEP][PASSED] - utils.clickSendButton(): null

22-01-2025T15:09:18 - [TEST_STEP][PASSED] - delay(3): Delayed 3 second(s)

22-01-2025T15:09:21 - [MESSAGE][PASSED] - Delayed 3 second(s)

22-01-2025T15:09:21 - [TEST_STEP][PASSED] - response = utils.getResponse(): null

22-01-2025T15:09:21 - [TEST_STEP][PASSED] - println(response): null

22-01-2025T15:09:21 - [TEST_STEP][PASSED] - validation1 = testdata["ContainsValidation"][i]: null

22-01-2025T15:09:21 - [TEST_STEP][PASSED] - println(validation1): null

22-01-2025T15:09:21 - [TEST_STEP][PASSED] - validation2 = testdata["NotContainsValidation"][i]: null

22-01-2025T15:09:21 - [TEST_STEP][PASSED] - println(validation2): null

22-01-2025T15:09:21 - [TEST_STEP][PASSED] - println(testdata["TCNumber"][i]): null

22-01-2025T15:09:21 - [TEST_STEP][PASSED] - assert response.contains(validation1): null

22-01-2025T15:09:21 - [TEST_STEP][PASSED] - catch (AssertionError e): null

22-01-2025T15:09:21 - [TEST_STEP][PASSED] - takeScreenshot("./screenshots/Failed_Wallet_Delete.png"): Taking screenshot successfully

22-01-2025T15:09:22 - [MESSAGE][PASSED] - Taking screenshot successfully
[[ATTACHMENT|./screenshots/Failed_Wallet_Delete.png]]

22-01-2025T15:09:22 - [TEST_STEP][PASSED] - println(Assertion failed: $e.message): null

22-01-2025T15:09:22 - [TEST_STEP][PASSED] - e.printStackTrace(): null

22-01-2025T15:09:22 - [TEST_STEP][PASSED] - Finally: Browser is closed

22-01-2025T15:09:22 - [TEST_STEP][PASSED] - utils.closeBrowser(): Browser is closed

22-01-2025T15:09:24 - [MESSAGE][PASSED] - Delayed 2 second(s)

22-01-2025T15:09:24 - [MESSAGE][PASSED] - Browser is closed

22-01-2025T15:09:26 - [TEST_STEP][PASSED] - Video: Video recording for test case 'Test Cases/Web_Utilities_TestCases/Wallets/TC4_Wallet_Delete' .

22-01-2025T15:09:26 - [MESSAGE][INFO] - Video recording for test case 'Test Cases/Web_Utilities_TestCases/Wallets/TC4_Wallet_Delete' .]]></system-out>
         <system-err><![CDATA[]]></system-err>
      </testcase>
      <system-out><![CDATA[22-01-2025T15:07:41 - [TEST_SUITE][PASSED] - Wallets: Test Cases/Web_Utilities_TestCases/Wallets/TC4_Wallet_Delete]]></system-out>
      <system-err><![CDATA[]]></system-err>
   </testsuite>
</testsuites>
