<?xml version="1.0" encoding="UTF-8"?>
<testsuites name="ScheduledPayments" time="286.368" tests="4" failures="0" errors="0">
   <testsuite name="ScheduledPayments" tests="4" failures="0" errors="0" time="286.368" skipped="0" timestamp="29-04-2025T11:58:44" hostname="manilacel - localhost" id="Test Suites/PMT_Libraries/ScheduledPayments">
      <properties>
         <property name="deviceName" value=""/>
         <property name="devicePlatform"/>
         <property name="logFolder" value="/Users/manilacel/Library/CloudStorage/OneDrive-RoyalCaribbeanGroup/PMT/Git/payment.web-utility-automation/payment.web-utility-automation/Reports/20250429_115840/PMT_Libraries/ScheduledPayments/20250429_115841"/>
         <property name="logFiles" value="/Users/manilacel/Library/CloudStorage/OneDrive-RoyalCaribbeanGroup/PMT/Git/payment.web-utility-automation/payment.web-utility-automation/Reports/20250429_115840/PMT_Libraries/ScheduledPayments/20250429_115841/execution0.log"/>
         <property name="attachments" value="./screenshots/Failed_Scheduled_Add.png"/>
         <property name="hostName" value="manilacel - localhost"/>
         <property name="os" value="Mac OS X 64bit"/>
         <property name="katalonVersion" value="9.5.0.217"/>
         <property name="browser" value="Chrome 135.0.0.0"/>
         <property name="hostAddress" value="127.0.0.1"/>
         <property name="sessionId" value="c647b96037640e34c3c5c6911836c8b6"/>
         <property name="seleniumVersion" value="3.141.59"/>
         <property name="proxyInformation" value="ProxyInformation { proxyOption=NO_PROXY, proxyServerType=HTTP, username=, password=********, proxyServerAddress=, proxyServerPort=0, executionList=&quot;&quot;, isApplyToDesiredCapabilities=true }"/>
         <property name="platform" value="Mac OS X"/>
      </properties>
      <testcase name="Test Cases/Web_Utilities_TestCases/ScheduledPayments/TC1_ScheduledPayment_GetEligibility" time="97.55" classname="Test Cases/Web_Utilities_TestCases/ScheduledPayments/TC1_ScheduledPayment_GetEligibility" status="PASSED">
         <system-out><![CDATA[29-04-2025T11:58:44 - [TEST_CASE][PASSED] - Test Cases/Web_Utilities_TestCases/ScheduledPayments/TC1_ScheduledPayment_GetEligibility: Test Cases/Web_Utilities_TestCases/ScheduledPayments/TC1_ScheduledPayment_GetEligibility

29-04-2025T11:58:45 - [TEST_STEP][PASSED] - utils.openBrowserAndNavigateToPMT(): Navigate to 'https://dev1.payment.rccl.com/payment/utilities' successfully

29-04-2025T11:58:45 - [MESSAGE][INFO] - Starting 'Chrome' driver

29-04-2025T11:58:45 - [MESSAGE][INFO] - Action delay is set to 0 milliseconds

29-04-2025T11:58:47 - [MESSAGE][PASSED] - Browser is opened with url: ''

29-04-2025T11:58:48 - [MESSAGE][PASSED] - Current window maximized

29-04-2025T11:58:50 - [MESSAGE][PASSED] - Navigate to 'https://dev1.payment.rccl.com/payment/utilities' successfully

29-04-2025T11:58:50 - [TEST_STEP][PASSED] - try: null

29-04-2025T11:58:50 - [TEST_STEP][PASSED] - callTestCase(findTestCase("Re-Usable Script/SchedulePayment_GetEligibility"), [:], STOP_ON_FAILURE): Call Test Case 'Test Cases/Re-Usable Script/SchedulePayment_GetEligibility' successfully

29-04-2025T11:58:50 - [TEST_CASE][PASSED] - Test Cases/Re-Usable Script/SchedulePayment_GetEligibility: Test Cases/Re-Usable Script/SchedulePayment_GetEligibility

29-04-2025T11:58:51 - [TEST_STEP][PASSED] - driver = getWebDriver(): null

29-04-2025T11:58:51 - [TEST_STEP][PASSED] - utils.goToScheduledPayments(): null

29-04-2025T11:58:52 - [TEST_STEP][PASSED] - clickGetEligibility = xpath("//a[normalize-space()='Get Eligibility']")).click(): null

29-04-2025T11:58:53 - [TEST_STEP][PASSED] - EXCEL_PATH = "./Data Files/TestData.xlsx": null

29-04-2025T11:58:53 - [TEST_STEP][PASSED] - TAB = "ScheduledPayment_GetEligibility": null

29-04-2025T11:58:53 - [TEST_STEP][PASSED] - utils.selectEnvironment(ENV): null

29-04-2025T11:58:53 - [TEST_STEP][PASSED] - testdata = getdata.fromExcel(EXCEL_PATH, TAB): null

29-04-2025T11:58:54 - [TEST_STEP][PASSED] - for ([TestScenarioNumber = 0, TestScenarioNumber < testdata.size(), (TestScenarioNumber++)]): null

29-04-2025T11:58:54 - [TEST_STEP][PASSED] - println(testdata.size()): null

29-04-2025T11:58:54 - [TEST_STEP][PASSED] - getBookingData = CreateAndRetrieveBooking.Data(EXCEL_PATH, TAB, TestScenarioNumber): Delayed 5 second(s)

29-04-2025T11:59:10 - [MESSAGE][INFO] - HAR: /Users/manilacel/Library/CloudStorage/OneDrive-RoyalCaribbeanGroup/PMT/Git/payment.web-utility-automation/payment.web-utility-automation/Reports/20250429_115840/PMT_Libraries/ScheduledPayments/20250429_115841/requests/main/0.har

29-04-2025T11:59:10 - [MESSAGE][PASSED] - Send request successfully

29-04-2025T11:59:21 - [MESSAGE][PASSED] - Delayed 10 second(s)

29-04-2025T11:59:26 - [MESSAGE][INFO] - HAR: /Users/manilacel/Library/CloudStorage/OneDrive-RoyalCaribbeanGroup/PMT/Git/payment.web-utility-automation/payment.web-utility-automation/Reports/20250429_115840/PMT_Libraries/ScheduledPayments/20250429_115841/requests/main/1.har

29-04-2025T11:59:26 - [MESSAGE][PASSED] - Send request successfully

29-04-2025T11:59:31 - [MESSAGE][PASSED] - Delayed 5 second(s)

29-04-2025T11:59:31 - [TEST_STEP][PASSED] - println(getBookingData["BookingId"]): null

29-04-2025T11:59:31 - [TEST_STEP][PASSED] - println(getBookingData["BookingAccessToken"]): null

29-04-2025T11:59:31 - [TEST_STEP][PASSED] - println(getBookingData["PassengerId1"]): null

29-04-2025T11:59:31 - [TEST_STEP][PASSED] - println(getBookingData["PassengerId2"]): null

29-04-2025T11:59:31 - [TEST_STEP][PASSED] - delay(5): Delayed 5 second(s)

29-04-2025T11:59:36 - [MESSAGE][PASSED] - Delayed 5 second(s)

29-04-2025T11:59:36 - [TEST_STEP][PASSED] - bookingIdCol = testdata["BookingId"][TestScenarioNumber]: null

29-04-2025T11:59:36 - [TEST_STEP][PASSED] - BookingId = getBookingData["BookingId"]: null

29-04-2025T11:59:36 - [TEST_STEP][PASSED] - replaceBookingId = bookingIdCol.replace("BookingId", BookingId): null

29-04-2025T11:59:36 - [TEST_STEP][PASSED] - println(replaceBookingId): null

29-04-2025T11:59:36 - [TEST_STEP][PASSED] - sendRequestTextBox = driver.findElement(By.xpath("//textarea[@name='req']")): null

29-04-2025T11:59:37 - [TEST_STEP][PASSED] - sendRequestTextBox.clear(): null

29-04-2025T11:59:37 - [TEST_STEP][PASSED] - request = BookingId: null

29-04-2025T11:59:37 - [TEST_STEP][PASSED] - sendRequestTextBox.sendKeys(request): null

29-04-2025T11:59:37 - [TEST_STEP][PASSED] - println(request): null

29-04-2025T11:59:37 - [TEST_STEP][PASSED] - utils.clickSendButton(): null

29-04-2025T11:59:37 - [TEST_STEP][PASSED] - delay(3): Delayed 3 second(s)

29-04-2025T11:59:40 - [MESSAGE][PASSED] - Delayed 3 second(s)

29-04-2025T11:59:40 - [TEST_STEP][PASSED] - response = utils.getResponse(): null

29-04-2025T11:59:40 - [TEST_STEP][PASSED] - println(response): null

29-04-2025T11:59:40 - [TEST_STEP][PASSED] - validation1 = testdata["ContainsValidation"][TestScenarioNumber]: null

29-04-2025T11:59:40 - [TEST_STEP][PASSED] - println(validation1): null

29-04-2025T11:59:40 - [TEST_STEP][PASSED] - validation2 = testdata["NotContainsValidation"][TestScenarioNumber]: null

29-04-2025T11:59:40 - [TEST_STEP][PASSED] - println(validation2): null

29-04-2025T11:59:40 - [TEST_STEP][PASSED] - println(testdata["TCNumber"][TestScenarioNumber]): null

29-04-2025T11:59:40 - [TEST_STEP][PASSED] - assert response.contains(validation1): null

29-04-2025T11:59:40 - [TEST_STEP][PASSED] - assert response.contains(validation2) == false: null

29-04-2025T11:59:40 - [TEST_STEP][PASSED] - println("Test Scenario Number: " + TestScenarioNumber): null

29-04-2025T11:59:40 - [TEST_STEP][PASSED] - println(testdata.size()): null

29-04-2025T11:59:40 - [TEST_STEP][PASSED] - getBookingData = CreateAndRetrieveBooking.Data(EXCEL_PATH, TAB, TestScenarioNumber): Delayed 5 second(s)

29-04-2025T11:59:47 - [MESSAGE][INFO] - HAR: /Users/manilacel/Library/CloudStorage/OneDrive-RoyalCaribbeanGroup/PMT/Git/payment.web-utility-automation/payment.web-utility-automation/Reports/20250429_115840/PMT_Libraries/ScheduledPayments/20250429_115841/requests/main/2.har

29-04-2025T11:59:47 - [MESSAGE][PASSED] - Send request successfully

29-04-2025T11:59:57 - [MESSAGE][PASSED] - Delayed 10 second(s)

29-04-2025T12:00:00 - [MESSAGE][INFO] - HAR: /Users/manilacel/Library/CloudStorage/OneDrive-RoyalCaribbeanGroup/PMT/Git/payment.web-utility-automation/payment.web-utility-automation/Reports/20250429_115840/PMT_Libraries/ScheduledPayments/20250429_115841/requests/main/3.har

29-04-2025T12:00:00 - [MESSAGE][PASSED] - Send request successfully

29-04-2025T12:00:05 - [MESSAGE][PASSED] - Delayed 5 second(s)

29-04-2025T12:00:05 - [TEST_STEP][PASSED] - println(getBookingData["BookingId"]): null

29-04-2025T12:00:05 - [TEST_STEP][PASSED] - println(getBookingData["BookingAccessToken"]): null

29-04-2025T12:00:05 - [TEST_STEP][PASSED] - println(getBookingData["PassengerId1"]): null

29-04-2025T12:00:05 - [TEST_STEP][PASSED] - println(getBookingData["PassengerId2"]): null

29-04-2025T12:00:05 - [TEST_STEP][PASSED] - delay(5): Delayed 5 second(s)

29-04-2025T12:00:10 - [MESSAGE][PASSED] - Delayed 5 second(s)

29-04-2025T12:00:10 - [TEST_STEP][PASSED] - bookingIdCol = testdata["BookingId"][TestScenarioNumber]: null

29-04-2025T12:00:10 - [TEST_STEP][PASSED] - BookingId = getBookingData["BookingId"]: null

29-04-2025T12:00:10 - [TEST_STEP][PASSED] - replaceBookingId = bookingIdCol.replace("BookingId", BookingId): null

29-04-2025T12:00:10 - [TEST_STEP][PASSED] - println(replaceBookingId): null

29-04-2025T12:00:10 - [TEST_STEP][PASSED] - sendRequestTextBox = driver.findElement(By.xpath("//textarea[@name='req']")): null

29-04-2025T12:00:10 - [TEST_STEP][PASSED] - sendRequestTextBox.clear(): null

29-04-2025T12:00:10 - [TEST_STEP][PASSED] - request = BookingId: null

29-04-2025T12:00:10 - [TEST_STEP][PASSED] - sendRequestTextBox.sendKeys(request): null

29-04-2025T12:00:10 - [TEST_STEP][PASSED] - println(request): null

29-04-2025T12:00:10 - [TEST_STEP][PASSED] - utils.clickSendButton(): null

29-04-2025T12:00:11 - [TEST_STEP][PASSED] - delay(3): Delayed 3 second(s)

29-04-2025T12:00:14 - [MESSAGE][PASSED] - Delayed 3 second(s)

29-04-2025T12:00:14 - [TEST_STEP][PASSED] - response = utils.getResponse(): null

29-04-2025T12:00:14 - [TEST_STEP][PASSED] - println(response): null

29-04-2025T12:00:14 - [TEST_STEP][PASSED] - validation1 = testdata["ContainsValidation"][TestScenarioNumber]: null

29-04-2025T12:00:14 - [TEST_STEP][PASSED] - println(validation1): null

29-04-2025T12:00:14 - [TEST_STEP][PASSED] - validation2 = testdata["NotContainsValidation"][TestScenarioNumber]: null

29-04-2025T12:00:14 - [TEST_STEP][PASSED] - println(validation2): null

29-04-2025T12:00:14 - [TEST_STEP][PASSED] - println(testdata["TCNumber"][TestScenarioNumber]): null

29-04-2025T12:00:14 - [TEST_STEP][PASSED] - assert response.contains(validation1): null

29-04-2025T12:00:14 - [TEST_STEP][PASSED] - assert response.contains(validation2) == false: null

29-04-2025T12:00:14 - [TEST_STEP][PASSED] - println("Test Scenario Number: " + TestScenarioNumber): null

29-04-2025T12:00:14 - [MESSAGE][PASSED] - Call Test Case 'Test Cases/Re-Usable Script/SchedulePayment_GetEligibility' successfully

29-04-2025T12:00:14 - [TEST_STEP][PASSED] - cancelBookingRequest = findTestObject("CancelBooking"): null

29-04-2025T12:00:14 - [TEST_STEP][PASSED] - cancelBookingResponse = sendRequest(cancelBookingRequest): Send request successfully

29-04-2025T12:00:18 - [MESSAGE][INFO] - HAR: /Users/manilacel/Library/CloudStorage/OneDrive-RoyalCaribbeanGroup/PMT/Git/payment.web-utility-automation/payment.web-utility-automation/Reports/20250429_115840/PMT_Libraries/ScheduledPayments/20250429_115841/requests/main/4.har

29-04-2025T12:00:18 - [MESSAGE][PASSED] - Send request successfully

29-04-2025T12:00:18 - [TEST_STEP][PASSED] - cancelBookingJsonResponse = JsonSlurper().parseText(cancelBookingResponse.getResponseText()): null

29-04-2025T12:00:18 - [TEST_STEP][PASSED] - println(cancelBookingJsonResponse): null

29-04-2025T12:00:18 - [TEST_STEP][PASSED] - Finally: Browser is closed

29-04-2025T12:00:18 - [TEST_STEP][PASSED] - utils.closeBrowser(): Browser is closed

29-04-2025T12:00:20 - [MESSAGE][PASSED] - Delayed 2 second(s)

29-04-2025T12:00:20 - [MESSAGE][PASSED] - Browser is closed

29-04-2025T12:00:22 - [TEST_STEP][PASSED] - Video: Video recording for test case 'Test Cases/Web_Utilities_TestCases/ScheduledPayments/TC1_ScheduledPayment_GetEligibility' .

29-04-2025T12:00:22 - [MESSAGE][INFO] - Video recording for test case 'Test Cases/Web_Utilities_TestCases/ScheduledPayments/TC1_ScheduledPayment_GetEligibility' .]]></system-out>
         <system-err><![CDATA[]]></system-err>
      </testcase>
      <testcase name="Test Cases/Web_Utilities_TestCases/ScheduledPayments/TC3_ScheduledPayment_Add" time="109.073" classname="Test Cases/Web_Utilities_TestCases/ScheduledPayments/TC3_ScheduledPayment_Add" status="PASSED">
         <system-out><![CDATA[29-04-2025T12:00:22 - [TEST_CASE][PASSED] - Test Cases/Web_Utilities_TestCases/ScheduledPayments/TC3_ScheduledPayment_Add: Test Cases/Web_Utilities_TestCases/ScheduledPayments/TC3_ScheduledPayment_Add

29-04-2025T12:00:22 - [TEST_STEP][PASSED] - utils.openBrowserAndNavigateToPMT(): Navigate to 'https://dev1.payment.rccl.com/payment/utilities' successfully

29-04-2025T12:00:22 - [MESSAGE][INFO] - Starting 'Chrome' driver

29-04-2025T12:00:22 - [MESSAGE][INFO] - Action delay is set to 0 milliseconds

29-04-2025T12:00:24 - [MESSAGE][PASSED] - Browser is opened with url: ''

29-04-2025T12:00:24 - [MESSAGE][PASSED] - Current window maximized

29-04-2025T12:00:28 - [MESSAGE][PASSED] - Navigate to 'https://dev1.payment.rccl.com/payment/utilities' successfully

29-04-2025T12:00:28 - [TEST_STEP][PASSED] - try: null

29-04-2025T12:00:28 - [TEST_STEP][PASSED] - EXCEL_PATH = "./Data Files/TestData.xlsx": null

29-04-2025T12:00:28 - [TEST_STEP][PASSED] - TAB = "ScheduledPayment_Add": null

29-04-2025T12:00:28 - [TEST_STEP][PASSED] - testdata = getdata.fromExcel(EXCEL_PATH, TAB): null

29-04-2025T12:00:28 - [TEST_STEP][PASSED] - for ([TestScenarioNumber = 0, TestScenarioNumber < testdata.size(), (TestScenarioNumber++)]): null

29-04-2025T12:00:28 - [TEST_STEP][PASSED] - callTestCase(findTestCase("Re-Usable Script/SchedulePayment_ConfirmWithRequest"), [:], STOP_ON_FAILURE): Call Test Case 'Test Cases/Re-Usable Script/SchedulePayment_ConfirmWithRequest' successfully

29-04-2025T12:00:28 - [TEST_CASE][PASSED] - Test Cases/Re-Usable Script/SchedulePayment_ConfirmWithRequest: Test Cases/Re-Usable Script/SchedulePayment_ConfirmWithRequest

29-04-2025T12:00:29 - [TEST_STEP][PASSED] - utils.openBrowserAndNavigateToPMT(): Navigate to 'https://dev1.payment.rccl.com/payment/utilities' successfully

29-04-2025T12:00:29 - [MESSAGE][WARNING] - A browser is already opened. Closing browser and opening a new one

29-04-2025T12:00:29 - [MESSAGE][INFO] - Starting 'Chrome' driver

29-04-2025T12:00:29 - [MESSAGE][INFO] - Action delay is set to 0 milliseconds

29-04-2025T12:00:30 - [MESSAGE][PASSED] - Browser is opened with url: ''

29-04-2025T12:00:31 - [MESSAGE][PASSED] - Current window maximized

29-04-2025T12:00:35 - [MESSAGE][PASSED] - Navigate to 'https://dev1.payment.rccl.com/payment/utilities' successfully

29-04-2025T12:00:35 - [TEST_STEP][PASSED] - EXCEL_PATH = "./Data Files/TestData.xlsx": null

29-04-2025T12:00:35 - [TEST_STEP][PASSED] - TAB = "ScheduledPayment_ConfirmWithReq": null

29-04-2025T12:00:35 - [TEST_STEP][PASSED] - testdata = getdata.fromExcel(EXCEL_PATH, TAB): null

29-04-2025T12:00:35 - [TEST_STEP][PASSED] - for ([TestScenarioNumber = 0, TestScenarioNumber < testdata.size(), (TestScenarioNumber++)]): null

29-04-2025T12:00:35 - [TEST_STEP][PASSED] - callTestCase(findTestCase("Re-Usable Script/SchedulePayment_GetEligibility"), [:], STOP_ON_FAILURE): Call Test Case 'Test Cases/Re-Usable Script/SchedulePayment_GetEligibility' successfully

29-04-2025T12:00:35 - [TEST_CASE][PASSED] - Test Cases/Re-Usable Script/SchedulePayment_GetEligibility: Test Cases/Re-Usable Script/SchedulePayment_GetEligibility

29-04-2025T12:00:35 - [TEST_STEP][PASSED] - driver = getWebDriver(): null

29-04-2025T12:00:35 - [TEST_STEP][PASSED] - utils.goToScheduledPayments(): null

29-04-2025T12:00:39 - [TEST_STEP][PASSED] - clickGetEligibility = xpath("//a[normalize-space()='Get Eligibility']")).click(): null

29-04-2025T12:00:40 - [TEST_STEP][PASSED] - EXCEL_PATH = "./Data Files/TestData.xlsx": null

29-04-2025T12:00:40 - [TEST_STEP][PASSED] - TAB = "ScheduledPayment_GetEligibility": null

29-04-2025T12:00:40 - [TEST_STEP][PASSED] - utils.selectEnvironment(ENV): null

29-04-2025T12:00:42 - [TEST_STEP][PASSED] - testdata = getdata.fromExcel(EXCEL_PATH, TAB): null

29-04-2025T12:00:42 - [TEST_STEP][PASSED] - for ([TestScenarioNumber = 0, TestScenarioNumber < testdata.size(), (TestScenarioNumber++)]): null

29-04-2025T12:00:42 - [TEST_STEP][PASSED] - println(testdata.size()): null

29-04-2025T12:00:42 - [TEST_STEP][PASSED] - getBookingData = CreateAndRetrieveBooking.Data(EXCEL_PATH, TAB, TestScenarioNumber): Delayed 5 second(s)

29-04-2025T12:00:48 - [MESSAGE][INFO] - HAR: /Users/manilacel/Library/CloudStorage/OneDrive-RoyalCaribbeanGroup/PMT/Git/payment.web-utility-automation/payment.web-utility-automation/Reports/20250429_115840/PMT_Libraries/ScheduledPayments/20250429_115841/requests/main/5.har

29-04-2025T12:00:48 - [MESSAGE][PASSED] - Send request successfully

29-04-2025T12:00:58 - [MESSAGE][PASSED] - Delayed 10 second(s)

29-04-2025T12:01:00 - [MESSAGE][INFO] - HAR: /Users/manilacel/Library/CloudStorage/OneDrive-RoyalCaribbeanGroup/PMT/Git/payment.web-utility-automation/payment.web-utility-automation/Reports/20250429_115840/PMT_Libraries/ScheduledPayments/20250429_115841/requests/main/6.har

29-04-2025T12:01:00 - [MESSAGE][PASSED] - Send request successfully

29-04-2025T12:01:05 - [MESSAGE][PASSED] - Delayed 5 second(s)

29-04-2025T12:01:05 - [TEST_STEP][PASSED] - println(getBookingData["BookingId"]): null

29-04-2025T12:01:05 - [TEST_STEP][PASSED] - println(getBookingData["BookingAccessToken"]): null

29-04-2025T12:01:05 - [TEST_STEP][PASSED] - println(getBookingData["PassengerId1"]): null

29-04-2025T12:01:05 - [TEST_STEP][PASSED] - println(getBookingData["PassengerId2"]): null

29-04-2025T12:01:05 - [TEST_STEP][PASSED] - delay(5): Delayed 5 second(s)

29-04-2025T12:01:10 - [MESSAGE][PASSED] - Delayed 5 second(s)

29-04-2025T12:01:10 - [TEST_STEP][PASSED] - bookingIdCol = testdata["BookingId"][TestScenarioNumber]: null

29-04-2025T12:01:10 - [TEST_STEP][PASSED] - BookingId = getBookingData["BookingId"]: null

29-04-2025T12:01:10 - [TEST_STEP][PASSED] - replaceBookingId = bookingIdCol.replace("BookingId", BookingId): null

29-04-2025T12:01:10 - [TEST_STEP][PASSED] - println(replaceBookingId): null

29-04-2025T12:01:10 - [TEST_STEP][PASSED] - sendRequestTextBox = driver.findElement(By.xpath("//textarea[@name='req']")): null

29-04-2025T12:01:11 - [TEST_STEP][PASSED] - sendRequestTextBox.clear(): null

29-04-2025T12:01:11 - [TEST_STEP][PASSED] - request = BookingId: null

29-04-2025T12:01:11 - [TEST_STEP][PASSED] - sendRequestTextBox.sendKeys(request): null

29-04-2025T12:01:11 - [TEST_STEP][PASSED] - println(request): null

29-04-2025T12:01:11 - [TEST_STEP][PASSED] - utils.clickSendButton(): null

29-04-2025T12:01:11 - [TEST_STEP][PASSED] - delay(3): Delayed 3 second(s)

29-04-2025T12:01:14 - [MESSAGE][PASSED] - Delayed 3 second(s)

29-04-2025T12:01:14 - [TEST_STEP][PASSED] - response = utils.getResponse(): null

29-04-2025T12:01:14 - [TEST_STEP][PASSED] - println(response): null

29-04-2025T12:01:14 - [TEST_STEP][PASSED] - validation1 = testdata["ContainsValidation"][TestScenarioNumber]: null

29-04-2025T12:01:14 - [TEST_STEP][PASSED] - println(validation1): null

29-04-2025T12:01:14 - [TEST_STEP][PASSED] - validation2 = testdata["NotContainsValidation"][TestScenarioNumber]: null

29-04-2025T12:01:14 - [TEST_STEP][PASSED] - println(validation2): null

29-04-2025T12:01:14 - [TEST_STEP][PASSED] - println(testdata["TCNumber"][TestScenarioNumber]): null

29-04-2025T12:01:14 - [TEST_STEP][PASSED] - assert response.contains(validation1): null

29-04-2025T12:01:14 - [TEST_STEP][PASSED] - assert response.contains(validation2) == false: null

29-04-2025T12:01:14 - [TEST_STEP][PASSED] - println("Test Scenario Number: " + TestScenarioNumber): null

29-04-2025T12:01:14 - [TEST_STEP][PASSED] - println(testdata.size()): null

29-04-2025T12:01:14 - [TEST_STEP][PASSED] - getBookingData = CreateAndRetrieveBooking.Data(EXCEL_PATH, TAB, TestScenarioNumber): Delayed 5 second(s)

29-04-2025T12:01:21 - [MESSAGE][INFO] - HAR: /Users/manilacel/Library/CloudStorage/OneDrive-RoyalCaribbeanGroup/PMT/Git/payment.web-utility-automation/payment.web-utility-automation/Reports/20250429_115840/PMT_Libraries/ScheduledPayments/20250429_115841/requests/main/7.har

29-04-2025T12:01:21 - [MESSAGE][PASSED] - Send request successfully

29-04-2025T12:01:31 - [MESSAGE][PASSED] - Delayed 10 second(s)

29-04-2025T12:01:34 - [MESSAGE][INFO] - HAR: /Users/manilacel/Library/CloudStorage/OneDrive-RoyalCaribbeanGroup/PMT/Git/payment.web-utility-automation/payment.web-utility-automation/Reports/20250429_115840/PMT_Libraries/ScheduledPayments/20250429_115841/requests/main/8.har

29-04-2025T12:01:34 - [MESSAGE][PASSED] - Send request successfully

29-04-2025T12:01:39 - [MESSAGE][PASSED] - Delayed 5 second(s)

29-04-2025T12:01:39 - [TEST_STEP][PASSED] - println(getBookingData["BookingId"]): null

29-04-2025T12:01:39 - [TEST_STEP][PASSED] - println(getBookingData["BookingAccessToken"]): null

29-04-2025T12:01:39 - [TEST_STEP][PASSED] - println(getBookingData["PassengerId1"]): null

29-04-2025T12:01:39 - [TEST_STEP][PASSED] - println(getBookingData["PassengerId2"]): null

29-04-2025T12:01:39 - [TEST_STEP][PASSED] - delay(5): Delayed 5 second(s)

29-04-2025T12:01:44 - [MESSAGE][PASSED] - Delayed 5 second(s)

29-04-2025T12:01:44 - [TEST_STEP][PASSED] - bookingIdCol = testdata["BookingId"][TestScenarioNumber]: null

29-04-2025T12:01:44 - [TEST_STEP][PASSED] - BookingId = getBookingData["BookingId"]: null

29-04-2025T12:01:44 - [TEST_STEP][PASSED] - replaceBookingId = bookingIdCol.replace("BookingId", BookingId): null

29-04-2025T12:01:44 - [TEST_STEP][PASSED] - println(replaceBookingId): null

29-04-2025T12:01:44 - [TEST_STEP][PASSED] - sendRequestTextBox = driver.findElement(By.xpath("//textarea[@name='req']")): null

29-04-2025T12:01:45 - [TEST_STEP][PASSED] - sendRequestTextBox.clear(): null

29-04-2025T12:01:45 - [TEST_STEP][PASSED] - request = BookingId: null

29-04-2025T12:01:45 - [TEST_STEP][PASSED] - sendRequestTextBox.sendKeys(request): null

29-04-2025T12:01:45 - [TEST_STEP][PASSED] - println(request): null

29-04-2025T12:01:45 - [TEST_STEP][PASSED] - utils.clickSendButton(): null

29-04-2025T12:01:45 - [TEST_STEP][PASSED] - delay(3): Delayed 3 second(s)

29-04-2025T12:01:48 - [MESSAGE][PASSED] - Delayed 3 second(s)

29-04-2025T12:01:48 - [TEST_STEP][PASSED] - response = utils.getResponse(): null

29-04-2025T12:01:48 - [TEST_STEP][PASSED] - println(response): null

29-04-2025T12:01:48 - [TEST_STEP][PASSED] - validation1 = testdata["ContainsValidation"][TestScenarioNumber]: null

29-04-2025T12:01:48 - [TEST_STEP][PASSED] - println(validation1): null

29-04-2025T12:01:48 - [TEST_STEP][PASSED] - validation2 = testdata["NotContainsValidation"][TestScenarioNumber]: null

29-04-2025T12:01:48 - [TEST_STEP][PASSED] - println(validation2): null

29-04-2025T12:01:48 - [TEST_STEP][PASSED] - println(testdata["TCNumber"][TestScenarioNumber]): null

29-04-2025T12:01:48 - [TEST_STEP][PASSED] - assert response.contains(validation1): null

29-04-2025T12:01:48 - [TEST_STEP][PASSED] - assert response.contains(validation2) == false: null

29-04-2025T12:01:48 - [TEST_STEP][PASSED] - println("Test Scenario Number: " + TestScenarioNumber): null

29-04-2025T12:01:48 - [MESSAGE][PASSED] - Call Test Case 'Test Cases/Re-Usable Script/SchedulePayment_GetEligibility' successfully

29-04-2025T12:01:48 - [TEST_STEP][PASSED] - driver = getWebDriver(): null

29-04-2025T12:01:48 - [TEST_STEP][PASSED] - getConfrimWithReq = xpath("//a[normalize-space()='Confirm with Request']")).click(): null

29-04-2025T12:01:48 - [TEST_STEP][PASSED] - utils.selectEnvironment(ENV): null

29-04-2025T12:01:50 - [TEST_STEP][PASSED] - sendRequestTextBox = driver.findElement(By.xpath("//textarea[@name='req']")): null

29-04-2025T12:01:50 - [TEST_STEP][PASSED] - sendRequestTextBox.clear(): null

29-04-2025T12:01:50 - [TEST_STEP][PASSED] - cardNumber = testdata["cardNumber"][TestScenarioNumber]: null

29-04-2025T12:01:50 - [TEST_STEP][PASSED] - CNumber = cardNumber.replaceAll("\.0$", ""): null

29-04-2025T12:01:50 - [TEST_STEP][PASSED] - expirationMonth = testdata["expirationMonth"][TestScenarioNumber]: null

29-04-2025T12:01:50 - [TEST_STEP][PASSED] - xMonth = expirationMonth.replaceAll("\.0$", ""): null

29-04-2025T12:01:50 - [TEST_STEP][PASSED] - expirationYear = testdata["expirationYear"][TestScenarioNumber]: null

29-04-2025T12:01:50 - [TEST_STEP][PASSED] - xYear = expirationYear.replaceAll("\.0$", ""): null

29-04-2025T12:01:50 - [TEST_STEP][PASSED] - cardholderName = testdata["cardholderName"][TestScenarioNumber]: null

29-04-2025T12:01:50 - [TEST_STEP][PASSED] - addressOne = testdata["addressOne"][TestScenarioNumber]: null

29-04-2025T12:01:50 - [TEST_STEP][PASSED] - addressTwo = testdata["addressTwo"][TestScenarioNumber]: null

29-04-2025T12:01:50 - [TEST_STEP][PASSED] - city = testdata["city"][TestScenarioNumber]: null

29-04-2025T12:01:50 - [TEST_STEP][PASSED] - state = testdata["state"][TestScenarioNumber]: null

29-04-2025T12:01:50 - [TEST_STEP][PASSED] - zipCode = testdata["zipCode"][TestScenarioNumber]: null

29-04-2025T12:01:50 - [TEST_STEP][PASSED] - countryCode = testdata["countryCode"][TestScenarioNumber]: null

29-04-2025T12:01:50 - [TEST_STEP][PASSED] - action = testdata["action"][TestScenarioNumber]: null

29-04-2025T12:01:50 - [TEST_STEP][PASSED] - scheduledDate = testdata["scheduledDate"][TestScenarioNumber]: null

29-04-2025T12:01:50 - [TEST_STEP][PASSED] - xscheduledDate = scheduledDate.replaceAll("\.0$", ""): null

29-04-2025T12:01:50 - [TEST_STEP][PASSED] - totalAmount = testdata["totalAmount"][TestScenarioNumber]: null

29-04-2025T12:01:50 - [TEST_STEP][PASSED] - amount1 = testdata["amount1"][TestScenarioNumber]: null

29-04-2025T12:01:50 - [TEST_STEP][PASSED] - amount2 = testdata["amount2"][TestScenarioNumber]: null

29-04-2025T12:01:50 - [TEST_STEP][PASSED] - request = {
				  "payments": [
				    {
				      "cardInfo": {
				        "cardNumber": "$cardNumber",
				        "expirationMonth": "$expirationMonth",
				        "expirationYear": "$expirationYear",
				        "cardholderName": "$cardholderName",
				        "billingAddress": {
				          "lineOne": "$addressOne",
				          "lineTwo": "$addressTwo",
				          "city": "$city",
				          "state": "$state",
				          "zipCode": "$zipCode",
				          "countryCode": "$countryCode"
				        }
				      },
				      "scheduledPayments": [
				        {
				          "action": "$action",
				          "scheduledDate": "$scheduledDate",
				          "totalAmount": $totalAmount,
				          "passengerAmountAllocation": [
				            {
				              "passengerId": "$GlobalVariable.GuestRefNumber1",
				              "amount": $amount1
				            },
				            {
				              "passengerId": "$GlobalVariable.GuestRefNumber2",
				              "amount": $amount2
				            }
				          ]
				        }
				      ]
				    }
				  ]
				}: null

29-04-2025T12:01:50 - [TEST_STEP][PASSED] - restRequest = JsonSlurper().parseText(request): null

29-04-2025T12:01:50 - [TEST_STEP][PASSED] - prettyJson = JsonBuilder(restRequest).toPrettyString(): null

29-04-2025T12:01:50 - [TEST_STEP][PASSED] - println(prettyJson): null

29-04-2025T12:01:50 - [TEST_STEP][PASSED] - sendRequestTextBox.sendKeys(prettyJson): null

29-04-2025T12:01:51 - [TEST_STEP][PASSED] - utils.clickSendButton(): null

29-04-2025T12:01:52 - [MESSAGE][PASSED] - Call Test Case 'Test Cases/Re-Usable Script/SchedulePayment_ConfirmWithRequest' successfully

29-04-2025T12:01:52 - [TEST_STEP][PASSED] - driver = getWebDriver(): null

29-04-2025T12:01:52 - [TEST_STEP][PASSED] - clickADD = xpath("//a[normalize-space()='Add']")).click(): null

29-04-2025T12:01:56 - [TEST_STEP][PASSED] - utils.selectEnvironment(ENV): null

29-04-2025T12:01:57 - [TEST_STEP][PASSED] - sendRequestTextBox = driver.findElement(By.xpath("//textarea[@name='req']")): null

29-04-2025T12:01:57 - [TEST_STEP][PASSED] - sendRequestTextBox.clear(): null

29-04-2025T12:01:57 - [TEST_STEP][PASSED] - cardNumber = testdata["cardNumber"][TestScenarioNumber]: null

29-04-2025T12:01:57 - [TEST_STEP][PASSED] - CNumber = cardNumber.replaceAll("\.0$", ""): null

29-04-2025T12:01:57 - [TEST_STEP][PASSED] - expirationMonth = testdata["expirationMonth"][TestScenarioNumber]: null

29-04-2025T12:01:57 - [TEST_STEP][PASSED] - xMonth = expirationMonth.replaceAll("\.0$", ""): null

29-04-2025T12:01:57 - [TEST_STEP][PASSED] - expirationYear = testdata["expirationYear"][TestScenarioNumber]: null

29-04-2025T12:01:57 - [TEST_STEP][PASSED] - xYear = expirationYear.replaceAll("\.0$", ""): null

29-04-2025T12:01:57 - [TEST_STEP][PASSED] - cardholderName = testdata["cardholderName"][TestScenarioNumber]: null

29-04-2025T12:01:57 - [TEST_STEP][PASSED] - addressOne = testdata["addressOne"][TestScenarioNumber]: null

29-04-2025T12:01:57 - [TEST_STEP][PASSED] - addressTwo = testdata["addressTwo"][TestScenarioNumber]: null

29-04-2025T12:01:57 - [TEST_STEP][PASSED] - city = testdata["city"][TestScenarioNumber]: null

29-04-2025T12:01:57 - [TEST_STEP][PASSED] - state = testdata["state"][TestScenarioNumber]: null

29-04-2025T12:01:57 - [TEST_STEP][PASSED] - zipCode = testdata["zipCode"][TestScenarioNumber]: null

29-04-2025T12:01:57 - [TEST_STEP][PASSED] - countryCode = testdata["countryCode"][TestScenarioNumber]: null

29-04-2025T12:01:57 - [TEST_STEP][PASSED] - action = testdata["action"][TestScenarioNumber]: null

29-04-2025T12:01:57 - [TEST_STEP][PASSED] - scheduledDate = testdata["scheduledDate"][TestScenarioNumber]: null

29-04-2025T12:01:57 - [TEST_STEP][PASSED] - xscheduledDate = scheduledDate.replaceAll("\.0$", ""): null

29-04-2025T12:01:57 - [TEST_STEP][PASSED] - totalAmount = testdata["totalAmount"][TestScenarioNumber]: null

29-04-2025T12:01:57 - [TEST_STEP][PASSED] - amount1 = testdata["amount1"][TestScenarioNumber]: null

29-04-2025T12:01:57 - [TEST_STEP][PASSED] - amount2 = testdata["amount2"][TestScenarioNumber]: null

29-04-2025T12:01:57 - [TEST_STEP][PASSED] - request = {
			    "cardInfo": {
			        "cardNumber": "$cardNumber",
			        "expirationMonth": "$expirationMonth",
			        "expirationYear": "$expirationYear",
			        "cardholderName": "$cardholderName",
			        "billingAddress": {
			            "lineOne": "$addressOne",
			            "lineTwo": "$addressTwo",
			            "city": "$city",
			            "state": "$state",
			            "zipCode": "$zipCode",
			            "countryCode": "$countryCode"
			        }
			    },
			    "scheduledPayments": [
			        {
			            "scheduledDate": "$scheduledDate",
			            "totalAmount": $totalAmount,
			            "passengerAmountAllocation": [
			                {
			                    "passengerId": "$GlobalVariable.GuestRefNumber1",
			                    "amount": $amount1
			                },
			                {
			                    "passengerId": "$GlobalVariable.GuestRefNumber2",
			                    "amount": $amount2
			                }
			            ]
			        }
			    ]
			}: null

29-04-2025T12:01:57 - [TEST_STEP][PASSED] - restRequest = JsonSlurper().parseText(request): null

29-04-2025T12:01:57 - [TEST_STEP][PASSED] - prettyJson = JsonBuilder(restRequest).toPrettyString(): null

29-04-2025T12:01:57 - [TEST_STEP][PASSED] - println(prettyJson): null

29-04-2025T12:01:57 - [TEST_STEP][PASSED] - sendRequestTextBox.sendKeys(prettyJson): null

29-04-2025T12:01:58 - [TEST_STEP][PASSED] - utils.clickSendButton(): null

29-04-2025T12:01:58 - [TEST_STEP][PASSED] - delay(3): Delayed 3 second(s)

29-04-2025T12:02:01 - [MESSAGE][PASSED] - Delayed 3 second(s)

29-04-2025T12:02:01 - [TEST_STEP][PASSED] - response = utils.getResponse(): null

29-04-2025T12:02:02 - [TEST_STEP][PASSED] - println(response): null

29-04-2025T12:02:02 - [TEST_STEP][PASSED] - cancelBookingRequest = findTestObject("CancelBooking"): null

29-04-2025T12:02:02 - [TEST_STEP][PASSED] - cancelBookingResponse = sendRequest(cancelBookingRequest): Send request successfully

29-04-2025T12:02:05 - [MESSAGE][INFO] - HAR: /Users/manilacel/Library/CloudStorage/OneDrive-RoyalCaribbeanGroup/PMT/Git/payment.web-utility-automation/payment.web-utility-automation/Reports/20250429_115840/PMT_Libraries/ScheduledPayments/20250429_115841/requests/main/9.har

29-04-2025T12:02:05 - [MESSAGE][PASSED] - Send request successfully

29-04-2025T12:02:05 - [TEST_STEP][PASSED] - cancelBookingJsonResponse = JsonSlurper().parseText(cancelBookingResponse.getResponseText()): null

29-04-2025T12:02:05 - [TEST_STEP][PASSED] - println(cancelBookingJsonResponse): null

29-04-2025T12:02:05 - [TEST_STEP][PASSED] - validation1 = testdata["ContainsValidation"][TestScenarioNumber]: null

29-04-2025T12:02:05 - [TEST_STEP][PASSED] - println(validation1): null

29-04-2025T12:02:05 - [TEST_STEP][PASSED] - validation2 = testdata["NotContainsValidation"][TestScenarioNumber]: null

29-04-2025T12:02:05 - [TEST_STEP][PASSED] - println(validation2): null

29-04-2025T12:02:05 - [TEST_STEP][PASSED] - println(testdata["TestScenarioNumber"][TestScenarioNumber]): null

29-04-2025T12:02:05 - [TEST_STEP][PASSED] - assert response.contains(validation1): null

29-04-2025T12:02:05 - [TEST_STEP][PASSED] - catch (AssertionError e): null

29-04-2025T12:02:05 - [TEST_STEP][PASSED] - takeScreenshot("./screenshots/Failed_Scheduled_Add.png"): Taking screenshot successfully

29-04-2025T12:02:07 - [MESSAGE][PASSED] - Taking screenshot successfully
[[ATTACHMENT|./screenshots/Failed_Scheduled_Add.png]]

29-04-2025T12:02:07 - [TEST_STEP][PASSED] - println(Assertion failed: $e.message): null

29-04-2025T12:02:07 - [TEST_STEP][PASSED] - e.printStackTrace(): null

29-04-2025T12:02:07 - [TEST_STEP][PASSED] - Finally: Browser is closed

29-04-2025T12:02:07 - [TEST_STEP][PASSED] - utils.closeBrowser(): Browser is closed

29-04-2025T12:02:09 - [MESSAGE][PASSED] - Delayed 2 second(s)

29-04-2025T12:02:09 - [MESSAGE][PASSED] - Browser is closed

29-04-2025T12:02:11 - [TEST_STEP][PASSED] - Video: Video recording for test case 'Test Cases/Web_Utilities_TestCases/ScheduledPayments/TC3_ScheduledPayment_Add' .

29-04-2025T12:02:11 - [MESSAGE][INFO] - Video recording for test case 'Test Cases/Web_Utilities_TestCases/ScheduledPayments/TC3_ScheduledPayment_Add' .]]></system-out>
         <system-err><![CDATA[]]></system-err>
      </testcase>
      <testcase name="Test Cases/Web_Utilities_TestCases/ScheduledPayments/TC2_ScheduledPayment_ConfirmWithRequest" time="17.73" classname="Test Cases/Web_Utilities_TestCases/ScheduledPayments/TC2_ScheduledPayment_ConfirmWithRequest" status="PASSED">
         <system-out><![CDATA[29-04-2025T12:02:11 - [TEST_CASE][PASSED] - Test Cases/Web_Utilities_TestCases/ScheduledPayments/TC2_ScheduledPayment_ConfirmWithRequest: Test Cases/Web_Utilities_TestCases/ScheduledPayments/TC2_ScheduledPayment_ConfirmWithRequest

29-04-2025T12:02:11 - [TEST_STEP][PASSED] - utils.openBrowserAndNavigateToPMT(): Navigate to 'https://dev1.payment.rccl.com/payment/utilities' successfully

29-04-2025T12:02:11 - [MESSAGE][INFO] - Starting 'Chrome' driver

29-04-2025T12:02:11 - [MESSAGE][INFO] - Action delay is set to 0 milliseconds

29-04-2025T12:02:12 - [MESSAGE][PASSED] - Browser is opened with url: ''

29-04-2025T12:02:13 - [MESSAGE][PASSED] - Current window maximized

29-04-2025T12:02:16 - [MESSAGE][PASSED] - Navigate to 'https://dev1.payment.rccl.com/payment/utilities' successfully

29-04-2025T12:02:16 - [TEST_STEP][FAILED] - try: Unable to call Test Case 'Test Cases/Re-Usable Script/SchedulePayment_ConfirmWithRequest' (Root cause: com.kms.katalon.core.exception.StepErrorException: Call Test Case 'Test Cases/Re-Usable Script/SchedulePayment_ConfirmWithRequest' failed because of error(s)
	at com.kms.katalon.core.keyword.builtin.CallTestCaseKeyword$_callTestCase_closure1.doCall(CallTestCaseKeyword.groovy:66)
	at com.kms.katalon.core.keyword.builtin.CallTestCaseKeyword$_callTestCase_closure1.call(CallTestCaseKeyword.groovy)
	at com.kms.katalon.core.keyword.internal.KeywordMain.runKeyword(KeywordMain.groovy:75)
	at com.kms.katalon.core.keyword.builtin.CallTestCaseKeyword.callTestCase(CallTestCaseKeyword.groovy:81)
	at com.kms.katalon.core.keyword.builtin.CallTestCaseKeyword.execute(CallTestCaseKeyword.groovy:44)
	at com.kms.katalon.core.keyword.internal.KeywordExecutor.executeKeywordForPlatform(KeywordExecutor.groovy:74)
	at com.kms.katalon.core.keyword.BuiltinKeywords.callTestCase(BuiltinKeywords.groovy:310)
	at java.base/jdk.internal.reflect.NativeMethodAccessorImpl.invoke0(Native Method)
	at java.base/jdk.internal.reflect.NativeMethodAccessorImpl.invoke(NativeMethodAccessorImpl.java:77)
	at java.base/jdk.internal.reflect.DelegatingMethodAccessorImpl.invoke(DelegatingMethodAccessorImpl.java:43)
	at TC2_ScheduledPayment_ConfirmWithRequest.run(TC2_ScheduledPayment_ConfirmWithRequest:33)
	at com.kms.katalon.core.main.ScriptEngine.run(ScriptEngine.java:194)
	at com.kms.katalon.core.main.ScriptEngine.runScriptAsRawText(ScriptEngine.java:119)
	at com.kms.katalon.core.main.TestCaseExecutor.runScript(TestCaseExecutor.java:448)
	at com.kms.katalon.core.main.TestCaseExecutor.doExecute(TestCaseExecutor.java:439)
	at com.kms.katalon.core.main.TestCaseExecutor.processExecutionPhase(TestCaseExecutor.java:418)
	at com.kms.katalon.core.main.TestCaseExecutor.accessMainPhase(TestCaseExecutor.java:410)
	at com.kms.katalon.core.main.TestCaseExecutor.execute(TestCaseExecutor.java:285)
	at com.kms.katalon.core.common.CommonExecutor.accessTestCaseMainPhase(CommonExecutor.java:65)
	at com.kms.katalon.core.main.TestSuiteExecutor.accessTestSuiteMainPhase(TestSuiteExecutor.java:150)
	at com.kms.katalon.core.main.TestSuiteExecutor.execute(TestSuiteExecutor.java:106)
	at com.kms.katalon.core.main.TestCaseMain.startTestSuite(TestCaseMain.java:180)
	at TempTestSuite1745899121706.run(TempTestSuite1745899121706.groovy:35)
	at java.base/jdk.internal.reflect.NativeMethodAccessorImpl.invoke0(Native Method)
	at java.base/jdk.internal.reflect.NativeMethodAccessorImpl.invoke(NativeMethodAccessorImpl.java:77)
	at java.base/jdk.internal.reflect.DelegatingMethodAccessorImpl.invoke(DelegatingMethodAccessorImpl.java:43)
Caused by: com.kms.katalon.core.exception.StepErrorException: Call Test Case 'Test Cases/Re-Usable Script/SchedulePayment_GetEligibility' failed because of error(s)
	at com.kms.katalon.core.keyword.builtin.CallTestCaseKeyword$_callTestCase_closure1.doCall(CallTestCaseKeyword.groovy:66)
	at com.kms.katalon.core.keyword.builtin.CallTestCaseKeyword$_callTestCase_closure1.call(CallTestCaseKeyword.groovy)
	at com.kms.katalon.core.keyword.internal.KeywordMain.runKeyword(KeywordMain.groovy:75)
	at com.kms.katalon.core.keyword.builtin.CallTestCaseKeyword.callTestCase(CallTestCaseKeyword.groovy:81)
	at com.kms.katalon.core.keyword.builtin.CallTestCaseKeyword.execute(CallTestCaseKeyword.groovy:44)
	at com.kms.katalon.core.keyword.internal.KeywordExecutor.executeKeywordForPlatform(KeywordExecutor.groovy:74)
	at com.kms.katalon.core.keyword.BuiltinKeywords.callTestCase(BuiltinKeywords.groovy:310)
	at java.base/jdk.internal.reflect.NativeMethodAccessorImpl.invoke0(Native Method)
	at java.base/jdk.internal.reflect.NativeMethodAccessorImpl.invoke(NativeMethodAccessorImpl.java:77)
	at java.base/jdk.internal.reflect.DelegatingMethodAccessorImpl.invoke(DelegatingMethodAccessorImpl.java:43)
	at SchedulePayment_ConfirmWithRequest.run(SchedulePayment_ConfirmWithRequest:38)
	at com.kms.katalon.core.main.ScriptEngine.run(ScriptEngine.java:194)
	at com.kms.katalon.core.main.ScriptEngine.runScriptAsRawText(ScriptEngine.java:119)
	at com.kms.katalon.core.main.TestCaseExecutor.runScript(TestCaseExecutor.java:448)
	at com.kms.katalon.core.main.TestCaseExecutor.doExecute(TestCaseExecutor.java:439)
	at com.kms.katalon.core.main.TestCaseExecutor.processExecutionPhase(TestCaseExecutor.java:418)
	at com.kms.katalon.core.main.TestCaseExecutor.accessMainPhase(TestCaseExecutor.java:410)
	at com.kms.katalon.core.main.TestCaseExecutor.execute(TestCaseExecutor.java:285)
	at com.kms.katalon.core.main.TestCaseMain.runTestCase(TestCaseMain.java:137)
	at com.kms.katalon.core.keyword.builtin.CallTestCaseKeyword$_callTestCase_closure1.doCall(CallTestCaseKeyword.groovy:59)
	... 25 more
Caused by: org.openqa.selenium.ElementClickInterceptedException: element click intercepted: Element <a class="d-flex align-items-center media" href="/payment/utilities/scheduled-payments">...</a> is not clickable at point (804, 271). Other element would receive the click: <p class="lead text-white">...</p>
  (Session info: chrome=135.0.7049.115)
Build info: version: '3.141.59', revision: 'unknown', time: 'unknown'
System info: host: 'MANILAs-MacBook-Pro.local', ip: 'fe80:0:0:0:878:3be:f4c9:911d%en0', os.name: 'Mac OS X', os.arch: 'x86_64', os.version: '14.5', java.version: '17.0.7'
Driver info: com.kms.katalon.selenium.driver.CChromeDriver
Capabilities {acceptInsecureCerts: false, browserName: chrome, browserVersion: 135.0.7049.115, chrome: {chromedriverVersion: 135.0.7049.84 (6c019e560019..., userDataDir: /var/folders/sc/s4fw7w1943b...}, fedcm:accounts: true, goog:chromeOptions: {debuggerAddress: localhost:65246}, javascriptEnabled: true, networkConnectionEnabled: false, pageLoadStrategy: normal, platform: MAC, platformName: MAC, proxy: Proxy(), setWindowRect: true, strictFileInteractability: false, timeouts: {implicit: 0, pageLoad: 300000, script: 30000}, unhandledPromptBehavior: dismiss and notify, webauthn:extension:credBlob: true, webauthn:extension:largeBlob: true, webauthn:extension:minPinLength: true, webauthn:extension:prf: true, webauthn:virtualAuthenticators: true}
Session ID: 2b5622c315049cbe9a13c5ff2046699c
	at java.base/jdk.internal.reflect.NativeConstructorAccessorImpl.newInstance0(Native Method)
	at java.base/jdk.internal.reflect.NativeConstructorAccessorImpl.newInstance(NativeConstructorAccessorImpl.java:77)
	at java.base/jdk.internal.reflect.DelegatingConstructorAccessorImpl.newInstance(DelegatingConstructorAccessorImpl.java:45)
	at org.openqa.selenium.remote.http.W3CHttpResponseCodec.createException(W3CHttpResponseCodec.java:187)
	at org.openqa.selenium.remote.http.W3CHttpResponseCodec.decode(W3CHttpResponseCodec.java:122)
	at org.openqa.selenium.remote.http.W3CHttpResponseCodec.decode(W3CHttpResponseCodec.java:49)
	at org.openqa.selenium.remote.HttpCommandExecutor.execute(HttpCommandExecutor.java:158)
	at org.openqa.selenium.remote.service.DriverCommandExecutor.execute(DriverCommandExecutor.java:83)
	at org.openqa.selenium.remote.RemoteWebDriver.execute(RemoteWebDriver.java:552)
	at com.kms.katalon.selenium.driver.CChromeDriver.execute(CChromeDriver.java:19)
	at org.openqa.selenium.remote.RemoteWebElement.execute(RemoteWebElement.java:285)
	at org.openqa.selenium.remote.RemoteWebElement.click(RemoteWebElement.java:84)
	at jdk.internal.reflect.GeneratedMethodAccessor20.invoke(Unknown Source)
	at java.base/jdk.internal.reflect.DelegatingMethodAccessorImpl.invoke(DelegatingMethodAccessorImpl.java:43)
	at org.openqa.selenium.support.events.EventFiringWebDriver$EventFiringWebElement.lambda$new$0(EventFiringWebDriver.java:404)
	at jdk.proxy2/jdk.proxy2.$Proxy24.click(Unknown Source)
	at org.openqa.selenium.support.events.EventFiringWebDriver$EventFiringWebElement.click(EventFiringWebDriver.java:417)
	at rcclpayment.utils.goToScheduledPayments(utils.groovy:88)
	at SchedulePayment_GetEligibility.run(SchedulePayment_GetEligibility:32)
	at com.kms.katalon.core.main.ScriptEngine.run(ScriptEngine.java:194)
	at com.kms.katalon.core.main.ScriptEngine.runScriptAsRawText(ScriptEngine.java:119)
	at com.kms.katalon.core.main.TestCaseExecutor.runScript(TestCaseExecutor.java:448)
	at com.kms.katalon.core.main.TestCaseExecutor.doExecute(TestCaseExecutor.java:439)
	at com.kms.katalon.core.main.TestCaseExecutor.processExecutionPhase(TestCaseExecutor.java:418)
	at com.kms.katalon.core.main.TestCaseExecutor.accessMainPhase(TestCaseExecutor.java:410)
	at com.kms.katalon.core.main.TestCaseExecutor.execute(TestCaseExecutor.java:285)
	at com.kms.katalon.core.main.TestCaseMain.runTestCase(TestCaseMain.java:137)
	at com.kms.katalon.core.keyword.builtin.CallTestCaseKeyword$_callTestCase_closure1.doCall(CallTestCaseKeyword.groovy:59)
	... 44 more
)

29-04-2025T12:02:16 - [TEST_STEP][FAILED] - callTestCase(findTestCase("Re-Usable Script/SchedulePayment_ConfirmWithRequest"), [:], STOP_ON_FAILURE): Unable to call Test Case 'Test Cases/Re-Usable Script/SchedulePayment_ConfirmWithRequest' (Root cause: com.kms.katalon.core.exception.StepErrorException: Call Test Case 'Test Cases/Re-Usable Script/SchedulePayment_ConfirmWithRequest' failed because of error(s)
	at com.kms.katalon.core.keyword.builtin.CallTestCaseKeyword$_callTestCase_closure1.doCall(CallTestCaseKeyword.groovy:66)
	at com.kms.katalon.core.keyword.builtin.CallTestCaseKeyword$_callTestCase_closure1.call(CallTestCaseKeyword.groovy)
	at com.kms.katalon.core.keyword.internal.KeywordMain.runKeyword(KeywordMain.groovy:75)
	at com.kms.katalon.core.keyword.builtin.CallTestCaseKeyword.callTestCase(CallTestCaseKeyword.groovy:81)
	at com.kms.katalon.core.keyword.builtin.CallTestCaseKeyword.execute(CallTestCaseKeyword.groovy:44)
	at com.kms.katalon.core.keyword.internal.KeywordExecutor.executeKeywordForPlatform(KeywordExecutor.groovy:74)
	at com.kms.katalon.core.keyword.BuiltinKeywords.callTestCase(BuiltinKeywords.groovy:310)
	at java.base/jdk.internal.reflect.NativeMethodAccessorImpl.invoke0(Native Method)
	at java.base/jdk.internal.reflect.NativeMethodAccessorImpl.invoke(NativeMethodAccessorImpl.java:77)
	at java.base/jdk.internal.reflect.DelegatingMethodAccessorImpl.invoke(DelegatingMethodAccessorImpl.java:43)
	at TC2_ScheduledPayment_ConfirmWithRequest.run(TC2_ScheduledPayment_ConfirmWithRequest:33)
	at com.kms.katalon.core.main.ScriptEngine.run(ScriptEngine.java:194)
	at com.kms.katalon.core.main.ScriptEngine.runScriptAsRawText(ScriptEngine.java:119)
	at com.kms.katalon.core.main.TestCaseExecutor.runScript(TestCaseExecutor.java:448)
	at com.kms.katalon.core.main.TestCaseExecutor.doExecute(TestCaseExecutor.java:439)
	at com.kms.katalon.core.main.TestCaseExecutor.processExecutionPhase(TestCaseExecutor.java:418)
	at com.kms.katalon.core.main.TestCaseExecutor.accessMainPhase(TestCaseExecutor.java:410)
	at com.kms.katalon.core.main.TestCaseExecutor.execute(TestCaseExecutor.java:285)
	at com.kms.katalon.core.common.CommonExecutor.accessTestCaseMainPhase(CommonExecutor.java:65)
	at com.kms.katalon.core.main.TestSuiteExecutor.accessTestSuiteMainPhase(TestSuiteExecutor.java:150)
	at com.kms.katalon.core.main.TestSuiteExecutor.execute(TestSuiteExecutor.java:106)
	at com.kms.katalon.core.main.TestCaseMain.startTestSuite(TestCaseMain.java:180)
	at TempTestSuite1745899121706.run(TempTestSuite1745899121706.groovy:35)
	at java.base/jdk.internal.reflect.NativeMethodAccessorImpl.invoke0(Native Method)
	at java.base/jdk.internal.reflect.NativeMethodAccessorImpl.invoke(NativeMethodAccessorImpl.java:77)
	at java.base/jdk.internal.reflect.DelegatingMethodAccessorImpl.invoke(DelegatingMethodAccessorImpl.java:43)
Caused by: com.kms.katalon.core.exception.StepErrorException: Call Test Case 'Test Cases/Re-Usable Script/SchedulePayment_GetEligibility' failed because of error(s)
	at com.kms.katalon.core.keyword.builtin.CallTestCaseKeyword$_callTestCase_closure1.doCall(CallTestCaseKeyword.groovy:66)
	at com.kms.katalon.core.keyword.builtin.CallTestCaseKeyword$_callTestCase_closure1.call(CallTestCaseKeyword.groovy)
	at com.kms.katalon.core.keyword.internal.KeywordMain.runKeyword(KeywordMain.groovy:75)
	at com.kms.katalon.core.keyword.builtin.CallTestCaseKeyword.callTestCase(CallTestCaseKeyword.groovy:81)
	at com.kms.katalon.core.keyword.builtin.CallTestCaseKeyword.execute(CallTestCaseKeyword.groovy:44)
	at com.kms.katalon.core.keyword.internal.KeywordExecutor.executeKeywordForPlatform(KeywordExecutor.groovy:74)
	at com.kms.katalon.core.keyword.BuiltinKeywords.callTestCase(BuiltinKeywords.groovy:310)
	at java.base/jdk.internal.reflect.NativeMethodAccessorImpl.invoke0(Native Method)
	at java.base/jdk.internal.reflect.NativeMethodAccessorImpl.invoke(NativeMethodAccessorImpl.java:77)
	at java.base/jdk.internal.reflect.DelegatingMethodAccessorImpl.invoke(DelegatingMethodAccessorImpl.java:43)
	at SchedulePayment_ConfirmWithRequest.run(SchedulePayment_ConfirmWithRequest:38)
	at com.kms.katalon.core.main.ScriptEngine.run(ScriptEngine.java:194)
	at com.kms.katalon.core.main.ScriptEngine.runScriptAsRawText(ScriptEngine.java:119)
	at com.kms.katalon.core.main.TestCaseExecutor.runScript(TestCaseExecutor.java:448)
	at com.kms.katalon.core.main.TestCaseExecutor.doExecute(TestCaseExecutor.java:439)
	at com.kms.katalon.core.main.TestCaseExecutor.processExecutionPhase(TestCaseExecutor.java:418)
	at com.kms.katalon.core.main.TestCaseExecutor.accessMainPhase(TestCaseExecutor.java:410)
	at com.kms.katalon.core.main.TestCaseExecutor.execute(TestCaseExecutor.java:285)
	at com.kms.katalon.core.main.TestCaseMain.runTestCase(TestCaseMain.java:137)
	at com.kms.katalon.core.keyword.builtin.CallTestCaseKeyword$_callTestCase_closure1.doCall(CallTestCaseKeyword.groovy:59)
	... 25 more
Caused by: org.openqa.selenium.ElementClickInterceptedException: element click intercepted: Element <a class="d-flex align-items-center media" href="/payment/utilities/scheduled-payments">...</a> is not clickable at point (804, 271). Other element would receive the click: <p class="lead text-white">...</p>
  (Session info: chrome=135.0.7049.115)
Build info: version: '3.141.59', revision: 'unknown', time: 'unknown'
System info: host: 'MANILAs-MacBook-Pro.local', ip: 'fe80:0:0:0:878:3be:f4c9:911d%en0', os.name: 'Mac OS X', os.arch: 'x86_64', os.version: '14.5', java.version: '17.0.7'
Driver info: com.kms.katalon.selenium.driver.CChromeDriver
Capabilities {acceptInsecureCerts: false, browserName: chrome, browserVersion: 135.0.7049.115, chrome: {chromedriverVersion: 135.0.7049.84 (6c019e560019..., userDataDir: /var/folders/sc/s4fw7w1943b...}, fedcm:accounts: true, goog:chromeOptions: {debuggerAddress: localhost:65246}, javascriptEnabled: true, networkConnectionEnabled: false, pageLoadStrategy: normal, platform: MAC, platformName: MAC, proxy: Proxy(), setWindowRect: true, strictFileInteractability: false, timeouts: {implicit: 0, pageLoad: 300000, script: 30000}, unhandledPromptBehavior: dismiss and notify, webauthn:extension:credBlob: true, webauthn:extension:largeBlob: true, webauthn:extension:minPinLength: true, webauthn:extension:prf: true, webauthn:virtualAuthenticators: true}
Session ID: 2b5622c315049cbe9a13c5ff2046699c
	at java.base/jdk.internal.reflect.NativeConstructorAccessorImpl.newInstance0(Native Method)
	at java.base/jdk.internal.reflect.NativeConstructorAccessorImpl.newInstance(NativeConstructorAccessorImpl.java:77)
	at java.base/jdk.internal.reflect.DelegatingConstructorAccessorImpl.newInstance(DelegatingConstructorAccessorImpl.java:45)
	at org.openqa.selenium.remote.http.W3CHttpResponseCodec.createException(W3CHttpResponseCodec.java:187)
	at org.openqa.selenium.remote.http.W3CHttpResponseCodec.decode(W3CHttpResponseCodec.java:122)
	at org.openqa.selenium.remote.http.W3CHttpResponseCodec.decode(W3CHttpResponseCodec.java:49)
	at org.openqa.selenium.remote.HttpCommandExecutor.execute(HttpCommandExecutor.java:158)
	at org.openqa.selenium.remote.service.DriverCommandExecutor.execute(DriverCommandExecutor.java:83)
	at org.openqa.selenium.remote.RemoteWebDriver.execute(RemoteWebDriver.java:552)
	at com.kms.katalon.selenium.driver.CChromeDriver.execute(CChromeDriver.java:19)
	at org.openqa.selenium.remote.RemoteWebElement.execute(RemoteWebElement.java:285)
	at org.openqa.selenium.remote.RemoteWebElement.click(RemoteWebElement.java:84)
	at jdk.internal.reflect.GeneratedMethodAccessor20.invoke(Unknown Source)
	at java.base/jdk.internal.reflect.DelegatingMethodAccessorImpl.invoke(DelegatingMethodAccessorImpl.java:43)
	at org.openqa.selenium.support.events.EventFiringWebDriver$EventFiringWebElement.lambda$new$0(EventFiringWebDriver.java:404)
	at jdk.proxy2/jdk.proxy2.$Proxy24.click(Unknown Source)
	at org.openqa.selenium.support.events.EventFiringWebDriver$EventFiringWebElement.click(EventFiringWebDriver.java:417)
	at rcclpayment.utils.goToScheduledPayments(utils.groovy:88)
	at SchedulePayment_GetEligibility.run(SchedulePayment_GetEligibility:32)
	at com.kms.katalon.core.main.ScriptEngine.run(ScriptEngine.java:194)
	at com.kms.katalon.core.main.ScriptEngine.runScriptAsRawText(ScriptEngine.java:119)
	at com.kms.katalon.core.main.TestCaseExecutor.runScript(TestCaseExecutor.java:448)
	at com.kms.katalon.core.main.TestCaseExecutor.doExecute(TestCaseExecutor.java:439)
	at com.kms.katalon.core.main.TestCaseExecutor.processExecutionPhase(TestCaseExecutor.java:418)
	at com.kms.katalon.core.main.TestCaseExecutor.accessMainPhase(TestCaseExecutor.java:410)
	at com.kms.katalon.core.main.TestCaseExecutor.execute(TestCaseExecutor.java:285)
	at com.kms.katalon.core.main.TestCaseMain.runTestCase(TestCaseMain.java:137)
	at com.kms.katalon.core.keyword.builtin.CallTestCaseKeyword$_callTestCase_closure1.doCall(CallTestCaseKeyword.groovy:59)
	... 44 more
)

29-04-2025T12:02:16 - [TEST_CASE][ERROR] - Test Cases/Re-Usable Script/SchedulePayment_ConfirmWithRequest: Test Cases/Re-Usable Script/SchedulePayment_ConfirmWithRequest FAILED.
Reason:
com.kms.katalon.core.exception.StepErrorException: Call Test Case 'Test Cases/Re-Usable Script/SchedulePayment_GetEligibility' failed because of error(s)
	at com.kms.katalon.core.keyword.builtin.CallTestCaseKeyword$_callTestCase_closure1.doCall(CallTestCaseKeyword.groovy:66)
	at com.kms.katalon.core.keyword.builtin.CallTestCaseKeyword$_callTestCase_closure1.call(CallTestCaseKeyword.groovy)
	at com.kms.katalon.core.keyword.internal.KeywordMain.runKeyword(KeywordMain.groovy:75)
	at com.kms.katalon.core.keyword.builtin.CallTestCaseKeyword.callTestCase(CallTestCaseKeyword.groovy:81)
	at com.kms.katalon.core.keyword.builtin.CallTestCaseKeyword.execute(CallTestCaseKeyword.groovy:44)
	at com.kms.katalon.core.keyword.internal.KeywordExecutor.executeKeywordForPlatform(KeywordExecutor.groovy:74)
	at com.kms.katalon.core.keyword.BuiltinKeywords.callTestCase(BuiltinKeywords.groovy:310)
	at java.base/jdk.internal.reflect.NativeMethodAccessorImpl.invoke0(Native Method)
	at java.base/jdk.internal.reflect.NativeMethodAccessorImpl.invoke(NativeMethodAccessorImpl.java:77)
	at java.base/jdk.internal.reflect.DelegatingMethodAccessorImpl.invoke(DelegatingMethodAccessorImpl.java:43)
	at SchedulePayment_ConfirmWithRequest.run(SchedulePayment_ConfirmWithRequest:38)
	at com.kms.katalon.core.main.ScriptEngine.run(ScriptEngine.java:194)
	at com.kms.katalon.core.main.ScriptEngine.runScriptAsRawText(ScriptEngine.java:119)
	at com.kms.katalon.core.main.TestCaseExecutor.runScript(TestCaseExecutor.java:448)
	at com.kms.katalon.core.main.TestCaseExecutor.doExecute(TestCaseExecutor.java:439)
	at com.kms.katalon.core.main.TestCaseExecutor.processExecutionPhase(TestCaseExecutor.java:418)
	at com.kms.katalon.core.main.TestCaseExecutor.accessMainPhase(TestCaseExecutor.java:410)
	at com.kms.katalon.core.main.TestCaseExecutor.execute(TestCaseExecutor.java:285)
	at com.kms.katalon.core.main.TestCaseMain.runTestCase(TestCaseMain.java:137)
	at com.kms.katalon.core.keyword.builtin.CallTestCaseKeyword$_callTestCase_closure1.doCall(CallTestCaseKeyword.groovy:59)
	at com.kms.katalon.core.keyword.builtin.CallTestCaseKeyword$_callTestCase_closure1.call(CallTestCaseKeyword.groovy)
	at com.kms.katalon.core.keyword.internal.KeywordMain.runKeyword(KeywordMain.groovy:75)
	at com.kms.katalon.core.keyword.builtin.CallTestCaseKeyword.callTestCase(CallTestCaseKeyword.groovy:81)
	at com.kms.katalon.core.keyword.builtin.CallTestCaseKeyword.execute(CallTestCaseKeyword.groovy:44)
	at com.kms.katalon.core.keyword.internal.KeywordExecutor.executeKeywordForPlatform(KeywordExecutor.groovy:74)
	at com.kms.katalon.core.keyword.BuiltinKeywords.callTestCase(BuiltinKeywords.groovy:310)
	at java.base/jdk.internal.reflect.NativeMethodAccessorImpl.invoke0(Native Method)
	at java.base/jdk.internal.reflect.NativeMethodAccessorImpl.invoke(NativeMethodAccessorImpl.java:77)
	at java.base/jdk.internal.reflect.DelegatingMethodAccessorImpl.invoke(DelegatingMethodAccessorImpl.java:43)
	at TC2_ScheduledPayment_ConfirmWithRequest.run(TC2_ScheduledPayment_ConfirmWithRequest:33)
	at com.kms.katalon.core.main.ScriptEngine.run(ScriptEngine.java:194)
	at com.kms.katalon.core.main.ScriptEngine.runScriptAsRawText(ScriptEngine.java:119)
	at com.kms.katalon.core.main.TestCaseExecutor.runScript(TestCaseExecutor.java:448)
	at com.kms.katalon.core.main.TestCaseExecutor.doExecute(TestCaseExecutor.java:439)
	at com.kms.katalon.core.main.TestCaseExecutor.processExecutionPhase(TestCaseExecutor.java:418)
	at com.kms.katalon.core.main.TestCaseExecutor.accessMainPhase(TestCaseExecutor.java:410)
	at com.kms.katalon.core.main.TestCaseExecutor.execute(TestCaseExecutor.java:285)
	at com.kms.katalon.core.common.CommonExecutor.accessTestCaseMainPhase(CommonExecutor.java:65)
	at com.kms.katalon.core.main.TestSuiteExecutor.accessTestSuiteMainPhase(TestSuiteExecutor.java:150)
	at com.kms.katalon.core.main.TestSuiteExecutor.execute(TestSuiteExecutor.java:106)
	at com.kms.katalon.core.main.TestCaseMain.startTestSuite(TestCaseMain.java:180)
	at TempTestSuite1745899121706.run(TempTestSuite1745899121706.groovy:35)
	at java.base/jdk.internal.reflect.NativeMethodAccessorImpl.invoke0(Native Method)
	at java.base/jdk.internal.reflect.NativeMethodAccessorImpl.invoke(NativeMethodAccessorImpl.java:77)
	at java.base/jdk.internal.reflect.DelegatingMethodAccessorImpl.invoke(DelegatingMethodAccessorImpl.java:43)
Caused by: org.openqa.selenium.ElementClickInterceptedException: element click intercepted: Element <a class="d-flex align-items-center media" href="/payment/utilities/scheduled-payments">...</a> is not clickable at point (804, 271). Other element would receive the click: <p class="lead text-white">...</p>
  (Session info: chrome=135.0.7049.115)
Build info: version: '3.141.59', revision: 'unknown', time: 'unknown'
System info: host: 'MANILAs-MacBook-Pro.local', ip: 'fe80:0:0:0:878:3be:f4c9:911d%en0', os.name: 'Mac OS X', os.arch: 'x86_64', os.version: '14.5', java.version: '17.0.7'
Driver info: com.kms.katalon.selenium.driver.CChromeDriver
Capabilities {acceptInsecureCerts: false, browserName: chrome, browserVersion: 135.0.7049.115, chrome: {chromedriverVersion: 135.0.7049.84 (6c019e560019..., userDataDir: /var/folders/sc/s4fw7w1943b...}, fedcm:accounts: true, goog:chromeOptions: {debuggerAddress: localhost:65246}, javascriptEnabled: true, networkConnectionEnabled: false, pageLoadStrategy: normal, platform: MAC, platformName: MAC, proxy: Proxy(), setWindowRect: true, strictFileInteractability: false, timeouts: {implicit: 0, pageLoad: 300000, script: 30000}, unhandledPromptBehavior: dismiss and notify, webauthn:extension:credBlob: true, webauthn:extension:largeBlob: true, webauthn:extension:minPinLength: true, webauthn:extension:prf: true, webauthn:virtualAuthenticators: true}
Session ID: 2b5622c315049cbe9a13c5ff2046699c
	at java.base/jdk.internal.reflect.NativeConstructorAccessorImpl.newInstance0(Native Method)
	at java.base/jdk.internal.reflect.NativeConstructorAccessorImpl.newInstance(NativeConstructorAccessorImpl.java:77)
	at java.base/jdk.internal.reflect.DelegatingConstructorAccessorImpl.newInstance(DelegatingConstructorAccessorImpl.java:45)
	at org.openqa.selenium.remote.http.W3CHttpResponseCodec.createException(W3CHttpResponseCodec.java:187)
	at org.openqa.selenium.remote.http.W3CHttpResponseCodec.decode(W3CHttpResponseCodec.java:122)
	at org.openqa.selenium.remote.http.W3CHttpResponseCodec.decode(W3CHttpResponseCodec.java:49)
	at org.openqa.selenium.remote.HttpCommandExecutor.execute(HttpCommandExecutor.java:158)
	at org.openqa.selenium.remote.service.DriverCommandExecutor.execute(DriverCommandExecutor.java:83)
	at org.openqa.selenium.remote.RemoteWebDriver.execute(RemoteWebDriver.java:552)
	at com.kms.katalon.selenium.driver.CChromeDriver.execute(CChromeDriver.java:19)
	at org.openqa.selenium.remote.RemoteWebElement.execute(RemoteWebElement.java:285)
	at org.openqa.selenium.remote.RemoteWebElement.click(RemoteWebElement.java:84)
	at jdk.internal.reflect.GeneratedMethodAccessor20.invoke(Unknown Source)
	at java.base/jdk.internal.reflect.DelegatingMethodAccessorImpl.invoke(DelegatingMethodAccessorImpl.java:43)
	at org.openqa.selenium.support.events.EventFiringWebDriver$EventFiringWebElement.lambda$new$0(EventFiringWebDriver.java:404)
	at jdk.proxy2/jdk.proxy2.$Proxy24.click(Unknown Source)
	at org.openqa.selenium.support.events.EventFiringWebDriver$EventFiringWebElement.click(EventFiringWebDriver.java:417)
	at rcclpayment.utils.goToScheduledPayments(utils.groovy:88)
	at SchedulePayment_GetEligibility.run(SchedulePayment_GetEligibility:32)
	at com.kms.katalon.core.main.ScriptEngine.run(ScriptEngine.java:194)
	at com.kms.katalon.core.main.ScriptEngine.runScriptAsRawText(ScriptEngine.java:119)
	at com.kms.katalon.core.main.TestCaseExecutor.runScript(TestCaseExecutor.java:448)
	at com.kms.katalon.core.main.TestCaseExecutor.doExecute(TestCaseExecutor.java:439)
	at com.kms.katalon.core.main.TestCaseExecutor.processExecutionPhase(TestCaseExecutor.java:418)
	at com.kms.katalon.core.main.TestCaseExecutor.accessMainPhase(TestCaseExecutor.java:410)
	at com.kms.katalon.core.main.TestCaseExecutor.execute(TestCaseExecutor.java:285)
	at com.kms.katalon.core.main.TestCaseMain.runTestCase(TestCaseMain.java:137)
	at com.kms.katalon.core.keyword.builtin.CallTestCaseKeyword$_callTestCase_closure1.doCall(CallTestCaseKeyword.groovy:59)
	... 44 more


29-04-2025T12:02:16 - [TEST_STEP][PASSED] - utils.openBrowserAndNavigateToPMT(): Navigate to 'https://dev1.payment.rccl.com/payment/utilities' successfully

29-04-2025T12:02:16 - [MESSAGE][WARNING] - A browser is already opened. Closing browser and opening a new one

29-04-2025T12:02:16 - [MESSAGE][INFO] - Starting 'Chrome' driver

29-04-2025T12:02:16 - [MESSAGE][INFO] - Action delay is set to 0 milliseconds

29-04-2025T12:02:18 - [MESSAGE][PASSED] - Browser is opened with url: ''

29-04-2025T12:02:18 - [MESSAGE][PASSED] - Current window maximized

29-04-2025T12:02:21 - [MESSAGE][PASSED] - Navigate to 'https://dev1.payment.rccl.com/payment/utilities' successfully

29-04-2025T12:02:21 - [TEST_STEP][PASSED] - EXCEL_PATH = "./Data Files/TestData.xlsx": null

29-04-2025T12:02:21 - [TEST_STEP][PASSED] - TAB = "ScheduledPayment_ConfirmWithReq": null

29-04-2025T12:02:21 - [TEST_STEP][PASSED] - testdata = getdata.fromExcel(EXCEL_PATH, TAB): null

29-04-2025T12:02:21 - [TEST_STEP][ERROR] - for ([TestScenarioNumber = 0, TestScenarioNumber < testdata.size(), (TestScenarioNumber++)]): Test Cases/Re-Usable Script/SchedulePayment_ConfirmWithRequest FAILED.
Reason:
com.kms.katalon.core.exception.StepErrorException: Call Test Case 'Test Cases/Re-Usable Script/SchedulePayment_GetEligibility' failed because of error(s)
	at com.kms.katalon.core.keyword.builtin.CallTestCaseKeyword$_callTestCase_closure1.doCall(CallTestCaseKeyword.groovy:66)
	at com.kms.katalon.core.keyword.builtin.CallTestCaseKeyword$_callTestCase_closure1.call(CallTestCaseKeyword.groovy)
	at com.kms.katalon.core.keyword.internal.KeywordMain.runKeyword(KeywordMain.groovy:75)
	at com.kms.katalon.core.keyword.builtin.CallTestCaseKeyword.callTestCase(CallTestCaseKeyword.groovy:81)
	at com.kms.katalon.core.keyword.builtin.CallTestCaseKeyword.execute(CallTestCaseKeyword.groovy:44)
	at com.kms.katalon.core.keyword.internal.KeywordExecutor.executeKeywordForPlatform(KeywordExecutor.groovy:74)
	at com.kms.katalon.core.keyword.BuiltinKeywords.callTestCase(BuiltinKeywords.groovy:310)
	at java.base/jdk.internal.reflect.NativeMethodAccessorImpl.invoke0(Native Method)
	at java.base/jdk.internal.reflect.NativeMethodAccessorImpl.invoke(NativeMethodAccessorImpl.java:77)
	at java.base/jdk.internal.reflect.DelegatingMethodAccessorImpl.invoke(DelegatingMethodAccessorImpl.java:43)
	at SchedulePayment_ConfirmWithRequest.run(SchedulePayment_ConfirmWithRequest:38)
	at com.kms.katalon.core.main.ScriptEngine.run(ScriptEngine.java:194)
	at com.kms.katalon.core.main.ScriptEngine.runScriptAsRawText(ScriptEngine.java:119)
	at com.kms.katalon.core.main.TestCaseExecutor.runScript(TestCaseExecutor.java:448)
	at com.kms.katalon.core.main.TestCaseExecutor.doExecute(TestCaseExecutor.java:439)
	at com.kms.katalon.core.main.TestCaseExecutor.processExecutionPhase(TestCaseExecutor.java:418)
	at com.kms.katalon.core.main.TestCaseExecutor.accessMainPhase(TestCaseExecutor.java:410)
	at com.kms.katalon.core.main.TestCaseExecutor.execute(TestCaseExecutor.java:285)
	at com.kms.katalon.core.main.TestCaseMain.runTestCase(TestCaseMain.java:137)
	at com.kms.katalon.core.keyword.builtin.CallTestCaseKeyword$_callTestCase_closure1.doCall(CallTestCaseKeyword.groovy:59)
	at com.kms.katalon.core.keyword.builtin.CallTestCaseKeyword$_callTestCase_closure1.call(CallTestCaseKeyword.groovy)
	at com.kms.katalon.core.keyword.internal.KeywordMain.runKeyword(KeywordMain.groovy:75)
	at com.kms.katalon.core.keyword.builtin.CallTestCaseKeyword.callTestCase(CallTestCaseKeyword.groovy:81)
	at com.kms.katalon.core.keyword.builtin.CallTestCaseKeyword.execute(CallTestCaseKeyword.groovy:44)
	at com.kms.katalon.core.keyword.internal.KeywordExecutor.executeKeywordForPlatform(KeywordExecutor.groovy:74)
	at com.kms.katalon.core.keyword.BuiltinKeywords.callTestCase(BuiltinKeywords.groovy:310)
	at java.base/jdk.internal.reflect.NativeMethodAccessorImpl.invoke0(Native Method)
	at java.base/jdk.internal.reflect.NativeMethodAccessorImpl.invoke(NativeMethodAccessorImpl.java:77)
	at java.base/jdk.internal.reflect.DelegatingMethodAccessorImpl.invoke(DelegatingMethodAccessorImpl.java:43)
	at TC2_ScheduledPayment_ConfirmWithRequest.run(TC2_ScheduledPayment_ConfirmWithRequest:33)
	at com.kms.katalon.core.main.ScriptEngine.run(ScriptEngine.java:194)
	at com.kms.katalon.core.main.ScriptEngine.runScriptAsRawText(ScriptEngine.java:119)
	at com.kms.katalon.core.main.TestCaseExecutor.runScript(TestCaseExecutor.java:448)
	at com.kms.katalon.core.main.TestCaseExecutor.doExecute(TestCaseExecutor.java:439)
	at com.kms.katalon.core.main.TestCaseExecutor.processExecutionPhase(TestCaseExecutor.java:418)
	at com.kms.katalon.core.main.TestCaseExecutor.accessMainPhase(TestCaseExecutor.java:410)
	at com.kms.katalon.core.main.TestCaseExecutor.execute(TestCaseExecutor.java:285)
	at com.kms.katalon.core.common.CommonExecutor.accessTestCaseMainPhase(CommonExecutor.java:65)
	at com.kms.katalon.core.main.TestSuiteExecutor.accessTestSuiteMainPhase(TestSuiteExecutor.java:150)
	at com.kms.katalon.core.main.TestSuiteExecutor.execute(TestSuiteExecutor.java:106)
	at com.kms.katalon.core.main.TestCaseMain.startTestSuite(TestCaseMain.java:180)
	at TempTestSuite1745899121706.run(TempTestSuite1745899121706.groovy:35)
	at java.base/jdk.internal.reflect.NativeMethodAccessorImpl.invoke0(Native Method)
	at java.base/jdk.internal.reflect.NativeMethodAccessorImpl.invoke(NativeMethodAccessorImpl.java:77)
	at java.base/jdk.internal.reflect.DelegatingMethodAccessorImpl.invoke(DelegatingMethodAccessorImpl.java:43)
Caused by: org.openqa.selenium.ElementClickInterceptedException: element click intercepted: Element <a class="d-flex align-items-center media" href="/payment/utilities/scheduled-payments">...</a> is not clickable at point (804, 271). Other element would receive the click: <p class="lead text-white">...</p>
  (Session info: chrome=135.0.7049.115)
Build info: version: '3.141.59', revision: 'unknown', time: 'unknown'
System info: host: 'MANILAs-MacBook-Pro.local', ip: 'fe80:0:0:0:878:3be:f4c9:911d%en0', os.name: 'Mac OS X', os.arch: 'x86_64', os.version: '14.5', java.version: '17.0.7'
Driver info: com.kms.katalon.selenium.driver.CChromeDriver
Capabilities {acceptInsecureCerts: false, browserName: chrome, browserVersion: 135.0.7049.115, chrome: {chromedriverVersion: 135.0.7049.84 (6c019e560019..., userDataDir: /var/folders/sc/s4fw7w1943b...}, fedcm:accounts: true, goog:chromeOptions: {debuggerAddress: localhost:65246}, javascriptEnabled: true, networkConnectionEnabled: false, pageLoadStrategy: normal, platform: MAC, platformName: MAC, proxy: Proxy(), setWindowRect: true, strictFileInteractability: false, timeouts: {implicit: 0, pageLoad: 300000, script: 30000}, unhandledPromptBehavior: dismiss and notify, webauthn:extension:credBlob: true, webauthn:extension:largeBlob: true, webauthn:extension:minPinLength: true, webauthn:extension:prf: true, webauthn:virtualAuthenticators: true}
Session ID: 2b5622c315049cbe9a13c5ff2046699c
	at java.base/jdk.internal.reflect.NativeConstructorAccessorImpl.newInstance0(Native Method)
	at java.base/jdk.internal.reflect.NativeConstructorAccessorImpl.newInstance(NativeConstructorAccessorImpl.java:77)
	at java.base/jdk.internal.reflect.DelegatingConstructorAccessorImpl.newInstance(DelegatingConstructorAccessorImpl.java:45)
	at org.openqa.selenium.remote.http.W3CHttpResponseCodec.createException(W3CHttpResponseCodec.java:187)
	at org.openqa.selenium.remote.http.W3CHttpResponseCodec.decode(W3CHttpResponseCodec.java:122)
	at org.openqa.selenium.remote.http.W3CHttpResponseCodec.decode(W3CHttpResponseCodec.java:49)
	at org.openqa.selenium.remote.HttpCommandExecutor.execute(HttpCommandExecutor.java:158)
	at org.openqa.selenium.remote.service.DriverCommandExecutor.execute(DriverCommandExecutor.java:83)
	at org.openqa.selenium.remote.RemoteWebDriver.execute(RemoteWebDriver.java:552)
	at com.kms.katalon.selenium.driver.CChromeDriver.execute(CChromeDriver.java:19)
	at org.openqa.selenium.remote.RemoteWebElement.execute(RemoteWebElement.java:285)
	at org.openqa.selenium.remote.RemoteWebElement.click(RemoteWebElement.java:84)
	at jdk.internal.reflect.GeneratedMethodAccessor20.invoke(Unknown Source)
	at java.base/jdk.internal.reflect.DelegatingMethodAccessorImpl.invoke(DelegatingMethodAccessorImpl.java:43)
	at org.openqa.selenium.support.events.EventFiringWebDriver$EventFiringWebElement.lambda$new$0(EventFiringWebDriver.java:404)
	at jdk.proxy2/jdk.proxy2.$Proxy24.click(Unknown Source)
	at org.openqa.selenium.support.events.EventFiringWebDriver$EventFiringWebElement.click(EventFiringWebDriver.java:417)
	at rcclpayment.utils.goToScheduledPayments(utils.groovy:88)
	at SchedulePayment_GetEligibility.run(SchedulePayment_GetEligibility:32)
	at com.kms.katalon.core.main.ScriptEngine.run(ScriptEngine.java:194)
	at com.kms.katalon.core.main.ScriptEngine.runScriptAsRawText(ScriptEngine.java:119)
	at com.kms.katalon.core.main.TestCaseExecutor.runScript(TestCaseExecutor.java:448)
	at com.kms.katalon.core.main.TestCaseExecutor.doExecute(TestCaseExecutor.java:439)
	at com.kms.katalon.core.main.TestCaseExecutor.processExecutionPhase(TestCaseExecutor.java:418)
	at com.kms.katalon.core.main.TestCaseExecutor.accessMainPhase(TestCaseExecutor.java:410)
	at com.kms.katalon.core.main.TestCaseExecutor.execute(TestCaseExecutor.java:285)
	at com.kms.katalon.core.main.TestCaseMain.runTestCase(TestCaseMain.java:137)
	at com.kms.katalon.core.keyword.builtin.CallTestCaseKeyword$_callTestCase_closure1.doCall(CallTestCaseKeyword.groovy:59)
	... 44 more


29-04-2025T12:02:21 - [TEST_STEP][ERROR] - callTestCase(findTestCase("Re-Usable Script/SchedulePayment_GetEligibility"), [:], STOP_ON_FAILURE): Test Cases/Re-Usable Script/SchedulePayment_ConfirmWithRequest FAILED.
Reason:
com.kms.katalon.core.exception.StepErrorException: Call Test Case 'Test Cases/Re-Usable Script/SchedulePayment_GetEligibility' failed because of error(s)
	at com.kms.katalon.core.keyword.builtin.CallTestCaseKeyword$_callTestCase_closure1.doCall(CallTestCaseKeyword.groovy:66)
	at com.kms.katalon.core.keyword.builtin.CallTestCaseKeyword$_callTestCase_closure1.call(CallTestCaseKeyword.groovy)
	at com.kms.katalon.core.keyword.internal.KeywordMain.runKeyword(KeywordMain.groovy:75)
	at com.kms.katalon.core.keyword.builtin.CallTestCaseKeyword.callTestCase(CallTestCaseKeyword.groovy:81)
	at com.kms.katalon.core.keyword.builtin.CallTestCaseKeyword.execute(CallTestCaseKeyword.groovy:44)
	at com.kms.katalon.core.keyword.internal.KeywordExecutor.executeKeywordForPlatform(KeywordExecutor.groovy:74)
	at com.kms.katalon.core.keyword.BuiltinKeywords.callTestCase(BuiltinKeywords.groovy:310)
	at java.base/jdk.internal.reflect.NativeMethodAccessorImpl.invoke0(Native Method)
	at java.base/jdk.internal.reflect.NativeMethodAccessorImpl.invoke(NativeMethodAccessorImpl.java:77)
	at java.base/jdk.internal.reflect.DelegatingMethodAccessorImpl.invoke(DelegatingMethodAccessorImpl.java:43)
	at SchedulePayment_ConfirmWithRequest.run(SchedulePayment_ConfirmWithRequest:38)
	at com.kms.katalon.core.main.ScriptEngine.run(ScriptEngine.java:194)
	at com.kms.katalon.core.main.ScriptEngine.runScriptAsRawText(ScriptEngine.java:119)
	at com.kms.katalon.core.main.TestCaseExecutor.runScript(TestCaseExecutor.java:448)
	at com.kms.katalon.core.main.TestCaseExecutor.doExecute(TestCaseExecutor.java:439)
	at com.kms.katalon.core.main.TestCaseExecutor.processExecutionPhase(TestCaseExecutor.java:418)
	at com.kms.katalon.core.main.TestCaseExecutor.accessMainPhase(TestCaseExecutor.java:410)
	at com.kms.katalon.core.main.TestCaseExecutor.execute(TestCaseExecutor.java:285)
	at com.kms.katalon.core.main.TestCaseMain.runTestCase(TestCaseMain.java:137)
	at com.kms.katalon.core.keyword.builtin.CallTestCaseKeyword$_callTestCase_closure1.doCall(CallTestCaseKeyword.groovy:59)
	at com.kms.katalon.core.keyword.builtin.CallTestCaseKeyword$_callTestCase_closure1.call(CallTestCaseKeyword.groovy)
	at com.kms.katalon.core.keyword.internal.KeywordMain.runKeyword(KeywordMain.groovy:75)
	at com.kms.katalon.core.keyword.builtin.CallTestCaseKeyword.callTestCase(CallTestCaseKeyword.groovy:81)
	at com.kms.katalon.core.keyword.builtin.CallTestCaseKeyword.execute(CallTestCaseKeyword.groovy:44)
	at com.kms.katalon.core.keyword.internal.KeywordExecutor.executeKeywordForPlatform(KeywordExecutor.groovy:74)
	at com.kms.katalon.core.keyword.BuiltinKeywords.callTestCase(BuiltinKeywords.groovy:310)
	at java.base/jdk.internal.reflect.NativeMethodAccessorImpl.invoke0(Native Method)
	at java.base/jdk.internal.reflect.NativeMethodAccessorImpl.invoke(NativeMethodAccessorImpl.java:77)
	at java.base/jdk.internal.reflect.DelegatingMethodAccessorImpl.invoke(DelegatingMethodAccessorImpl.java:43)
	at TC2_ScheduledPayment_ConfirmWithRequest.run(TC2_ScheduledPayment_ConfirmWithRequest:33)
	at com.kms.katalon.core.main.ScriptEngine.run(ScriptEngine.java:194)
	at com.kms.katalon.core.main.ScriptEngine.runScriptAsRawText(ScriptEngine.java:119)
	at com.kms.katalon.core.main.TestCaseExecutor.runScript(TestCaseExecutor.java:448)
	at com.kms.katalon.core.main.TestCaseExecutor.doExecute(TestCaseExecutor.java:439)
	at com.kms.katalon.core.main.TestCaseExecutor.processExecutionPhase(TestCaseExecutor.java:418)
	at com.kms.katalon.core.main.TestCaseExecutor.accessMainPhase(TestCaseExecutor.java:410)
	at com.kms.katalon.core.main.TestCaseExecutor.execute(TestCaseExecutor.java:285)
	at com.kms.katalon.core.common.CommonExecutor.accessTestCaseMainPhase(CommonExecutor.java:65)
	at com.kms.katalon.core.main.TestSuiteExecutor.accessTestSuiteMainPhase(TestSuiteExecutor.java:150)
	at com.kms.katalon.core.main.TestSuiteExecutor.execute(TestSuiteExecutor.java:106)
	at com.kms.katalon.core.main.TestCaseMain.startTestSuite(TestCaseMain.java:180)
	at TempTestSuite1745899121706.run(TempTestSuite1745899121706.groovy:35)
	at java.base/jdk.internal.reflect.NativeMethodAccessorImpl.invoke0(Native Method)
	at java.base/jdk.internal.reflect.NativeMethodAccessorImpl.invoke(NativeMethodAccessorImpl.java:77)
	at java.base/jdk.internal.reflect.DelegatingMethodAccessorImpl.invoke(DelegatingMethodAccessorImpl.java:43)
Caused by: org.openqa.selenium.ElementClickInterceptedException: element click intercepted: Element <a class="d-flex align-items-center media" href="/payment/utilities/scheduled-payments">...</a> is not clickable at point (804, 271). Other element would receive the click: <p class="lead text-white">...</p>
  (Session info: chrome=135.0.7049.115)
Build info: version: '3.141.59', revision: 'unknown', time: 'unknown'
System info: host: 'MANILAs-MacBook-Pro.local', ip: 'fe80:0:0:0:878:3be:f4c9:911d%en0', os.name: 'Mac OS X', os.arch: 'x86_64', os.version: '14.5', java.version: '17.0.7'
Driver info: com.kms.katalon.selenium.driver.CChromeDriver
Capabilities {acceptInsecureCerts: false, browserName: chrome, browserVersion: 135.0.7049.115, chrome: {chromedriverVersion: 135.0.7049.84 (6c019e560019..., userDataDir: /var/folders/sc/s4fw7w1943b...}, fedcm:accounts: true, goog:chromeOptions: {debuggerAddress: localhost:65246}, javascriptEnabled: true, networkConnectionEnabled: false, pageLoadStrategy: normal, platform: MAC, platformName: MAC, proxy: Proxy(), setWindowRect: true, strictFileInteractability: false, timeouts: {implicit: 0, pageLoad: 300000, script: 30000}, unhandledPromptBehavior: dismiss and notify, webauthn:extension:credBlob: true, webauthn:extension:largeBlob: true, webauthn:extension:minPinLength: true, webauthn:extension:prf: true, webauthn:virtualAuthenticators: true}
Session ID: 2b5622c315049cbe9a13c5ff2046699c
	at java.base/jdk.internal.reflect.NativeConstructorAccessorImpl.newInstance0(Native Method)
	at java.base/jdk.internal.reflect.NativeConstructorAccessorImpl.newInstance(NativeConstructorAccessorImpl.java:77)
	at java.base/jdk.internal.reflect.DelegatingConstructorAccessorImpl.newInstance(DelegatingConstructorAccessorImpl.java:45)
	at org.openqa.selenium.remote.http.W3CHttpResponseCodec.createException(W3CHttpResponseCodec.java:187)
	at org.openqa.selenium.remote.http.W3CHttpResponseCodec.decode(W3CHttpResponseCodec.java:122)
	at org.openqa.selenium.remote.http.W3CHttpResponseCodec.decode(W3CHttpResponseCodec.java:49)
	at org.openqa.selenium.remote.HttpCommandExecutor.execute(HttpCommandExecutor.java:158)
	at org.openqa.selenium.remote.service.DriverCommandExecutor.execute(DriverCommandExecutor.java:83)
	at org.openqa.selenium.remote.RemoteWebDriver.execute(RemoteWebDriver.java:552)
	at com.kms.katalon.selenium.driver.CChromeDriver.execute(CChromeDriver.java:19)
	at org.openqa.selenium.remote.RemoteWebElement.execute(RemoteWebElement.java:285)
	at org.openqa.selenium.remote.RemoteWebElement.click(RemoteWebElement.java:84)
	at jdk.internal.reflect.GeneratedMethodAccessor20.invoke(Unknown Source)
	at java.base/jdk.internal.reflect.DelegatingMethodAccessorImpl.invoke(DelegatingMethodAccessorImpl.java:43)
	at org.openqa.selenium.support.events.EventFiringWebDriver$EventFiringWebElement.lambda$new$0(EventFiringWebDriver.java:404)
	at jdk.proxy2/jdk.proxy2.$Proxy24.click(Unknown Source)
	at org.openqa.selenium.support.events.EventFiringWebDriver$EventFiringWebElement.click(EventFiringWebDriver.java:417)
	at rcclpayment.utils.goToScheduledPayments(utils.groovy:88)
	at SchedulePayment_GetEligibility.run(SchedulePayment_GetEligibility:32)
	at com.kms.katalon.core.main.ScriptEngine.run(ScriptEngine.java:194)
	at com.kms.katalon.core.main.ScriptEngine.runScriptAsRawText(ScriptEngine.java:119)
	at com.kms.katalon.core.main.TestCaseExecutor.runScript(TestCaseExecutor.java:448)
	at com.kms.katalon.core.main.TestCaseExecutor.doExecute(TestCaseExecutor.java:439)
	at com.kms.katalon.core.main.TestCaseExecutor.processExecutionPhase(TestCaseExecutor.java:418)
	at com.kms.katalon.core.main.TestCaseExecutor.accessMainPhase(TestCaseExecutor.java:410)
	at com.kms.katalon.core.main.TestCaseExecutor.execute(TestCaseExecutor.java:285)
	at com.kms.katalon.core.main.TestCaseMain.runTestCase(TestCaseMain.java:137)
	at com.kms.katalon.core.keyword.builtin.CallTestCaseKeyword$_callTestCase_closure1.doCall(CallTestCaseKeyword.groovy:59)
	... 44 more


29-04-2025T12:02:22 - [TEST_CASE][ERROR] - Test Cases/Re-Usable Script/SchedulePayment_GetEligibility: Test Cases/Re-Usable Script/SchedulePayment_GetEligibility FAILED.
Reason:
org.openqa.selenium.ElementClickInterceptedException: element click intercepted: Element <a class="d-flex align-items-center media" href="/payment/utilities/scheduled-payments">...</a> is not clickable at point (804, 271). Other element would receive the click: <p class="lead text-white">...</p>
  (Session info: chrome=135.0.7049.115)
Build info: version: '3.141.59', revision: 'unknown', time: 'unknown'
System info: host: 'MANILAs-MacBook-Pro.local', ip: 'fe80:0:0:0:878:3be:f4c9:911d%en0', os.name: 'Mac OS X', os.arch: 'x86_64', os.version: '14.5', java.version: '17.0.7'
Driver info: com.kms.katalon.selenium.driver.CChromeDriver
Capabilities {acceptInsecureCerts: false, browserName: chrome, browserVersion: 135.0.7049.115, chrome: {chromedriverVersion: 135.0.7049.84 (6c019e560019..., userDataDir: /var/folders/sc/s4fw7w1943b...}, fedcm:accounts: true, goog:chromeOptions: {debuggerAddress: localhost:65246}, javascriptEnabled: true, networkConnectionEnabled: false, pageLoadStrategy: normal, platform: MAC, platformName: MAC, proxy: Proxy(), setWindowRect: true, strictFileInteractability: false, timeouts: {implicit: 0, pageLoad: 300000, script: 30000}, unhandledPromptBehavior: dismiss and notify, webauthn:extension:credBlob: true, webauthn:extension:largeBlob: true, webauthn:extension:minPinLength: true, webauthn:extension:prf: true, webauthn:virtualAuthenticators: true}
Session ID: 2b5622c315049cbe9a13c5ff2046699c
	at java.base/jdk.internal.reflect.NativeConstructorAccessorImpl.newInstance0(Native Method)
	at java.base/jdk.internal.reflect.NativeConstructorAccessorImpl.newInstance(NativeConstructorAccessorImpl.java:77)
	at java.base/jdk.internal.reflect.DelegatingConstructorAccessorImpl.newInstance(DelegatingConstructorAccessorImpl.java:45)
	at org.openqa.selenium.remote.http.W3CHttpResponseCodec.createException(W3CHttpResponseCodec.java:187)
	at org.openqa.selenium.remote.http.W3CHttpResponseCodec.decode(W3CHttpResponseCodec.java:122)
	at org.openqa.selenium.remote.http.W3CHttpResponseCodec.decode(W3CHttpResponseCodec.java:49)
	at org.openqa.selenium.remote.HttpCommandExecutor.execute(HttpCommandExecutor.java:158)
	at org.openqa.selenium.remote.service.DriverCommandExecutor.execute(DriverCommandExecutor.java:83)
	at org.openqa.selenium.remote.RemoteWebDriver.execute(RemoteWebDriver.java:552)
	at com.kms.katalon.selenium.driver.CChromeDriver.execute(CChromeDriver.java:19)
	at org.openqa.selenium.remote.RemoteWebElement.execute(RemoteWebElement.java:285)
	at org.openqa.selenium.remote.RemoteWebElement.click(RemoteWebElement.java:84)
	at jdk.internal.reflect.GeneratedMethodAccessor20.invoke(Unknown Source)
	at java.base/jdk.internal.reflect.DelegatingMethodAccessorImpl.invoke(DelegatingMethodAccessorImpl.java:43)
	at org.openqa.selenium.support.events.EventFiringWebDriver$EventFiringWebElement.lambda$new$0(EventFiringWebDriver.java:404)
	at jdk.proxy2/jdk.proxy2.$Proxy24.click(Unknown Source)
	at org.openqa.selenium.support.events.EventFiringWebDriver$EventFiringWebElement.click(EventFiringWebDriver.java:417)
	at rcclpayment.utils.goToScheduledPayments(utils.groovy:88)
	at SchedulePayment_GetEligibility.run(SchedulePayment_GetEligibility:32)
	at com.kms.katalon.core.main.ScriptEngine.run(ScriptEngine.java:194)
	at com.kms.katalon.core.main.ScriptEngine.runScriptAsRawText(ScriptEngine.java:119)
	at com.kms.katalon.core.main.TestCaseExecutor.runScript(TestCaseExecutor.java:448)
	at com.kms.katalon.core.main.TestCaseExecutor.doExecute(TestCaseExecutor.java:439)
	at com.kms.katalon.core.main.TestCaseExecutor.processExecutionPhase(TestCaseExecutor.java:418)
	at com.kms.katalon.core.main.TestCaseExecutor.accessMainPhase(TestCaseExecutor.java:410)
	at com.kms.katalon.core.main.TestCaseExecutor.execute(TestCaseExecutor.java:285)
	at com.kms.katalon.core.main.TestCaseMain.runTestCase(TestCaseMain.java:137)
	at com.kms.katalon.core.keyword.builtin.CallTestCaseKeyword$_callTestCase_closure1.doCall(CallTestCaseKeyword.groovy:59)
	at com.kms.katalon.core.keyword.builtin.CallTestCaseKeyword$_callTestCase_closure1.call(CallTestCaseKeyword.groovy)
	at com.kms.katalon.core.keyword.internal.KeywordMain.runKeyword(KeywordMain.groovy:75)
	at com.kms.katalon.core.keyword.builtin.CallTestCaseKeyword.callTestCase(CallTestCaseKeyword.groovy:81)
	at com.kms.katalon.core.keyword.builtin.CallTestCaseKeyword.execute(CallTestCaseKeyword.groovy:44)
	at com.kms.katalon.core.keyword.internal.KeywordExecutor.executeKeywordForPlatform(KeywordExecutor.groovy:74)
	at com.kms.katalon.core.keyword.BuiltinKeywords.callTestCase(BuiltinKeywords.groovy:310)
	at java.base/jdk.internal.reflect.NativeMethodAccessorImpl.invoke0(Native Method)
	at java.base/jdk.internal.reflect.NativeMethodAccessorImpl.invoke(NativeMethodAccessorImpl.java:77)
	at java.base/jdk.internal.reflect.DelegatingMethodAccessorImpl.invoke(DelegatingMethodAccessorImpl.java:43)
	at SchedulePayment_ConfirmWithRequest.run(SchedulePayment_ConfirmWithRequest:38)
	at com.kms.katalon.core.main.ScriptEngine.run(ScriptEngine.java:194)
	at com.kms.katalon.core.main.ScriptEngine.runScriptAsRawText(ScriptEngine.java:119)
	at com.kms.katalon.core.main.TestCaseExecutor.runScript(TestCaseExecutor.java:448)
	at com.kms.katalon.core.main.TestCaseExecutor.doExecute(TestCaseExecutor.java:439)
	at com.kms.katalon.core.main.TestCaseExecutor.processExecutionPhase(TestCaseExecutor.java:418)
	at com.kms.katalon.core.main.TestCaseExecutor.accessMainPhase(TestCaseExecutor.java:410)
	at com.kms.katalon.core.main.TestCaseExecutor.execute(TestCaseExecutor.java:285)
	at com.kms.katalon.core.main.TestCaseMain.runTestCase(TestCaseMain.java:137)
	at com.kms.katalon.core.keyword.builtin.CallTestCaseKeyword$_callTestCase_closure1.doCall(CallTestCaseKeyword.groovy:59)
	at com.kms.katalon.core.keyword.builtin.CallTestCaseKeyword$_callTestCase_closure1.call(CallTestCaseKeyword.groovy)
	at com.kms.katalon.core.keyword.internal.KeywordMain.runKeyword(KeywordMain.groovy:75)
	at com.kms.katalon.core.keyword.builtin.CallTestCaseKeyword.callTestCase(CallTestCaseKeyword.groovy:81)
	at com.kms.katalon.core.keyword.builtin.CallTestCaseKeyword.execute(CallTestCaseKeyword.groovy:44)
	at com.kms.katalon.core.keyword.internal.KeywordExecutor.executeKeywordForPlatform(KeywordExecutor.groovy:74)
	at com.kms.katalon.core.keyword.BuiltinKeywords.callTestCase(BuiltinKeywords.groovy:310)
	at java.base/jdk.internal.reflect.NativeMethodAccessorImpl.invoke0(Native Method)
	at java.base/jdk.internal.reflect.NativeMethodAccessorImpl.invoke(NativeMethodAccessorImpl.java:77)
	at java.base/jdk.internal.reflect.DelegatingMethodAccessorImpl.invoke(DelegatingMethodAccessorImpl.java:43)
	at TC2_ScheduledPayment_ConfirmWithRequest.run(TC2_ScheduledPayment_ConfirmWithRequest:33)
	at com.kms.katalon.core.main.ScriptEngine.run(ScriptEngine.java:194)
	at com.kms.katalon.core.main.ScriptEngine.runScriptAsRawText(ScriptEngine.java:119)
	at com.kms.katalon.core.main.TestCaseExecutor.runScript(TestCaseExecutor.java:448)
	at com.kms.katalon.core.main.TestCaseExecutor.doExecute(TestCaseExecutor.java:439)
	at com.kms.katalon.core.main.TestCaseExecutor.processExecutionPhase(TestCaseExecutor.java:418)
	at com.kms.katalon.core.main.TestCaseExecutor.accessMainPhase(TestCaseExecutor.java:410)
	at com.kms.katalon.core.main.TestCaseExecutor.execute(TestCaseExecutor.java:285)
	at com.kms.katalon.core.common.CommonExecutor.accessTestCaseMainPhase(CommonExecutor.java:65)
	at com.kms.katalon.core.main.TestSuiteExecutor.accessTestSuiteMainPhase(TestSuiteExecutor.java:150)
	at com.kms.katalon.core.main.TestSuiteExecutor.execute(TestSuiteExecutor.java:106)
	at com.kms.katalon.core.main.TestCaseMain.startTestSuite(TestCaseMain.java:180)
	at TempTestSuite1745899121706.run(TempTestSuite1745899121706.groovy:35)
	at java.base/jdk.internal.reflect.NativeMethodAccessorImpl.invoke0(Native Method)
	at java.base/jdk.internal.reflect.NativeMethodAccessorImpl.invoke(NativeMethodAccessorImpl.java:77)
	at java.base/jdk.internal.reflect.DelegatingMethodAccessorImpl.invoke(DelegatingMethodAccessorImpl.java:43)


29-04-2025T12:02:22 - [TEST_STEP][PASSED] - driver = getWebDriver(): null

29-04-2025T12:02:22 - [TEST_STEP][ERROR] - utils.goToScheduledPayments(): Test Cases/Re-Usable Script/SchedulePayment_GetEligibility FAILED.
Reason:
org.openqa.selenium.ElementClickInterceptedException: element click intercepted: Element <a class="d-flex align-items-center media" href="/payment/utilities/scheduled-payments">...</a> is not clickable at point (804, 271). Other element would receive the click: <p class="lead text-white">...</p>
  (Session info: chrome=135.0.7049.115)
Build info: version: '3.141.59', revision: 'unknown', time: 'unknown'
System info: host: 'MANILAs-MacBook-Pro.local', ip: 'fe80:0:0:0:878:3be:f4c9:911d%en0', os.name: 'Mac OS X', os.arch: 'x86_64', os.version: '14.5', java.version: '17.0.7'
Driver info: com.kms.katalon.selenium.driver.CChromeDriver
Capabilities {acceptInsecureCerts: false, browserName: chrome, browserVersion: 135.0.7049.115, chrome: {chromedriverVersion: 135.0.7049.84 (6c019e560019..., userDataDir: /var/folders/sc/s4fw7w1943b...}, fedcm:accounts: true, goog:chromeOptions: {debuggerAddress: localhost:65246}, javascriptEnabled: true, networkConnectionEnabled: false, pageLoadStrategy: normal, platform: MAC, platformName: MAC, proxy: Proxy(), setWindowRect: true, strictFileInteractability: false, timeouts: {implicit: 0, pageLoad: 300000, script: 30000}, unhandledPromptBehavior: dismiss and notify, webauthn:extension:credBlob: true, webauthn:extension:largeBlob: true, webauthn:extension:minPinLength: true, webauthn:extension:prf: true, webauthn:virtualAuthenticators: true}
Session ID: 2b5622c315049cbe9a13c5ff2046699c
	at java.base/jdk.internal.reflect.NativeConstructorAccessorImpl.newInstance0(Native Method)
	at java.base/jdk.internal.reflect.NativeConstructorAccessorImpl.newInstance(NativeConstructorAccessorImpl.java:77)
	at java.base/jdk.internal.reflect.DelegatingConstructorAccessorImpl.newInstance(DelegatingConstructorAccessorImpl.java:45)
	at org.openqa.selenium.remote.http.W3CHttpResponseCodec.createException(W3CHttpResponseCodec.java:187)
	at org.openqa.selenium.remote.http.W3CHttpResponseCodec.decode(W3CHttpResponseCodec.java:122)
	at org.openqa.selenium.remote.http.W3CHttpResponseCodec.decode(W3CHttpResponseCodec.java:49)
	at org.openqa.selenium.remote.HttpCommandExecutor.execute(HttpCommandExecutor.java:158)
	at org.openqa.selenium.remote.service.DriverCommandExecutor.execute(DriverCommandExecutor.java:83)
	at org.openqa.selenium.remote.RemoteWebDriver.execute(RemoteWebDriver.java:552)
	at com.kms.katalon.selenium.driver.CChromeDriver.execute(CChromeDriver.java:19)
	at org.openqa.selenium.remote.RemoteWebElement.execute(RemoteWebElement.java:285)
	at org.openqa.selenium.remote.RemoteWebElement.click(RemoteWebElement.java:84)
	at jdk.internal.reflect.GeneratedMethodAccessor20.invoke(Unknown Source)
	at java.base/jdk.internal.reflect.DelegatingMethodAccessorImpl.invoke(DelegatingMethodAccessorImpl.java:43)
	at org.openqa.selenium.support.events.EventFiringWebDriver$EventFiringWebElement.lambda$new$0(EventFiringWebDriver.java:404)
	at jdk.proxy2/jdk.proxy2.$Proxy24.click(Unknown Source)
	at org.openqa.selenium.support.events.EventFiringWebDriver$EventFiringWebElement.click(EventFiringWebDriver.java:417)
	at rcclpayment.utils.goToScheduledPayments(utils.groovy:88)
	at SchedulePayment_GetEligibility.run(SchedulePayment_GetEligibility:32)
	at com.kms.katalon.core.main.ScriptEngine.run(ScriptEngine.java:194)
	at com.kms.katalon.core.main.ScriptEngine.runScriptAsRawText(ScriptEngine.java:119)
	at com.kms.katalon.core.main.TestCaseExecutor.runScript(TestCaseExecutor.java:448)
	at com.kms.katalon.core.main.TestCaseExecutor.doExecute(TestCaseExecutor.java:439)
	at com.kms.katalon.core.main.TestCaseExecutor.processExecutionPhase(TestCaseExecutor.java:418)
	at com.kms.katalon.core.main.TestCaseExecutor.accessMainPhase(TestCaseExecutor.java:410)
	at com.kms.katalon.core.main.TestCaseExecutor.execute(TestCaseExecutor.java:285)
	at com.kms.katalon.core.main.TestCaseMain.runTestCase(TestCaseMain.java:137)
	at com.kms.katalon.core.keyword.builtin.CallTestCaseKeyword$_callTestCase_closure1.doCall(CallTestCaseKeyword.groovy:59)
	at com.kms.katalon.core.keyword.builtin.CallTestCaseKeyword$_callTestCase_closure1.call(CallTestCaseKeyword.groovy)
	at com.kms.katalon.core.keyword.internal.KeywordMain.runKeyword(KeywordMain.groovy:75)
	at com.kms.katalon.core.keyword.builtin.CallTestCaseKeyword.callTestCase(CallTestCaseKeyword.groovy:81)
	at com.kms.katalon.core.keyword.builtin.CallTestCaseKeyword.execute(CallTestCaseKeyword.groovy:44)
	at com.kms.katalon.core.keyword.internal.KeywordExecutor.executeKeywordForPlatform(KeywordExecutor.groovy:74)
	at com.kms.katalon.core.keyword.BuiltinKeywords.callTestCase(BuiltinKeywords.groovy:310)
	at java.base/jdk.internal.reflect.NativeMethodAccessorImpl.invoke0(Native Method)
	at java.base/jdk.internal.reflect.NativeMethodAccessorImpl.invoke(NativeMethodAccessorImpl.java:77)
	at java.base/jdk.internal.reflect.DelegatingMethodAccessorImpl.invoke(DelegatingMethodAccessorImpl.java:43)
	at SchedulePayment_ConfirmWithRequest.run(SchedulePayment_ConfirmWithRequest:38)
	at com.kms.katalon.core.main.ScriptEngine.run(ScriptEngine.java:194)
	at com.kms.katalon.core.main.ScriptEngine.runScriptAsRawText(ScriptEngine.java:119)
	at com.kms.katalon.core.main.TestCaseExecutor.runScript(TestCaseExecutor.java:448)
	at com.kms.katalon.core.main.TestCaseExecutor.doExecute(TestCaseExecutor.java:439)
	at com.kms.katalon.core.main.TestCaseExecutor.processExecutionPhase(TestCaseExecutor.java:418)
	at com.kms.katalon.core.main.TestCaseExecutor.accessMainPhase(TestCaseExecutor.java:410)
	at com.kms.katalon.core.main.TestCaseExecutor.execute(TestCaseExecutor.java:285)
	at com.kms.katalon.core.main.TestCaseMain.runTestCase(TestCaseMain.java:137)
	at com.kms.katalon.core.keyword.builtin.CallTestCaseKeyword$_callTestCase_closure1.doCall(CallTestCaseKeyword.groovy:59)
	at com.kms.katalon.core.keyword.builtin.CallTestCaseKeyword$_callTestCase_closure1.call(CallTestCaseKeyword.groovy)
	at com.kms.katalon.core.keyword.internal.KeywordMain.runKeyword(KeywordMain.groovy:75)
	at com.kms.katalon.core.keyword.builtin.CallTestCaseKeyword.callTestCase(CallTestCaseKeyword.groovy:81)
	at com.kms.katalon.core.keyword.builtin.CallTestCaseKeyword.execute(CallTestCaseKeyword.groovy:44)
	at com.kms.katalon.core.keyword.internal.KeywordExecutor.executeKeywordForPlatform(KeywordExecutor.groovy:74)
	at com.kms.katalon.core.keyword.BuiltinKeywords.callTestCase(BuiltinKeywords.groovy:310)
	at java.base/jdk.internal.reflect.NativeMethodAccessorImpl.invoke0(Native Method)
	at java.base/jdk.internal.reflect.NativeMethodAccessorImpl.invoke(NativeMethodAccessorImpl.java:77)
	at java.base/jdk.internal.reflect.DelegatingMethodAccessorImpl.invoke(DelegatingMethodAccessorImpl.java:43)
	at TC2_ScheduledPayment_ConfirmWithRequest.run(TC2_ScheduledPayment_ConfirmWithRequest:33)
	at com.kms.katalon.core.main.ScriptEngine.run(ScriptEngine.java:194)
	at com.kms.katalon.core.main.ScriptEngine.runScriptAsRawText(ScriptEngine.java:119)
	at com.kms.katalon.core.main.TestCaseExecutor.runScript(TestCaseExecutor.java:448)
	at com.kms.katalon.core.main.TestCaseExecutor.doExecute(TestCaseExecutor.java:439)
	at com.kms.katalon.core.main.TestCaseExecutor.processExecutionPhase(TestCaseExecutor.java:418)
	at com.kms.katalon.core.main.TestCaseExecutor.accessMainPhase(TestCaseExecutor.java:410)
	at com.kms.katalon.core.main.TestCaseExecutor.execute(TestCaseExecutor.java:285)
	at com.kms.katalon.core.common.CommonExecutor.accessTestCaseMainPhase(CommonExecutor.java:65)
	at com.kms.katalon.core.main.TestSuiteExecutor.accessTestSuiteMainPhase(TestSuiteExecutor.java:150)
	at com.kms.katalon.core.main.TestSuiteExecutor.execute(TestSuiteExecutor.java:106)
	at com.kms.katalon.core.main.TestCaseMain.startTestSuite(TestCaseMain.java:180)
	at TempTestSuite1745899121706.run(TempTestSuite1745899121706.groovy:35)
	at java.base/jdk.internal.reflect.NativeMethodAccessorImpl.invoke0(Native Method)
	at java.base/jdk.internal.reflect.NativeMethodAccessorImpl.invoke(NativeMethodAccessorImpl.java:77)
	at java.base/jdk.internal.reflect.DelegatingMethodAccessorImpl.invoke(DelegatingMethodAccessorImpl.java:43)


29-04-2025T12:02:24 - [MESSAGE][ERROR] - Test Cases/Re-Usable Script/SchedulePayment_GetEligibility FAILED.
Reason:
org.openqa.selenium.ElementClickInterceptedException: element click intercepted: Element <a class="d-flex align-items-center media" href="/payment/utilities/scheduled-payments">...</a> is not clickable at point (804, 271). Other element would receive the click: <p class="lead text-white">...</p>
  (Session info: chrome=135.0.7049.115)
Build info: version: '3.141.59', revision: 'unknown', time: 'unknown'
System info: host: 'MANILAs-MacBook-Pro.local', ip: 'fe80:0:0:0:878:3be:f4c9:911d%en0', os.name: 'Mac OS X', os.arch: 'x86_64', os.version: '14.5', java.version: '17.0.7'
Driver info: com.kms.katalon.selenium.driver.CChromeDriver
Capabilities {acceptInsecureCerts: false, browserName: chrome, browserVersion: 135.0.7049.115, chrome: {chromedriverVersion: 135.0.7049.84 (6c019e560019..., userDataDir: /var/folders/sc/s4fw7w1943b...}, fedcm:accounts: true, goog:chromeOptions: {debuggerAddress: localhost:65246}, javascriptEnabled: true, networkConnectionEnabled: false, pageLoadStrategy: normal, platform: MAC, platformName: MAC, proxy: Proxy(), setWindowRect: true, strictFileInteractability: false, timeouts: {implicit: 0, pageLoad: 300000, script: 30000}, unhandledPromptBehavior: dismiss and notify, webauthn:extension:credBlob: true, webauthn:extension:largeBlob: true, webauthn:extension:minPinLength: true, webauthn:extension:prf: true, webauthn:virtualAuthenticators: true}
Session ID: 2b5622c315049cbe9a13c5ff2046699c
	at java.base/jdk.internal.reflect.NativeConstructorAccessorImpl.newInstance0(Native Method)
	at java.base/jdk.internal.reflect.NativeConstructorAccessorImpl.newInstance(NativeConstructorAccessorImpl.java:77)
	at java.base/jdk.internal.reflect.DelegatingConstructorAccessorImpl.newInstance(DelegatingConstructorAccessorImpl.java:45)
	at org.openqa.selenium.remote.http.W3CHttpResponseCodec.createException(W3CHttpResponseCodec.java:187)
	at org.openqa.selenium.remote.http.W3CHttpResponseCodec.decode(W3CHttpResponseCodec.java:122)
	at org.openqa.selenium.remote.http.W3CHttpResponseCodec.decode(W3CHttpResponseCodec.java:49)
	at org.openqa.selenium.remote.HttpCommandExecutor.execute(HttpCommandExecutor.java:158)
	at org.openqa.selenium.remote.service.DriverCommandExecutor.execute(DriverCommandExecutor.java:83)
	at org.openqa.selenium.remote.RemoteWebDriver.execute(RemoteWebDriver.java:552)
	at com.kms.katalon.selenium.driver.CChromeDriver.execute(CChromeDriver.java:19)
	at org.openqa.selenium.remote.RemoteWebElement.execute(RemoteWebElement.java:285)
	at org.openqa.selenium.remote.RemoteWebElement.click(RemoteWebElement.java:84)
	at jdk.internal.reflect.GeneratedMethodAccessor20.invoke(Unknown Source)
	at java.base/jdk.internal.reflect.DelegatingMethodAccessorImpl.invoke(DelegatingMethodAccessorImpl.java:43)
	at org.openqa.selenium.support.events.EventFiringWebDriver$EventFiringWebElement.lambda$new$0(EventFiringWebDriver.java:404)
	at jdk.proxy2/jdk.proxy2.$Proxy24.click(Unknown Source)
	at org.openqa.selenium.support.events.EventFiringWebDriver$EventFiringWebElement.click(EventFiringWebDriver.java:417)
	at rcclpayment.utils.goToScheduledPayments(utils.groovy:88)
	at SchedulePayment_GetEligibility.run(SchedulePayment_GetEligibility:32)
	at com.kms.katalon.core.main.ScriptEngine.run(ScriptEngine.java:194)
	at com.kms.katalon.core.main.ScriptEngine.runScriptAsRawText(ScriptEngine.java:119)
	at com.kms.katalon.core.main.TestCaseExecutor.runScript(TestCaseExecutor.java:448)
	at com.kms.katalon.core.main.TestCaseExecutor.doExecute(TestCaseExecutor.java:439)
	at com.kms.katalon.core.main.TestCaseExecutor.processExecutionPhase(TestCaseExecutor.java:418)
	at com.kms.katalon.core.main.TestCaseExecutor.accessMainPhase(TestCaseExecutor.java:410)
	at com.kms.katalon.core.main.TestCaseExecutor.execute(TestCaseExecutor.java:285)
	at com.kms.katalon.core.main.TestCaseMain.runTestCase(TestCaseMain.java:137)
	at com.kms.katalon.core.keyword.builtin.CallTestCaseKeyword$_callTestCase_closure1.doCall(CallTestCaseKeyword.groovy:59)
	at com.kms.katalon.core.keyword.builtin.CallTestCaseKeyword$_callTestCase_closure1.call(CallTestCaseKeyword.groovy)
	at com.kms.katalon.core.keyword.internal.KeywordMain.runKeyword(KeywordMain.groovy:75)
	at com.kms.katalon.core.keyword.builtin.CallTestCaseKeyword.callTestCase(CallTestCaseKeyword.groovy:81)
	at com.kms.katalon.core.keyword.builtin.CallTestCaseKeyword.execute(CallTestCaseKeyword.groovy:44)
	at com.kms.katalon.core.keyword.internal.KeywordExecutor.executeKeywordForPlatform(KeywordExecutor.groovy:74)
	at com.kms.katalon.core.keyword.BuiltinKeywords.callTestCase(BuiltinKeywords.groovy:310)
	at java.base/jdk.internal.reflect.NativeMethodAccessorImpl.invoke0(Native Method)
	at java.base/jdk.internal.reflect.NativeMethodAccessorImpl.invoke(NativeMethodAccessorImpl.java:77)
	at java.base/jdk.internal.reflect.DelegatingMethodAccessorImpl.invoke(DelegatingMethodAccessorImpl.java:43)
	at SchedulePayment_ConfirmWithRequest.run(SchedulePayment_ConfirmWithRequest:38)
	at com.kms.katalon.core.main.ScriptEngine.run(ScriptEngine.java:194)
	at com.kms.katalon.core.main.ScriptEngine.runScriptAsRawText(ScriptEngine.java:119)
	at com.kms.katalon.core.main.TestCaseExecutor.runScript(TestCaseExecutor.java:448)
	at com.kms.katalon.core.main.TestCaseExecutor.doExecute(TestCaseExecutor.java:439)
	at com.kms.katalon.core.main.TestCaseExecutor.processExecutionPhase(TestCaseExecutor.java:418)
	at com.kms.katalon.core.main.TestCaseExecutor.accessMainPhase(TestCaseExecutor.java:410)
	at com.kms.katalon.core.main.TestCaseExecutor.execute(TestCaseExecutor.java:285)
	at com.kms.katalon.core.main.TestCaseMain.runTestCase(TestCaseMain.java:137)
	at com.kms.katalon.core.keyword.builtin.CallTestCaseKeyword$_callTestCase_closure1.doCall(CallTestCaseKeyword.groovy:59)
	at com.kms.katalon.core.keyword.builtin.CallTestCaseKeyword$_callTestCase_closure1.call(CallTestCaseKeyword.groovy)
	at com.kms.katalon.core.keyword.internal.KeywordMain.runKeyword(KeywordMain.groovy:75)
	at com.kms.katalon.core.keyword.builtin.CallTestCaseKeyword.callTestCase(CallTestCaseKeyword.groovy:81)
	at com.kms.katalon.core.keyword.builtin.CallTestCaseKeyword.execute(CallTestCaseKeyword.groovy:44)
	at com.kms.katalon.core.keyword.internal.KeywordExecutor.executeKeywordForPlatform(KeywordExecutor.groovy:74)
	at com.kms.katalon.core.keyword.BuiltinKeywords.callTestCase(BuiltinKeywords.groovy:310)
	at java.base/jdk.internal.reflect.NativeMethodAccessorImpl.invoke0(Native Method)
	at java.base/jdk.internal.reflect.NativeMethodAccessorImpl.invoke(NativeMethodAccessorImpl.java:77)
	at java.base/jdk.internal.reflect.DelegatingMethodAccessorImpl.invoke(DelegatingMethodAccessorImpl.java:43)
	at TC2_ScheduledPayment_ConfirmWithRequest.run(TC2_ScheduledPayment_ConfirmWithRequest:33)
	at com.kms.katalon.core.main.ScriptEngine.run(ScriptEngine.java:194)
	at com.kms.katalon.core.main.ScriptEngine.runScriptAsRawText(ScriptEngine.java:119)
	at com.kms.katalon.core.main.TestCaseExecutor.runScript(TestCaseExecutor.java:448)
	at com.kms.katalon.core.main.TestCaseExecutor.doExecute(TestCaseExecutor.java:439)
	at com.kms.katalon.core.main.TestCaseExecutor.processExecutionPhase(TestCaseExecutor.java:418)
	at com.kms.katalon.core.main.TestCaseExecutor.accessMainPhase(TestCaseExecutor.java:410)
	at com.kms.katalon.core.main.TestCaseExecutor.execute(TestCaseExecutor.java:285)
	at com.kms.katalon.core.common.CommonExecutor.accessTestCaseMainPhase(CommonExecutor.java:65)
	at com.kms.katalon.core.main.TestSuiteExecutor.accessTestSuiteMainPhase(TestSuiteExecutor.java:150)
	at com.kms.katalon.core.main.TestSuiteExecutor.execute(TestSuiteExecutor.java:106)
	at com.kms.katalon.core.main.TestCaseMain.startTestSuite(TestCaseMain.java:180)
	at TempTestSuite1745899121706.run(TempTestSuite1745899121706.groovy:35)
	at java.base/jdk.internal.reflect.NativeMethodAccessorImpl.invoke0(Native Method)
	at java.base/jdk.internal.reflect.NativeMethodAccessorImpl.invoke(NativeMethodAccessorImpl.java:77)
	at java.base/jdk.internal.reflect.DelegatingMethodAccessorImpl.invoke(DelegatingMethodAccessorImpl.java:43)


29-04-2025T12:02:24 - [MESSAGE][FAILED] - Unable to call Test Case 'Test Cases/Re-Usable Script/SchedulePayment_GetEligibility' (Root cause: com.kms.katalon.core.exception.StepErrorException: Call Test Case 'Test Cases/Re-Usable Script/SchedulePayment_GetEligibility' failed because of error(s)
	at com.kms.katalon.core.keyword.builtin.CallTestCaseKeyword$_callTestCase_closure1.doCall(CallTestCaseKeyword.groovy:66)
	at com.kms.katalon.core.keyword.builtin.CallTestCaseKeyword$_callTestCase_closure1.call(CallTestCaseKeyword.groovy)
	at com.kms.katalon.core.keyword.internal.KeywordMain.runKeyword(KeywordMain.groovy:75)
	at com.kms.katalon.core.keyword.builtin.CallTestCaseKeyword.callTestCase(CallTestCaseKeyword.groovy:81)
	at com.kms.katalon.core.keyword.builtin.CallTestCaseKeyword.execute(CallTestCaseKeyword.groovy:44)
	at com.kms.katalon.core.keyword.internal.KeywordExecutor.executeKeywordForPlatform(KeywordExecutor.groovy:74)
	at com.kms.katalon.core.keyword.BuiltinKeywords.callTestCase(BuiltinKeywords.groovy:310)
	at java.base/jdk.internal.reflect.NativeMethodAccessorImpl.invoke0(Native Method)
	at java.base/jdk.internal.reflect.NativeMethodAccessorImpl.invoke(NativeMethodAccessorImpl.java:77)
	at java.base/jdk.internal.reflect.DelegatingMethodAccessorImpl.invoke(DelegatingMethodAccessorImpl.java:43)
	at SchedulePayment_ConfirmWithRequest.run(SchedulePayment_ConfirmWithRequest:38)
	at com.kms.katalon.core.main.ScriptEngine.run(ScriptEngine.java:194)
	at com.kms.katalon.core.main.ScriptEngine.runScriptAsRawText(ScriptEngine.java:119)
	at com.kms.katalon.core.main.TestCaseExecutor.runScript(TestCaseExecutor.java:448)
	at com.kms.katalon.core.main.TestCaseExecutor.doExecute(TestCaseExecutor.java:439)
	at com.kms.katalon.core.main.TestCaseExecutor.processExecutionPhase(TestCaseExecutor.java:418)
	at com.kms.katalon.core.main.TestCaseExecutor.accessMainPhase(TestCaseExecutor.java:410)
	at com.kms.katalon.core.main.TestCaseExecutor.execute(TestCaseExecutor.java:285)
	at com.kms.katalon.core.main.TestCaseMain.runTestCase(TestCaseMain.java:137)
	at com.kms.katalon.core.keyword.builtin.CallTestCaseKeyword$_callTestCase_closure1.doCall(CallTestCaseKeyword.groovy:59)
	at com.kms.katalon.core.keyword.builtin.CallTestCaseKeyword$_callTestCase_closure1.call(CallTestCaseKeyword.groovy)
	at com.kms.katalon.core.keyword.internal.KeywordMain.runKeyword(KeywordMain.groovy:75)
	at com.kms.katalon.core.keyword.builtin.CallTestCaseKeyword.callTestCase(CallTestCaseKeyword.groovy:81)
	at com.kms.katalon.core.keyword.builtin.CallTestCaseKeyword.execute(CallTestCaseKeyword.groovy:44)
	at com.kms.katalon.core.keyword.internal.KeywordExecutor.executeKeywordForPlatform(KeywordExecutor.groovy:74)
	at com.kms.katalon.core.keyword.BuiltinKeywords.callTestCase(BuiltinKeywords.groovy:310)
	at java.base/jdk.internal.reflect.NativeMethodAccessorImpl.invoke0(Native Method)
	at java.base/jdk.internal.reflect.NativeMethodAccessorImpl.invoke(NativeMethodAccessorImpl.java:77)
	at java.base/jdk.internal.reflect.DelegatingMethodAccessorImpl.invoke(DelegatingMethodAccessorImpl.java:43)
	at TC2_ScheduledPayment_ConfirmWithRequest.run(TC2_ScheduledPayment_ConfirmWithRequest:33)
	at com.kms.katalon.core.main.ScriptEngine.run(ScriptEngine.java:194)
	at com.kms.katalon.core.main.ScriptEngine.runScriptAsRawText(ScriptEngine.java:119)
	at com.kms.katalon.core.main.TestCaseExecutor.runScript(TestCaseExecutor.java:448)
	at com.kms.katalon.core.main.TestCaseExecutor.doExecute(TestCaseExecutor.java:439)
	at com.kms.katalon.core.main.TestCaseExecutor.processExecutionPhase(TestCaseExecutor.java:418)
	at com.kms.katalon.core.main.TestCaseExecutor.accessMainPhase(TestCaseExecutor.java:410)
	at com.kms.katalon.core.main.TestCaseExecutor.execute(TestCaseExecutor.java:285)
	at com.kms.katalon.core.common.CommonExecutor.accessTestCaseMainPhase(CommonExecutor.java:65)
	at com.kms.katalon.core.main.TestSuiteExecutor.accessTestSuiteMainPhase(TestSuiteExecutor.java:150)
	at com.kms.katalon.core.main.TestSuiteExecutor.execute(TestSuiteExecutor.java:106)
	at com.kms.katalon.core.main.TestCaseMain.startTestSuite(TestCaseMain.java:180)
	at TempTestSuite1745899121706.run(TempTestSuite1745899121706.groovy:35)
	at java.base/jdk.internal.reflect.NativeMethodAccessorImpl.invoke0(Native Method)
	at java.base/jdk.internal.reflect.NativeMethodAccessorImpl.invoke(NativeMethodAccessorImpl.java:77)
	at java.base/jdk.internal.reflect.DelegatingMethodAccessorImpl.invoke(DelegatingMethodAccessorImpl.java:43)
Caused by: org.openqa.selenium.ElementClickInterceptedException: element click intercepted: Element <a class="d-flex align-items-center media" href="/payment/utilities/scheduled-payments">...</a> is not clickable at point (804, 271). Other element would receive the click: <p class="lead text-white">...</p>
  (Session info: chrome=135.0.7049.115)
Build info: version: '3.141.59', revision: 'unknown', time: 'unknown'
System info: host: 'MANILAs-MacBook-Pro.local', ip: 'fe80:0:0:0:878:3be:f4c9:911d%en0', os.name: 'Mac OS X', os.arch: 'x86_64', os.version: '14.5', java.version: '17.0.7'
Driver info: com.kms.katalon.selenium.driver.CChromeDriver
Capabilities {acceptInsecureCerts: false, browserName: chrome, browserVersion: 135.0.7049.115, chrome: {chromedriverVersion: 135.0.7049.84 (6c019e560019..., userDataDir: /var/folders/sc/s4fw7w1943b...}, fedcm:accounts: true, goog:chromeOptions: {debuggerAddress: localhost:65246}, javascriptEnabled: true, networkConnectionEnabled: false, pageLoadStrategy: normal, platform: MAC, platformName: MAC, proxy: Proxy(), setWindowRect: true, strictFileInteractability: false, timeouts: {implicit: 0, pageLoad: 300000, script: 30000}, unhandledPromptBehavior: dismiss and notify, webauthn:extension:credBlob: true, webauthn:extension:largeBlob: true, webauthn:extension:minPinLength: true, webauthn:extension:prf: true, webauthn:virtualAuthenticators: true}
Session ID: 2b5622c315049cbe9a13c5ff2046699c
	at java.base/jdk.internal.reflect.NativeConstructorAccessorImpl.newInstance0(Native Method)
	at java.base/jdk.internal.reflect.NativeConstructorAccessorImpl.newInstance(NativeConstructorAccessorImpl.java:77)
	at java.base/jdk.internal.reflect.DelegatingConstructorAccessorImpl.newInstance(DelegatingConstructorAccessorImpl.java:45)
	at org.openqa.selenium.remote.http.W3CHttpResponseCodec.createException(W3CHttpResponseCodec.java:187)
	at org.openqa.selenium.remote.http.W3CHttpResponseCodec.decode(W3CHttpResponseCodec.java:122)
	at org.openqa.selenium.remote.http.W3CHttpResponseCodec.decode(W3CHttpResponseCodec.java:49)
	at org.openqa.selenium.remote.HttpCommandExecutor.execute(HttpCommandExecutor.java:158)
	at org.openqa.selenium.remote.service.DriverCommandExecutor.execute(DriverCommandExecutor.java:83)
	at org.openqa.selenium.remote.RemoteWebDriver.execute(RemoteWebDriver.java:552)
	at com.kms.katalon.selenium.driver.CChromeDriver.execute(CChromeDriver.java:19)
	at org.openqa.selenium.remote.RemoteWebElement.execute(RemoteWebElement.java:285)
	at org.openqa.selenium.remote.RemoteWebElement.click(RemoteWebElement.java:84)
	at jdk.internal.reflect.GeneratedMethodAccessor20.invoke(Unknown Source)
	at java.base/jdk.internal.reflect.DelegatingMethodAccessorImpl.invoke(DelegatingMethodAccessorImpl.java:43)
	at org.openqa.selenium.support.events.EventFiringWebDriver$EventFiringWebElement.lambda$new$0(EventFiringWebDriver.java:404)
	at jdk.proxy2/jdk.proxy2.$Proxy24.click(Unknown Source)
	at org.openqa.selenium.support.events.EventFiringWebDriver$EventFiringWebElement.click(EventFiringWebDriver.java:417)
	at rcclpayment.utils.goToScheduledPayments(utils.groovy:88)
	at SchedulePayment_GetEligibility.run(SchedulePayment_GetEligibility:32)
	at com.kms.katalon.core.main.ScriptEngine.run(ScriptEngine.java:194)
	at com.kms.katalon.core.main.ScriptEngine.runScriptAsRawText(ScriptEngine.java:119)
	at com.kms.katalon.core.main.TestCaseExecutor.runScript(TestCaseExecutor.java:448)
	at com.kms.katalon.core.main.TestCaseExecutor.doExecute(TestCaseExecutor.java:439)
	at com.kms.katalon.core.main.TestCaseExecutor.processExecutionPhase(TestCaseExecutor.java:418)
	at com.kms.katalon.core.main.TestCaseExecutor.accessMainPhase(TestCaseExecutor.java:410)
	at com.kms.katalon.core.main.TestCaseExecutor.execute(TestCaseExecutor.java:285)
	at com.kms.katalon.core.main.TestCaseMain.runTestCase(TestCaseMain.java:137)
	at com.kms.katalon.core.keyword.builtin.CallTestCaseKeyword$_callTestCase_closure1.doCall(CallTestCaseKeyword.groovy:59)
	... 44 more
)

29-04-2025T12:02:24 - [MESSAGE][ERROR] - Test Cases/Re-Usable Script/SchedulePayment_ConfirmWithRequest FAILED.
Reason:
com.kms.katalon.core.exception.StepErrorException: Call Test Case 'Test Cases/Re-Usable Script/SchedulePayment_GetEligibility' failed because of error(s)
	at com.kms.katalon.core.keyword.builtin.CallTestCaseKeyword$_callTestCase_closure1.doCall(CallTestCaseKeyword.groovy:66)
	at com.kms.katalon.core.keyword.builtin.CallTestCaseKeyword$_callTestCase_closure1.call(CallTestCaseKeyword.groovy)
	at com.kms.katalon.core.keyword.internal.KeywordMain.runKeyword(KeywordMain.groovy:75)
	at com.kms.katalon.core.keyword.builtin.CallTestCaseKeyword.callTestCase(CallTestCaseKeyword.groovy:81)
	at com.kms.katalon.core.keyword.builtin.CallTestCaseKeyword.execute(CallTestCaseKeyword.groovy:44)
	at com.kms.katalon.core.keyword.internal.KeywordExecutor.executeKeywordForPlatform(KeywordExecutor.groovy:74)
	at com.kms.katalon.core.keyword.BuiltinKeywords.callTestCase(BuiltinKeywords.groovy:310)
	at java.base/jdk.internal.reflect.NativeMethodAccessorImpl.invoke0(Native Method)
	at java.base/jdk.internal.reflect.NativeMethodAccessorImpl.invoke(NativeMethodAccessorImpl.java:77)
	at java.base/jdk.internal.reflect.DelegatingMethodAccessorImpl.invoke(DelegatingMethodAccessorImpl.java:43)
	at SchedulePayment_ConfirmWithRequest.run(SchedulePayment_ConfirmWithRequest:38)
	at com.kms.katalon.core.main.ScriptEngine.run(ScriptEngine.java:194)
	at com.kms.katalon.core.main.ScriptEngine.runScriptAsRawText(ScriptEngine.java:119)
	at com.kms.katalon.core.main.TestCaseExecutor.runScript(TestCaseExecutor.java:448)
	at com.kms.katalon.core.main.TestCaseExecutor.doExecute(TestCaseExecutor.java:439)
	at com.kms.katalon.core.main.TestCaseExecutor.processExecutionPhase(TestCaseExecutor.java:418)
	at com.kms.katalon.core.main.TestCaseExecutor.accessMainPhase(TestCaseExecutor.java:410)
	at com.kms.katalon.core.main.TestCaseExecutor.execute(TestCaseExecutor.java:285)
	at com.kms.katalon.core.main.TestCaseMain.runTestCase(TestCaseMain.java:137)
	at com.kms.katalon.core.keyword.builtin.CallTestCaseKeyword$_callTestCase_closure1.doCall(CallTestCaseKeyword.groovy:59)
	at com.kms.katalon.core.keyword.builtin.CallTestCaseKeyword$_callTestCase_closure1.call(CallTestCaseKeyword.groovy)
	at com.kms.katalon.core.keyword.internal.KeywordMain.runKeyword(KeywordMain.groovy:75)
	at com.kms.katalon.core.keyword.builtin.CallTestCaseKeyword.callTestCase(CallTestCaseKeyword.groovy:81)
	at com.kms.katalon.core.keyword.builtin.CallTestCaseKeyword.execute(CallTestCaseKeyword.groovy:44)
	at com.kms.katalon.core.keyword.internal.KeywordExecutor.executeKeywordForPlatform(KeywordExecutor.groovy:74)
	at com.kms.katalon.core.keyword.BuiltinKeywords.callTestCase(BuiltinKeywords.groovy:310)
	at java.base/jdk.internal.reflect.NativeMethodAccessorImpl.invoke0(Native Method)
	at java.base/jdk.internal.reflect.NativeMethodAccessorImpl.invoke(NativeMethodAccessorImpl.java:77)
	at java.base/jdk.internal.reflect.DelegatingMethodAccessorImpl.invoke(DelegatingMethodAccessorImpl.java:43)
	at TC2_ScheduledPayment_ConfirmWithRequest.run(TC2_ScheduledPayment_ConfirmWithRequest:33)
	at com.kms.katalon.core.main.ScriptEngine.run(ScriptEngine.java:194)
	at com.kms.katalon.core.main.ScriptEngine.runScriptAsRawText(ScriptEngine.java:119)
	at com.kms.katalon.core.main.TestCaseExecutor.runScript(TestCaseExecutor.java:448)
	at com.kms.katalon.core.main.TestCaseExecutor.doExecute(TestCaseExecutor.java:439)
	at com.kms.katalon.core.main.TestCaseExecutor.processExecutionPhase(TestCaseExecutor.java:418)
	at com.kms.katalon.core.main.TestCaseExecutor.accessMainPhase(TestCaseExecutor.java:410)
	at com.kms.katalon.core.main.TestCaseExecutor.execute(TestCaseExecutor.java:285)
	at com.kms.katalon.core.common.CommonExecutor.accessTestCaseMainPhase(CommonExecutor.java:65)
	at com.kms.katalon.core.main.TestSuiteExecutor.accessTestSuiteMainPhase(TestSuiteExecutor.java:150)
	at com.kms.katalon.core.main.TestSuiteExecutor.execute(TestSuiteExecutor.java:106)
	at com.kms.katalon.core.main.TestCaseMain.startTestSuite(TestCaseMain.java:180)
	at TempTestSuite1745899121706.run(TempTestSuite1745899121706.groovy:35)
	at java.base/jdk.internal.reflect.NativeMethodAccessorImpl.invoke0(Native Method)
	at java.base/jdk.internal.reflect.NativeMethodAccessorImpl.invoke(NativeMethodAccessorImpl.java:77)
	at java.base/jdk.internal.reflect.DelegatingMethodAccessorImpl.invoke(DelegatingMethodAccessorImpl.java:43)
Caused by: org.openqa.selenium.ElementClickInterceptedException: element click intercepted: Element <a class="d-flex align-items-center media" href="/payment/utilities/scheduled-payments">...</a> is not clickable at point (804, 271). Other element would receive the click: <p class="lead text-white">...</p>
  (Session info: chrome=135.0.7049.115)
Build info: version: '3.141.59', revision: 'unknown', time: 'unknown'
System info: host: 'MANILAs-MacBook-Pro.local', ip: 'fe80:0:0:0:878:3be:f4c9:911d%en0', os.name: 'Mac OS X', os.arch: 'x86_64', os.version: '14.5', java.version: '17.0.7'
Driver info: com.kms.katalon.selenium.driver.CChromeDriver
Capabilities {acceptInsecureCerts: false, browserName: chrome, browserVersion: 135.0.7049.115, chrome: {chromedriverVersion: 135.0.7049.84 (6c019e560019..., userDataDir: /var/folders/sc/s4fw7w1943b...}, fedcm:accounts: true, goog:chromeOptions: {debuggerAddress: localhost:65246}, javascriptEnabled: true, networkConnectionEnabled: false, pageLoadStrategy: normal, platform: MAC, platformName: MAC, proxy: Proxy(), setWindowRect: true, strictFileInteractability: false, timeouts: {implicit: 0, pageLoad: 300000, script: 30000}, unhandledPromptBehavior: dismiss and notify, webauthn:extension:credBlob: true, webauthn:extension:largeBlob: true, webauthn:extension:minPinLength: true, webauthn:extension:prf: true, webauthn:virtualAuthenticators: true}
Session ID: 2b5622c315049cbe9a13c5ff2046699c
	at java.base/jdk.internal.reflect.NativeConstructorAccessorImpl.newInstance0(Native Method)
	at java.base/jdk.internal.reflect.NativeConstructorAccessorImpl.newInstance(NativeConstructorAccessorImpl.java:77)
	at java.base/jdk.internal.reflect.DelegatingConstructorAccessorImpl.newInstance(DelegatingConstructorAccessorImpl.java:45)
	at org.openqa.selenium.remote.http.W3CHttpResponseCodec.createException(W3CHttpResponseCodec.java:187)
	at org.openqa.selenium.remote.http.W3CHttpResponseCodec.decode(W3CHttpResponseCodec.java:122)
	at org.openqa.selenium.remote.http.W3CHttpResponseCodec.decode(W3CHttpResponseCodec.java:49)
	at org.openqa.selenium.remote.HttpCommandExecutor.execute(HttpCommandExecutor.java:158)
	at org.openqa.selenium.remote.service.DriverCommandExecutor.execute(DriverCommandExecutor.java:83)
	at org.openqa.selenium.remote.RemoteWebDriver.execute(RemoteWebDriver.java:552)
	at com.kms.katalon.selenium.driver.CChromeDriver.execute(CChromeDriver.java:19)
	at org.openqa.selenium.remote.RemoteWebElement.execute(RemoteWebElement.java:285)
	at org.openqa.selenium.remote.RemoteWebElement.click(RemoteWebElement.java:84)
	at jdk.internal.reflect.GeneratedMethodAccessor20.invoke(Unknown Source)
	at java.base/jdk.internal.reflect.DelegatingMethodAccessorImpl.invoke(DelegatingMethodAccessorImpl.java:43)
	at org.openqa.selenium.support.events.EventFiringWebDriver$EventFiringWebElement.lambda$new$0(EventFiringWebDriver.java:404)
	at jdk.proxy2/jdk.proxy2.$Proxy24.click(Unknown Source)
	at org.openqa.selenium.support.events.EventFiringWebDriver$EventFiringWebElement.click(EventFiringWebDriver.java:417)
	at rcclpayment.utils.goToScheduledPayments(utils.groovy:88)
	at SchedulePayment_GetEligibility.run(SchedulePayment_GetEligibility:32)
	at com.kms.katalon.core.main.ScriptEngine.run(ScriptEngine.java:194)
	at com.kms.katalon.core.main.ScriptEngine.runScriptAsRawText(ScriptEngine.java:119)
	at com.kms.katalon.core.main.TestCaseExecutor.runScript(TestCaseExecutor.java:448)
	at com.kms.katalon.core.main.TestCaseExecutor.doExecute(TestCaseExecutor.java:439)
	at com.kms.katalon.core.main.TestCaseExecutor.processExecutionPhase(TestCaseExecutor.java:418)
	at com.kms.katalon.core.main.TestCaseExecutor.accessMainPhase(TestCaseExecutor.java:410)
	at com.kms.katalon.core.main.TestCaseExecutor.execute(TestCaseExecutor.java:285)
	at com.kms.katalon.core.main.TestCaseMain.runTestCase(TestCaseMain.java:137)
	at com.kms.katalon.core.keyword.builtin.CallTestCaseKeyword$_callTestCase_closure1.doCall(CallTestCaseKeyword.groovy:59)
	... 44 more


29-04-2025T12:02:24 - [MESSAGE][FAILED] - Unable to call Test Case 'Test Cases/Re-Usable Script/SchedulePayment_ConfirmWithRequest' (Root cause: com.kms.katalon.core.exception.StepErrorException: Call Test Case 'Test Cases/Re-Usable Script/SchedulePayment_ConfirmWithRequest' failed because of error(s)
	at com.kms.katalon.core.keyword.builtin.CallTestCaseKeyword$_callTestCase_closure1.doCall(CallTestCaseKeyword.groovy:66)
	at com.kms.katalon.core.keyword.builtin.CallTestCaseKeyword$_callTestCase_closure1.call(CallTestCaseKeyword.groovy)
	at com.kms.katalon.core.keyword.internal.KeywordMain.runKeyword(KeywordMain.groovy:75)
	at com.kms.katalon.core.keyword.builtin.CallTestCaseKeyword.callTestCase(CallTestCaseKeyword.groovy:81)
	at com.kms.katalon.core.keyword.builtin.CallTestCaseKeyword.execute(CallTestCaseKeyword.groovy:44)
	at com.kms.katalon.core.keyword.internal.KeywordExecutor.executeKeywordForPlatform(KeywordExecutor.groovy:74)
	at com.kms.katalon.core.keyword.BuiltinKeywords.callTestCase(BuiltinKeywords.groovy:310)
	at java.base/jdk.internal.reflect.NativeMethodAccessorImpl.invoke0(Native Method)
	at java.base/jdk.internal.reflect.NativeMethodAccessorImpl.invoke(NativeMethodAccessorImpl.java:77)
	at java.base/jdk.internal.reflect.DelegatingMethodAccessorImpl.invoke(DelegatingMethodAccessorImpl.java:43)
	at TC2_ScheduledPayment_ConfirmWithRequest.run(TC2_ScheduledPayment_ConfirmWithRequest:33)
	at com.kms.katalon.core.main.ScriptEngine.run(ScriptEngine.java:194)
	at com.kms.katalon.core.main.ScriptEngine.runScriptAsRawText(ScriptEngine.java:119)
	at com.kms.katalon.core.main.TestCaseExecutor.runScript(TestCaseExecutor.java:448)
	at com.kms.katalon.core.main.TestCaseExecutor.doExecute(TestCaseExecutor.java:439)
	at com.kms.katalon.core.main.TestCaseExecutor.processExecutionPhase(TestCaseExecutor.java:418)
	at com.kms.katalon.core.main.TestCaseExecutor.accessMainPhase(TestCaseExecutor.java:410)
	at com.kms.katalon.core.main.TestCaseExecutor.execute(TestCaseExecutor.java:285)
	at com.kms.katalon.core.common.CommonExecutor.accessTestCaseMainPhase(CommonExecutor.java:65)
	at com.kms.katalon.core.main.TestSuiteExecutor.accessTestSuiteMainPhase(TestSuiteExecutor.java:150)
	at com.kms.katalon.core.main.TestSuiteExecutor.execute(TestSuiteExecutor.java:106)
	at com.kms.katalon.core.main.TestCaseMain.startTestSuite(TestCaseMain.java:180)
	at TempTestSuite1745899121706.run(TempTestSuite1745899121706.groovy:35)
	at java.base/jdk.internal.reflect.NativeMethodAccessorImpl.invoke0(Native Method)
	at java.base/jdk.internal.reflect.NativeMethodAccessorImpl.invoke(NativeMethodAccessorImpl.java:77)
	at java.base/jdk.internal.reflect.DelegatingMethodAccessorImpl.invoke(DelegatingMethodAccessorImpl.java:43)
Caused by: com.kms.katalon.core.exception.StepErrorException: Call Test Case 'Test Cases/Re-Usable Script/SchedulePayment_GetEligibility' failed because of error(s)
	at com.kms.katalon.core.keyword.builtin.CallTestCaseKeyword$_callTestCase_closure1.doCall(CallTestCaseKeyword.groovy:66)
	at com.kms.katalon.core.keyword.builtin.CallTestCaseKeyword$_callTestCase_closure1.call(CallTestCaseKeyword.groovy)
	at com.kms.katalon.core.keyword.internal.KeywordMain.runKeyword(KeywordMain.groovy:75)
	at com.kms.katalon.core.keyword.builtin.CallTestCaseKeyword.callTestCase(CallTestCaseKeyword.groovy:81)
	at com.kms.katalon.core.keyword.builtin.CallTestCaseKeyword.execute(CallTestCaseKeyword.groovy:44)
	at com.kms.katalon.core.keyword.internal.KeywordExecutor.executeKeywordForPlatform(KeywordExecutor.groovy:74)
	at com.kms.katalon.core.keyword.BuiltinKeywords.callTestCase(BuiltinKeywords.groovy:310)
	at java.base/jdk.internal.reflect.NativeMethodAccessorImpl.invoke0(Native Method)
	at java.base/jdk.internal.reflect.NativeMethodAccessorImpl.invoke(NativeMethodAccessorImpl.java:77)
	at java.base/jdk.internal.reflect.DelegatingMethodAccessorImpl.invoke(DelegatingMethodAccessorImpl.java:43)
	at SchedulePayment_ConfirmWithRequest.run(SchedulePayment_ConfirmWithRequest:38)
	at com.kms.katalon.core.main.ScriptEngine.run(ScriptEngine.java:194)
	at com.kms.katalon.core.main.ScriptEngine.runScriptAsRawText(ScriptEngine.java:119)
	at com.kms.katalon.core.main.TestCaseExecutor.runScript(TestCaseExecutor.java:448)
	at com.kms.katalon.core.main.TestCaseExecutor.doExecute(TestCaseExecutor.java:439)
	at com.kms.katalon.core.main.TestCaseExecutor.processExecutionPhase(TestCaseExecutor.java:418)
	at com.kms.katalon.core.main.TestCaseExecutor.accessMainPhase(TestCaseExecutor.java:410)
	at com.kms.katalon.core.main.TestCaseExecutor.execute(TestCaseExecutor.java:285)
	at com.kms.katalon.core.main.TestCaseMain.runTestCase(TestCaseMain.java:137)
	at com.kms.katalon.core.keyword.builtin.CallTestCaseKeyword$_callTestCase_closure1.doCall(CallTestCaseKeyword.groovy:59)
	... 25 more
Caused by: org.openqa.selenium.ElementClickInterceptedException: element click intercepted: Element <a class="d-flex align-items-center media" href="/payment/utilities/scheduled-payments">...</a> is not clickable at point (804, 271). Other element would receive the click: <p class="lead text-white">...</p>
  (Session info: chrome=135.0.7049.115)
Build info: version: '3.141.59', revision: 'unknown', time: 'unknown'
System info: host: 'MANILAs-MacBook-Pro.local', ip: 'fe80:0:0:0:878:3be:f4c9:911d%en0', os.name: 'Mac OS X', os.arch: 'x86_64', os.version: '14.5', java.version: '17.0.7'
Driver info: com.kms.katalon.selenium.driver.CChromeDriver
Capabilities {acceptInsecureCerts: false, browserName: chrome, browserVersion: 135.0.7049.115, chrome: {chromedriverVersion: 135.0.7049.84 (6c019e560019..., userDataDir: /var/folders/sc/s4fw7w1943b...}, fedcm:accounts: true, goog:chromeOptions: {debuggerAddress: localhost:65246}, javascriptEnabled: true, networkConnectionEnabled: false, pageLoadStrategy: normal, platform: MAC, platformName: MAC, proxy: Proxy(), setWindowRect: true, strictFileInteractability: false, timeouts: {implicit: 0, pageLoad: 300000, script: 30000}, unhandledPromptBehavior: dismiss and notify, webauthn:extension:credBlob: true, webauthn:extension:largeBlob: true, webauthn:extension:minPinLength: true, webauthn:extension:prf: true, webauthn:virtualAuthenticators: true}
Session ID: 2b5622c315049cbe9a13c5ff2046699c
	at java.base/jdk.internal.reflect.NativeConstructorAccessorImpl.newInstance0(Native Method)
	at java.base/jdk.internal.reflect.NativeConstructorAccessorImpl.newInstance(NativeConstructorAccessorImpl.java:77)
	at java.base/jdk.internal.reflect.DelegatingConstructorAccessorImpl.newInstance(DelegatingConstructorAccessorImpl.java:45)
	at org.openqa.selenium.remote.http.W3CHttpResponseCodec.createException(W3CHttpResponseCodec.java:187)
	at org.openqa.selenium.remote.http.W3CHttpResponseCodec.decode(W3CHttpResponseCodec.java:122)
	at org.openqa.selenium.remote.http.W3CHttpResponseCodec.decode(W3CHttpResponseCodec.java:49)
	at org.openqa.selenium.remote.HttpCommandExecutor.execute(HttpCommandExecutor.java:158)
	at org.openqa.selenium.remote.service.DriverCommandExecutor.execute(DriverCommandExecutor.java:83)
	at org.openqa.selenium.remote.RemoteWebDriver.execute(RemoteWebDriver.java:552)
	at com.kms.katalon.selenium.driver.CChromeDriver.execute(CChromeDriver.java:19)
	at org.openqa.selenium.remote.RemoteWebElement.execute(RemoteWebElement.java:285)
	at org.openqa.selenium.remote.RemoteWebElement.click(RemoteWebElement.java:84)
	at jdk.internal.reflect.GeneratedMethodAccessor20.invoke(Unknown Source)
	at java.base/jdk.internal.reflect.DelegatingMethodAccessorImpl.invoke(DelegatingMethodAccessorImpl.java:43)
	at org.openqa.selenium.support.events.EventFiringWebDriver$EventFiringWebElement.lambda$new$0(EventFiringWebDriver.java:404)
	at jdk.proxy2/jdk.proxy2.$Proxy24.click(Unknown Source)
	at org.openqa.selenium.support.events.EventFiringWebDriver$EventFiringWebElement.click(EventFiringWebDriver.java:417)
	at rcclpayment.utils.goToScheduledPayments(utils.groovy:88)
	at SchedulePayment_GetEligibility.run(SchedulePayment_GetEligibility:32)
	at com.kms.katalon.core.main.ScriptEngine.run(ScriptEngine.java:194)
	at com.kms.katalon.core.main.ScriptEngine.runScriptAsRawText(ScriptEngine.java:119)
	at com.kms.katalon.core.main.TestCaseExecutor.runScript(TestCaseExecutor.java:448)
	at com.kms.katalon.core.main.TestCaseExecutor.doExecute(TestCaseExecutor.java:439)
	at com.kms.katalon.core.main.TestCaseExecutor.processExecutionPhase(TestCaseExecutor.java:418)
	at com.kms.katalon.core.main.TestCaseExecutor.accessMainPhase(TestCaseExecutor.java:410)
	at com.kms.katalon.core.main.TestCaseExecutor.execute(TestCaseExecutor.java:285)
	at com.kms.katalon.core.main.TestCaseMain.runTestCase(TestCaseMain.java:137)
	at com.kms.katalon.core.keyword.builtin.CallTestCaseKeyword$_callTestCase_closure1.doCall(CallTestCaseKeyword.groovy:59)
	... 44 more
)

29-04-2025T12:02:24 - [TEST_STEP][PASSED] - catch (Exception e): null

29-04-2025T12:02:24 - [TEST_STEP][PASSED] - println(An unexpected error occurred: $e.message): null

29-04-2025T12:02:25 - [TEST_STEP][PASSED] - e.printStackTrace(): null

29-04-2025T12:02:25 - [TEST_STEP][PASSED] - Finally: Browser is closed

29-04-2025T12:02:25 - [TEST_STEP][PASSED] - utils.closeBrowser(): Browser is closed

29-04-2025T12:02:27 - [MESSAGE][PASSED] - Delayed 2 second(s)

29-04-2025T12:02:27 - [MESSAGE][PASSED] - Browser is closed

29-04-2025T12:02:29 - [TEST_STEP][PASSED] - Video: Video recording for test case 'Test Cases/Web_Utilities_TestCases/ScheduledPayments/TC2_ScheduledPayment_ConfirmWithRequest' .

29-04-2025T12:02:29 - [MESSAGE][INFO] - Video recording for test case 'Test Cases/Web_Utilities_TestCases/ScheduledPayments/TC2_ScheduledPayment_ConfirmWithRequest' .]]></system-out>
         <system-err><![CDATA[]]></system-err>
      </testcase>
      <testcase name="Test Cases/Web_Utilities_TestCases/ScheduledPayments/TC4_ScheduledPayment_Get" time="61.876" classname="Test Cases/Web_Utilities_TestCases/ScheduledPayments/TC4_ScheduledPayment_Get" status="PASSED">
         <system-out><![CDATA[29-04-2025T12:02:29 - [TEST_CASE][PASSED] - Test Cases/Web_Utilities_TestCases/ScheduledPayments/TC4_ScheduledPayment_Get: Test Cases/Web_Utilities_TestCases/ScheduledPayments/TC4_ScheduledPayment_Get

29-04-2025T12:02:29 - [TEST_STEP][PASSED] - try: null

29-04-2025T12:02:29 - [TEST_STEP][PASSED] - utils.openBrowserAndNavigateToPMT(): Navigate to 'https://dev1.payment.rccl.com/payment/utilities' successfully

29-04-2025T12:02:29 - [MESSAGE][INFO] - Starting 'Chrome' driver

29-04-2025T12:02:29 - [MESSAGE][INFO] - Action delay is set to 0 milliseconds

29-04-2025T12:02:31 - [MESSAGE][PASSED] - Browser is opened with url: ''

29-04-2025T12:02:31 - [MESSAGE][PASSED] - Current window maximized

29-04-2025T12:02:35 - [MESSAGE][PASSED] - Navigate to 'https://dev1.payment.rccl.com/payment/utilities' successfully

29-04-2025T12:02:35 - [TEST_STEP][PASSED] - driver = getWebDriver(): null

29-04-2025T12:02:35 - [TEST_STEP][PASSED] - EXCEL_PATH = "./Data Files/TestData.xlsx": null

29-04-2025T12:02:35 - [TEST_STEP][PASSED] - TAB = "ScheduledPayment_Get": null

29-04-2025T12:02:35 - [TEST_STEP][PASSED] - utils.goToScheduledPayments(): null

29-04-2025T12:02:38 - [TEST_STEP][PASSED] - utils.selectEnvironment(ENV): null

29-04-2025T12:02:40 - [TEST_STEP][PASSED] - testdata = getdata.fromExcel(EXCEL_PATH, TAB): null

29-04-2025T12:02:40 - [TEST_STEP][PASSED] - for ([i = 0, i < testdata.size(), (i++)]): null

29-04-2025T12:02:40 - [TEST_STEP][PASSED] - TestScenarioRequiresCreateBooking = testdata["ExecuteBookingCreationFlag"][i]: null

29-04-2025T12:02:40 - [TEST_STEP][PASSED] - if (TestScenarioRequiresCreateBooking == "Yes"): null

29-04-2025T12:02:40 - [TEST_STEP][PASSED] - clickADD = xpath("//a[normalize-space()='Add']")).click(): null

29-04-2025T12:02:40 - [TEST_STEP][PASSED] - sendRequestTextBox = driver.findElement(By.xpath("//textarea[@name='req']")): null

29-04-2025T12:02:41 - [TEST_STEP][PASSED] - sendRequestTextBox.clear(): null

29-04-2025T12:02:41 - [TEST_STEP][PASSED] - getBookingData = CreateAndRetrieveBooking.Data(EXCEL_PATH, TAB, i): Delayed 5 second(s)

29-04-2025T12:02:47 - [MESSAGE][INFO] - HAR: /Users/manilacel/Library/CloudStorage/OneDrive-RoyalCaribbeanGroup/PMT/Git/payment.web-utility-automation/payment.web-utility-automation/Reports/20250429_115840/PMT_Libraries/ScheduledPayments/20250429_115841/requests/main/10.har

29-04-2025T12:02:47 - [MESSAGE][PASSED] - Send request successfully

29-04-2025T12:02:57 - [MESSAGE][PASSED] - Delayed 10 second(s)

29-04-2025T12:03:00 - [MESSAGE][INFO] - HAR: /Users/manilacel/Library/CloudStorage/OneDrive-RoyalCaribbeanGroup/PMT/Git/payment.web-utility-automation/payment.web-utility-automation/Reports/20250429_115840/PMT_Libraries/ScheduledPayments/20250429_115841/requests/main/11.har

29-04-2025T12:03:00 - [MESSAGE][PASSED] - Send request successfully

29-04-2025T12:03:05 - [MESSAGE][PASSED] - Delayed 5 second(s)

29-04-2025T12:03:05 - [TEST_STEP][PASSED] - println(getBookingData["BookingId"]): null

29-04-2025T12:03:05 - [TEST_STEP][PASSED] - println(getBookingData["BookingAccessToken"]): null

29-04-2025T12:03:05 - [TEST_STEP][PASSED] - delay(5): Delayed 5 second(s)

29-04-2025T12:03:10 - [MESSAGE][PASSED] - Delayed 5 second(s)

29-04-2025T12:03:10 - [TEST_STEP][PASSED] - ADDRequestRaw = testdata["ADDRequest"][i]: null

29-04-2025T12:03:10 - [TEST_STEP][PASSED] - BookingId = getBookingData["BookingId"]: null

29-04-2025T12:03:10 - [TEST_STEP][PASSED] - ADDRequest = ADDRequestRaw.replace("BookingId", BookingId): null

29-04-2025T12:03:10 - [TEST_STEP][PASSED] - sendRequestTextBox.sendKeys(ADDRequest): null

29-04-2025T12:03:10 - [TEST_STEP][PASSED] - println(ADDRequest): null

29-04-2025T12:03:10 - [TEST_STEP][PASSED] - utils.clickSendButton(): null

29-04-2025T12:03:12 - [TEST_STEP][PASSED] - delay(5): Delayed 5 second(s)

29-04-2025T12:03:17 - [MESSAGE][PASSED] - Delayed 5 second(s)

29-04-2025T12:03:17 - [TEST_STEP][PASSED] - refresh(): Refresh successfully

29-04-2025T12:03:17 - [MESSAGE][PASSED] - Refresh successfully

29-04-2025T12:03:17 - [TEST_STEP][PASSED] - delay(3): Delayed 3 second(s)

29-04-2025T12:03:20 - [MESSAGE][PASSED] - Delayed 3 second(s)

29-04-2025T12:03:20 - [TEST_STEP][PASSED] - clickGET = xpath("//a[normalize-space()='Get']")).click(): null

29-04-2025T12:03:21 - [TEST_STEP][PASSED] - sendRequestTextBox2 = driver.findElement(By.xpath("//textarea[@name='req']")): null

29-04-2025T12:03:21 - [TEST_STEP][PASSED] - sendRequestTextBox2.clear(): null

29-04-2025T12:03:21 - [TEST_STEP][PASSED] - BookingIdToBePassedRaw = testdata["BookingId"][i]: null

29-04-2025T12:03:21 - [TEST_STEP][PASSED] - BookingIdToBePassed = BookingIdToBePassedRaw.replace("BookingId", BookingId): null

29-04-2025T12:03:21 - [TEST_STEP][PASSED] - sendRequestTextBox2.sendKeys(BookingIdToBePassed): null

29-04-2025T12:03:21 - [TEST_STEP][PASSED] - println(BookingIdToBePassed): null

29-04-2025T12:03:21 - [TEST_STEP][PASSED] - utils.clickSendButton(): null

29-04-2025T12:03:21 - [TEST_STEP][PASSED] - delay(5): Delayed 5 second(s)

29-04-2025T12:03:26 - [MESSAGE][PASSED] - Delayed 5 second(s)

29-04-2025T12:03:26 - [TEST_STEP][PASSED] - response = utils.getResponse(): null

29-04-2025T12:03:26 - [TEST_STEP][PASSED] - println(response): null

29-04-2025T12:03:26 - [TEST_STEP][PASSED] - validationString = testdata["Validation"][i]: null

29-04-2025T12:03:26 - [TEST_STEP][PASSED] - assert response.contains(validationString): null

29-04-2025T12:03:26 - [TEST_STEP][PASSED] - catch (Exception e): null

29-04-2025T12:03:26 - [TEST_STEP][PASSED] - println(An unexpected error occurred: $e.message): null

29-04-2025T12:03:26 - [TEST_STEP][PASSED] - e.printStackTrace(): null

29-04-2025T12:03:26 - [TEST_STEP][PASSED] - Finally: Browser is closed

29-04-2025T12:03:26 - [TEST_STEP][PASSED] - utils.closeBrowser(): Browser is closed

29-04-2025T12:03:28 - [MESSAGE][PASSED] - Delayed 2 second(s)

29-04-2025T12:03:29 - [MESSAGE][PASSED] - Browser is closed

29-04-2025T12:03:31 - [TEST_STEP][PASSED] - Video: Video recording for test case 'Test Cases/Web_Utilities_TestCases/ScheduledPayments/TC4_ScheduledPayment_Get' .

29-04-2025T12:03:31 - [MESSAGE][INFO] - Video recording for test case 'Test Cases/Web_Utilities_TestCases/ScheduledPayments/TC4_ScheduledPayment_Get' .]]></system-out>
         <system-err><![CDATA[]]></system-err>
      </testcase>
      <system-out><![CDATA[29-04-2025T11:58:44 - [TEST_SUITE][PASSED] - ScheduledPayments: Test Cases/Web_Utilities_TestCases/ScheduledPayments/TC4_ScheduledPayment_Get]]></system-out>
      <system-err><![CDATA[]]></system-err>
   </testsuite>
</testsuites>
