<?xml version="1.0" encoding="UTF-8"?>
<testsuites name="ScheduledPayments" time="377.645" tests="4" failures="0" errors="0">
   <testsuite name="ScheduledPayments" tests="4" failures="0" errors="0" time="377.645" skipped="0" timestamp="04-10-2024T10:14:18" hostname="manilacel - localhost" id="Test Suites/PMT_Libraries/ScheduledPayments">
      <properties>
         <property name="deviceName" value=""/>
         <property name="devicePlatform"/>
         <property name="logFolder" value="/Users/manilacel/Library/CloudStorage/OneDrive-RoyalCaribbeanGroup/PMT/Git/RestructuredScript/TestingFolder/Reports/20241004_101357/PMT_Libraries/ScheduledPayments/20241004_101402"/>
         <property name="logFiles" value="/Users/manilacel/Library/CloudStorage/OneDrive-RoyalCaribbeanGroup/PMT/Git/RestructuredScript/TestingFolder/Reports/20241004_101357/PMT_Libraries/ScheduledPayments/20241004_101402/execution0.log"/>
         <property name="attachments" value=""/>
         <property name="hostName" value="manilacel - localhost"/>
         <property name="os" value="Mac OS X 64bit"/>
         <property name="katalonVersion" value="9.5.0.217"/>
         <property name="browser" value="Chrome 129.0.0.0"/>
         <property name="hostAddress" value="127.0.0.1"/>
         <property name="sessionId" value="15220e185ae7f98db29bd48ff7ea30f1"/>
         <property name="seleniumVersion" value="3.141.59"/>
         <property name="proxyInformation" value="ProxyInformation { proxyOption=NO_PROXY, proxyServerType=HTTP, username=, password=********, proxyServerAddress=, proxyServerPort=0, executionList=&quot;&quot;, isApplyToDesiredCapabilities=true }"/>
         <property name="platform" value="Mac OS X"/>
      </properties>
      <testcase name="Test Cases/Web_Utilities_TestCases/ScheduledPayments/TC1_ScheduledPayment_GetEligibility" time="118.267" classname="Test Cases/Web_Utilities_TestCases/ScheduledPayments/TC1_ScheduledPayment_GetEligibility" status="PASSED">
         <system-out><![CDATA[04-10-2024T10:14:18 - [TEST_CASE][PASSED] - Test Cases/Web_Utilities_TestCases/ScheduledPayments/TC1_ScheduledPayment_GetEligibility: Test Cases/Web_Utilities_TestCases/ScheduledPayments/TC1_ScheduledPayment_GetEligibility

04-10-2024T10:14:26 - [TEST_STEP][PASSED] - utils.openBrowserAndNavigateToPMT(): Navigate to 'https://dev1.payment.rccl.com/payment/utilities' successfully

04-10-2024T10:14:27 - [MESSAGE][INFO] - Starting 'Chrome' driver

04-10-2024T10:14:27 - [MESSAGE][INFO] - Action delay is set to 0 milliseconds

04-10-2024T10:14:34 - [MESSAGE][PASSED] - Browser is opened with url: ''

04-10-2024T10:14:35 - [MESSAGE][PASSED] - Current window maximized

04-10-2024T10:14:43 - [MESSAGE][PASSED] - Navigate to 'https://dev1.payment.rccl.com/payment/utilities' successfully

04-10-2024T10:14:43 - [TEST_STEP][PASSED] - try: null

04-10-2024T10:14:43 - [TEST_STEP][PASSED] - callTestCase(findTestCase("Re-Usable Script/SchedulePayment_GetEligibility"), [:], STOP_ON_FAILURE): Call Test Case 'Test Cases/Re-Usable Script/SchedulePayment_GetEligibility' successfully

04-10-2024T10:14:43 - [TEST_CASE][PASSED] - Test Cases/Re-Usable Script/SchedulePayment_GetEligibility: Test Cases/Re-Usable Script/SchedulePayment_GetEligibility

04-10-2024T10:14:45 - [TEST_STEP][PASSED] - driver = getWebDriver(): null

04-10-2024T10:14:45 - [TEST_STEP][PASSED] - utils.goToScheduledPayments(): null

04-10-2024T10:14:47 - [TEST_STEP][PASSED] - clickGetEligibility = xpath("//a[normalize-space()='Get Eligibility']")).click(): null

04-10-2024T10:14:48 - [TEST_STEP][PASSED] - EXCEL_PATH = "./Data Files/TestData.xlsx": null

04-10-2024T10:14:48 - [TEST_STEP][PASSED] - TAB = "ScheduledPayment_GetEligibility": null

04-10-2024T10:14:48 - [TEST_STEP][PASSED] - utils.selectEnvironment(ENV): null

04-10-2024T10:14:50 - [TEST_STEP][PASSED] - testdata = getdata.fromExcel(EXCEL_PATH, TAB): null

04-10-2024T10:14:54 - [TEST_STEP][PASSED] - for ([TestScenarioNumber = 0, TestScenarioNumber < testdata.size(), (TestScenarioNumber++)]): null

04-10-2024T10:14:54 - [TEST_STEP][PASSED] - println(testdata.size()): null

04-10-2024T10:14:54 - [TEST_STEP][PASSED] - getBookingData = CreateAndRetrieveBooking.Data(EXCEL_PATH, TAB, TestScenarioNumber): Delayed 5 second(s)

04-10-2024T10:15:13 - [MESSAGE][INFO] - HAR: /Users/manilacel/Library/CloudStorage/OneDrive-RoyalCaribbeanGroup/PMT/Git/RestructuredScript/TestingFolder/Reports/20241004_101357/PMT_Libraries/ScheduledPayments/20241004_101402/requests/main/0.har

04-10-2024T10:15:14 - [MESSAGE][PASSED] - Send request successfully

04-10-2024T10:15:24 - [MESSAGE][PASSED] - Delayed 10 second(s)

04-10-2024T10:15:25 - [MESSAGE][INFO] - HAR: /Users/manilacel/Library/CloudStorage/OneDrive-RoyalCaribbeanGroup/PMT/Git/RestructuredScript/TestingFolder/Reports/20241004_101357/PMT_Libraries/ScheduledPayments/20241004_101402/requests/main/1.har

04-10-2024T10:15:25 - [MESSAGE][PASSED] - Send request successfully

04-10-2024T10:15:30 - [MESSAGE][PASSED] - Delayed 5 second(s)

04-10-2024T10:15:30 - [TEST_STEP][PASSED] - println(getBookingData["BookingId"]): null

04-10-2024T10:15:30 - [TEST_STEP][PASSED] - println(getBookingData["BookingAccessToken"]): null

04-10-2024T10:15:31 - [TEST_STEP][PASSED] - println(getBookingData["PassengerId1"]): null

04-10-2024T10:15:31 - [TEST_STEP][PASSED] - println(getBookingData["PassengerId2"]): null

04-10-2024T10:15:31 - [TEST_STEP][PASSED] - delay(5): Delayed 5 second(s)

04-10-2024T10:15:36 - [MESSAGE][PASSED] - Delayed 5 second(s)

04-10-2024T10:15:36 - [TEST_STEP][PASSED] - bookingIdCol = testdata["BookingId"][TestScenarioNumber]: null

04-10-2024T10:15:36 - [TEST_STEP][PASSED] - BookingId = getBookingData["BookingId"]: null

04-10-2024T10:15:36 - [TEST_STEP][PASSED] - replaceBookingId = bookingIdCol.replace("BookingId", BookingId): null

04-10-2024T10:15:36 - [TEST_STEP][PASSED] - println(replaceBookingId): null

04-10-2024T10:15:36 - [TEST_STEP][PASSED] - sendRequestTextBox = driver.findElement(By.xpath("//textarea[@name='req']")): null

04-10-2024T10:15:36 - [TEST_STEP][PASSED] - sendRequestTextBox.clear(): null

04-10-2024T10:15:36 - [TEST_STEP][PASSED] - request = BookingId: null

04-10-2024T10:15:36 - [TEST_STEP][PASSED] - sendRequestTextBox.sendKeys(request): null

04-10-2024T10:15:36 - [TEST_STEP][PASSED] - println(request): null

04-10-2024T10:15:36 - [TEST_STEP][PASSED] - utils.clickSendButton(): null

04-10-2024T10:15:37 - [TEST_STEP][PASSED] - delay(3): Delayed 3 second(s)

04-10-2024T10:15:40 - [MESSAGE][PASSED] - Delayed 3 second(s)

04-10-2024T10:15:40 - [TEST_STEP][PASSED] - response = utils.getResponse(): null

04-10-2024T10:15:40 - [TEST_STEP][PASSED] - println(response): null

04-10-2024T10:15:40 - [TEST_STEP][PASSED] - validation1 = testdata["ContainsValidation"][TestScenarioNumber]: null

04-10-2024T10:15:40 - [TEST_STEP][PASSED] - println(validation1): null

04-10-2024T10:15:40 - [TEST_STEP][PASSED] - validation2 = testdata["NotContainsValidation"][TestScenarioNumber]: null

04-10-2024T10:15:40 - [TEST_STEP][PASSED] - println(validation2): null

04-10-2024T10:15:40 - [TEST_STEP][PASSED] - println(testdata["TCNumber"][TestScenarioNumber]): null

04-10-2024T10:15:40 - [TEST_STEP][PASSED] - assert response.contains(validation1): null

04-10-2024T10:15:40 - [TEST_STEP][PASSED] - assert response.contains(validation2) == false: null

04-10-2024T10:15:40 - [TEST_STEP][PASSED] - println("Test Scenario Number: " + TestScenarioNumber): null

04-10-2024T10:15:40 - [TEST_STEP][PASSED] - println(testdata.size()): null

04-10-2024T10:15:40 - [TEST_STEP][PASSED] - getBookingData = CreateAndRetrieveBooking.Data(EXCEL_PATH, TAB, TestScenarioNumber): Delayed 5 second(s)

04-10-2024T10:15:45 - [MESSAGE][INFO] - HAR: /Users/manilacel/Library/CloudStorage/OneDrive-RoyalCaribbeanGroup/PMT/Git/RestructuredScript/TestingFolder/Reports/20241004_101357/PMT_Libraries/ScheduledPayments/20241004_101402/requests/main/2.har

04-10-2024T10:15:45 - [MESSAGE][PASSED] - Send request successfully

04-10-2024T10:15:55 - [MESSAGE][PASSED] - Delayed 10 second(s)

04-10-2024T10:15:56 - [MESSAGE][INFO] - HAR: /Users/manilacel/Library/CloudStorage/OneDrive-RoyalCaribbeanGroup/PMT/Git/RestructuredScript/TestingFolder/Reports/20241004_101357/PMT_Libraries/ScheduledPayments/20241004_101402/requests/main/3.har

04-10-2024T10:15:56 - [MESSAGE][PASSED] - Send request successfully

04-10-2024T10:16:01 - [MESSAGE][PASSED] - Delayed 5 second(s)

04-10-2024T10:16:01 - [TEST_STEP][PASSED] - println(getBookingData["BookingId"]): null

04-10-2024T10:16:01 - [TEST_STEP][PASSED] - println(getBookingData["BookingAccessToken"]): null

04-10-2024T10:16:01 - [TEST_STEP][PASSED] - println(getBookingData["PassengerId1"]): null

04-10-2024T10:16:01 - [TEST_STEP][PASSED] - println(getBookingData["PassengerId2"]): null

04-10-2024T10:16:01 - [TEST_STEP][PASSED] - delay(5): Delayed 5 second(s)

04-10-2024T10:16:06 - [MESSAGE][PASSED] - Delayed 5 second(s)

04-10-2024T10:16:06 - [TEST_STEP][PASSED] - bookingIdCol = testdata["BookingId"][TestScenarioNumber]: null

04-10-2024T10:16:06 - [TEST_STEP][PASSED] - BookingId = getBookingData["BookingId"]: null

04-10-2024T10:16:06 - [TEST_STEP][PASSED] - replaceBookingId = bookingIdCol.replace("BookingId", BookingId): null

04-10-2024T10:16:06 - [TEST_STEP][PASSED] - println(replaceBookingId): null

04-10-2024T10:16:06 - [TEST_STEP][PASSED] - sendRequestTextBox = driver.findElement(By.xpath("//textarea[@name='req']")): null

04-10-2024T10:16:07 - [TEST_STEP][PASSED] - sendRequestTextBox.clear(): null

04-10-2024T10:16:07 - [TEST_STEP][PASSED] - request = BookingId: null

04-10-2024T10:16:07 - [TEST_STEP][PASSED] - sendRequestTextBox.sendKeys(request): null

04-10-2024T10:16:07 - [TEST_STEP][PASSED] - println(request): null

04-10-2024T10:16:07 - [TEST_STEP][PASSED] - utils.clickSendButton(): null

04-10-2024T10:16:07 - [TEST_STEP][PASSED] - delay(3): Delayed 3 second(s)

04-10-2024T10:16:10 - [MESSAGE][PASSED] - Delayed 3 second(s)

04-10-2024T10:16:10 - [TEST_STEP][PASSED] - response = utils.getResponse(): null

04-10-2024T10:16:10 - [TEST_STEP][PASSED] - println(response): null

04-10-2024T10:16:10 - [TEST_STEP][PASSED] - validation1 = testdata["ContainsValidation"][TestScenarioNumber]: null

04-10-2024T10:16:10 - [TEST_STEP][PASSED] - println(validation1): null

04-10-2024T10:16:10 - [TEST_STEP][PASSED] - validation2 = testdata["NotContainsValidation"][TestScenarioNumber]: null

04-10-2024T10:16:10 - [TEST_STEP][PASSED] - println(validation2): null

04-10-2024T10:16:10 - [TEST_STEP][PASSED] - println(testdata["TCNumber"][TestScenarioNumber]): null

04-10-2024T10:16:10 - [TEST_STEP][PASSED] - assert response.contains(validation1): null

04-10-2024T10:16:10 - [TEST_STEP][PASSED] - assert response.contains(validation2) == false: null

04-10-2024T10:16:10 - [TEST_STEP][PASSED] - println("Test Scenario Number: " + TestScenarioNumber): null

04-10-2024T10:16:10 - [MESSAGE][PASSED] - Call Test Case 'Test Cases/Re-Usable Script/SchedulePayment_GetEligibility' successfully

04-10-2024T10:16:10 - [TEST_STEP][PASSED] - cancelBookingRequest = findTestObject("CancelBooking"): null

04-10-2024T10:16:10 - [TEST_STEP][PASSED] - cancelBookingResponse = sendRequest(cancelBookingRequest): Send request successfully

04-10-2024T10:16:11 - [MESSAGE][INFO] - HAR: /Users/manilacel/Library/CloudStorage/OneDrive-RoyalCaribbeanGroup/PMT/Git/RestructuredScript/TestingFolder/Reports/20241004_101357/PMT_Libraries/ScheduledPayments/20241004_101402/requests/main/4.har

04-10-2024T10:16:11 - [MESSAGE][PASSED] - Send request successfully

04-10-2024T10:16:11 - [TEST_STEP][PASSED] - cancelBookingJsonResponse = JsonSlurper().parseText(cancelBookingResponse.getResponseText()): null

04-10-2024T10:16:11 - [TEST_STEP][PASSED] - println(cancelBookingJsonResponse): null

04-10-2024T10:16:11 - [TEST_STEP][PASSED] - Finally: Browser is closed

04-10-2024T10:16:11 - [TEST_STEP][PASSED] - utils.closeBrowser(): Browser is closed

04-10-2024T10:16:13 - [MESSAGE][PASSED] - Delayed 2 second(s)

04-10-2024T10:16:15 - [MESSAGE][PASSED] - Browser is closed

04-10-2024T10:16:17 - [TEST_STEP][PASSED] - Video: Video recording for test case 'Test Cases/Web_Utilities_TestCases/ScheduledPayments/TC1_ScheduledPayment_GetEligibility' .

04-10-2024T10:16:17 - [MESSAGE][INFO] - Video recording for test case 'Test Cases/Web_Utilities_TestCases/ScheduledPayments/TC1_ScheduledPayment_GetEligibility' .]]></system-out>
         <system-err><![CDATA[]]></system-err>
      </testcase>
      <testcase name="Test Cases/Web_Utilities_TestCases/ScheduledPayments/TC3_ScheduledPayment_Add" time="35.152" classname="Test Cases/Web_Utilities_TestCases/ScheduledPayments/TC3_ScheduledPayment_Add" status="PASSED">
         <system-out><![CDATA[04-10-2024T10:16:17 - [TEST_CASE][PASSED] - Test Cases/Web_Utilities_TestCases/ScheduledPayments/TC3_ScheduledPayment_Add: Test Cases/Web_Utilities_TestCases/ScheduledPayments/TC3_ScheduledPayment_Add

04-10-2024T10:16:19 - [TEST_STEP][PASSED] - utils.openBrowserAndNavigateToPMT(): Navigate to 'https://dev1.payment.rccl.com/payment/utilities' successfully

04-10-2024T10:16:19 - [MESSAGE][INFO] - Starting 'Chrome' driver

04-10-2024T10:16:19 - [MESSAGE][INFO] - Action delay is set to 0 milliseconds

04-10-2024T10:16:22 - [MESSAGE][PASSED] - Browser is opened with url: ''

04-10-2024T10:16:23 - [MESSAGE][PASSED] - Current window maximized

04-10-2024T10:16:37 - [MESSAGE][PASSED] - Navigate to 'https://dev1.payment.rccl.com/payment/utilities' successfully

04-10-2024T10:16:37 - [TEST_STEP][FAILED] - try: Unable to call Test Case 'Test Cases/Re-Usable Script/SchedulePayment_ConfirmWithRequest' (Root cause: com.kms.katalon.core.exception.StepErrorException: Call Test Case 'Test Cases/Re-Usable Script/SchedulePayment_ConfirmWithRequest' failed because of error(s)
	at com.kms.katalon.core.keyword.builtin.CallTestCaseKeyword$_callTestCase_closure1.doCall(CallTestCaseKeyword.groovy:66)
	at com.kms.katalon.core.keyword.builtin.CallTestCaseKeyword$_callTestCase_closure1.call(CallTestCaseKeyword.groovy)
	at com.kms.katalon.core.keyword.internal.KeywordMain.runKeyword(KeywordMain.groovy:75)
	at com.kms.katalon.core.keyword.builtin.CallTestCaseKeyword.callTestCase(CallTestCaseKeyword.groovy:81)
	at com.kms.katalon.core.keyword.builtin.CallTestCaseKeyword.execute(CallTestCaseKeyword.groovy:44)
	at com.kms.katalon.core.keyword.internal.KeywordExecutor.executeKeywordForPlatform(KeywordExecutor.groovy:74)
	at com.kms.katalon.core.keyword.BuiltinKeywords.callTestCase(BuiltinKeywords.groovy:310)
	at java.base/jdk.internal.reflect.NativeMethodAccessorImpl.invoke0(Native Method)
	at java.base/jdk.internal.reflect.NativeMethodAccessorImpl.invoke(NativeMethodAccessorImpl.java:77)
	at java.base/jdk.internal.reflect.DelegatingMethodAccessorImpl.invoke(DelegatingMethodAccessorImpl.java:43)
	at TC3_ScheduledPayment_Add.run(TC3_ScheduledPayment_Add:39)
	at com.kms.katalon.core.main.ScriptEngine.run(ScriptEngine.java:194)
	at com.kms.katalon.core.main.ScriptEngine.runScriptAsRawText(ScriptEngine.java:119)
	at com.kms.katalon.core.main.TestCaseExecutor.runScript(TestCaseExecutor.java:448)
	at com.kms.katalon.core.main.TestCaseExecutor.doExecute(TestCaseExecutor.java:439)
	at com.kms.katalon.core.main.TestCaseExecutor.processExecutionPhase(TestCaseExecutor.java:418)
	at com.kms.katalon.core.main.TestCaseExecutor.accessMainPhase(TestCaseExecutor.java:410)
	at com.kms.katalon.core.main.TestCaseExecutor.execute(TestCaseExecutor.java:285)
	at com.kms.katalon.core.common.CommonExecutor.accessTestCaseMainPhase(CommonExecutor.java:65)
	at com.kms.katalon.core.main.TestSuiteExecutor.accessTestSuiteMainPhase(TestSuiteExecutor.java:150)
	at com.kms.katalon.core.main.TestSuiteExecutor.execute(TestSuiteExecutor.java:106)
	at com.kms.katalon.core.main.TestCaseMain.startTestSuite(TestCaseMain.java:180)
	at TempTestSuite1728008042583.run(TempTestSuite1728008042583.groovy:35)
	at java.base/jdk.internal.reflect.NativeMethodAccessorImpl.invoke0(Native Method)
	at java.base/jdk.internal.reflect.NativeMethodAccessorImpl.invoke(NativeMethodAccessorImpl.java:77)
	at java.base/jdk.internal.reflect.DelegatingMethodAccessorImpl.invoke(DelegatingMethodAccessorImpl.java:43)
Caused by: com.kms.katalon.core.exception.StepErrorException: Call Test Case 'Test Cases/Re-Usable Script/SchedulePayment_GetEligibility' failed because of error(s)
	at com.kms.katalon.core.keyword.builtin.CallTestCaseKeyword$_callTestCase_closure1.doCall(CallTestCaseKeyword.groovy:66)
	at com.kms.katalon.core.keyword.builtin.CallTestCaseKeyword$_callTestCase_closure1.call(CallTestCaseKeyword.groovy)
	at com.kms.katalon.core.keyword.internal.KeywordMain.runKeyword(KeywordMain.groovy:75)
	at com.kms.katalon.core.keyword.builtin.CallTestCaseKeyword.callTestCase(CallTestCaseKeyword.groovy:81)
	at com.kms.katalon.core.keyword.builtin.CallTestCaseKeyword.execute(CallTestCaseKeyword.groovy:44)
	at com.kms.katalon.core.keyword.internal.KeywordExecutor.executeKeywordForPlatform(KeywordExecutor.groovy:74)
	at com.kms.katalon.core.keyword.BuiltinKeywords.callTestCase(BuiltinKeywords.groovy:310)
	at java.base/jdk.internal.reflect.NativeMethodAccessorImpl.invoke0(Native Method)
	at java.base/jdk.internal.reflect.NativeMethodAccessorImpl.invoke(NativeMethodAccessorImpl.java:77)
	at java.base/jdk.internal.reflect.DelegatingMethodAccessorImpl.invoke(DelegatingMethodAccessorImpl.java:43)
	at SchedulePayment_ConfirmWithRequest.run(SchedulePayment_ConfirmWithRequest:38)
	at com.kms.katalon.core.main.ScriptEngine.run(ScriptEngine.java:194)
	at com.kms.katalon.core.main.ScriptEngine.runScriptAsRawText(ScriptEngine.java:119)
	at com.kms.katalon.core.main.TestCaseExecutor.runScript(TestCaseExecutor.java:448)
	at com.kms.katalon.core.main.TestCaseExecutor.doExecute(TestCaseExecutor.java:439)
	at com.kms.katalon.core.main.TestCaseExecutor.processExecutionPhase(TestCaseExecutor.java:418)
	at com.kms.katalon.core.main.TestCaseExecutor.accessMainPhase(TestCaseExecutor.java:410)
	at com.kms.katalon.core.main.TestCaseExecutor.execute(TestCaseExecutor.java:285)
	at com.kms.katalon.core.main.TestCaseMain.runTestCase(TestCaseMain.java:137)
	at com.kms.katalon.core.keyword.builtin.CallTestCaseKeyword$_callTestCase_closure1.doCall(CallTestCaseKeyword.groovy:59)
	... 25 more
Caused by: org.openqa.selenium.ElementClickInterceptedException: element click intercepted: Element <a class="d-flex align-items-center media" href="/payment/utilities/scheduled-payments">...</a> is not clickable at point (804, 271). Other element would receive the click: <p class="lead text-white">...</p>
  (Session info: chrome=129.0.6668.90)
Build info: version: '3.141.59', revision: 'unknown', time: 'unknown'
System info: host: 'MANILAs-MacBook-Pro.local', ip: 'fe80:0:0:0:1093:b32a:de30:4417%en0', os.name: 'Mac OS X', os.arch: 'x86_64', os.version: '14.5', java.version: '17.0.7'
Driver info: com.kms.katalon.selenium.driver.CChromeDriver
Capabilities {acceptInsecureCerts: false, browserName: chrome, browserVersion: 129.0.6668.90, chrome: {chromedriverVersion: 128.0.6613.137 (fe621c5aa2d..., userDataDir: /var/folders/sc/s4fw7w1943b...}, fedcm:accounts: true, goog:chromeOptions: {debuggerAddress: localhost:58409}, javascriptEnabled: true, networkConnectionEnabled: false, pageLoadStrategy: normal, platform: MAC, platformName: MAC, proxy: Proxy(), setWindowRect: true, strictFileInteractability: false, timeouts: {implicit: 0, pageLoad: 300000, script: 30000}, unhandledPromptBehavior: dismiss and notify, webauthn:extension:credBlob: true, webauthn:extension:largeBlob: true, webauthn:extension:minPinLength: true, webauthn:extension:prf: true, webauthn:virtualAuthenticators: true}
Session ID: 851bc56d55e8d03f0aa6130862797e34
	at java.base/jdk.internal.reflect.NativeConstructorAccessorImpl.newInstance0(Native Method)
	at java.base/jdk.internal.reflect.NativeConstructorAccessorImpl.newInstance(NativeConstructorAccessorImpl.java:77)
	at java.base/jdk.internal.reflect.DelegatingConstructorAccessorImpl.newInstance(DelegatingConstructorAccessorImpl.java:45)
	at org.openqa.selenium.remote.http.W3CHttpResponseCodec.createException(W3CHttpResponseCodec.java:187)
	at org.openqa.selenium.remote.http.W3CHttpResponseCodec.decode(W3CHttpResponseCodec.java:122)
	at org.openqa.selenium.remote.http.W3CHttpResponseCodec.decode(W3CHttpResponseCodec.java:49)
	at org.openqa.selenium.remote.HttpCommandExecutor.execute(HttpCommandExecutor.java:158)
	at org.openqa.selenium.remote.service.DriverCommandExecutor.execute(DriverCommandExecutor.java:83)
	at org.openqa.selenium.remote.RemoteWebDriver.execute(RemoteWebDriver.java:552)
	at com.kms.katalon.selenium.driver.CChromeDriver.execute(CChromeDriver.java:19)
	at org.openqa.selenium.remote.RemoteWebElement.execute(RemoteWebElement.java:285)
	at org.openqa.selenium.remote.RemoteWebElement.click(RemoteWebElement.java:84)
	at java.base/jdk.internal.reflect.NativeMethodAccessorImpl.invoke0(Native Method)
	at java.base/jdk.internal.reflect.NativeMethodAccessorImpl.invoke(NativeMethodAccessorImpl.java:77)
	at java.base/jdk.internal.reflect.DelegatingMethodAccessorImpl.invoke(DelegatingMethodAccessorImpl.java:43)
	at org.openqa.selenium.support.events.EventFiringWebDriver$EventFiringWebElement.lambda$new$0(EventFiringWebDriver.java:404)
	at jdk.proxy2/jdk.proxy2.$Proxy24.click(Unknown Source)
	at org.openqa.selenium.support.events.EventFiringWebDriver$EventFiringWebElement.click(EventFiringWebDriver.java:417)
	at rcclpayment.utils.goToScheduledPayments(utils.groovy:87)
	at SchedulePayment_GetEligibility.run(SchedulePayment_GetEligibility:32)
	at com.kms.katalon.core.main.ScriptEngine.run(ScriptEngine.java:194)
	at com.kms.katalon.core.main.ScriptEngine.runScriptAsRawText(ScriptEngine.java:119)
	at com.kms.katalon.core.main.TestCaseExecutor.runScript(TestCaseExecutor.java:448)
	at com.kms.katalon.core.main.TestCaseExecutor.doExecute(TestCaseExecutor.java:439)
	at com.kms.katalon.core.main.TestCaseExecutor.processExecutionPhase(TestCaseExecutor.java:418)
	at com.kms.katalon.core.main.TestCaseExecutor.accessMainPhase(TestCaseExecutor.java:410)
	at com.kms.katalon.core.main.TestCaseExecutor.execute(TestCaseExecutor.java:285)
	at com.kms.katalon.core.main.TestCaseMain.runTestCase(TestCaseMain.java:137)
	at com.kms.katalon.core.keyword.builtin.CallTestCaseKeyword$_callTestCase_closure1.doCall(CallTestCaseKeyword.groovy:59)
	... 44 more
)

04-10-2024T10:16:37 - [TEST_STEP][PASSED] - EXCEL_PATH = "./Data Files/TestData.xlsx": null

04-10-2024T10:16:37 - [TEST_STEP][PASSED] - TAB = "ScheduledPayment_Add": null

04-10-2024T10:16:37 - [TEST_STEP][PASSED] - testdata = getdata.fromExcel(EXCEL_PATH, TAB): null

04-10-2024T10:16:37 - [TEST_STEP][FAILED] - for ([TestScenarioNumber = 0, TestScenarioNumber < testdata.size(), (TestScenarioNumber++)]): Unable to call Test Case 'Test Cases/Re-Usable Script/SchedulePayment_ConfirmWithRequest' (Root cause: com.kms.katalon.core.exception.StepErrorException: Call Test Case 'Test Cases/Re-Usable Script/SchedulePayment_ConfirmWithRequest' failed because of error(s)
	at com.kms.katalon.core.keyword.builtin.CallTestCaseKeyword$_callTestCase_closure1.doCall(CallTestCaseKeyword.groovy:66)
	at com.kms.katalon.core.keyword.builtin.CallTestCaseKeyword$_callTestCase_closure1.call(CallTestCaseKeyword.groovy)
	at com.kms.katalon.core.keyword.internal.KeywordMain.runKeyword(KeywordMain.groovy:75)
	at com.kms.katalon.core.keyword.builtin.CallTestCaseKeyword.callTestCase(CallTestCaseKeyword.groovy:81)
	at com.kms.katalon.core.keyword.builtin.CallTestCaseKeyword.execute(CallTestCaseKeyword.groovy:44)
	at com.kms.katalon.core.keyword.internal.KeywordExecutor.executeKeywordForPlatform(KeywordExecutor.groovy:74)
	at com.kms.katalon.core.keyword.BuiltinKeywords.callTestCase(BuiltinKeywords.groovy:310)
	at java.base/jdk.internal.reflect.NativeMethodAccessorImpl.invoke0(Native Method)
	at java.base/jdk.internal.reflect.NativeMethodAccessorImpl.invoke(NativeMethodAccessorImpl.java:77)
	at java.base/jdk.internal.reflect.DelegatingMethodAccessorImpl.invoke(DelegatingMethodAccessorImpl.java:43)
	at TC3_ScheduledPayment_Add.run(TC3_ScheduledPayment_Add:39)
	at com.kms.katalon.core.main.ScriptEngine.run(ScriptEngine.java:194)
	at com.kms.katalon.core.main.ScriptEngine.runScriptAsRawText(ScriptEngine.java:119)
	at com.kms.katalon.core.main.TestCaseExecutor.runScript(TestCaseExecutor.java:448)
	at com.kms.katalon.core.main.TestCaseExecutor.doExecute(TestCaseExecutor.java:439)
	at com.kms.katalon.core.main.TestCaseExecutor.processExecutionPhase(TestCaseExecutor.java:418)
	at com.kms.katalon.core.main.TestCaseExecutor.accessMainPhase(TestCaseExecutor.java:410)
	at com.kms.katalon.core.main.TestCaseExecutor.execute(TestCaseExecutor.java:285)
	at com.kms.katalon.core.common.CommonExecutor.accessTestCaseMainPhase(CommonExecutor.java:65)
	at com.kms.katalon.core.main.TestSuiteExecutor.accessTestSuiteMainPhase(TestSuiteExecutor.java:150)
	at com.kms.katalon.core.main.TestSuiteExecutor.execute(TestSuiteExecutor.java:106)
	at com.kms.katalon.core.main.TestCaseMain.startTestSuite(TestCaseMain.java:180)
	at TempTestSuite1728008042583.run(TempTestSuite1728008042583.groovy:35)
	at java.base/jdk.internal.reflect.NativeMethodAccessorImpl.invoke0(Native Method)
	at java.base/jdk.internal.reflect.NativeMethodAccessorImpl.invoke(NativeMethodAccessorImpl.java:77)
	at java.base/jdk.internal.reflect.DelegatingMethodAccessorImpl.invoke(DelegatingMethodAccessorImpl.java:43)
Caused by: com.kms.katalon.core.exception.StepErrorException: Call Test Case 'Test Cases/Re-Usable Script/SchedulePayment_GetEligibility' failed because of error(s)
	at com.kms.katalon.core.keyword.builtin.CallTestCaseKeyword$_callTestCase_closure1.doCall(CallTestCaseKeyword.groovy:66)
	at com.kms.katalon.core.keyword.builtin.CallTestCaseKeyword$_callTestCase_closure1.call(CallTestCaseKeyword.groovy)
	at com.kms.katalon.core.keyword.internal.KeywordMain.runKeyword(KeywordMain.groovy:75)
	at com.kms.katalon.core.keyword.builtin.CallTestCaseKeyword.callTestCase(CallTestCaseKeyword.groovy:81)
	at com.kms.katalon.core.keyword.builtin.CallTestCaseKeyword.execute(CallTestCaseKeyword.groovy:44)
	at com.kms.katalon.core.keyword.internal.KeywordExecutor.executeKeywordForPlatform(KeywordExecutor.groovy:74)
	at com.kms.katalon.core.keyword.BuiltinKeywords.callTestCase(BuiltinKeywords.groovy:310)
	at java.base/jdk.internal.reflect.NativeMethodAccessorImpl.invoke0(Native Method)
	at java.base/jdk.internal.reflect.NativeMethodAccessorImpl.invoke(NativeMethodAccessorImpl.java:77)
	at java.base/jdk.internal.reflect.DelegatingMethodAccessorImpl.invoke(DelegatingMethodAccessorImpl.java:43)
	at SchedulePayment_ConfirmWithRequest.run(SchedulePayment_ConfirmWithRequest:38)
	at com.kms.katalon.core.main.ScriptEngine.run(ScriptEngine.java:194)
	at com.kms.katalon.core.main.ScriptEngine.runScriptAsRawText(ScriptEngine.java:119)
	at com.kms.katalon.core.main.TestCaseExecutor.runScript(TestCaseExecutor.java:448)
	at com.kms.katalon.core.main.TestCaseExecutor.doExecute(TestCaseExecutor.java:439)
	at com.kms.katalon.core.main.TestCaseExecutor.processExecutionPhase(TestCaseExecutor.java:418)
	at com.kms.katalon.core.main.TestCaseExecutor.accessMainPhase(TestCaseExecutor.java:410)
	at com.kms.katalon.core.main.TestCaseExecutor.execute(TestCaseExecutor.java:285)
	at com.kms.katalon.core.main.TestCaseMain.runTestCase(TestCaseMain.java:137)
	at com.kms.katalon.core.keyword.builtin.CallTestCaseKeyword$_callTestCase_closure1.doCall(CallTestCaseKeyword.groovy:59)
	... 25 more
Caused by: org.openqa.selenium.ElementClickInterceptedException: element click intercepted: Element <a class="d-flex align-items-center media" href="/payment/utilities/scheduled-payments">...</a> is not clickable at point (804, 271). Other element would receive the click: <p class="lead text-white">...</p>
  (Session info: chrome=129.0.6668.90)
Build info: version: '3.141.59', revision: 'unknown', time: 'unknown'
System info: host: 'MANILAs-MacBook-Pro.local', ip: 'fe80:0:0:0:1093:b32a:de30:4417%en0', os.name: 'Mac OS X', os.arch: 'x86_64', os.version: '14.5', java.version: '17.0.7'
Driver info: com.kms.katalon.selenium.driver.CChromeDriver
Capabilities {acceptInsecureCerts: false, browserName: chrome, browserVersion: 129.0.6668.90, chrome: {chromedriverVersion: 128.0.6613.137 (fe621c5aa2d..., userDataDir: /var/folders/sc/s4fw7w1943b...}, fedcm:accounts: true, goog:chromeOptions: {debuggerAddress: localhost:58409}, javascriptEnabled: true, networkConnectionEnabled: false, pageLoadStrategy: normal, platform: MAC, platformName: MAC, proxy: Proxy(), setWindowRect: true, strictFileInteractability: false, timeouts: {implicit: 0, pageLoad: 300000, script: 30000}, unhandledPromptBehavior: dismiss and notify, webauthn:extension:credBlob: true, webauthn:extension:largeBlob: true, webauthn:extension:minPinLength: true, webauthn:extension:prf: true, webauthn:virtualAuthenticators: true}
Session ID: 851bc56d55e8d03f0aa6130862797e34
	at java.base/jdk.internal.reflect.NativeConstructorAccessorImpl.newInstance0(Native Method)
	at java.base/jdk.internal.reflect.NativeConstructorAccessorImpl.newInstance(NativeConstructorAccessorImpl.java:77)
	at java.base/jdk.internal.reflect.DelegatingConstructorAccessorImpl.newInstance(DelegatingConstructorAccessorImpl.java:45)
	at org.openqa.selenium.remote.http.W3CHttpResponseCodec.createException(W3CHttpResponseCodec.java:187)
	at org.openqa.selenium.remote.http.W3CHttpResponseCodec.decode(W3CHttpResponseCodec.java:122)
	at org.openqa.selenium.remote.http.W3CHttpResponseCodec.decode(W3CHttpResponseCodec.java:49)
	at org.openqa.selenium.remote.HttpCommandExecutor.execute(HttpCommandExecutor.java:158)
	at org.openqa.selenium.remote.service.DriverCommandExecutor.execute(DriverCommandExecutor.java:83)
	at org.openqa.selenium.remote.RemoteWebDriver.execute(RemoteWebDriver.java:552)
	at com.kms.katalon.selenium.driver.CChromeDriver.execute(CChromeDriver.java:19)
	at org.openqa.selenium.remote.RemoteWebElement.execute(RemoteWebElement.java:285)
	at org.openqa.selenium.remote.RemoteWebElement.click(RemoteWebElement.java:84)
	at java.base/jdk.internal.reflect.NativeMethodAccessorImpl.invoke0(Native Method)
	at java.base/jdk.internal.reflect.NativeMethodAccessorImpl.invoke(NativeMethodAccessorImpl.java:77)
	at java.base/jdk.internal.reflect.DelegatingMethodAccessorImpl.invoke(DelegatingMethodAccessorImpl.java:43)
	at org.openqa.selenium.support.events.EventFiringWebDriver$EventFiringWebElement.lambda$new$0(EventFiringWebDriver.java:404)
	at jdk.proxy2/jdk.proxy2.$Proxy24.click(Unknown Source)
	at org.openqa.selenium.support.events.EventFiringWebDriver$EventFiringWebElement.click(EventFiringWebDriver.java:417)
	at rcclpayment.utils.goToScheduledPayments(utils.groovy:87)
	at SchedulePayment_GetEligibility.run(SchedulePayment_GetEligibility:32)
	at com.kms.katalon.core.main.ScriptEngine.run(ScriptEngine.java:194)
	at com.kms.katalon.core.main.ScriptEngine.runScriptAsRawText(ScriptEngine.java:119)
	at com.kms.katalon.core.main.TestCaseExecutor.runScript(TestCaseExecutor.java:448)
	at com.kms.katalon.core.main.TestCaseExecutor.doExecute(TestCaseExecutor.java:439)
	at com.kms.katalon.core.main.TestCaseExecutor.processExecutionPhase(TestCaseExecutor.java:418)
	at com.kms.katalon.core.main.TestCaseExecutor.accessMainPhase(TestCaseExecutor.java:410)
	at com.kms.katalon.core.main.TestCaseExecutor.execute(TestCaseExecutor.java:285)
	at com.kms.katalon.core.main.TestCaseMain.runTestCase(TestCaseMain.java:137)
	at com.kms.katalon.core.keyword.builtin.CallTestCaseKeyword$_callTestCase_closure1.doCall(CallTestCaseKeyword.groovy:59)
	... 44 more
)

04-10-2024T10:16:37 - [TEST_STEP][FAILED] - callTestCase(findTestCase("Re-Usable Script/SchedulePayment_ConfirmWithRequest"), [:], STOP_ON_FAILURE): Unable to call Test Case 'Test Cases/Re-Usable Script/SchedulePayment_ConfirmWithRequest' (Root cause: com.kms.katalon.core.exception.StepErrorException: Call Test Case 'Test Cases/Re-Usable Script/SchedulePayment_ConfirmWithRequest' failed because of error(s)
	at com.kms.katalon.core.keyword.builtin.CallTestCaseKeyword$_callTestCase_closure1.doCall(CallTestCaseKeyword.groovy:66)
	at com.kms.katalon.core.keyword.builtin.CallTestCaseKeyword$_callTestCase_closure1.call(CallTestCaseKeyword.groovy)
	at com.kms.katalon.core.keyword.internal.KeywordMain.runKeyword(KeywordMain.groovy:75)
	at com.kms.katalon.core.keyword.builtin.CallTestCaseKeyword.callTestCase(CallTestCaseKeyword.groovy:81)
	at com.kms.katalon.core.keyword.builtin.CallTestCaseKeyword.execute(CallTestCaseKeyword.groovy:44)
	at com.kms.katalon.core.keyword.internal.KeywordExecutor.executeKeywordForPlatform(KeywordExecutor.groovy:74)
	at com.kms.katalon.core.keyword.BuiltinKeywords.callTestCase(BuiltinKeywords.groovy:310)
	at java.base/jdk.internal.reflect.NativeMethodAccessorImpl.invoke0(Native Method)
	at java.base/jdk.internal.reflect.NativeMethodAccessorImpl.invoke(NativeMethodAccessorImpl.java:77)
	at java.base/jdk.internal.reflect.DelegatingMethodAccessorImpl.invoke(DelegatingMethodAccessorImpl.java:43)
	at TC3_ScheduledPayment_Add.run(TC3_ScheduledPayment_Add:39)
	at com.kms.katalon.core.main.ScriptEngine.run(ScriptEngine.java:194)
	at com.kms.katalon.core.main.ScriptEngine.runScriptAsRawText(ScriptEngine.java:119)
	at com.kms.katalon.core.main.TestCaseExecutor.runScript(TestCaseExecutor.java:448)
	at com.kms.katalon.core.main.TestCaseExecutor.doExecute(TestCaseExecutor.java:439)
	at com.kms.katalon.core.main.TestCaseExecutor.processExecutionPhase(TestCaseExecutor.java:418)
	at com.kms.katalon.core.main.TestCaseExecutor.accessMainPhase(TestCaseExecutor.java:410)
	at com.kms.katalon.core.main.TestCaseExecutor.execute(TestCaseExecutor.java:285)
	at com.kms.katalon.core.common.CommonExecutor.accessTestCaseMainPhase(CommonExecutor.java:65)
	at com.kms.katalon.core.main.TestSuiteExecutor.accessTestSuiteMainPhase(TestSuiteExecutor.java:150)
	at com.kms.katalon.core.main.TestSuiteExecutor.execute(TestSuiteExecutor.java:106)
	at com.kms.katalon.core.main.TestCaseMain.startTestSuite(TestCaseMain.java:180)
	at TempTestSuite1728008042583.run(TempTestSuite1728008042583.groovy:35)
	at java.base/jdk.internal.reflect.NativeMethodAccessorImpl.invoke0(Native Method)
	at java.base/jdk.internal.reflect.NativeMethodAccessorImpl.invoke(NativeMethodAccessorImpl.java:77)
	at java.base/jdk.internal.reflect.DelegatingMethodAccessorImpl.invoke(DelegatingMethodAccessorImpl.java:43)
Caused by: com.kms.katalon.core.exception.StepErrorException: Call Test Case 'Test Cases/Re-Usable Script/SchedulePayment_GetEligibility' failed because of error(s)
	at com.kms.katalon.core.keyword.builtin.CallTestCaseKeyword$_callTestCase_closure1.doCall(CallTestCaseKeyword.groovy:66)
	at com.kms.katalon.core.keyword.builtin.CallTestCaseKeyword$_callTestCase_closure1.call(CallTestCaseKeyword.groovy)
	at com.kms.katalon.core.keyword.internal.KeywordMain.runKeyword(KeywordMain.groovy:75)
	at com.kms.katalon.core.keyword.builtin.CallTestCaseKeyword.callTestCase(CallTestCaseKeyword.groovy:81)
	at com.kms.katalon.core.keyword.builtin.CallTestCaseKeyword.execute(CallTestCaseKeyword.groovy:44)
	at com.kms.katalon.core.keyword.internal.KeywordExecutor.executeKeywordForPlatform(KeywordExecutor.groovy:74)
	at com.kms.katalon.core.keyword.BuiltinKeywords.callTestCase(BuiltinKeywords.groovy:310)
	at java.base/jdk.internal.reflect.NativeMethodAccessorImpl.invoke0(Native Method)
	at java.base/jdk.internal.reflect.NativeMethodAccessorImpl.invoke(NativeMethodAccessorImpl.java:77)
	at java.base/jdk.internal.reflect.DelegatingMethodAccessorImpl.invoke(DelegatingMethodAccessorImpl.java:43)
	at SchedulePayment_ConfirmWithRequest.run(SchedulePayment_ConfirmWithRequest:38)
	at com.kms.katalon.core.main.ScriptEngine.run(ScriptEngine.java:194)
	at com.kms.katalon.core.main.ScriptEngine.runScriptAsRawText(ScriptEngine.java:119)
	at com.kms.katalon.core.main.TestCaseExecutor.runScript(TestCaseExecutor.java:448)
	at com.kms.katalon.core.main.TestCaseExecutor.doExecute(TestCaseExecutor.java:439)
	at com.kms.katalon.core.main.TestCaseExecutor.processExecutionPhase(TestCaseExecutor.java:418)
	at com.kms.katalon.core.main.TestCaseExecutor.accessMainPhase(TestCaseExecutor.java:410)
	at com.kms.katalon.core.main.TestCaseExecutor.execute(TestCaseExecutor.java:285)
	at com.kms.katalon.core.main.TestCaseMain.runTestCase(TestCaseMain.java:137)
	at com.kms.katalon.core.keyword.builtin.CallTestCaseKeyword$_callTestCase_closure1.doCall(CallTestCaseKeyword.groovy:59)
	... 25 more
Caused by: org.openqa.selenium.ElementClickInterceptedException: element click intercepted: Element <a class="d-flex align-items-center media" href="/payment/utilities/scheduled-payments">...</a> is not clickable at point (804, 271). Other element would receive the click: <p class="lead text-white">...</p>
  (Session info: chrome=129.0.6668.90)
Build info: version: '3.141.59', revision: 'unknown', time: 'unknown'
System info: host: 'MANILAs-MacBook-Pro.local', ip: 'fe80:0:0:0:1093:b32a:de30:4417%en0', os.name: 'Mac OS X', os.arch: 'x86_64', os.version: '14.5', java.version: '17.0.7'
Driver info: com.kms.katalon.selenium.driver.CChromeDriver
Capabilities {acceptInsecureCerts: false, browserName: chrome, browserVersion: 129.0.6668.90, chrome: {chromedriverVersion: 128.0.6613.137 (fe621c5aa2d..., userDataDir: /var/folders/sc/s4fw7w1943b...}, fedcm:accounts: true, goog:chromeOptions: {debuggerAddress: localhost:58409}, javascriptEnabled: true, networkConnectionEnabled: false, pageLoadStrategy: normal, platform: MAC, platformName: MAC, proxy: Proxy(), setWindowRect: true, strictFileInteractability: false, timeouts: {implicit: 0, pageLoad: 300000, script: 30000}, unhandledPromptBehavior: dismiss and notify, webauthn:extension:credBlob: true, webauthn:extension:largeBlob: true, webauthn:extension:minPinLength: true, webauthn:extension:prf: true, webauthn:virtualAuthenticators: true}
Session ID: 851bc56d55e8d03f0aa6130862797e34
	at java.base/jdk.internal.reflect.NativeConstructorAccessorImpl.newInstance0(Native Method)
	at java.base/jdk.internal.reflect.NativeConstructorAccessorImpl.newInstance(NativeConstructorAccessorImpl.java:77)
	at java.base/jdk.internal.reflect.DelegatingConstructorAccessorImpl.newInstance(DelegatingConstructorAccessorImpl.java:45)
	at org.openqa.selenium.remote.http.W3CHttpResponseCodec.createException(W3CHttpResponseCodec.java:187)
	at org.openqa.selenium.remote.http.W3CHttpResponseCodec.decode(W3CHttpResponseCodec.java:122)
	at org.openqa.selenium.remote.http.W3CHttpResponseCodec.decode(W3CHttpResponseCodec.java:49)
	at org.openqa.selenium.remote.HttpCommandExecutor.execute(HttpCommandExecutor.java:158)
	at org.openqa.selenium.remote.service.DriverCommandExecutor.execute(DriverCommandExecutor.java:83)
	at org.openqa.selenium.remote.RemoteWebDriver.execute(RemoteWebDriver.java:552)
	at com.kms.katalon.selenium.driver.CChromeDriver.execute(CChromeDriver.java:19)
	at org.openqa.selenium.remote.RemoteWebElement.execute(RemoteWebElement.java:285)
	at org.openqa.selenium.remote.RemoteWebElement.click(RemoteWebElement.java:84)
	at java.base/jdk.internal.reflect.NativeMethodAccessorImpl.invoke0(Native Method)
	at java.base/jdk.internal.reflect.NativeMethodAccessorImpl.invoke(NativeMethodAccessorImpl.java:77)
	at java.base/jdk.internal.reflect.DelegatingMethodAccessorImpl.invoke(DelegatingMethodAccessorImpl.java:43)
	at org.openqa.selenium.support.events.EventFiringWebDriver$EventFiringWebElement.lambda$new$0(EventFiringWebDriver.java:404)
	at jdk.proxy2/jdk.proxy2.$Proxy24.click(Unknown Source)
	at org.openqa.selenium.support.events.EventFiringWebDriver$EventFiringWebElement.click(EventFiringWebDriver.java:417)
	at rcclpayment.utils.goToScheduledPayments(utils.groovy:87)
	at SchedulePayment_GetEligibility.run(SchedulePayment_GetEligibility:32)
	at com.kms.katalon.core.main.ScriptEngine.run(ScriptEngine.java:194)
	at com.kms.katalon.core.main.ScriptEngine.runScriptAsRawText(ScriptEngine.java:119)
	at com.kms.katalon.core.main.TestCaseExecutor.runScript(TestCaseExecutor.java:448)
	at com.kms.katalon.core.main.TestCaseExecutor.doExecute(TestCaseExecutor.java:439)
	at com.kms.katalon.core.main.TestCaseExecutor.processExecutionPhase(TestCaseExecutor.java:418)
	at com.kms.katalon.core.main.TestCaseExecutor.accessMainPhase(TestCaseExecutor.java:410)
	at com.kms.katalon.core.main.TestCaseExecutor.execute(TestCaseExecutor.java:285)
	at com.kms.katalon.core.main.TestCaseMain.runTestCase(TestCaseMain.java:137)
	at com.kms.katalon.core.keyword.builtin.CallTestCaseKeyword$_callTestCase_closure1.doCall(CallTestCaseKeyword.groovy:59)
	... 44 more
)

04-10-2024T10:16:37 - [TEST_CASE][ERROR] - Test Cases/Re-Usable Script/SchedulePayment_ConfirmWithRequest: Test Cases/Re-Usable Script/SchedulePayment_ConfirmWithRequest FAILED.
Reason:
com.kms.katalon.core.exception.StepErrorException: Call Test Case 'Test Cases/Re-Usable Script/SchedulePayment_GetEligibility' failed because of error(s)
	at com.kms.katalon.core.keyword.builtin.CallTestCaseKeyword$_callTestCase_closure1.doCall(CallTestCaseKeyword.groovy:66)
	at com.kms.katalon.core.keyword.builtin.CallTestCaseKeyword$_callTestCase_closure1.call(CallTestCaseKeyword.groovy)
	at com.kms.katalon.core.keyword.internal.KeywordMain.runKeyword(KeywordMain.groovy:75)
	at com.kms.katalon.core.keyword.builtin.CallTestCaseKeyword.callTestCase(CallTestCaseKeyword.groovy:81)
	at com.kms.katalon.core.keyword.builtin.CallTestCaseKeyword.execute(CallTestCaseKeyword.groovy:44)
	at com.kms.katalon.core.keyword.internal.KeywordExecutor.executeKeywordForPlatform(KeywordExecutor.groovy:74)
	at com.kms.katalon.core.keyword.BuiltinKeywords.callTestCase(BuiltinKeywords.groovy:310)
	at java.base/jdk.internal.reflect.NativeMethodAccessorImpl.invoke0(Native Method)
	at java.base/jdk.internal.reflect.NativeMethodAccessorImpl.invoke(NativeMethodAccessorImpl.java:77)
	at java.base/jdk.internal.reflect.DelegatingMethodAccessorImpl.invoke(DelegatingMethodAccessorImpl.java:43)
	at SchedulePayment_ConfirmWithRequest.run(SchedulePayment_ConfirmWithRequest:38)
	at com.kms.katalon.core.main.ScriptEngine.run(ScriptEngine.java:194)
	at com.kms.katalon.core.main.ScriptEngine.runScriptAsRawText(ScriptEngine.java:119)
	at com.kms.katalon.core.main.TestCaseExecutor.runScript(TestCaseExecutor.java:448)
	at com.kms.katalon.core.main.TestCaseExecutor.doExecute(TestCaseExecutor.java:439)
	at com.kms.katalon.core.main.TestCaseExecutor.processExecutionPhase(TestCaseExecutor.java:418)
	at com.kms.katalon.core.main.TestCaseExecutor.accessMainPhase(TestCaseExecutor.java:410)
	at com.kms.katalon.core.main.TestCaseExecutor.execute(TestCaseExecutor.java:285)
	at com.kms.katalon.core.main.TestCaseMain.runTestCase(TestCaseMain.java:137)
	at com.kms.katalon.core.keyword.builtin.CallTestCaseKeyword$_callTestCase_closure1.doCall(CallTestCaseKeyword.groovy:59)
	at com.kms.katalon.core.keyword.builtin.CallTestCaseKeyword$_callTestCase_closure1.call(CallTestCaseKeyword.groovy)
	at com.kms.katalon.core.keyword.internal.KeywordMain.runKeyword(KeywordMain.groovy:75)
	at com.kms.katalon.core.keyword.builtin.CallTestCaseKeyword.callTestCase(CallTestCaseKeyword.groovy:81)
	at com.kms.katalon.core.keyword.builtin.CallTestCaseKeyword.execute(CallTestCaseKeyword.groovy:44)
	at com.kms.katalon.core.keyword.internal.KeywordExecutor.executeKeywordForPlatform(KeywordExecutor.groovy:74)
	at com.kms.katalon.core.keyword.BuiltinKeywords.callTestCase(BuiltinKeywords.groovy:310)
	at java.base/jdk.internal.reflect.NativeMethodAccessorImpl.invoke0(Native Method)
	at java.base/jdk.internal.reflect.NativeMethodAccessorImpl.invoke(NativeMethodAccessorImpl.java:77)
	at java.base/jdk.internal.reflect.DelegatingMethodAccessorImpl.invoke(DelegatingMethodAccessorImpl.java:43)
	at TC3_ScheduledPayment_Add.run(TC3_ScheduledPayment_Add:39)
	at com.kms.katalon.core.main.ScriptEngine.run(ScriptEngine.java:194)
	at com.kms.katalon.core.main.ScriptEngine.runScriptAsRawText(ScriptEngine.java:119)
	at com.kms.katalon.core.main.TestCaseExecutor.runScript(TestCaseExecutor.java:448)
	at com.kms.katalon.core.main.TestCaseExecutor.doExecute(TestCaseExecutor.java:439)
	at com.kms.katalon.core.main.TestCaseExecutor.processExecutionPhase(TestCaseExecutor.java:418)
	at com.kms.katalon.core.main.TestCaseExecutor.accessMainPhase(TestCaseExecutor.java:410)
	at com.kms.katalon.core.main.TestCaseExecutor.execute(TestCaseExecutor.java:285)
	at com.kms.katalon.core.common.CommonExecutor.accessTestCaseMainPhase(CommonExecutor.java:65)
	at com.kms.katalon.core.main.TestSuiteExecutor.accessTestSuiteMainPhase(TestSuiteExecutor.java:150)
	at com.kms.katalon.core.main.TestSuiteExecutor.execute(TestSuiteExecutor.java:106)
	at com.kms.katalon.core.main.TestCaseMain.startTestSuite(TestCaseMain.java:180)
	at TempTestSuite1728008042583.run(TempTestSuite1728008042583.groovy:35)
	at java.base/jdk.internal.reflect.NativeMethodAccessorImpl.invoke0(Native Method)
	at java.base/jdk.internal.reflect.NativeMethodAccessorImpl.invoke(NativeMethodAccessorImpl.java:77)
	at java.base/jdk.internal.reflect.DelegatingMethodAccessorImpl.invoke(DelegatingMethodAccessorImpl.java:43)
Caused by: org.openqa.selenium.ElementClickInterceptedException: element click intercepted: Element <a class="d-flex align-items-center media" href="/payment/utilities/scheduled-payments">...</a> is not clickable at point (804, 271). Other element would receive the click: <p class="lead text-white">...</p>
  (Session info: chrome=129.0.6668.90)
Build info: version: '3.141.59', revision: 'unknown', time: 'unknown'
System info: host: 'MANILAs-MacBook-Pro.local', ip: 'fe80:0:0:0:1093:b32a:de30:4417%en0', os.name: 'Mac OS X', os.arch: 'x86_64', os.version: '14.5', java.version: '17.0.7'
Driver info: com.kms.katalon.selenium.driver.CChromeDriver
Capabilities {acceptInsecureCerts: false, browserName: chrome, browserVersion: 129.0.6668.90, chrome: {chromedriverVersion: 128.0.6613.137 (fe621c5aa2d..., userDataDir: /var/folders/sc/s4fw7w1943b...}, fedcm:accounts: true, goog:chromeOptions: {debuggerAddress: localhost:58409}, javascriptEnabled: true, networkConnectionEnabled: false, pageLoadStrategy: normal, platform: MAC, platformName: MAC, proxy: Proxy(), setWindowRect: true, strictFileInteractability: false, timeouts: {implicit: 0, pageLoad: 300000, script: 30000}, unhandledPromptBehavior: dismiss and notify, webauthn:extension:credBlob: true, webauthn:extension:largeBlob: true, webauthn:extension:minPinLength: true, webauthn:extension:prf: true, webauthn:virtualAuthenticators: true}
Session ID: 851bc56d55e8d03f0aa6130862797e34
	at java.base/jdk.internal.reflect.NativeConstructorAccessorImpl.newInstance0(Native Method)
	at java.base/jdk.internal.reflect.NativeConstructorAccessorImpl.newInstance(NativeConstructorAccessorImpl.java:77)
	at java.base/jdk.internal.reflect.DelegatingConstructorAccessorImpl.newInstance(DelegatingConstructorAccessorImpl.java:45)
	at org.openqa.selenium.remote.http.W3CHttpResponseCodec.createException(W3CHttpResponseCodec.java:187)
	at org.openqa.selenium.remote.http.W3CHttpResponseCodec.decode(W3CHttpResponseCodec.java:122)
	at org.openqa.selenium.remote.http.W3CHttpResponseCodec.decode(W3CHttpResponseCodec.java:49)
	at org.openqa.selenium.remote.HttpCommandExecutor.execute(HttpCommandExecutor.java:158)
	at org.openqa.selenium.remote.service.DriverCommandExecutor.execute(DriverCommandExecutor.java:83)
	at org.openqa.selenium.remote.RemoteWebDriver.execute(RemoteWebDriver.java:552)
	at com.kms.katalon.selenium.driver.CChromeDriver.execute(CChromeDriver.java:19)
	at org.openqa.selenium.remote.RemoteWebElement.execute(RemoteWebElement.java:285)
	at org.openqa.selenium.remote.RemoteWebElement.click(RemoteWebElement.java:84)
	at java.base/jdk.internal.reflect.NativeMethodAccessorImpl.invoke0(Native Method)
	at java.base/jdk.internal.reflect.NativeMethodAccessorImpl.invoke(NativeMethodAccessorImpl.java:77)
	at java.base/jdk.internal.reflect.DelegatingMethodAccessorImpl.invoke(DelegatingMethodAccessorImpl.java:43)
	at org.openqa.selenium.support.events.EventFiringWebDriver$EventFiringWebElement.lambda$new$0(EventFiringWebDriver.java:404)
	at jdk.proxy2/jdk.proxy2.$Proxy24.click(Unknown Source)
	at org.openqa.selenium.support.events.EventFiringWebDriver$EventFiringWebElement.click(EventFiringWebDriver.java:417)
	at rcclpayment.utils.goToScheduledPayments(utils.groovy:87)
	at SchedulePayment_GetEligibility.run(SchedulePayment_GetEligibility:32)
	at com.kms.katalon.core.main.ScriptEngine.run(ScriptEngine.java:194)
	at com.kms.katalon.core.main.ScriptEngine.runScriptAsRawText(ScriptEngine.java:119)
	at com.kms.katalon.core.main.TestCaseExecutor.runScript(TestCaseExecutor.java:448)
	at com.kms.katalon.core.main.TestCaseExecutor.doExecute(TestCaseExecutor.java:439)
	at com.kms.katalon.core.main.TestCaseExecutor.processExecutionPhase(TestCaseExecutor.java:418)
	at com.kms.katalon.core.main.TestCaseExecutor.accessMainPhase(TestCaseExecutor.java:410)
	at com.kms.katalon.core.main.TestCaseExecutor.execute(TestCaseExecutor.java:285)
	at com.kms.katalon.core.main.TestCaseMain.runTestCase(TestCaseMain.java:137)
	at com.kms.katalon.core.keyword.builtin.CallTestCaseKeyword$_callTestCase_closure1.doCall(CallTestCaseKeyword.groovy:59)
	... 44 more


04-10-2024T10:16:38 - [TEST_STEP][PASSED] - utils.openBrowserAndNavigateToPMT(): Navigate to 'https://dev1.payment.rccl.com/payment/utilities' successfully

04-10-2024T10:16:38 - [MESSAGE][WARNING] - A browser is already opened. Closing browser and opening a new one

04-10-2024T10:16:38 - [MESSAGE][INFO] - Starting 'Chrome' driver

04-10-2024T10:16:38 - [MESSAGE][INFO] - Action delay is set to 0 milliseconds

04-10-2024T10:16:41 - [MESSAGE][PASSED] - Browser is opened with url: ''

04-10-2024T10:16:41 - [MESSAGE][PASSED] - Current window maximized

04-10-2024T10:16:44 - [MESSAGE][PASSED] - Navigate to 'https://dev1.payment.rccl.com/payment/utilities' successfully

04-10-2024T10:16:44 - [TEST_STEP][PASSED] - EXCEL_PATH = "./Data Files/TestData.xlsx": null

04-10-2024T10:16:44 - [TEST_STEP][PASSED] - TAB = "ScheduledPayment_ConfirmWithReq": null

04-10-2024T10:16:44 - [TEST_STEP][PASSED] - testdata = getdata.fromExcel(EXCEL_PATH, TAB): null

04-10-2024T10:16:45 - [TEST_STEP][ERROR] - for ([TestScenarioNumber = 0, TestScenarioNumber < testdata.size(), (TestScenarioNumber++)]): Test Cases/Re-Usable Script/SchedulePayment_ConfirmWithRequest FAILED.
Reason:
com.kms.katalon.core.exception.StepErrorException: Call Test Case 'Test Cases/Re-Usable Script/SchedulePayment_GetEligibility' failed because of error(s)
	at com.kms.katalon.core.keyword.builtin.CallTestCaseKeyword$_callTestCase_closure1.doCall(CallTestCaseKeyword.groovy:66)
	at com.kms.katalon.core.keyword.builtin.CallTestCaseKeyword$_callTestCase_closure1.call(CallTestCaseKeyword.groovy)
	at com.kms.katalon.core.keyword.internal.KeywordMain.runKeyword(KeywordMain.groovy:75)
	at com.kms.katalon.core.keyword.builtin.CallTestCaseKeyword.callTestCase(CallTestCaseKeyword.groovy:81)
	at com.kms.katalon.core.keyword.builtin.CallTestCaseKeyword.execute(CallTestCaseKeyword.groovy:44)
	at com.kms.katalon.core.keyword.internal.KeywordExecutor.executeKeywordForPlatform(KeywordExecutor.groovy:74)
	at com.kms.katalon.core.keyword.BuiltinKeywords.callTestCase(BuiltinKeywords.groovy:310)
	at java.base/jdk.internal.reflect.NativeMethodAccessorImpl.invoke0(Native Method)
	at java.base/jdk.internal.reflect.NativeMethodAccessorImpl.invoke(NativeMethodAccessorImpl.java:77)
	at java.base/jdk.internal.reflect.DelegatingMethodAccessorImpl.invoke(DelegatingMethodAccessorImpl.java:43)
	at SchedulePayment_ConfirmWithRequest.run(SchedulePayment_ConfirmWithRequest:38)
	at com.kms.katalon.core.main.ScriptEngine.run(ScriptEngine.java:194)
	at com.kms.katalon.core.main.ScriptEngine.runScriptAsRawText(ScriptEngine.java:119)
	at com.kms.katalon.core.main.TestCaseExecutor.runScript(TestCaseExecutor.java:448)
	at com.kms.katalon.core.main.TestCaseExecutor.doExecute(TestCaseExecutor.java:439)
	at com.kms.katalon.core.main.TestCaseExecutor.processExecutionPhase(TestCaseExecutor.java:418)
	at com.kms.katalon.core.main.TestCaseExecutor.accessMainPhase(TestCaseExecutor.java:410)
	at com.kms.katalon.core.main.TestCaseExecutor.execute(TestCaseExecutor.java:285)
	at com.kms.katalon.core.main.TestCaseMain.runTestCase(TestCaseMain.java:137)
	at com.kms.katalon.core.keyword.builtin.CallTestCaseKeyword$_callTestCase_closure1.doCall(CallTestCaseKeyword.groovy:59)
	at com.kms.katalon.core.keyword.builtin.CallTestCaseKeyword$_callTestCase_closure1.call(CallTestCaseKeyword.groovy)
	at com.kms.katalon.core.keyword.internal.KeywordMain.runKeyword(KeywordMain.groovy:75)
	at com.kms.katalon.core.keyword.builtin.CallTestCaseKeyword.callTestCase(CallTestCaseKeyword.groovy:81)
	at com.kms.katalon.core.keyword.builtin.CallTestCaseKeyword.execute(CallTestCaseKeyword.groovy:44)
	at com.kms.katalon.core.keyword.internal.KeywordExecutor.executeKeywordForPlatform(KeywordExecutor.groovy:74)
	at com.kms.katalon.core.keyword.BuiltinKeywords.callTestCase(BuiltinKeywords.groovy:310)
	at java.base/jdk.internal.reflect.NativeMethodAccessorImpl.invoke0(Native Method)
	at java.base/jdk.internal.reflect.NativeMethodAccessorImpl.invoke(NativeMethodAccessorImpl.java:77)
	at java.base/jdk.internal.reflect.DelegatingMethodAccessorImpl.invoke(DelegatingMethodAccessorImpl.java:43)
	at TC3_ScheduledPayment_Add.run(TC3_ScheduledPayment_Add:39)
	at com.kms.katalon.core.main.ScriptEngine.run(ScriptEngine.java:194)
	at com.kms.katalon.core.main.ScriptEngine.runScriptAsRawText(ScriptEngine.java:119)
	at com.kms.katalon.core.main.TestCaseExecutor.runScript(TestCaseExecutor.java:448)
	at com.kms.katalon.core.main.TestCaseExecutor.doExecute(TestCaseExecutor.java:439)
	at com.kms.katalon.core.main.TestCaseExecutor.processExecutionPhase(TestCaseExecutor.java:418)
	at com.kms.katalon.core.main.TestCaseExecutor.accessMainPhase(TestCaseExecutor.java:410)
	at com.kms.katalon.core.main.TestCaseExecutor.execute(TestCaseExecutor.java:285)
	at com.kms.katalon.core.common.CommonExecutor.accessTestCaseMainPhase(CommonExecutor.java:65)
	at com.kms.katalon.core.main.TestSuiteExecutor.accessTestSuiteMainPhase(TestSuiteExecutor.java:150)
	at com.kms.katalon.core.main.TestSuiteExecutor.execute(TestSuiteExecutor.java:106)
	at com.kms.katalon.core.main.TestCaseMain.startTestSuite(TestCaseMain.java:180)
	at TempTestSuite1728008042583.run(TempTestSuite1728008042583.groovy:35)
	at java.base/jdk.internal.reflect.NativeMethodAccessorImpl.invoke0(Native Method)
	at java.base/jdk.internal.reflect.NativeMethodAccessorImpl.invoke(NativeMethodAccessorImpl.java:77)
	at java.base/jdk.internal.reflect.DelegatingMethodAccessorImpl.invoke(DelegatingMethodAccessorImpl.java:43)
Caused by: org.openqa.selenium.ElementClickInterceptedException: element click intercepted: Element <a class="d-flex align-items-center media" href="/payment/utilities/scheduled-payments">...</a> is not clickable at point (804, 271). Other element would receive the click: <p class="lead text-white">...</p>
  (Session info: chrome=129.0.6668.90)
Build info: version: '3.141.59', revision: 'unknown', time: 'unknown'
System info: host: 'MANILAs-MacBook-Pro.local', ip: 'fe80:0:0:0:1093:b32a:de30:4417%en0', os.name: 'Mac OS X', os.arch: 'x86_64', os.version: '14.5', java.version: '17.0.7'
Driver info: com.kms.katalon.selenium.driver.CChromeDriver
Capabilities {acceptInsecureCerts: false, browserName: chrome, browserVersion: 129.0.6668.90, chrome: {chromedriverVersion: 128.0.6613.137 (fe621c5aa2d..., userDataDir: /var/folders/sc/s4fw7w1943b...}, fedcm:accounts: true, goog:chromeOptions: {debuggerAddress: localhost:58409}, javascriptEnabled: true, networkConnectionEnabled: false, pageLoadStrategy: normal, platform: MAC, platformName: MAC, proxy: Proxy(), setWindowRect: true, strictFileInteractability: false, timeouts: {implicit: 0, pageLoad: 300000, script: 30000}, unhandledPromptBehavior: dismiss and notify, webauthn:extension:credBlob: true, webauthn:extension:largeBlob: true, webauthn:extension:minPinLength: true, webauthn:extension:prf: true, webauthn:virtualAuthenticators: true}
Session ID: 851bc56d55e8d03f0aa6130862797e34
	at java.base/jdk.internal.reflect.NativeConstructorAccessorImpl.newInstance0(Native Method)
	at java.base/jdk.internal.reflect.NativeConstructorAccessorImpl.newInstance(NativeConstructorAccessorImpl.java:77)
	at java.base/jdk.internal.reflect.DelegatingConstructorAccessorImpl.newInstance(DelegatingConstructorAccessorImpl.java:45)
	at org.openqa.selenium.remote.http.W3CHttpResponseCodec.createException(W3CHttpResponseCodec.java:187)
	at org.openqa.selenium.remote.http.W3CHttpResponseCodec.decode(W3CHttpResponseCodec.java:122)
	at org.openqa.selenium.remote.http.W3CHttpResponseCodec.decode(W3CHttpResponseCodec.java:49)
	at org.openqa.selenium.remote.HttpCommandExecutor.execute(HttpCommandExecutor.java:158)
	at org.openqa.selenium.remote.service.DriverCommandExecutor.execute(DriverCommandExecutor.java:83)
	at org.openqa.selenium.remote.RemoteWebDriver.execute(RemoteWebDriver.java:552)
	at com.kms.katalon.selenium.driver.CChromeDriver.execute(CChromeDriver.java:19)
	at org.openqa.selenium.remote.RemoteWebElement.execute(RemoteWebElement.java:285)
	at org.openqa.selenium.remote.RemoteWebElement.click(RemoteWebElement.java:84)
	at java.base/jdk.internal.reflect.NativeMethodAccessorImpl.invoke0(Native Method)
	at java.base/jdk.internal.reflect.NativeMethodAccessorImpl.invoke(NativeMethodAccessorImpl.java:77)
	at java.base/jdk.internal.reflect.DelegatingMethodAccessorImpl.invoke(DelegatingMethodAccessorImpl.java:43)
	at org.openqa.selenium.support.events.EventFiringWebDriver$EventFiringWebElement.lambda$new$0(EventFiringWebDriver.java:404)
	at jdk.proxy2/jdk.proxy2.$Proxy24.click(Unknown Source)
	at org.openqa.selenium.support.events.EventFiringWebDriver$EventFiringWebElement.click(EventFiringWebDriver.java:417)
	at rcclpayment.utils.goToScheduledPayments(utils.groovy:87)
	at SchedulePayment_GetEligibility.run(SchedulePayment_GetEligibility:32)
	at com.kms.katalon.core.main.ScriptEngine.run(ScriptEngine.java:194)
	at com.kms.katalon.core.main.ScriptEngine.runScriptAsRawText(ScriptEngine.java:119)
	at com.kms.katalon.core.main.TestCaseExecutor.runScript(TestCaseExecutor.java:448)
	at com.kms.katalon.core.main.TestCaseExecutor.doExecute(TestCaseExecutor.java:439)
	at com.kms.katalon.core.main.TestCaseExecutor.processExecutionPhase(TestCaseExecutor.java:418)
	at com.kms.katalon.core.main.TestCaseExecutor.accessMainPhase(TestCaseExecutor.java:410)
	at com.kms.katalon.core.main.TestCaseExecutor.execute(TestCaseExecutor.java:285)
	at com.kms.katalon.core.main.TestCaseMain.runTestCase(TestCaseMain.java:137)
	at com.kms.katalon.core.keyword.builtin.CallTestCaseKeyword$_callTestCase_closure1.doCall(CallTestCaseKeyword.groovy:59)
	... 44 more


04-10-2024T10:16:45 - [TEST_STEP][ERROR] - callTestCase(findTestCase("Re-Usable Script/SchedulePayment_GetEligibility"), [:], STOP_ON_FAILURE): Test Cases/Re-Usable Script/SchedulePayment_ConfirmWithRequest FAILED.
Reason:
com.kms.katalon.core.exception.StepErrorException: Call Test Case 'Test Cases/Re-Usable Script/SchedulePayment_GetEligibility' failed because of error(s)
	at com.kms.katalon.core.keyword.builtin.CallTestCaseKeyword$_callTestCase_closure1.doCall(CallTestCaseKeyword.groovy:66)
	at com.kms.katalon.core.keyword.builtin.CallTestCaseKeyword$_callTestCase_closure1.call(CallTestCaseKeyword.groovy)
	at com.kms.katalon.core.keyword.internal.KeywordMain.runKeyword(KeywordMain.groovy:75)
	at com.kms.katalon.core.keyword.builtin.CallTestCaseKeyword.callTestCase(CallTestCaseKeyword.groovy:81)
	at com.kms.katalon.core.keyword.builtin.CallTestCaseKeyword.execute(CallTestCaseKeyword.groovy:44)
	at com.kms.katalon.core.keyword.internal.KeywordExecutor.executeKeywordForPlatform(KeywordExecutor.groovy:74)
	at com.kms.katalon.core.keyword.BuiltinKeywords.callTestCase(BuiltinKeywords.groovy:310)
	at java.base/jdk.internal.reflect.NativeMethodAccessorImpl.invoke0(Native Method)
	at java.base/jdk.internal.reflect.NativeMethodAccessorImpl.invoke(NativeMethodAccessorImpl.java:77)
	at java.base/jdk.internal.reflect.DelegatingMethodAccessorImpl.invoke(DelegatingMethodAccessorImpl.java:43)
	at SchedulePayment_ConfirmWithRequest.run(SchedulePayment_ConfirmWithRequest:38)
	at com.kms.katalon.core.main.ScriptEngine.run(ScriptEngine.java:194)
	at com.kms.katalon.core.main.ScriptEngine.runScriptAsRawText(ScriptEngine.java:119)
	at com.kms.katalon.core.main.TestCaseExecutor.runScript(TestCaseExecutor.java:448)
	at com.kms.katalon.core.main.TestCaseExecutor.doExecute(TestCaseExecutor.java:439)
	at com.kms.katalon.core.main.TestCaseExecutor.processExecutionPhase(TestCaseExecutor.java:418)
	at com.kms.katalon.core.main.TestCaseExecutor.accessMainPhase(TestCaseExecutor.java:410)
	at com.kms.katalon.core.main.TestCaseExecutor.execute(TestCaseExecutor.java:285)
	at com.kms.katalon.core.main.TestCaseMain.runTestCase(TestCaseMain.java:137)
	at com.kms.katalon.core.keyword.builtin.CallTestCaseKeyword$_callTestCase_closure1.doCall(CallTestCaseKeyword.groovy:59)
	at com.kms.katalon.core.keyword.builtin.CallTestCaseKeyword$_callTestCase_closure1.call(CallTestCaseKeyword.groovy)
	at com.kms.katalon.core.keyword.internal.KeywordMain.runKeyword(KeywordMain.groovy:75)
	at com.kms.katalon.core.keyword.builtin.CallTestCaseKeyword.callTestCase(CallTestCaseKeyword.groovy:81)
	at com.kms.katalon.core.keyword.builtin.CallTestCaseKeyword.execute(CallTestCaseKeyword.groovy:44)
	at com.kms.katalon.core.keyword.internal.KeywordExecutor.executeKeywordForPlatform(KeywordExecutor.groovy:74)
	at com.kms.katalon.core.keyword.BuiltinKeywords.callTestCase(BuiltinKeywords.groovy:310)
	at java.base/jdk.internal.reflect.NativeMethodAccessorImpl.invoke0(Native Method)
	at java.base/jdk.internal.reflect.NativeMethodAccessorImpl.invoke(NativeMethodAccessorImpl.java:77)
	at java.base/jdk.internal.reflect.DelegatingMethodAccessorImpl.invoke(DelegatingMethodAccessorImpl.java:43)
	at TC3_ScheduledPayment_Add.run(TC3_ScheduledPayment_Add:39)
	at com.kms.katalon.core.main.ScriptEngine.run(ScriptEngine.java:194)
	at com.kms.katalon.core.main.ScriptEngine.runScriptAsRawText(ScriptEngine.java:119)
	at com.kms.katalon.core.main.TestCaseExecutor.runScript(TestCaseExecutor.java:448)
	at com.kms.katalon.core.main.TestCaseExecutor.doExecute(TestCaseExecutor.java:439)
	at com.kms.katalon.core.main.TestCaseExecutor.processExecutionPhase(TestCaseExecutor.java:418)
	at com.kms.katalon.core.main.TestCaseExecutor.accessMainPhase(TestCaseExecutor.java:410)
	at com.kms.katalon.core.main.TestCaseExecutor.execute(TestCaseExecutor.java:285)
	at com.kms.katalon.core.common.CommonExecutor.accessTestCaseMainPhase(CommonExecutor.java:65)
	at com.kms.katalon.core.main.TestSuiteExecutor.accessTestSuiteMainPhase(TestSuiteExecutor.java:150)
	at com.kms.katalon.core.main.TestSuiteExecutor.execute(TestSuiteExecutor.java:106)
	at com.kms.katalon.core.main.TestCaseMain.startTestSuite(TestCaseMain.java:180)
	at TempTestSuite1728008042583.run(TempTestSuite1728008042583.groovy:35)
	at java.base/jdk.internal.reflect.NativeMethodAccessorImpl.invoke0(Native Method)
	at java.base/jdk.internal.reflect.NativeMethodAccessorImpl.invoke(NativeMethodAccessorImpl.java:77)
	at java.base/jdk.internal.reflect.DelegatingMethodAccessorImpl.invoke(DelegatingMethodAccessorImpl.java:43)
Caused by: org.openqa.selenium.ElementClickInterceptedException: element click intercepted: Element <a class="d-flex align-items-center media" href="/payment/utilities/scheduled-payments">...</a> is not clickable at point (804, 271). Other element would receive the click: <p class="lead text-white">...</p>
  (Session info: chrome=129.0.6668.90)
Build info: version: '3.141.59', revision: 'unknown', time: 'unknown'
System info: host: 'MANILAs-MacBook-Pro.local', ip: 'fe80:0:0:0:1093:b32a:de30:4417%en0', os.name: 'Mac OS X', os.arch: 'x86_64', os.version: '14.5', java.version: '17.0.7'
Driver info: com.kms.katalon.selenium.driver.CChromeDriver
Capabilities {acceptInsecureCerts: false, browserName: chrome, browserVersion: 129.0.6668.90, chrome: {chromedriverVersion: 128.0.6613.137 (fe621c5aa2d..., userDataDir: /var/folders/sc/s4fw7w1943b...}, fedcm:accounts: true, goog:chromeOptions: {debuggerAddress: localhost:58409}, javascriptEnabled: true, networkConnectionEnabled: false, pageLoadStrategy: normal, platform: MAC, platformName: MAC, proxy: Proxy(), setWindowRect: true, strictFileInteractability: false, timeouts: {implicit: 0, pageLoad: 300000, script: 30000}, unhandledPromptBehavior: dismiss and notify, webauthn:extension:credBlob: true, webauthn:extension:largeBlob: true, webauthn:extension:minPinLength: true, webauthn:extension:prf: true, webauthn:virtualAuthenticators: true}
Session ID: 851bc56d55e8d03f0aa6130862797e34
	at java.base/jdk.internal.reflect.NativeConstructorAccessorImpl.newInstance0(Native Method)
	at java.base/jdk.internal.reflect.NativeConstructorAccessorImpl.newInstance(NativeConstructorAccessorImpl.java:77)
	at java.base/jdk.internal.reflect.DelegatingConstructorAccessorImpl.newInstance(DelegatingConstructorAccessorImpl.java:45)
	at org.openqa.selenium.remote.http.W3CHttpResponseCodec.createException(W3CHttpResponseCodec.java:187)
	at org.openqa.selenium.remote.http.W3CHttpResponseCodec.decode(W3CHttpResponseCodec.java:122)
	at org.openqa.selenium.remote.http.W3CHttpResponseCodec.decode(W3CHttpResponseCodec.java:49)
	at org.openqa.selenium.remote.HttpCommandExecutor.execute(HttpCommandExecutor.java:158)
	at org.openqa.selenium.remote.service.DriverCommandExecutor.execute(DriverCommandExecutor.java:83)
	at org.openqa.selenium.remote.RemoteWebDriver.execute(RemoteWebDriver.java:552)
	at com.kms.katalon.selenium.driver.CChromeDriver.execute(CChromeDriver.java:19)
	at org.openqa.selenium.remote.RemoteWebElement.execute(RemoteWebElement.java:285)
	at org.openqa.selenium.remote.RemoteWebElement.click(RemoteWebElement.java:84)
	at java.base/jdk.internal.reflect.NativeMethodAccessorImpl.invoke0(Native Method)
	at java.base/jdk.internal.reflect.NativeMethodAccessorImpl.invoke(NativeMethodAccessorImpl.java:77)
	at java.base/jdk.internal.reflect.DelegatingMethodAccessorImpl.invoke(DelegatingMethodAccessorImpl.java:43)
	at org.openqa.selenium.support.events.EventFiringWebDriver$EventFiringWebElement.lambda$new$0(EventFiringWebDriver.java:404)
	at jdk.proxy2/jdk.proxy2.$Proxy24.click(Unknown Source)
	at org.openqa.selenium.support.events.EventFiringWebDriver$EventFiringWebElement.click(EventFiringWebDriver.java:417)
	at rcclpayment.utils.goToScheduledPayments(utils.groovy:87)
	at SchedulePayment_GetEligibility.run(SchedulePayment_GetEligibility:32)
	at com.kms.katalon.core.main.ScriptEngine.run(ScriptEngine.java:194)
	at com.kms.katalon.core.main.ScriptEngine.runScriptAsRawText(ScriptEngine.java:119)
	at com.kms.katalon.core.main.TestCaseExecutor.runScript(TestCaseExecutor.java:448)
	at com.kms.katalon.core.main.TestCaseExecutor.doExecute(TestCaseExecutor.java:439)
	at com.kms.katalon.core.main.TestCaseExecutor.processExecutionPhase(TestCaseExecutor.java:418)
	at com.kms.katalon.core.main.TestCaseExecutor.accessMainPhase(TestCaseExecutor.java:410)
	at com.kms.katalon.core.main.TestCaseExecutor.execute(TestCaseExecutor.java:285)
	at com.kms.katalon.core.main.TestCaseMain.runTestCase(TestCaseMain.java:137)
	at com.kms.katalon.core.keyword.builtin.CallTestCaseKeyword$_callTestCase_closure1.doCall(CallTestCaseKeyword.groovy:59)
	... 44 more


04-10-2024T10:16:45 - [TEST_CASE][ERROR] - Test Cases/Re-Usable Script/SchedulePayment_GetEligibility: Test Cases/Re-Usable Script/SchedulePayment_GetEligibility FAILED.
Reason:
org.openqa.selenium.ElementClickInterceptedException: element click intercepted: Element <a class="d-flex align-items-center media" href="/payment/utilities/scheduled-payments">...</a> is not clickable at point (804, 271). Other element would receive the click: <p class="lead text-white">...</p>
  (Session info: chrome=129.0.6668.90)
Build info: version: '3.141.59', revision: 'unknown', time: 'unknown'
System info: host: 'MANILAs-MacBook-Pro.local', ip: 'fe80:0:0:0:1093:b32a:de30:4417%en0', os.name: 'Mac OS X', os.arch: 'x86_64', os.version: '14.5', java.version: '17.0.7'
Driver info: com.kms.katalon.selenium.driver.CChromeDriver
Capabilities {acceptInsecureCerts: false, browserName: chrome, browserVersion: 129.0.6668.90, chrome: {chromedriverVersion: 128.0.6613.137 (fe621c5aa2d..., userDataDir: /var/folders/sc/s4fw7w1943b...}, fedcm:accounts: true, goog:chromeOptions: {debuggerAddress: localhost:58409}, javascriptEnabled: true, networkConnectionEnabled: false, pageLoadStrategy: normal, platform: MAC, platformName: MAC, proxy: Proxy(), setWindowRect: true, strictFileInteractability: false, timeouts: {implicit: 0, pageLoad: 300000, script: 30000}, unhandledPromptBehavior: dismiss and notify, webauthn:extension:credBlob: true, webauthn:extension:largeBlob: true, webauthn:extension:minPinLength: true, webauthn:extension:prf: true, webauthn:virtualAuthenticators: true}
Session ID: 851bc56d55e8d03f0aa6130862797e34
	at java.base/jdk.internal.reflect.NativeConstructorAccessorImpl.newInstance0(Native Method)
	at java.base/jdk.internal.reflect.NativeConstructorAccessorImpl.newInstance(NativeConstructorAccessorImpl.java:77)
	at java.base/jdk.internal.reflect.DelegatingConstructorAccessorImpl.newInstance(DelegatingConstructorAccessorImpl.java:45)
	at org.openqa.selenium.remote.http.W3CHttpResponseCodec.createException(W3CHttpResponseCodec.java:187)
	at org.openqa.selenium.remote.http.W3CHttpResponseCodec.decode(W3CHttpResponseCodec.java:122)
	at org.openqa.selenium.remote.http.W3CHttpResponseCodec.decode(W3CHttpResponseCodec.java:49)
	at org.openqa.selenium.remote.HttpCommandExecutor.execute(HttpCommandExecutor.java:158)
	at org.openqa.selenium.remote.service.DriverCommandExecutor.execute(DriverCommandExecutor.java:83)
	at org.openqa.selenium.remote.RemoteWebDriver.execute(RemoteWebDriver.java:552)
	at com.kms.katalon.selenium.driver.CChromeDriver.execute(CChromeDriver.java:19)
	at org.openqa.selenium.remote.RemoteWebElement.execute(RemoteWebElement.java:285)
	at org.openqa.selenium.remote.RemoteWebElement.click(RemoteWebElement.java:84)
	at java.base/jdk.internal.reflect.NativeMethodAccessorImpl.invoke0(Native Method)
	at java.base/jdk.internal.reflect.NativeMethodAccessorImpl.invoke(NativeMethodAccessorImpl.java:77)
	at java.base/jdk.internal.reflect.DelegatingMethodAccessorImpl.invoke(DelegatingMethodAccessorImpl.java:43)
	at org.openqa.selenium.support.events.EventFiringWebDriver$EventFiringWebElement.lambda$new$0(EventFiringWebDriver.java:404)
	at jdk.proxy2/jdk.proxy2.$Proxy24.click(Unknown Source)
	at org.openqa.selenium.support.events.EventFiringWebDriver$EventFiringWebElement.click(EventFiringWebDriver.java:417)
	at rcclpayment.utils.goToScheduledPayments(utils.groovy:87)
	at SchedulePayment_GetEligibility.run(SchedulePayment_GetEligibility:32)
	at com.kms.katalon.core.main.ScriptEngine.run(ScriptEngine.java:194)
	at com.kms.katalon.core.main.ScriptEngine.runScriptAsRawText(ScriptEngine.java:119)
	at com.kms.katalon.core.main.TestCaseExecutor.runScript(TestCaseExecutor.java:448)
	at com.kms.katalon.core.main.TestCaseExecutor.doExecute(TestCaseExecutor.java:439)
	at com.kms.katalon.core.main.TestCaseExecutor.processExecutionPhase(TestCaseExecutor.java:418)
	at com.kms.katalon.core.main.TestCaseExecutor.accessMainPhase(TestCaseExecutor.java:410)
	at com.kms.katalon.core.main.TestCaseExecutor.execute(TestCaseExecutor.java:285)
	at com.kms.katalon.core.main.TestCaseMain.runTestCase(TestCaseMain.java:137)
	at com.kms.katalon.core.keyword.builtin.CallTestCaseKeyword$_callTestCase_closure1.doCall(CallTestCaseKeyword.groovy:59)
	at com.kms.katalon.core.keyword.builtin.CallTestCaseKeyword$_callTestCase_closure1.call(CallTestCaseKeyword.groovy)
	at com.kms.katalon.core.keyword.internal.KeywordMain.runKeyword(KeywordMain.groovy:75)
	at com.kms.katalon.core.keyword.builtin.CallTestCaseKeyword.callTestCase(CallTestCaseKeyword.groovy:81)
	at com.kms.katalon.core.keyword.builtin.CallTestCaseKeyword.execute(CallTestCaseKeyword.groovy:44)
	at com.kms.katalon.core.keyword.internal.KeywordExecutor.executeKeywordForPlatform(KeywordExecutor.groovy:74)
	at com.kms.katalon.core.keyword.BuiltinKeywords.callTestCase(BuiltinKeywords.groovy:310)
	at java.base/jdk.internal.reflect.NativeMethodAccessorImpl.invoke0(Native Method)
	at java.base/jdk.internal.reflect.NativeMethodAccessorImpl.invoke(NativeMethodAccessorImpl.java:77)
	at java.base/jdk.internal.reflect.DelegatingMethodAccessorImpl.invoke(DelegatingMethodAccessorImpl.java:43)
	at SchedulePayment_ConfirmWithRequest.run(SchedulePayment_ConfirmWithRequest:38)
	at com.kms.katalon.core.main.ScriptEngine.run(ScriptEngine.java:194)
	at com.kms.katalon.core.main.ScriptEngine.runScriptAsRawText(ScriptEngine.java:119)
	at com.kms.katalon.core.main.TestCaseExecutor.runScript(TestCaseExecutor.java:448)
	at com.kms.katalon.core.main.TestCaseExecutor.doExecute(TestCaseExecutor.java:439)
	at com.kms.katalon.core.main.TestCaseExecutor.processExecutionPhase(TestCaseExecutor.java:418)
	at com.kms.katalon.core.main.TestCaseExecutor.accessMainPhase(TestCaseExecutor.java:410)
	at com.kms.katalon.core.main.TestCaseExecutor.execute(TestCaseExecutor.java:285)
	at com.kms.katalon.core.main.TestCaseMain.runTestCase(TestCaseMain.java:137)
	at com.kms.katalon.core.keyword.builtin.CallTestCaseKeyword$_callTestCase_closure1.doCall(CallTestCaseKeyword.groovy:59)
	at com.kms.katalon.core.keyword.builtin.CallTestCaseKeyword$_callTestCase_closure1.call(CallTestCaseKeyword.groovy)
	at com.kms.katalon.core.keyword.internal.KeywordMain.runKeyword(KeywordMain.groovy:75)
	at com.kms.katalon.core.keyword.builtin.CallTestCaseKeyword.callTestCase(CallTestCaseKeyword.groovy:81)
	at com.kms.katalon.core.keyword.builtin.CallTestCaseKeyword.execute(CallTestCaseKeyword.groovy:44)
	at com.kms.katalon.core.keyword.internal.KeywordExecutor.executeKeywordForPlatform(KeywordExecutor.groovy:74)
	at com.kms.katalon.core.keyword.BuiltinKeywords.callTestCase(BuiltinKeywords.groovy:310)
	at java.base/jdk.internal.reflect.NativeMethodAccessorImpl.invoke0(Native Method)
	at java.base/jdk.internal.reflect.NativeMethodAccessorImpl.invoke(NativeMethodAccessorImpl.java:77)
	at java.base/jdk.internal.reflect.DelegatingMethodAccessorImpl.invoke(DelegatingMethodAccessorImpl.java:43)
	at TC3_ScheduledPayment_Add.run(TC3_ScheduledPayment_Add:39)
	at com.kms.katalon.core.main.ScriptEngine.run(ScriptEngine.java:194)
	at com.kms.katalon.core.main.ScriptEngine.runScriptAsRawText(ScriptEngine.java:119)
	at com.kms.katalon.core.main.TestCaseExecutor.runScript(TestCaseExecutor.java:448)
	at com.kms.katalon.core.main.TestCaseExecutor.doExecute(TestCaseExecutor.java:439)
	at com.kms.katalon.core.main.TestCaseExecutor.processExecutionPhase(TestCaseExecutor.java:418)
	at com.kms.katalon.core.main.TestCaseExecutor.accessMainPhase(TestCaseExecutor.java:410)
	at com.kms.katalon.core.main.TestCaseExecutor.execute(TestCaseExecutor.java:285)
	at com.kms.katalon.core.common.CommonExecutor.accessTestCaseMainPhase(CommonExecutor.java:65)
	at com.kms.katalon.core.main.TestSuiteExecutor.accessTestSuiteMainPhase(TestSuiteExecutor.java:150)
	at com.kms.katalon.core.main.TestSuiteExecutor.execute(TestSuiteExecutor.java:106)
	at com.kms.katalon.core.main.TestCaseMain.startTestSuite(TestCaseMain.java:180)
	at TempTestSuite1728008042583.run(TempTestSuite1728008042583.groovy:35)
	at java.base/jdk.internal.reflect.NativeMethodAccessorImpl.invoke0(Native Method)
	at java.base/jdk.internal.reflect.NativeMethodAccessorImpl.invoke(NativeMethodAccessorImpl.java:77)
	at java.base/jdk.internal.reflect.DelegatingMethodAccessorImpl.invoke(DelegatingMethodAccessorImpl.java:43)


04-10-2024T10:16:45 - [TEST_STEP][PASSED] - driver = getWebDriver(): null

04-10-2024T10:16:45 - [TEST_STEP][ERROR] - utils.goToScheduledPayments(): Test Cases/Re-Usable Script/SchedulePayment_GetEligibility FAILED.
Reason:
org.openqa.selenium.ElementClickInterceptedException: element click intercepted: Element <a class="d-flex align-items-center media" href="/payment/utilities/scheduled-payments">...</a> is not clickable at point (804, 271). Other element would receive the click: <p class="lead text-white">...</p>
  (Session info: chrome=129.0.6668.90)
Build info: version: '3.141.59', revision: 'unknown', time: 'unknown'
System info: host: 'MANILAs-MacBook-Pro.local', ip: 'fe80:0:0:0:1093:b32a:de30:4417%en0', os.name: 'Mac OS X', os.arch: 'x86_64', os.version: '14.5', java.version: '17.0.7'
Driver info: com.kms.katalon.selenium.driver.CChromeDriver
Capabilities {acceptInsecureCerts: false, browserName: chrome, browserVersion: 129.0.6668.90, chrome: {chromedriverVersion: 128.0.6613.137 (fe621c5aa2d..., userDataDir: /var/folders/sc/s4fw7w1943b...}, fedcm:accounts: true, goog:chromeOptions: {debuggerAddress: localhost:58409}, javascriptEnabled: true, networkConnectionEnabled: false, pageLoadStrategy: normal, platform: MAC, platformName: MAC, proxy: Proxy(), setWindowRect: true, strictFileInteractability: false, timeouts: {implicit: 0, pageLoad: 300000, script: 30000}, unhandledPromptBehavior: dismiss and notify, webauthn:extension:credBlob: true, webauthn:extension:largeBlob: true, webauthn:extension:minPinLength: true, webauthn:extension:prf: true, webauthn:virtualAuthenticators: true}
Session ID: 851bc56d55e8d03f0aa6130862797e34
	at java.base/jdk.internal.reflect.NativeConstructorAccessorImpl.newInstance0(Native Method)
	at java.base/jdk.internal.reflect.NativeConstructorAccessorImpl.newInstance(NativeConstructorAccessorImpl.java:77)
	at java.base/jdk.internal.reflect.DelegatingConstructorAccessorImpl.newInstance(DelegatingConstructorAccessorImpl.java:45)
	at org.openqa.selenium.remote.http.W3CHttpResponseCodec.createException(W3CHttpResponseCodec.java:187)
	at org.openqa.selenium.remote.http.W3CHttpResponseCodec.decode(W3CHttpResponseCodec.java:122)
	at org.openqa.selenium.remote.http.W3CHttpResponseCodec.decode(W3CHttpResponseCodec.java:49)
	at org.openqa.selenium.remote.HttpCommandExecutor.execute(HttpCommandExecutor.java:158)
	at org.openqa.selenium.remote.service.DriverCommandExecutor.execute(DriverCommandExecutor.java:83)
	at org.openqa.selenium.remote.RemoteWebDriver.execute(RemoteWebDriver.java:552)
	at com.kms.katalon.selenium.driver.CChromeDriver.execute(CChromeDriver.java:19)
	at org.openqa.selenium.remote.RemoteWebElement.execute(RemoteWebElement.java:285)
	at org.openqa.selenium.remote.RemoteWebElement.click(RemoteWebElement.java:84)
	at java.base/jdk.internal.reflect.NativeMethodAccessorImpl.invoke0(Native Method)
	at java.base/jdk.internal.reflect.NativeMethodAccessorImpl.invoke(NativeMethodAccessorImpl.java:77)
	at java.base/jdk.internal.reflect.DelegatingMethodAccessorImpl.invoke(DelegatingMethodAccessorImpl.java:43)
	at org.openqa.selenium.support.events.EventFiringWebDriver$EventFiringWebElement.lambda$new$0(EventFiringWebDriver.java:404)
	at jdk.proxy2/jdk.proxy2.$Proxy24.click(Unknown Source)
	at org.openqa.selenium.support.events.EventFiringWebDriver$EventFiringWebElement.click(EventFiringWebDriver.java:417)
	at rcclpayment.utils.goToScheduledPayments(utils.groovy:87)
	at SchedulePayment_GetEligibility.run(SchedulePayment_GetEligibility:32)
	at com.kms.katalon.core.main.ScriptEngine.run(ScriptEngine.java:194)
	at com.kms.katalon.core.main.ScriptEngine.runScriptAsRawText(ScriptEngine.java:119)
	at com.kms.katalon.core.main.TestCaseExecutor.runScript(TestCaseExecutor.java:448)
	at com.kms.katalon.core.main.TestCaseExecutor.doExecute(TestCaseExecutor.java:439)
	at com.kms.katalon.core.main.TestCaseExecutor.processExecutionPhase(TestCaseExecutor.java:418)
	at com.kms.katalon.core.main.TestCaseExecutor.accessMainPhase(TestCaseExecutor.java:410)
	at com.kms.katalon.core.main.TestCaseExecutor.execute(TestCaseExecutor.java:285)
	at com.kms.katalon.core.main.TestCaseMain.runTestCase(TestCaseMain.java:137)
	at com.kms.katalon.core.keyword.builtin.CallTestCaseKeyword$_callTestCase_closure1.doCall(CallTestCaseKeyword.groovy:59)
	at com.kms.katalon.core.keyword.builtin.CallTestCaseKeyword$_callTestCase_closure1.call(CallTestCaseKeyword.groovy)
	at com.kms.katalon.core.keyword.internal.KeywordMain.runKeyword(KeywordMain.groovy:75)
	at com.kms.katalon.core.keyword.builtin.CallTestCaseKeyword.callTestCase(CallTestCaseKeyword.groovy:81)
	at com.kms.katalon.core.keyword.builtin.CallTestCaseKeyword.execute(CallTestCaseKeyword.groovy:44)
	at com.kms.katalon.core.keyword.internal.KeywordExecutor.executeKeywordForPlatform(KeywordExecutor.groovy:74)
	at com.kms.katalon.core.keyword.BuiltinKeywords.callTestCase(BuiltinKeywords.groovy:310)
	at java.base/jdk.internal.reflect.NativeMethodAccessorImpl.invoke0(Native Method)
	at java.base/jdk.internal.reflect.NativeMethodAccessorImpl.invoke(NativeMethodAccessorImpl.java:77)
	at java.base/jdk.internal.reflect.DelegatingMethodAccessorImpl.invoke(DelegatingMethodAccessorImpl.java:43)
	at SchedulePayment_ConfirmWithRequest.run(SchedulePayment_ConfirmWithRequest:38)
	at com.kms.katalon.core.main.ScriptEngine.run(ScriptEngine.java:194)
	at com.kms.katalon.core.main.ScriptEngine.runScriptAsRawText(ScriptEngine.java:119)
	at com.kms.katalon.core.main.TestCaseExecutor.runScript(TestCaseExecutor.java:448)
	at com.kms.katalon.core.main.TestCaseExecutor.doExecute(TestCaseExecutor.java:439)
	at com.kms.katalon.core.main.TestCaseExecutor.processExecutionPhase(TestCaseExecutor.java:418)
	at com.kms.katalon.core.main.TestCaseExecutor.accessMainPhase(TestCaseExecutor.java:410)
	at com.kms.katalon.core.main.TestCaseExecutor.execute(TestCaseExecutor.java:285)
	at com.kms.katalon.core.main.TestCaseMain.runTestCase(TestCaseMain.java:137)
	at com.kms.katalon.core.keyword.builtin.CallTestCaseKeyword$_callTestCase_closure1.doCall(CallTestCaseKeyword.groovy:59)
	at com.kms.katalon.core.keyword.builtin.CallTestCaseKeyword$_callTestCase_closure1.call(CallTestCaseKeyword.groovy)
	at com.kms.katalon.core.keyword.internal.KeywordMain.runKeyword(KeywordMain.groovy:75)
	at com.kms.katalon.core.keyword.builtin.CallTestCaseKeyword.callTestCase(CallTestCaseKeyword.groovy:81)
	at com.kms.katalon.core.keyword.builtin.CallTestCaseKeyword.execute(CallTestCaseKeyword.groovy:44)
	at com.kms.katalon.core.keyword.internal.KeywordExecutor.executeKeywordForPlatform(KeywordExecutor.groovy:74)
	at com.kms.katalon.core.keyword.BuiltinKeywords.callTestCase(BuiltinKeywords.groovy:310)
	at java.base/jdk.internal.reflect.NativeMethodAccessorImpl.invoke0(Native Method)
	at java.base/jdk.internal.reflect.NativeMethodAccessorImpl.invoke(NativeMethodAccessorImpl.java:77)
	at java.base/jdk.internal.reflect.DelegatingMethodAccessorImpl.invoke(DelegatingMethodAccessorImpl.java:43)
	at TC3_ScheduledPayment_Add.run(TC3_ScheduledPayment_Add:39)
	at com.kms.katalon.core.main.ScriptEngine.run(ScriptEngine.java:194)
	at com.kms.katalon.core.main.ScriptEngine.runScriptAsRawText(ScriptEngine.java:119)
	at com.kms.katalon.core.main.TestCaseExecutor.runScript(TestCaseExecutor.java:448)
	at com.kms.katalon.core.main.TestCaseExecutor.doExecute(TestCaseExecutor.java:439)
	at com.kms.katalon.core.main.TestCaseExecutor.processExecutionPhase(TestCaseExecutor.java:418)
	at com.kms.katalon.core.main.TestCaseExecutor.accessMainPhase(TestCaseExecutor.java:410)
	at com.kms.katalon.core.main.TestCaseExecutor.execute(TestCaseExecutor.java:285)
	at com.kms.katalon.core.common.CommonExecutor.accessTestCaseMainPhase(CommonExecutor.java:65)
	at com.kms.katalon.core.main.TestSuiteExecutor.accessTestSuiteMainPhase(TestSuiteExecutor.java:150)
	at com.kms.katalon.core.main.TestSuiteExecutor.execute(TestSuiteExecutor.java:106)
	at com.kms.katalon.core.main.TestCaseMain.startTestSuite(TestCaseMain.java:180)
	at TempTestSuite1728008042583.run(TempTestSuite1728008042583.groovy:35)
	at java.base/jdk.internal.reflect.NativeMethodAccessorImpl.invoke0(Native Method)
	at java.base/jdk.internal.reflect.NativeMethodAccessorImpl.invoke(NativeMethodAccessorImpl.java:77)
	at java.base/jdk.internal.reflect.DelegatingMethodAccessorImpl.invoke(DelegatingMethodAccessorImpl.java:43)


04-10-2024T10:16:47 - [MESSAGE][ERROR] - Test Cases/Re-Usable Script/SchedulePayment_GetEligibility FAILED.
Reason:
org.openqa.selenium.ElementClickInterceptedException: element click intercepted: Element <a class="d-flex align-items-center media" href="/payment/utilities/scheduled-payments">...</a> is not clickable at point (804, 271). Other element would receive the click: <p class="lead text-white">...</p>
  (Session info: chrome=129.0.6668.90)
Build info: version: '3.141.59', revision: 'unknown', time: 'unknown'
System info: host: 'MANILAs-MacBook-Pro.local', ip: 'fe80:0:0:0:1093:b32a:de30:4417%en0', os.name: 'Mac OS X', os.arch: 'x86_64', os.version: '14.5', java.version: '17.0.7'
Driver info: com.kms.katalon.selenium.driver.CChromeDriver
Capabilities {acceptInsecureCerts: false, browserName: chrome, browserVersion: 129.0.6668.90, chrome: {chromedriverVersion: 128.0.6613.137 (fe621c5aa2d..., userDataDir: /var/folders/sc/s4fw7w1943b...}, fedcm:accounts: true, goog:chromeOptions: {debuggerAddress: localhost:58409}, javascriptEnabled: true, networkConnectionEnabled: false, pageLoadStrategy: normal, platform: MAC, platformName: MAC, proxy: Proxy(), setWindowRect: true, strictFileInteractability: false, timeouts: {implicit: 0, pageLoad: 300000, script: 30000}, unhandledPromptBehavior: dismiss and notify, webauthn:extension:credBlob: true, webauthn:extension:largeBlob: true, webauthn:extension:minPinLength: true, webauthn:extension:prf: true, webauthn:virtualAuthenticators: true}
Session ID: 851bc56d55e8d03f0aa6130862797e34
	at java.base/jdk.internal.reflect.NativeConstructorAccessorImpl.newInstance0(Native Method)
	at java.base/jdk.internal.reflect.NativeConstructorAccessorImpl.newInstance(NativeConstructorAccessorImpl.java:77)
	at java.base/jdk.internal.reflect.DelegatingConstructorAccessorImpl.newInstance(DelegatingConstructorAccessorImpl.java:45)
	at org.openqa.selenium.remote.http.W3CHttpResponseCodec.createException(W3CHttpResponseCodec.java:187)
	at org.openqa.selenium.remote.http.W3CHttpResponseCodec.decode(W3CHttpResponseCodec.java:122)
	at org.openqa.selenium.remote.http.W3CHttpResponseCodec.decode(W3CHttpResponseCodec.java:49)
	at org.openqa.selenium.remote.HttpCommandExecutor.execute(HttpCommandExecutor.java:158)
	at org.openqa.selenium.remote.service.DriverCommandExecutor.execute(DriverCommandExecutor.java:83)
	at org.openqa.selenium.remote.RemoteWebDriver.execute(RemoteWebDriver.java:552)
	at com.kms.katalon.selenium.driver.CChromeDriver.execute(CChromeDriver.java:19)
	at org.openqa.selenium.remote.RemoteWebElement.execute(RemoteWebElement.java:285)
	at org.openqa.selenium.remote.RemoteWebElement.click(RemoteWebElement.java:84)
	at java.base/jdk.internal.reflect.NativeMethodAccessorImpl.invoke0(Native Method)
	at java.base/jdk.internal.reflect.NativeMethodAccessorImpl.invoke(NativeMethodAccessorImpl.java:77)
	at java.base/jdk.internal.reflect.DelegatingMethodAccessorImpl.invoke(DelegatingMethodAccessorImpl.java:43)
	at org.openqa.selenium.support.events.EventFiringWebDriver$EventFiringWebElement.lambda$new$0(EventFiringWebDriver.java:404)
	at jdk.proxy2/jdk.proxy2.$Proxy24.click(Unknown Source)
	at org.openqa.selenium.support.events.EventFiringWebDriver$EventFiringWebElement.click(EventFiringWebDriver.java:417)
	at rcclpayment.utils.goToScheduledPayments(utils.groovy:87)
	at SchedulePayment_GetEligibility.run(SchedulePayment_GetEligibility:32)
	at com.kms.katalon.core.main.ScriptEngine.run(ScriptEngine.java:194)
	at com.kms.katalon.core.main.ScriptEngine.runScriptAsRawText(ScriptEngine.java:119)
	at com.kms.katalon.core.main.TestCaseExecutor.runScript(TestCaseExecutor.java:448)
	at com.kms.katalon.core.main.TestCaseExecutor.doExecute(TestCaseExecutor.java:439)
	at com.kms.katalon.core.main.TestCaseExecutor.processExecutionPhase(TestCaseExecutor.java:418)
	at com.kms.katalon.core.main.TestCaseExecutor.accessMainPhase(TestCaseExecutor.java:410)
	at com.kms.katalon.core.main.TestCaseExecutor.execute(TestCaseExecutor.java:285)
	at com.kms.katalon.core.main.TestCaseMain.runTestCase(TestCaseMain.java:137)
	at com.kms.katalon.core.keyword.builtin.CallTestCaseKeyword$_callTestCase_closure1.doCall(CallTestCaseKeyword.groovy:59)
	at com.kms.katalon.core.keyword.builtin.CallTestCaseKeyword$_callTestCase_closure1.call(CallTestCaseKeyword.groovy)
	at com.kms.katalon.core.keyword.internal.KeywordMain.runKeyword(KeywordMain.groovy:75)
	at com.kms.katalon.core.keyword.builtin.CallTestCaseKeyword.callTestCase(CallTestCaseKeyword.groovy:81)
	at com.kms.katalon.core.keyword.builtin.CallTestCaseKeyword.execute(CallTestCaseKeyword.groovy:44)
	at com.kms.katalon.core.keyword.internal.KeywordExecutor.executeKeywordForPlatform(KeywordExecutor.groovy:74)
	at com.kms.katalon.core.keyword.BuiltinKeywords.callTestCase(BuiltinKeywords.groovy:310)
	at java.base/jdk.internal.reflect.NativeMethodAccessorImpl.invoke0(Native Method)
	at java.base/jdk.internal.reflect.NativeMethodAccessorImpl.invoke(NativeMethodAccessorImpl.java:77)
	at java.base/jdk.internal.reflect.DelegatingMethodAccessorImpl.invoke(DelegatingMethodAccessorImpl.java:43)
	at SchedulePayment_ConfirmWithRequest.run(SchedulePayment_ConfirmWithRequest:38)
	at com.kms.katalon.core.main.ScriptEngine.run(ScriptEngine.java:194)
	at com.kms.katalon.core.main.ScriptEngine.runScriptAsRawText(ScriptEngine.java:119)
	at com.kms.katalon.core.main.TestCaseExecutor.runScript(TestCaseExecutor.java:448)
	at com.kms.katalon.core.main.TestCaseExecutor.doExecute(TestCaseExecutor.java:439)
	at com.kms.katalon.core.main.TestCaseExecutor.processExecutionPhase(TestCaseExecutor.java:418)
	at com.kms.katalon.core.main.TestCaseExecutor.accessMainPhase(TestCaseExecutor.java:410)
	at com.kms.katalon.core.main.TestCaseExecutor.execute(TestCaseExecutor.java:285)
	at com.kms.katalon.core.main.TestCaseMain.runTestCase(TestCaseMain.java:137)
	at com.kms.katalon.core.keyword.builtin.CallTestCaseKeyword$_callTestCase_closure1.doCall(CallTestCaseKeyword.groovy:59)
	at com.kms.katalon.core.keyword.builtin.CallTestCaseKeyword$_callTestCase_closure1.call(CallTestCaseKeyword.groovy)
	at com.kms.katalon.core.keyword.internal.KeywordMain.runKeyword(KeywordMain.groovy:75)
	at com.kms.katalon.core.keyword.builtin.CallTestCaseKeyword.callTestCase(CallTestCaseKeyword.groovy:81)
	at com.kms.katalon.core.keyword.builtin.CallTestCaseKeyword.execute(CallTestCaseKeyword.groovy:44)
	at com.kms.katalon.core.keyword.internal.KeywordExecutor.executeKeywordForPlatform(KeywordExecutor.groovy:74)
	at com.kms.katalon.core.keyword.BuiltinKeywords.callTestCase(BuiltinKeywords.groovy:310)
	at java.base/jdk.internal.reflect.NativeMethodAccessorImpl.invoke0(Native Method)
	at java.base/jdk.internal.reflect.NativeMethodAccessorImpl.invoke(NativeMethodAccessorImpl.java:77)
	at java.base/jdk.internal.reflect.DelegatingMethodAccessorImpl.invoke(DelegatingMethodAccessorImpl.java:43)
	at TC3_ScheduledPayment_Add.run(TC3_ScheduledPayment_Add:39)
	at com.kms.katalon.core.main.ScriptEngine.run(ScriptEngine.java:194)
	at com.kms.katalon.core.main.ScriptEngine.runScriptAsRawText(ScriptEngine.java:119)
	at com.kms.katalon.core.main.TestCaseExecutor.runScript(TestCaseExecutor.java:448)
	at com.kms.katalon.core.main.TestCaseExecutor.doExecute(TestCaseExecutor.java:439)
	at com.kms.katalon.core.main.TestCaseExecutor.processExecutionPhase(TestCaseExecutor.java:418)
	at com.kms.katalon.core.main.TestCaseExecutor.accessMainPhase(TestCaseExecutor.java:410)
	at com.kms.katalon.core.main.TestCaseExecutor.execute(TestCaseExecutor.java:285)
	at com.kms.katalon.core.common.CommonExecutor.accessTestCaseMainPhase(CommonExecutor.java:65)
	at com.kms.katalon.core.main.TestSuiteExecutor.accessTestSuiteMainPhase(TestSuiteExecutor.java:150)
	at com.kms.katalon.core.main.TestSuiteExecutor.execute(TestSuiteExecutor.java:106)
	at com.kms.katalon.core.main.TestCaseMain.startTestSuite(TestCaseMain.java:180)
	at TempTestSuite1728008042583.run(TempTestSuite1728008042583.groovy:35)
	at java.base/jdk.internal.reflect.NativeMethodAccessorImpl.invoke0(Native Method)
	at java.base/jdk.internal.reflect.NativeMethodAccessorImpl.invoke(NativeMethodAccessorImpl.java:77)
	at java.base/jdk.internal.reflect.DelegatingMethodAccessorImpl.invoke(DelegatingMethodAccessorImpl.java:43)


04-10-2024T10:16:47 - [MESSAGE][FAILED] - Unable to call Test Case 'Test Cases/Re-Usable Script/SchedulePayment_GetEligibility' (Root cause: com.kms.katalon.core.exception.StepErrorException: Call Test Case 'Test Cases/Re-Usable Script/SchedulePayment_GetEligibility' failed because of error(s)
	at com.kms.katalon.core.keyword.builtin.CallTestCaseKeyword$_callTestCase_closure1.doCall(CallTestCaseKeyword.groovy:66)
	at com.kms.katalon.core.keyword.builtin.CallTestCaseKeyword$_callTestCase_closure1.call(CallTestCaseKeyword.groovy)
	at com.kms.katalon.core.keyword.internal.KeywordMain.runKeyword(KeywordMain.groovy:75)
	at com.kms.katalon.core.keyword.builtin.CallTestCaseKeyword.callTestCase(CallTestCaseKeyword.groovy:81)
	at com.kms.katalon.core.keyword.builtin.CallTestCaseKeyword.execute(CallTestCaseKeyword.groovy:44)
	at com.kms.katalon.core.keyword.internal.KeywordExecutor.executeKeywordForPlatform(KeywordExecutor.groovy:74)
	at com.kms.katalon.core.keyword.BuiltinKeywords.callTestCase(BuiltinKeywords.groovy:310)
	at java.base/jdk.internal.reflect.NativeMethodAccessorImpl.invoke0(Native Method)
	at java.base/jdk.internal.reflect.NativeMethodAccessorImpl.invoke(NativeMethodAccessorImpl.java:77)
	at java.base/jdk.internal.reflect.DelegatingMethodAccessorImpl.invoke(DelegatingMethodAccessorImpl.java:43)
	at SchedulePayment_ConfirmWithRequest.run(SchedulePayment_ConfirmWithRequest:38)
	at com.kms.katalon.core.main.ScriptEngine.run(ScriptEngine.java:194)
	at com.kms.katalon.core.main.ScriptEngine.runScriptAsRawText(ScriptEngine.java:119)
	at com.kms.katalon.core.main.TestCaseExecutor.runScript(TestCaseExecutor.java:448)
	at com.kms.katalon.core.main.TestCaseExecutor.doExecute(TestCaseExecutor.java:439)
	at com.kms.katalon.core.main.TestCaseExecutor.processExecutionPhase(TestCaseExecutor.java:418)
	at com.kms.katalon.core.main.TestCaseExecutor.accessMainPhase(TestCaseExecutor.java:410)
	at com.kms.katalon.core.main.TestCaseExecutor.execute(TestCaseExecutor.java:285)
	at com.kms.katalon.core.main.TestCaseMain.runTestCase(TestCaseMain.java:137)
	at com.kms.katalon.core.keyword.builtin.CallTestCaseKeyword$_callTestCase_closure1.doCall(CallTestCaseKeyword.groovy:59)
	at com.kms.katalon.core.keyword.builtin.CallTestCaseKeyword$_callTestCase_closure1.call(CallTestCaseKeyword.groovy)
	at com.kms.katalon.core.keyword.internal.KeywordMain.runKeyword(KeywordMain.groovy:75)
	at com.kms.katalon.core.keyword.builtin.CallTestCaseKeyword.callTestCase(CallTestCaseKeyword.groovy:81)
	at com.kms.katalon.core.keyword.builtin.CallTestCaseKeyword.execute(CallTestCaseKeyword.groovy:44)
	at com.kms.katalon.core.keyword.internal.KeywordExecutor.executeKeywordForPlatform(KeywordExecutor.groovy:74)
	at com.kms.katalon.core.keyword.BuiltinKeywords.callTestCase(BuiltinKeywords.groovy:310)
	at java.base/jdk.internal.reflect.NativeMethodAccessorImpl.invoke0(Native Method)
	at java.base/jdk.internal.reflect.NativeMethodAccessorImpl.invoke(NativeMethodAccessorImpl.java:77)
	at java.base/jdk.internal.reflect.DelegatingMethodAccessorImpl.invoke(DelegatingMethodAccessorImpl.java:43)
	at TC3_ScheduledPayment_Add.run(TC3_ScheduledPayment_Add:39)
	at com.kms.katalon.core.main.ScriptEngine.run(ScriptEngine.java:194)
	at com.kms.katalon.core.main.ScriptEngine.runScriptAsRawText(ScriptEngine.java:119)
	at com.kms.katalon.core.main.TestCaseExecutor.runScript(TestCaseExecutor.java:448)
	at com.kms.katalon.core.main.TestCaseExecutor.doExecute(TestCaseExecutor.java:439)
	at com.kms.katalon.core.main.TestCaseExecutor.processExecutionPhase(TestCaseExecutor.java:418)
	at com.kms.katalon.core.main.TestCaseExecutor.accessMainPhase(TestCaseExecutor.java:410)
	at com.kms.katalon.core.main.TestCaseExecutor.execute(TestCaseExecutor.java:285)
	at com.kms.katalon.core.common.CommonExecutor.accessTestCaseMainPhase(CommonExecutor.java:65)
	at com.kms.katalon.core.main.TestSuiteExecutor.accessTestSuiteMainPhase(TestSuiteExecutor.java:150)
	at com.kms.katalon.core.main.TestSuiteExecutor.execute(TestSuiteExecutor.java:106)
	at com.kms.katalon.core.main.TestCaseMain.startTestSuite(TestCaseMain.java:180)
	at TempTestSuite1728008042583.run(TempTestSuite1728008042583.groovy:35)
	at java.base/jdk.internal.reflect.NativeMethodAccessorImpl.invoke0(Native Method)
	at java.base/jdk.internal.reflect.NativeMethodAccessorImpl.invoke(NativeMethodAccessorImpl.java:77)
	at java.base/jdk.internal.reflect.DelegatingMethodAccessorImpl.invoke(DelegatingMethodAccessorImpl.java:43)
Caused by: org.openqa.selenium.ElementClickInterceptedException: element click intercepted: Element <a class="d-flex align-items-center media" href="/payment/utilities/scheduled-payments">...</a> is not clickable at point (804, 271). Other element would receive the click: <p class="lead text-white">...</p>
  (Session info: chrome=129.0.6668.90)
Build info: version: '3.141.59', revision: 'unknown', time: 'unknown'
System info: host: 'MANILAs-MacBook-Pro.local', ip: 'fe80:0:0:0:1093:b32a:de30:4417%en0', os.name: 'Mac OS X', os.arch: 'x86_64', os.version: '14.5', java.version: '17.0.7'
Driver info: com.kms.katalon.selenium.driver.CChromeDriver
Capabilities {acceptInsecureCerts: false, browserName: chrome, browserVersion: 129.0.6668.90, chrome: {chromedriverVersion: 128.0.6613.137 (fe621c5aa2d..., userDataDir: /var/folders/sc/s4fw7w1943b...}, fedcm:accounts: true, goog:chromeOptions: {debuggerAddress: localhost:58409}, javascriptEnabled: true, networkConnectionEnabled: false, pageLoadStrategy: normal, platform: MAC, platformName: MAC, proxy: Proxy(), setWindowRect: true, strictFileInteractability: false, timeouts: {implicit: 0, pageLoad: 300000, script: 30000}, unhandledPromptBehavior: dismiss and notify, webauthn:extension:credBlob: true, webauthn:extension:largeBlob: true, webauthn:extension:minPinLength: true, webauthn:extension:prf: true, webauthn:virtualAuthenticators: true}
Session ID: 851bc56d55e8d03f0aa6130862797e34
	at java.base/jdk.internal.reflect.NativeConstructorAccessorImpl.newInstance0(Native Method)
	at java.base/jdk.internal.reflect.NativeConstructorAccessorImpl.newInstance(NativeConstructorAccessorImpl.java:77)
	at java.base/jdk.internal.reflect.DelegatingConstructorAccessorImpl.newInstance(DelegatingConstructorAccessorImpl.java:45)
	at org.openqa.selenium.remote.http.W3CHttpResponseCodec.createException(W3CHttpResponseCodec.java:187)
	at org.openqa.selenium.remote.http.W3CHttpResponseCodec.decode(W3CHttpResponseCodec.java:122)
	at org.openqa.selenium.remote.http.W3CHttpResponseCodec.decode(W3CHttpResponseCodec.java:49)
	at org.openqa.selenium.remote.HttpCommandExecutor.execute(HttpCommandExecutor.java:158)
	at org.openqa.selenium.remote.service.DriverCommandExecutor.execute(DriverCommandExecutor.java:83)
	at org.openqa.selenium.remote.RemoteWebDriver.execute(RemoteWebDriver.java:552)
	at com.kms.katalon.selenium.driver.CChromeDriver.execute(CChromeDriver.java:19)
	at org.openqa.selenium.remote.RemoteWebElement.execute(RemoteWebElement.java:285)
	at org.openqa.selenium.remote.RemoteWebElement.click(RemoteWebElement.java:84)
	at java.base/jdk.internal.reflect.NativeMethodAccessorImpl.invoke0(Native Method)
	at java.base/jdk.internal.reflect.NativeMethodAccessorImpl.invoke(NativeMethodAccessorImpl.java:77)
	at java.base/jdk.internal.reflect.DelegatingMethodAccessorImpl.invoke(DelegatingMethodAccessorImpl.java:43)
	at org.openqa.selenium.support.events.EventFiringWebDriver$EventFiringWebElement.lambda$new$0(EventFiringWebDriver.java:404)
	at jdk.proxy2/jdk.proxy2.$Proxy24.click(Unknown Source)
	at org.openqa.selenium.support.events.EventFiringWebDriver$EventFiringWebElement.click(EventFiringWebDriver.java:417)
	at rcclpayment.utils.goToScheduledPayments(utils.groovy:87)
	at SchedulePayment_GetEligibility.run(SchedulePayment_GetEligibility:32)
	at com.kms.katalon.core.main.ScriptEngine.run(ScriptEngine.java:194)
	at com.kms.katalon.core.main.ScriptEngine.runScriptAsRawText(ScriptEngine.java:119)
	at com.kms.katalon.core.main.TestCaseExecutor.runScript(TestCaseExecutor.java:448)
	at com.kms.katalon.core.main.TestCaseExecutor.doExecute(TestCaseExecutor.java:439)
	at com.kms.katalon.core.main.TestCaseExecutor.processExecutionPhase(TestCaseExecutor.java:418)
	at com.kms.katalon.core.main.TestCaseExecutor.accessMainPhase(TestCaseExecutor.java:410)
	at com.kms.katalon.core.main.TestCaseExecutor.execute(TestCaseExecutor.java:285)
	at com.kms.katalon.core.main.TestCaseMain.runTestCase(TestCaseMain.java:137)
	at com.kms.katalon.core.keyword.builtin.CallTestCaseKeyword$_callTestCase_closure1.doCall(CallTestCaseKeyword.groovy:59)
	... 44 more
)

04-10-2024T10:16:47 - [MESSAGE][ERROR] - Test Cases/Re-Usable Script/SchedulePayment_ConfirmWithRequest FAILED.
Reason:
com.kms.katalon.core.exception.StepErrorException: Call Test Case 'Test Cases/Re-Usable Script/SchedulePayment_GetEligibility' failed because of error(s)
	at com.kms.katalon.core.keyword.builtin.CallTestCaseKeyword$_callTestCase_closure1.doCall(CallTestCaseKeyword.groovy:66)
	at com.kms.katalon.core.keyword.builtin.CallTestCaseKeyword$_callTestCase_closure1.call(CallTestCaseKeyword.groovy)
	at com.kms.katalon.core.keyword.internal.KeywordMain.runKeyword(KeywordMain.groovy:75)
	at com.kms.katalon.core.keyword.builtin.CallTestCaseKeyword.callTestCase(CallTestCaseKeyword.groovy:81)
	at com.kms.katalon.core.keyword.builtin.CallTestCaseKeyword.execute(CallTestCaseKeyword.groovy:44)
	at com.kms.katalon.core.keyword.internal.KeywordExecutor.executeKeywordForPlatform(KeywordExecutor.groovy:74)
	at com.kms.katalon.core.keyword.BuiltinKeywords.callTestCase(BuiltinKeywords.groovy:310)
	at java.base/jdk.internal.reflect.NativeMethodAccessorImpl.invoke0(Native Method)
	at java.base/jdk.internal.reflect.NativeMethodAccessorImpl.invoke(NativeMethodAccessorImpl.java:77)
	at java.base/jdk.internal.reflect.DelegatingMethodAccessorImpl.invoke(DelegatingMethodAccessorImpl.java:43)
	at SchedulePayment_ConfirmWithRequest.run(SchedulePayment_ConfirmWithRequest:38)
	at com.kms.katalon.core.main.ScriptEngine.run(ScriptEngine.java:194)
	at com.kms.katalon.core.main.ScriptEngine.runScriptAsRawText(ScriptEngine.java:119)
	at com.kms.katalon.core.main.TestCaseExecutor.runScript(TestCaseExecutor.java:448)
	at com.kms.katalon.core.main.TestCaseExecutor.doExecute(TestCaseExecutor.java:439)
	at com.kms.katalon.core.main.TestCaseExecutor.processExecutionPhase(TestCaseExecutor.java:418)
	at com.kms.katalon.core.main.TestCaseExecutor.accessMainPhase(TestCaseExecutor.java:410)
	at com.kms.katalon.core.main.TestCaseExecutor.execute(TestCaseExecutor.java:285)
	at com.kms.katalon.core.main.TestCaseMain.runTestCase(TestCaseMain.java:137)
	at com.kms.katalon.core.keyword.builtin.CallTestCaseKeyword$_callTestCase_closure1.doCall(CallTestCaseKeyword.groovy:59)
	at com.kms.katalon.core.keyword.builtin.CallTestCaseKeyword$_callTestCase_closure1.call(CallTestCaseKeyword.groovy)
	at com.kms.katalon.core.keyword.internal.KeywordMain.runKeyword(KeywordMain.groovy:75)
	at com.kms.katalon.core.keyword.builtin.CallTestCaseKeyword.callTestCase(CallTestCaseKeyword.groovy:81)
	at com.kms.katalon.core.keyword.builtin.CallTestCaseKeyword.execute(CallTestCaseKeyword.groovy:44)
	at com.kms.katalon.core.keyword.internal.KeywordExecutor.executeKeywordForPlatform(KeywordExecutor.groovy:74)
	at com.kms.katalon.core.keyword.BuiltinKeywords.callTestCase(BuiltinKeywords.groovy:310)
	at java.base/jdk.internal.reflect.NativeMethodAccessorImpl.invoke0(Native Method)
	at java.base/jdk.internal.reflect.NativeMethodAccessorImpl.invoke(NativeMethodAccessorImpl.java:77)
	at java.base/jdk.internal.reflect.DelegatingMethodAccessorImpl.invoke(DelegatingMethodAccessorImpl.java:43)
	at TC3_ScheduledPayment_Add.run(TC3_ScheduledPayment_Add:39)
	at com.kms.katalon.core.main.ScriptEngine.run(ScriptEngine.java:194)
	at com.kms.katalon.core.main.ScriptEngine.runScriptAsRawText(ScriptEngine.java:119)
	at com.kms.katalon.core.main.TestCaseExecutor.runScript(TestCaseExecutor.java:448)
	at com.kms.katalon.core.main.TestCaseExecutor.doExecute(TestCaseExecutor.java:439)
	at com.kms.katalon.core.main.TestCaseExecutor.processExecutionPhase(TestCaseExecutor.java:418)
	at com.kms.katalon.core.main.TestCaseExecutor.accessMainPhase(TestCaseExecutor.java:410)
	at com.kms.katalon.core.main.TestCaseExecutor.execute(TestCaseExecutor.java:285)
	at com.kms.katalon.core.common.CommonExecutor.accessTestCaseMainPhase(CommonExecutor.java:65)
	at com.kms.katalon.core.main.TestSuiteExecutor.accessTestSuiteMainPhase(TestSuiteExecutor.java:150)
	at com.kms.katalon.core.main.TestSuiteExecutor.execute(TestSuiteExecutor.java:106)
	at com.kms.katalon.core.main.TestCaseMain.startTestSuite(TestCaseMain.java:180)
	at TempTestSuite1728008042583.run(TempTestSuite1728008042583.groovy:35)
	at java.base/jdk.internal.reflect.NativeMethodAccessorImpl.invoke0(Native Method)
	at java.base/jdk.internal.reflect.NativeMethodAccessorImpl.invoke(NativeMethodAccessorImpl.java:77)
	at java.base/jdk.internal.reflect.DelegatingMethodAccessorImpl.invoke(DelegatingMethodAccessorImpl.java:43)
Caused by: org.openqa.selenium.ElementClickInterceptedException: element click intercepted: Element <a class="d-flex align-items-center media" href="/payment/utilities/scheduled-payments">...</a> is not clickable at point (804, 271). Other element would receive the click: <p class="lead text-white">...</p>
  (Session info: chrome=129.0.6668.90)
Build info: version: '3.141.59', revision: 'unknown', time: 'unknown'
System info: host: 'MANILAs-MacBook-Pro.local', ip: 'fe80:0:0:0:1093:b32a:de30:4417%en0', os.name: 'Mac OS X', os.arch: 'x86_64', os.version: '14.5', java.version: '17.0.7'
Driver info: com.kms.katalon.selenium.driver.CChromeDriver
Capabilities {acceptInsecureCerts: false, browserName: chrome, browserVersion: 129.0.6668.90, chrome: {chromedriverVersion: 128.0.6613.137 (fe621c5aa2d..., userDataDir: /var/folders/sc/s4fw7w1943b...}, fedcm:accounts: true, goog:chromeOptions: {debuggerAddress: localhost:58409}, javascriptEnabled: true, networkConnectionEnabled: false, pageLoadStrategy: normal, platform: MAC, platformName: MAC, proxy: Proxy(), setWindowRect: true, strictFileInteractability: false, timeouts: {implicit: 0, pageLoad: 300000, script: 30000}, unhandledPromptBehavior: dismiss and notify, webauthn:extension:credBlob: true, webauthn:extension:largeBlob: true, webauthn:extension:minPinLength: true, webauthn:extension:prf: true, webauthn:virtualAuthenticators: true}
Session ID: 851bc56d55e8d03f0aa6130862797e34
	at java.base/jdk.internal.reflect.NativeConstructorAccessorImpl.newInstance0(Native Method)
	at java.base/jdk.internal.reflect.NativeConstructorAccessorImpl.newInstance(NativeConstructorAccessorImpl.java:77)
	at java.base/jdk.internal.reflect.DelegatingConstructorAccessorImpl.newInstance(DelegatingConstructorAccessorImpl.java:45)
	at org.openqa.selenium.remote.http.W3CHttpResponseCodec.createException(W3CHttpResponseCodec.java:187)
	at org.openqa.selenium.remote.http.W3CHttpResponseCodec.decode(W3CHttpResponseCodec.java:122)
	at org.openqa.selenium.remote.http.W3CHttpResponseCodec.decode(W3CHttpResponseCodec.java:49)
	at org.openqa.selenium.remote.HttpCommandExecutor.execute(HttpCommandExecutor.java:158)
	at org.openqa.selenium.remote.service.DriverCommandExecutor.execute(DriverCommandExecutor.java:83)
	at org.openqa.selenium.remote.RemoteWebDriver.execute(RemoteWebDriver.java:552)
	at com.kms.katalon.selenium.driver.CChromeDriver.execute(CChromeDriver.java:19)
	at org.openqa.selenium.remote.RemoteWebElement.execute(RemoteWebElement.java:285)
	at org.openqa.selenium.remote.RemoteWebElement.click(RemoteWebElement.java:84)
	at java.base/jdk.internal.reflect.NativeMethodAccessorImpl.invoke0(Native Method)
	at java.base/jdk.internal.reflect.NativeMethodAccessorImpl.invoke(NativeMethodAccessorImpl.java:77)
	at java.base/jdk.internal.reflect.DelegatingMethodAccessorImpl.invoke(DelegatingMethodAccessorImpl.java:43)
	at org.openqa.selenium.support.events.EventFiringWebDriver$EventFiringWebElement.lambda$new$0(EventFiringWebDriver.java:404)
	at jdk.proxy2/jdk.proxy2.$Proxy24.click(Unknown Source)
	at org.openqa.selenium.support.events.EventFiringWebDriver$EventFiringWebElement.click(EventFiringWebDriver.java:417)
	at rcclpayment.utils.goToScheduledPayments(utils.groovy:87)
	at SchedulePayment_GetEligibility.run(SchedulePayment_GetEligibility:32)
	at com.kms.katalon.core.main.ScriptEngine.run(ScriptEngine.java:194)
	at com.kms.katalon.core.main.ScriptEngine.runScriptAsRawText(ScriptEngine.java:119)
	at com.kms.katalon.core.main.TestCaseExecutor.runScript(TestCaseExecutor.java:448)
	at com.kms.katalon.core.main.TestCaseExecutor.doExecute(TestCaseExecutor.java:439)
	at com.kms.katalon.core.main.TestCaseExecutor.processExecutionPhase(TestCaseExecutor.java:418)
	at com.kms.katalon.core.main.TestCaseExecutor.accessMainPhase(TestCaseExecutor.java:410)
	at com.kms.katalon.core.main.TestCaseExecutor.execute(TestCaseExecutor.java:285)
	at com.kms.katalon.core.main.TestCaseMain.runTestCase(TestCaseMain.java:137)
	at com.kms.katalon.core.keyword.builtin.CallTestCaseKeyword$_callTestCase_closure1.doCall(CallTestCaseKeyword.groovy:59)
	... 44 more


04-10-2024T10:16:47 - [MESSAGE][FAILED] - Unable to call Test Case 'Test Cases/Re-Usable Script/SchedulePayment_ConfirmWithRequest' (Root cause: com.kms.katalon.core.exception.StepErrorException: Call Test Case 'Test Cases/Re-Usable Script/SchedulePayment_ConfirmWithRequest' failed because of error(s)
	at com.kms.katalon.core.keyword.builtin.CallTestCaseKeyword$_callTestCase_closure1.doCall(CallTestCaseKeyword.groovy:66)
	at com.kms.katalon.core.keyword.builtin.CallTestCaseKeyword$_callTestCase_closure1.call(CallTestCaseKeyword.groovy)
	at com.kms.katalon.core.keyword.internal.KeywordMain.runKeyword(KeywordMain.groovy:75)
	at com.kms.katalon.core.keyword.builtin.CallTestCaseKeyword.callTestCase(CallTestCaseKeyword.groovy:81)
	at com.kms.katalon.core.keyword.builtin.CallTestCaseKeyword.execute(CallTestCaseKeyword.groovy:44)
	at com.kms.katalon.core.keyword.internal.KeywordExecutor.executeKeywordForPlatform(KeywordExecutor.groovy:74)
	at com.kms.katalon.core.keyword.BuiltinKeywords.callTestCase(BuiltinKeywords.groovy:310)
	at java.base/jdk.internal.reflect.NativeMethodAccessorImpl.invoke0(Native Method)
	at java.base/jdk.internal.reflect.NativeMethodAccessorImpl.invoke(NativeMethodAccessorImpl.java:77)
	at java.base/jdk.internal.reflect.DelegatingMethodAccessorImpl.invoke(DelegatingMethodAccessorImpl.java:43)
	at TC3_ScheduledPayment_Add.run(TC3_ScheduledPayment_Add:39)
	at com.kms.katalon.core.main.ScriptEngine.run(ScriptEngine.java:194)
	at com.kms.katalon.core.main.ScriptEngine.runScriptAsRawText(ScriptEngine.java:119)
	at com.kms.katalon.core.main.TestCaseExecutor.runScript(TestCaseExecutor.java:448)
	at com.kms.katalon.core.main.TestCaseExecutor.doExecute(TestCaseExecutor.java:439)
	at com.kms.katalon.core.main.TestCaseExecutor.processExecutionPhase(TestCaseExecutor.java:418)
	at com.kms.katalon.core.main.TestCaseExecutor.accessMainPhase(TestCaseExecutor.java:410)
	at com.kms.katalon.core.main.TestCaseExecutor.execute(TestCaseExecutor.java:285)
	at com.kms.katalon.core.common.CommonExecutor.accessTestCaseMainPhase(CommonExecutor.java:65)
	at com.kms.katalon.core.main.TestSuiteExecutor.accessTestSuiteMainPhase(TestSuiteExecutor.java:150)
	at com.kms.katalon.core.main.TestSuiteExecutor.execute(TestSuiteExecutor.java:106)
	at com.kms.katalon.core.main.TestCaseMain.startTestSuite(TestCaseMain.java:180)
	at TempTestSuite1728008042583.run(TempTestSuite1728008042583.groovy:35)
	at java.base/jdk.internal.reflect.NativeMethodAccessorImpl.invoke0(Native Method)
	at java.base/jdk.internal.reflect.NativeMethodAccessorImpl.invoke(NativeMethodAccessorImpl.java:77)
	at java.base/jdk.internal.reflect.DelegatingMethodAccessorImpl.invoke(DelegatingMethodAccessorImpl.java:43)
Caused by: com.kms.katalon.core.exception.StepErrorException: Call Test Case 'Test Cases/Re-Usable Script/SchedulePayment_GetEligibility' failed because of error(s)
	at com.kms.katalon.core.keyword.builtin.CallTestCaseKeyword$_callTestCase_closure1.doCall(CallTestCaseKeyword.groovy:66)
	at com.kms.katalon.core.keyword.builtin.CallTestCaseKeyword$_callTestCase_closure1.call(CallTestCaseKeyword.groovy)
	at com.kms.katalon.core.keyword.internal.KeywordMain.runKeyword(KeywordMain.groovy:75)
	at com.kms.katalon.core.keyword.builtin.CallTestCaseKeyword.callTestCase(CallTestCaseKeyword.groovy:81)
	at com.kms.katalon.core.keyword.builtin.CallTestCaseKeyword.execute(CallTestCaseKeyword.groovy:44)
	at com.kms.katalon.core.keyword.internal.KeywordExecutor.executeKeywordForPlatform(KeywordExecutor.groovy:74)
	at com.kms.katalon.core.keyword.BuiltinKeywords.callTestCase(BuiltinKeywords.groovy:310)
	at java.base/jdk.internal.reflect.NativeMethodAccessorImpl.invoke0(Native Method)
	at java.base/jdk.internal.reflect.NativeMethodAccessorImpl.invoke(NativeMethodAccessorImpl.java:77)
	at java.base/jdk.internal.reflect.DelegatingMethodAccessorImpl.invoke(DelegatingMethodAccessorImpl.java:43)
	at SchedulePayment_ConfirmWithRequest.run(SchedulePayment_ConfirmWithRequest:38)
	at com.kms.katalon.core.main.ScriptEngine.run(ScriptEngine.java:194)
	at com.kms.katalon.core.main.ScriptEngine.runScriptAsRawText(ScriptEngine.java:119)
	at com.kms.katalon.core.main.TestCaseExecutor.runScript(TestCaseExecutor.java:448)
	at com.kms.katalon.core.main.TestCaseExecutor.doExecute(TestCaseExecutor.java:439)
	at com.kms.katalon.core.main.TestCaseExecutor.processExecutionPhase(TestCaseExecutor.java:418)
	at com.kms.katalon.core.main.TestCaseExecutor.accessMainPhase(TestCaseExecutor.java:410)
	at com.kms.katalon.core.main.TestCaseExecutor.execute(TestCaseExecutor.java:285)
	at com.kms.katalon.core.main.TestCaseMain.runTestCase(TestCaseMain.java:137)
	at com.kms.katalon.core.keyword.builtin.CallTestCaseKeyword$_callTestCase_closure1.doCall(CallTestCaseKeyword.groovy:59)
	... 25 more
Caused by: org.openqa.selenium.ElementClickInterceptedException: element click intercepted: Element <a class="d-flex align-items-center media" href="/payment/utilities/scheduled-payments">...</a> is not clickable at point (804, 271). Other element would receive the click: <p class="lead text-white">...</p>
  (Session info: chrome=129.0.6668.90)
Build info: version: '3.141.59', revision: 'unknown', time: 'unknown'
System info: host: 'MANILAs-MacBook-Pro.local', ip: 'fe80:0:0:0:1093:b32a:de30:4417%en0', os.name: 'Mac OS X', os.arch: 'x86_64', os.version: '14.5', java.version: '17.0.7'
Driver info: com.kms.katalon.selenium.driver.CChromeDriver
Capabilities {acceptInsecureCerts: false, browserName: chrome, browserVersion: 129.0.6668.90, chrome: {chromedriverVersion: 128.0.6613.137 (fe621c5aa2d..., userDataDir: /var/folders/sc/s4fw7w1943b...}, fedcm:accounts: true, goog:chromeOptions: {debuggerAddress: localhost:58409}, javascriptEnabled: true, networkConnectionEnabled: false, pageLoadStrategy: normal, platform: MAC, platformName: MAC, proxy: Proxy(), setWindowRect: true, strictFileInteractability: false, timeouts: {implicit: 0, pageLoad: 300000, script: 30000}, unhandledPromptBehavior: dismiss and notify, webauthn:extension:credBlob: true, webauthn:extension:largeBlob: true, webauthn:extension:minPinLength: true, webauthn:extension:prf: true, webauthn:virtualAuthenticators: true}
Session ID: 851bc56d55e8d03f0aa6130862797e34
	at java.base/jdk.internal.reflect.NativeConstructorAccessorImpl.newInstance0(Native Method)
	at java.base/jdk.internal.reflect.NativeConstructorAccessorImpl.newInstance(NativeConstructorAccessorImpl.java:77)
	at java.base/jdk.internal.reflect.DelegatingConstructorAccessorImpl.newInstance(DelegatingConstructorAccessorImpl.java:45)
	at org.openqa.selenium.remote.http.W3CHttpResponseCodec.createException(W3CHttpResponseCodec.java:187)
	at org.openqa.selenium.remote.http.W3CHttpResponseCodec.decode(W3CHttpResponseCodec.java:122)
	at org.openqa.selenium.remote.http.W3CHttpResponseCodec.decode(W3CHttpResponseCodec.java:49)
	at org.openqa.selenium.remote.HttpCommandExecutor.execute(HttpCommandExecutor.java:158)
	at org.openqa.selenium.remote.service.DriverCommandExecutor.execute(DriverCommandExecutor.java:83)
	at org.openqa.selenium.remote.RemoteWebDriver.execute(RemoteWebDriver.java:552)
	at com.kms.katalon.selenium.driver.CChromeDriver.execute(CChromeDriver.java:19)
	at org.openqa.selenium.remote.RemoteWebElement.execute(RemoteWebElement.java:285)
	at org.openqa.selenium.remote.RemoteWebElement.click(RemoteWebElement.java:84)
	at java.base/jdk.internal.reflect.NativeMethodAccessorImpl.invoke0(Native Method)
	at java.base/jdk.internal.reflect.NativeMethodAccessorImpl.invoke(NativeMethodAccessorImpl.java:77)
	at java.base/jdk.internal.reflect.DelegatingMethodAccessorImpl.invoke(DelegatingMethodAccessorImpl.java:43)
	at org.openqa.selenium.support.events.EventFiringWebDriver$EventFiringWebElement.lambda$new$0(EventFiringWebDriver.java:404)
	at jdk.proxy2/jdk.proxy2.$Proxy24.click(Unknown Source)
	at org.openqa.selenium.support.events.EventFiringWebDriver$EventFiringWebElement.click(EventFiringWebDriver.java:417)
	at rcclpayment.utils.goToScheduledPayments(utils.groovy:87)
	at SchedulePayment_GetEligibility.run(SchedulePayment_GetEligibility:32)
	at com.kms.katalon.core.main.ScriptEngine.run(ScriptEngine.java:194)
	at com.kms.katalon.core.main.ScriptEngine.runScriptAsRawText(ScriptEngine.java:119)
	at com.kms.katalon.core.main.TestCaseExecutor.runScript(TestCaseExecutor.java:448)
	at com.kms.katalon.core.main.TestCaseExecutor.doExecute(TestCaseExecutor.java:439)
	at com.kms.katalon.core.main.TestCaseExecutor.processExecutionPhase(TestCaseExecutor.java:418)
	at com.kms.katalon.core.main.TestCaseExecutor.accessMainPhase(TestCaseExecutor.java:410)
	at com.kms.katalon.core.main.TestCaseExecutor.execute(TestCaseExecutor.java:285)
	at com.kms.katalon.core.main.TestCaseMain.runTestCase(TestCaseMain.java:137)
	at com.kms.katalon.core.keyword.builtin.CallTestCaseKeyword$_callTestCase_closure1.doCall(CallTestCaseKeyword.groovy:59)
	... 44 more
)

04-10-2024T10:16:47 - [TEST_STEP][PASSED] - catch (Exception e): null

04-10-2024T10:16:47 - [TEST_STEP][PASSED] - println(An unexpected error occurred: $e.message): null

04-10-2024T10:16:47 - [TEST_STEP][PASSED] - e.printStackTrace(): null

04-10-2024T10:16:47 - [TEST_STEP][PASSED] - Finally: Browser is closed

04-10-2024T10:16:47 - [TEST_STEP][PASSED] - utils.closeBrowser(): Browser is closed

04-10-2024T10:16:49 - [MESSAGE][PASSED] - Delayed 2 second(s)

04-10-2024T10:16:50 - [MESSAGE][PASSED] - Browser is closed

04-10-2024T10:16:52 - [TEST_STEP][PASSED] - Video: Video recording for test case 'Test Cases/Web_Utilities_TestCases/ScheduledPayments/TC3_ScheduledPayment_Add' .

04-10-2024T10:16:52 - [MESSAGE][INFO] - Video recording for test case 'Test Cases/Web_Utilities_TestCases/ScheduledPayments/TC3_ScheduledPayment_Add' .]]></system-out>
         <system-err><![CDATA[]]></system-err>
      </testcase>
      <testcase name="Test Cases/Web_Utilities_TestCases/ScheduledPayments/TC2_ScheduledPayment_ConfirmWithRequest" time="95.007" classname="Test Cases/Web_Utilities_TestCases/ScheduledPayments/TC2_ScheduledPayment_ConfirmWithRequest" status="PASSED">
         <system-out><![CDATA[04-10-2024T10:16:52 - [TEST_CASE][PASSED] - Test Cases/Web_Utilities_TestCases/ScheduledPayments/TC2_ScheduledPayment_ConfirmWithRequest: Test Cases/Web_Utilities_TestCases/ScheduledPayments/TC2_ScheduledPayment_ConfirmWithRequest

04-10-2024T10:16:52 - [TEST_STEP][PASSED] - utils.openBrowserAndNavigateToPMT(): Navigate to 'https://dev1.payment.rccl.com/payment/utilities' successfully

04-10-2024T10:16:52 - [MESSAGE][INFO] - Starting 'Chrome' driver

04-10-2024T10:16:52 - [MESSAGE][INFO] - Action delay is set to 0 milliseconds

04-10-2024T10:16:55 - [MESSAGE][PASSED] - Browser is opened with url: ''

04-10-2024T10:16:56 - [MESSAGE][PASSED] - Current window maximized

04-10-2024T10:17:01 - [MESSAGE][PASSED] - Navigate to 'https://dev1.payment.rccl.com/payment/utilities' successfully

04-10-2024T10:17:01 - [TEST_STEP][PASSED] - try: null

04-10-2024T10:17:01 - [TEST_STEP][PASSED] - callTestCase(findTestCase("Re-Usable Script/SchedulePayment_ConfirmWithRequest"), [:], STOP_ON_FAILURE): Call Test Case 'Test Cases/Re-Usable Script/SchedulePayment_ConfirmWithRequest' successfully

04-10-2024T10:17:01 - [TEST_CASE][PASSED] - Test Cases/Re-Usable Script/SchedulePayment_ConfirmWithRequest: Test Cases/Re-Usable Script/SchedulePayment_ConfirmWithRequest

04-10-2024T10:17:01 - [TEST_STEP][PASSED] - utils.openBrowserAndNavigateToPMT(): Navigate to 'https://dev1.payment.rccl.com/payment/utilities' successfully

04-10-2024T10:17:01 - [MESSAGE][WARNING] - A browser is already opened. Closing browser and opening a new one

04-10-2024T10:17:01 - [MESSAGE][INFO] - Starting 'Chrome' driver

04-10-2024T10:17:01 - [MESSAGE][INFO] - Action delay is set to 0 milliseconds

04-10-2024T10:17:04 - [MESSAGE][PASSED] - Browser is opened with url: ''

04-10-2024T10:17:05 - [MESSAGE][PASSED] - Current window maximized

04-10-2024T10:17:10 - [MESSAGE][PASSED] - Navigate to 'https://dev1.payment.rccl.com/payment/utilities' successfully

04-10-2024T10:17:10 - [TEST_STEP][PASSED] - EXCEL_PATH = "./Data Files/TestData.xlsx": null

04-10-2024T10:17:10 - [TEST_STEP][PASSED] - TAB = "ScheduledPayment_ConfirmWithReq": null

04-10-2024T10:17:10 - [TEST_STEP][PASSED] - testdata = getdata.fromExcel(EXCEL_PATH, TAB): null

04-10-2024T10:17:10 - [TEST_STEP][PASSED] - for ([TestScenarioNumber = 0, TestScenarioNumber < testdata.size(), (TestScenarioNumber++)]): null

04-10-2024T10:17:10 - [TEST_STEP][PASSED] - callTestCase(findTestCase("Re-Usable Script/SchedulePayment_GetEligibility"), [:], STOP_ON_FAILURE): Call Test Case 'Test Cases/Re-Usable Script/SchedulePayment_GetEligibility' successfully

04-10-2024T10:17:10 - [TEST_CASE][PASSED] - Test Cases/Re-Usable Script/SchedulePayment_GetEligibility: Test Cases/Re-Usable Script/SchedulePayment_GetEligibility

04-10-2024T10:17:10 - [TEST_STEP][PASSED] - driver = getWebDriver(): null

04-10-2024T10:17:10 - [TEST_STEP][PASSED] - utils.goToScheduledPayments(): null

04-10-2024T10:17:13 - [TEST_STEP][PASSED] - clickGetEligibility = xpath("//a[normalize-space()='Get Eligibility']")).click(): null

04-10-2024T10:17:14 - [TEST_STEP][PASSED] - EXCEL_PATH = "./Data Files/TestData.xlsx": null

04-10-2024T10:17:14 - [TEST_STEP][PASSED] - TAB = "ScheduledPayment_GetEligibility": null

04-10-2024T10:17:14 - [TEST_STEP][PASSED] - utils.selectEnvironment(ENV): null

04-10-2024T10:17:15 - [TEST_STEP][PASSED] - testdata = getdata.fromExcel(EXCEL_PATH, TAB): null

04-10-2024T10:17:15 - [TEST_STEP][PASSED] - for ([TestScenarioNumber = 0, TestScenarioNumber < testdata.size(), (TestScenarioNumber++)]): null

04-10-2024T10:17:15 - [TEST_STEP][PASSED] - println(testdata.size()): null

04-10-2024T10:17:15 - [TEST_STEP][PASSED] - getBookingData = CreateAndRetrieveBooking.Data(EXCEL_PATH, TAB, TestScenarioNumber): Delayed 5 second(s)

04-10-2024T10:17:21 - [MESSAGE][INFO] - HAR: /Users/manilacel/Library/CloudStorage/OneDrive-RoyalCaribbeanGroup/PMT/Git/RestructuredScript/TestingFolder/Reports/20241004_101357/PMT_Libraries/ScheduledPayments/20241004_101402/requests/main/5.har

04-10-2024T10:17:21 - [MESSAGE][PASSED] - Send request successfully

04-10-2024T10:17:31 - [MESSAGE][PASSED] - Delayed 10 second(s)

04-10-2024T10:17:32 - [MESSAGE][INFO] - HAR: /Users/manilacel/Library/CloudStorage/OneDrive-RoyalCaribbeanGroup/PMT/Git/RestructuredScript/TestingFolder/Reports/20241004_101357/PMT_Libraries/ScheduledPayments/20241004_101402/requests/main/6.har

04-10-2024T10:17:33 - [MESSAGE][PASSED] - Send request successfully

04-10-2024T10:17:38 - [MESSAGE][PASSED] - Delayed 5 second(s)

04-10-2024T10:17:38 - [TEST_STEP][PASSED] - println(getBookingData["BookingId"]): null

04-10-2024T10:17:38 - [TEST_STEP][PASSED] - println(getBookingData["BookingAccessToken"]): null

04-10-2024T10:17:38 - [TEST_STEP][PASSED] - println(getBookingData["PassengerId1"]): null

04-10-2024T10:17:38 - [TEST_STEP][PASSED] - println(getBookingData["PassengerId2"]): null

04-10-2024T10:17:38 - [TEST_STEP][PASSED] - delay(5): Delayed 5 second(s)

04-10-2024T10:17:43 - [MESSAGE][PASSED] - Delayed 5 second(s)

04-10-2024T10:17:43 - [TEST_STEP][PASSED] - bookingIdCol = testdata["BookingId"][TestScenarioNumber]: null

04-10-2024T10:17:43 - [TEST_STEP][PASSED] - BookingId = getBookingData["BookingId"]: null

04-10-2024T10:17:43 - [TEST_STEP][PASSED] - replaceBookingId = bookingIdCol.replace("BookingId", BookingId): null

04-10-2024T10:17:43 - [TEST_STEP][PASSED] - println(replaceBookingId): null

04-10-2024T10:17:43 - [TEST_STEP][PASSED] - sendRequestTextBox = driver.findElement(By.xpath("//textarea[@name='req']")): null

04-10-2024T10:17:43 - [TEST_STEP][PASSED] - sendRequestTextBox.clear(): null

04-10-2024T10:17:43 - [TEST_STEP][PASSED] - request = BookingId: null

04-10-2024T10:17:43 - [TEST_STEP][PASSED] - sendRequestTextBox.sendKeys(request): null

04-10-2024T10:17:43 - [TEST_STEP][PASSED] - println(request): null

04-10-2024T10:17:43 - [TEST_STEP][PASSED] - utils.clickSendButton(): null

04-10-2024T10:17:44 - [TEST_STEP][PASSED] - delay(3): Delayed 3 second(s)

04-10-2024T10:17:47 - [MESSAGE][PASSED] - Delayed 3 second(s)

04-10-2024T10:17:47 - [TEST_STEP][PASSED] - response = utils.getResponse(): null

04-10-2024T10:17:47 - [TEST_STEP][PASSED] - println(response): null

04-10-2024T10:17:47 - [TEST_STEP][PASSED] - validation1 = testdata["ContainsValidation"][TestScenarioNumber]: null

04-10-2024T10:17:47 - [TEST_STEP][PASSED] - println(validation1): null

04-10-2024T10:17:47 - [TEST_STEP][PASSED] - validation2 = testdata["NotContainsValidation"][TestScenarioNumber]: null

04-10-2024T10:17:47 - [TEST_STEP][PASSED] - println(validation2): null

04-10-2024T10:17:47 - [TEST_STEP][PASSED] - println(testdata["TCNumber"][TestScenarioNumber]): null

04-10-2024T10:17:47 - [TEST_STEP][PASSED] - assert response.contains(validation1): null

04-10-2024T10:17:47 - [TEST_STEP][PASSED] - assert response.contains(validation2) == false: null

04-10-2024T10:17:47 - [TEST_STEP][PASSED] - println("Test Scenario Number: " + TestScenarioNumber): null

04-10-2024T10:17:47 - [TEST_STEP][PASSED] - println(testdata.size()): null

04-10-2024T10:17:47 - [TEST_STEP][PASSED] - getBookingData = CreateAndRetrieveBooking.Data(EXCEL_PATH, TAB, TestScenarioNumber): Delayed 5 second(s)

04-10-2024T10:17:52 - [MESSAGE][INFO] - HAR: /Users/manilacel/Library/CloudStorage/OneDrive-RoyalCaribbeanGroup/PMT/Git/RestructuredScript/TestingFolder/Reports/20241004_101357/PMT_Libraries/ScheduledPayments/20241004_101402/requests/main/7.har

04-10-2024T10:17:52 - [MESSAGE][PASSED] - Send request successfully

04-10-2024T10:18:02 - [MESSAGE][PASSED] - Delayed 10 second(s)

04-10-2024T10:18:03 - [MESSAGE][INFO] - HAR: /Users/manilacel/Library/CloudStorage/OneDrive-RoyalCaribbeanGroup/PMT/Git/RestructuredScript/TestingFolder/Reports/20241004_101357/PMT_Libraries/ScheduledPayments/20241004_101402/requests/main/8.har

04-10-2024T10:18:03 - [MESSAGE][PASSED] - Send request successfully

04-10-2024T10:18:08 - [MESSAGE][PASSED] - Delayed 5 second(s)

04-10-2024T10:18:08 - [TEST_STEP][PASSED] - println(getBookingData["BookingId"]): null

04-10-2024T10:18:08 - [TEST_STEP][PASSED] - println(getBookingData["BookingAccessToken"]): null

04-10-2024T10:18:08 - [TEST_STEP][PASSED] - println(getBookingData["PassengerId1"]): null

04-10-2024T10:18:08 - [TEST_STEP][PASSED] - println(getBookingData["PassengerId2"]): null

04-10-2024T10:18:08 - [TEST_STEP][PASSED] - delay(5): Delayed 5 second(s)

04-10-2024T10:18:13 - [MESSAGE][PASSED] - Delayed 5 second(s)

04-10-2024T10:18:13 - [TEST_STEP][PASSED] - bookingIdCol = testdata["BookingId"][TestScenarioNumber]: null

04-10-2024T10:18:13 - [TEST_STEP][PASSED] - BookingId = getBookingData["BookingId"]: null

04-10-2024T10:18:13 - [TEST_STEP][PASSED] - replaceBookingId = bookingIdCol.replace("BookingId", BookingId): null

04-10-2024T10:18:13 - [TEST_STEP][PASSED] - println(replaceBookingId): null

04-10-2024T10:18:13 - [TEST_STEP][PASSED] - sendRequestTextBox = driver.findElement(By.xpath("//textarea[@name='req']")): null

04-10-2024T10:18:13 - [TEST_STEP][PASSED] - sendRequestTextBox.clear(): null

04-10-2024T10:18:13 - [TEST_STEP][PASSED] - request = BookingId: null

04-10-2024T10:18:13 - [TEST_STEP][PASSED] - sendRequestTextBox.sendKeys(request): null

04-10-2024T10:18:14 - [TEST_STEP][PASSED] - println(request): null

04-10-2024T10:18:14 - [TEST_STEP][PASSED] - utils.clickSendButton(): null

04-10-2024T10:18:14 - [TEST_STEP][PASSED] - delay(3): Delayed 3 second(s)

04-10-2024T10:18:17 - [MESSAGE][PASSED] - Delayed 3 second(s)

04-10-2024T10:18:17 - [TEST_STEP][PASSED] - response = utils.getResponse(): null

04-10-2024T10:18:17 - [TEST_STEP][PASSED] - println(response): null

04-10-2024T10:18:17 - [TEST_STEP][PASSED] - validation1 = testdata["ContainsValidation"][TestScenarioNumber]: null

04-10-2024T10:18:17 - [TEST_STEP][PASSED] - println(validation1): null

04-10-2024T10:18:17 - [TEST_STEP][PASSED] - validation2 = testdata["NotContainsValidation"][TestScenarioNumber]: null

04-10-2024T10:18:17 - [TEST_STEP][PASSED] - println(validation2): null

04-10-2024T10:18:17 - [TEST_STEP][PASSED] - println(testdata["TCNumber"][TestScenarioNumber]): null

04-10-2024T10:18:17 - [TEST_STEP][PASSED] - assert response.contains(validation1): null

04-10-2024T10:18:17 - [TEST_STEP][PASSED] - assert response.contains(validation2) == false: null

04-10-2024T10:18:17 - [TEST_STEP][PASSED] - println("Test Scenario Number: " + TestScenarioNumber): null

04-10-2024T10:18:17 - [MESSAGE][PASSED] - Call Test Case 'Test Cases/Re-Usable Script/SchedulePayment_GetEligibility' successfully

04-10-2024T10:18:17 - [TEST_STEP][PASSED] - driver = getWebDriver(): null

04-10-2024T10:18:17 - [TEST_STEP][PASSED] - getConfrimWithReq = xpath("//a[normalize-space()='Confirm with Request']")).click(): null

04-10-2024T10:18:18 - [TEST_STEP][PASSED] - utils.selectEnvironment(ENV): null

04-10-2024T10:18:18 - [TEST_STEP][PASSED] - sendRequestTextBox = driver.findElement(By.xpath("//textarea[@name='req']")): null

04-10-2024T10:18:19 - [TEST_STEP][PASSED] - sendRequestTextBox.clear(): null

04-10-2024T10:18:19 - [TEST_STEP][PASSED] - cardNumber = testdata["cardNumber"][TestScenarioNumber]: null

04-10-2024T10:18:19 - [TEST_STEP][PASSED] - CNumber = cardNumber.replaceAll("\.0$", ""): null

04-10-2024T10:18:19 - [TEST_STEP][PASSED] - expirationMonth = testdata["expirationMonth"][TestScenarioNumber]: null

04-10-2024T10:18:19 - [TEST_STEP][PASSED] - xMonth = expirationMonth.replaceAll("\.0$", ""): null

04-10-2024T10:18:19 - [TEST_STEP][PASSED] - expirationYear = testdata["expirationYear"][TestScenarioNumber]: null

04-10-2024T10:18:19 - [TEST_STEP][PASSED] - xYear = expirationYear.replaceAll("\.0$", ""): null

04-10-2024T10:18:19 - [TEST_STEP][PASSED] - cardholderName = testdata["cardholderName"][TestScenarioNumber]: null

04-10-2024T10:18:19 - [TEST_STEP][PASSED] - addressOne = testdata["addressOne"][TestScenarioNumber]: null

04-10-2024T10:18:19 - [TEST_STEP][PASSED] - addressTwo = testdata["addressTwo"][TestScenarioNumber]: null

04-10-2024T10:18:19 - [TEST_STEP][PASSED] - city = testdata["city"][TestScenarioNumber]: null

04-10-2024T10:18:19 - [TEST_STEP][PASSED] - state = testdata["state"][TestScenarioNumber]: null

04-10-2024T10:18:19 - [TEST_STEP][PASSED] - zipCode = testdata["zipCode"][TestScenarioNumber]: null

04-10-2024T10:18:19 - [TEST_STEP][PASSED] - countryCode = testdata["countryCode"][TestScenarioNumber]: null

04-10-2024T10:18:19 - [TEST_STEP][PASSED] - action = testdata["action"][TestScenarioNumber]: null

04-10-2024T10:18:19 - [TEST_STEP][PASSED] - scheduledDate = testdata["scheduledDate"][TestScenarioNumber]: null

04-10-2024T10:18:19 - [TEST_STEP][PASSED] - xscheduledDate = scheduledDate.replaceAll("\.0$", ""): null

04-10-2024T10:18:19 - [TEST_STEP][PASSED] - totalAmount = testdata["totalAmount"][TestScenarioNumber]: null

04-10-2024T10:18:19 - [TEST_STEP][PASSED] - amount1 = testdata["amount1"][TestScenarioNumber]: null

04-10-2024T10:18:19 - [TEST_STEP][PASSED] - amount2 = testdata["amount2"][TestScenarioNumber]: null

04-10-2024T10:18:19 - [TEST_STEP][PASSED] - request = {
				  "payments": [
				    {
				      "cardInfo": {
				        "cardNumber": "$cardNumber",
				        "expirationMonth": "$expirationMonth",
				        "expirationYear": "$expirationYear",
				        "cardholderName": "$cardholderName",
				        "billingAddress": {
				          "lineOne": "$addressOne",
				          "lineTwo": "$addressTwo",
				          "city": "$city",
				          "state": "$state",
				          "zipCode": "$zipCode",
				          "countryCode": "$countryCode"
				        }
				      },
				      "scheduledPayments": [
				        {
				          "action": "$action",
				          "scheduledDate": "$scheduledDate",
				          "totalAmount": $totalAmount,
				          "passengerAmountAllocation": [
				            {
				              "passengerId": "$GlobalVariable.GuestRefNumber1",
				              "amount": $amount1
				            },
				            {
				              "passengerId": "$GlobalVariable.GuestRefNumber2",
				              "amount": $amount2
				            }
				          ]
				        }
				      ]
				    }
				  ]
				}: null

04-10-2024T10:18:19 - [TEST_STEP][PASSED] - restRequest = JsonSlurper().parseText(request): null

04-10-2024T10:18:19 - [TEST_STEP][PASSED] - prettyJson = JsonBuilder(restRequest).toPrettyString(): null

04-10-2024T10:18:19 - [TEST_STEP][PASSED] - println(prettyJson): null

04-10-2024T10:18:19 - [TEST_STEP][PASSED] - sendRequestTextBox.sendKeys(prettyJson): null

04-10-2024T10:18:21 - [TEST_STEP][PASSED] - utils.clickSendButton(): null

04-10-2024T10:18:22 - [MESSAGE][PASSED] - Call Test Case 'Test Cases/Re-Usable Script/SchedulePayment_ConfirmWithRequest' successfully

04-10-2024T10:18:22 - [TEST_STEP][PASSED] - cancelBookingRequest = findTestObject("CancelBooking"): null

04-10-2024T10:18:22 - [TEST_STEP][PASSED] - cancelBookingResponse = sendRequest(cancelBookingRequest): Send request successfully

04-10-2024T10:18:23 - [MESSAGE][INFO] - HAR: /Users/manilacel/Library/CloudStorage/OneDrive-RoyalCaribbeanGroup/PMT/Git/RestructuredScript/TestingFolder/Reports/20241004_101357/PMT_Libraries/ScheduledPayments/20241004_101402/requests/main/9.har

04-10-2024T10:18:23 - [MESSAGE][PASSED] - Send request successfully

04-10-2024T10:18:23 - [TEST_STEP][PASSED] - cancelBookingJsonResponse = JsonSlurper().parseText(cancelBookingResponse.getResponseText()): null

04-10-2024T10:18:23 - [TEST_STEP][PASSED] - println(cancelBookingJsonResponse): null

04-10-2024T10:18:23 - [TEST_STEP][PASSED] - Finally: Browser is closed

04-10-2024T10:18:23 - [TEST_STEP][PASSED] - utils.closeBrowser(): Browser is closed

04-10-2024T10:18:25 - [MESSAGE][PASSED] - Delayed 2 second(s)

04-10-2024T10:18:25 - [MESSAGE][PASSED] - Browser is closed

04-10-2024T10:18:27 - [TEST_STEP][PASSED] - Video: Video recording for test case 'Test Cases/Web_Utilities_TestCases/ScheduledPayments/TC2_ScheduledPayment_ConfirmWithRequest' .

04-10-2024T10:18:27 - [MESSAGE][INFO] - Video recording for test case 'Test Cases/Web_Utilities_TestCases/ScheduledPayments/TC2_ScheduledPayment_ConfirmWithRequest' .]]></system-out>
         <system-err><![CDATA[]]></system-err>
      </testcase>
      <testcase name="Test Cases/Web_Utilities_TestCases/ScheduledPayments/TC4_ScheduledPayment_Get" time="128.872" classname="Test Cases/Web_Utilities_TestCases/ScheduledPayments/TC4_ScheduledPayment_Get" status="PASSED">
         <system-out><![CDATA[04-10-2024T10:18:27 - [TEST_CASE][PASSED] - Test Cases/Web_Utilities_TestCases/ScheduledPayments/TC4_ScheduledPayment_Get: Test Cases/Web_Utilities_TestCases/ScheduledPayments/TC4_ScheduledPayment_Get

04-10-2024T10:18:27 - [TEST_STEP][PASSED] - try: null

04-10-2024T10:18:27 - [TEST_STEP][PASSED] - utils.openBrowserAndNavigateToPMT(): Navigate to 'https://dev1.payment.rccl.com/payment/utilities' successfully

04-10-2024T10:18:27 - [MESSAGE][INFO] - Starting 'Chrome' driver

04-10-2024T10:18:27 - [MESSAGE][INFO] - Action delay is set to 0 milliseconds

04-10-2024T10:18:30 - [MESSAGE][PASSED] - Browser is opened with url: ''

04-10-2024T10:18:30 - [MESSAGE][PASSED] - Current window maximized

04-10-2024T10:18:33 - [MESSAGE][PASSED] - Navigate to 'https://dev1.payment.rccl.com/payment/utilities' successfully

04-10-2024T10:18:33 - [TEST_STEP][PASSED] - driver = getWebDriver(): null

04-10-2024T10:18:33 - [TEST_STEP][PASSED] - EXCEL_PATH = "./Data Files/TestData.xlsx": null

04-10-2024T10:18:33 - [TEST_STEP][PASSED] - TAB = "ScheduledPayment_Get": null

04-10-2024T10:18:33 - [TEST_STEP][PASSED] - utils.goToScheduledPayments(): null

04-10-2024T10:18:37 - [TEST_STEP][PASSED] - utils.selectEnvironment(ENV): null

04-10-2024T10:18:38 - [TEST_STEP][PASSED] - testdataFromExcel = getdata.fromExcel(EXCEL_PATH, TAB): null

04-10-2024T10:18:38 - [TEST_STEP][PASSED] - for ([TestScenarioNumber = 0, TestScenarioNumber < testdataFromExcel.size(), (TestScenarioNumber++)]): null

04-10-2024T10:18:38 - [TEST_STEP][PASSED] - TestScenarioRequiresCreateBooking = testdataFromExcel["ExecuteBookingCreationFlag"][TestScenarioNumber]: null

04-10-2024T10:18:38 - [TEST_STEP][PASSED] - if (TestScenarioRequiresCreateBooking == "Yes"): null

04-10-2024T10:18:38 - [TEST_STEP][PASSED] - clickADD = xpath("//a[normalize-space()='Add']")).click(): null

04-10-2024T10:18:38 - [TEST_STEP][PASSED] - sendRequestTextBox = driver.findElement(By.xpath("//textarea[@name='req']")): null

04-10-2024T10:18:39 - [TEST_STEP][PASSED] - sendRequestTextBox.clear(): null

04-10-2024T10:18:39 - [TEST_STEP][PASSED] - getBookingData = CreateAndRetrieveBooking.Data(EXCEL_PATH, TAB, TestScenarioNumber): Delayed 5 second(s)

04-10-2024T10:18:44 - [MESSAGE][INFO] - HAR: /Users/manilacel/Library/CloudStorage/OneDrive-RoyalCaribbeanGroup/PMT/Git/RestructuredScript/TestingFolder/Reports/20241004_101357/PMT_Libraries/ScheduledPayments/20241004_101402/requests/main/10.har

04-10-2024T10:18:44 - [MESSAGE][PASSED] - Send request successfully

04-10-2024T10:18:54 - [MESSAGE][PASSED] - Delayed 10 second(s)

04-10-2024T10:18:55 - [MESSAGE][INFO] - HAR: /Users/manilacel/Library/CloudStorage/OneDrive-RoyalCaribbeanGroup/PMT/Git/RestructuredScript/TestingFolder/Reports/20241004_101357/PMT_Libraries/ScheduledPayments/20241004_101402/requests/main/11.har

04-10-2024T10:18:55 - [MESSAGE][PASSED] - Send request successfully

04-10-2024T10:19:00 - [MESSAGE][PASSED] - Delayed 5 second(s)

04-10-2024T10:19:00 - [TEST_STEP][PASSED] - println(getBookingData["BookingId"]): null

04-10-2024T10:19:00 - [TEST_STEP][PASSED] - println(getBookingData["BookingAccessToken"]): null

04-10-2024T10:19:00 - [TEST_STEP][PASSED] - delay(5): Delayed 5 second(s)

04-10-2024T10:19:05 - [MESSAGE][PASSED] - Delayed 5 second(s)

04-10-2024T10:19:05 - [TEST_STEP][PASSED] - ADDRequestRaw = testdataFromExcel["ADDRequest"][TestScenarioNumber]: null

04-10-2024T10:19:05 - [TEST_STEP][PASSED] - BookingId = getBookingData["BookingId"]: null

04-10-2024T10:19:05 - [TEST_STEP][PASSED] - ADDRequest = ADDRequestRaw.replace("BookingId", BookingId): null

04-10-2024T10:19:05 - [TEST_STEP][PASSED] - sendRequestTextBox.sendKeys(ADDRequest): null

04-10-2024T10:19:06 - [TEST_STEP][PASSED] - println(ADDRequest): null

04-10-2024T10:19:06 - [TEST_STEP][PASSED] - utils.clickSendButton(): null

04-10-2024T10:19:06 - [TEST_STEP][PASSED] - delay(5): Delayed 5 second(s)

04-10-2024T10:19:11 - [MESSAGE][PASSED] - Delayed 5 second(s)

04-10-2024T10:19:11 - [TEST_STEP][PASSED] - refresh(): Refresh successfully

04-10-2024T10:19:12 - [MESSAGE][PASSED] - Refresh successfully

04-10-2024T10:19:12 - [TEST_STEP][PASSED] - delay(3): Delayed 3 second(s)

04-10-2024T10:19:15 - [MESSAGE][PASSED] - Delayed 3 second(s)

04-10-2024T10:19:15 - [TEST_STEP][PASSED] - clickGET = xpath("//a[normalize-space()='Get']")).click(): null

04-10-2024T10:19:16 - [TEST_STEP][PASSED] - sendRequestTextBox2 = driver.findElement(By.xpath("//textarea[@name='req']")): null

04-10-2024T10:19:16 - [TEST_STEP][PASSED] - sendRequestTextBox2.clear(): null

04-10-2024T10:19:16 - [TEST_STEP][PASSED] - BookingIdToBePassedRaw = testdataFromExcel["BookingId"][TestScenarioNumber]: null

04-10-2024T10:19:16 - [TEST_STEP][PASSED] - BookingIdToBePassed = BookingIdToBePassedRaw.replace("BookingId", BookingId): null

04-10-2024T10:19:16 - [TEST_STEP][PASSED] - sendRequestTextBox2.sendKeys(BookingIdToBePassed): null

04-10-2024T10:19:16 - [TEST_STEP][PASSED] - println(BookingIdToBePassed): null

04-10-2024T10:19:16 - [TEST_STEP][PASSED] - utils.clickSendButton(): null

04-10-2024T10:19:17 - [TEST_STEP][PASSED] - delay(5): Delayed 5 second(s)

04-10-2024T10:19:22 - [MESSAGE][PASSED] - Delayed 5 second(s)

04-10-2024T10:19:22 - [TEST_STEP][PASSED] - cancelBookingRequest = findTestObject("CancelBooking"): null

04-10-2024T10:19:22 - [TEST_STEP][PASSED] - cancelBookingResponse = sendRequest(cancelBookingRequest): Send request successfully

04-10-2024T10:19:23 - [MESSAGE][INFO] - HAR: /Users/manilacel/Library/CloudStorage/OneDrive-RoyalCaribbeanGroup/PMT/Git/RestructuredScript/TestingFolder/Reports/20241004_101357/PMT_Libraries/ScheduledPayments/20241004_101402/requests/main/12.har

04-10-2024T10:19:23 - [MESSAGE][PASSED] - Send request successfully

04-10-2024T10:19:23 - [TEST_STEP][PASSED] - cancelBookingJsonResponse = JsonSlurper().parseText(cancelBookingResponse.getResponseText()): null

04-10-2024T10:19:23 - [TEST_STEP][PASSED] - println(cancelBookingJsonResponse): null

04-10-2024T10:19:23 - [TEST_STEP][PASSED] - responseTextBox = driver.findElement(By.xpath("/html[1]/body[1]/div[1]/main[1]/div[1]/section[1]/div[2]/div[1]/div[1]/div[2]/div[1]/div[1]/div[1]/form[1]/div[1]/div[1]/textarea[1]")): null

04-10-2024T10:19:23 - [TEST_STEP][PASSED] - response = responseTextBox.getText(): null

04-10-2024T10:19:23 - [TEST_STEP][PASSED] - validationString = testdataFromExcel["Validation"][TestScenarioNumber]: null

04-10-2024T10:19:23 - [TEST_STEP][PASSED] - assert response.contains(validationString): null

04-10-2024T10:19:23 - [TEST_STEP][PASSED] - println("Test Scenario Number: " + TestScenarioNumber + 1): null

04-10-2024T10:19:23 - [TEST_STEP][PASSED] - TestScenarioRequiresCreateBooking = testdataFromExcel["ExecuteBookingCreationFlag"][TestScenarioNumber]: null

04-10-2024T10:19:23 - [TEST_STEP][PASSED] - if (TestScenarioRequiresCreateBooking == "Yes"): null

04-10-2024T10:19:23 - [TEST_STEP][PASSED] - clickADD = xpath("//a[normalize-space()='Add']")).click(): null

04-10-2024T10:19:23 - [TEST_STEP][PASSED] - sendRequestTextBox = driver.findElement(By.xpath("//textarea[@name='req']")): null

04-10-2024T10:19:24 - [TEST_STEP][PASSED] - sendRequestTextBox.clear(): null

04-10-2024T10:19:24 - [TEST_STEP][PASSED] - getBookingData = CreateAndRetrieveBooking.Data(EXCEL_PATH, TAB, TestScenarioNumber): Delayed 5 second(s)

04-10-2024T10:19:29 - [MESSAGE][INFO] - HAR: /Users/manilacel/Library/CloudStorage/OneDrive-RoyalCaribbeanGroup/PMT/Git/RestructuredScript/TestingFolder/Reports/20241004_101357/PMT_Libraries/ScheduledPayments/20241004_101402/requests/main/13.har

04-10-2024T10:19:29 - [MESSAGE][PASSED] - Send request successfully

04-10-2024T10:19:39 - [MESSAGE][PASSED] - Delayed 10 second(s)

04-10-2024T10:19:39 - [MESSAGE][INFO] - HAR: /Users/manilacel/Library/CloudStorage/OneDrive-RoyalCaribbeanGroup/PMT/Git/RestructuredScript/TestingFolder/Reports/20241004_101357/PMT_Libraries/ScheduledPayments/20241004_101402/requests/main/14.har

04-10-2024T10:19:39 - [MESSAGE][PASSED] - Send request successfully

04-10-2024T10:19:44 - [MESSAGE][PASSED] - Delayed 5 second(s)

04-10-2024T10:19:44 - [TEST_STEP][PASSED] - println(getBookingData["BookingId"]): null

04-10-2024T10:19:44 - [TEST_STEP][PASSED] - println(getBookingData["BookingAccessToken"]): null

04-10-2024T10:19:44 - [TEST_STEP][PASSED] - delay(5): Delayed 5 second(s)

04-10-2024T10:19:49 - [MESSAGE][PASSED] - Delayed 5 second(s)

04-10-2024T10:19:49 - [TEST_STEP][PASSED] - ADDRequestRaw = testdataFromExcel["ADDRequest"][TestScenarioNumber]: null

04-10-2024T10:19:49 - [TEST_STEP][PASSED] - BookingId = getBookingData["BookingId"]: null

04-10-2024T10:19:49 - [TEST_STEP][PASSED] - ADDRequest = ADDRequestRaw.replace("BookingId", BookingId): null

04-10-2024T10:19:49 - [TEST_STEP][PASSED] - sendRequestTextBox.sendKeys(ADDRequest): null

04-10-2024T10:19:50 - [TEST_STEP][PASSED] - println(ADDRequest): null

04-10-2024T10:19:50 - [TEST_STEP][PASSED] - utils.clickSendButton(): null

04-10-2024T10:19:52 - [TEST_STEP][PASSED] - delay(5): Delayed 5 second(s)

04-10-2024T10:19:57 - [MESSAGE][PASSED] - Delayed 5 second(s)

04-10-2024T10:19:57 - [TEST_STEP][PASSED] - refresh(): Refresh successfully

04-10-2024T10:19:59 - [MESSAGE][PASSED] - Refresh successfully

04-10-2024T10:19:59 - [TEST_STEP][PASSED] - delay(3): Delayed 3 second(s)

04-10-2024T10:20:02 - [MESSAGE][PASSED] - Delayed 3 second(s)

04-10-2024T10:20:02 - [TEST_STEP][PASSED] - clickGET = xpath("//a[normalize-space()='Get']")).click(): null

04-10-2024T10:20:02 - [TEST_STEP][PASSED] - sendRequestTextBox2 = driver.findElement(By.xpath("//textarea[@name='req']")): null

04-10-2024T10:20:03 - [TEST_STEP][PASSED] - sendRequestTextBox2.clear(): null

04-10-2024T10:20:03 - [TEST_STEP][PASSED] - BookingIdToBePassedRaw = testdataFromExcel["BookingId"][TestScenarioNumber]: null

04-10-2024T10:20:03 - [TEST_STEP][PASSED] - BookingIdToBePassed = BookingIdToBePassedRaw.replace("BookingId", BookingId): null

04-10-2024T10:20:03 - [TEST_STEP][PASSED] - sendRequestTextBox2.sendKeys(BookingIdToBePassed): null

04-10-2024T10:20:03 - [TEST_STEP][PASSED] - println(BookingIdToBePassed): null

04-10-2024T10:20:03 - [TEST_STEP][PASSED] - utils.clickSendButton(): null

04-10-2024T10:20:03 - [TEST_STEP][PASSED] - delay(5): Delayed 5 second(s)

04-10-2024T10:20:08 - [MESSAGE][PASSED] - Delayed 5 second(s)

04-10-2024T10:20:08 - [TEST_STEP][PASSED] - cancelBookingRequest = findTestObject("CancelBooking"): null

04-10-2024T10:20:08 - [TEST_STEP][PASSED] - cancelBookingResponse = sendRequest(cancelBookingRequest): Send request successfully

04-10-2024T10:20:09 - [MESSAGE][INFO] - HAR: /Users/manilacel/Library/CloudStorage/OneDrive-RoyalCaribbeanGroup/PMT/Git/RestructuredScript/TestingFolder/Reports/20241004_101357/PMT_Libraries/ScheduledPayments/20241004_101402/requests/main/15.har

04-10-2024T10:20:09 - [MESSAGE][PASSED] - Send request successfully

04-10-2024T10:20:09 - [TEST_STEP][PASSED] - cancelBookingJsonResponse = JsonSlurper().parseText(cancelBookingResponse.getResponseText()): null

04-10-2024T10:20:09 - [TEST_STEP][PASSED] - println(cancelBookingJsonResponse): null

04-10-2024T10:20:09 - [TEST_STEP][PASSED] - responseTextBox = driver.findElement(By.xpath("/html[1]/body[1]/div[1]/main[1]/div[1]/section[1]/div[2]/div[1]/div[1]/div[2]/div[1]/div[1]/div[1]/form[1]/div[1]/div[1]/textarea[1]")): null

04-10-2024T10:20:09 - [TEST_STEP][PASSED] - response = responseTextBox.getText(): null

04-10-2024T10:20:09 - [TEST_STEP][PASSED] - validationString = testdataFromExcel["Validation"][TestScenarioNumber]: null

04-10-2024T10:20:09 - [TEST_STEP][PASSED] - assert response.contains(validationString): null

04-10-2024T10:20:09 - [TEST_STEP][PASSED] - println("Test Scenario Number: " + TestScenarioNumber + 1): null

04-10-2024T10:20:09 - [TEST_STEP][PASSED] - TestScenarioRequiresCreateBooking = testdataFromExcel["ExecuteBookingCreationFlag"][TestScenarioNumber]: null

04-10-2024T10:20:09 - [TEST_STEP][PASSED] - if (TestScenarioRequiresCreateBooking == "Yes"): null

04-10-2024T10:20:09 - [TEST_STEP][PASSED] - else: null

04-10-2024T10:20:09 - [TEST_STEP][PASSED] - clickGET = xpath("//a[normalize-space()='Get']")).click(): null

04-10-2024T10:20:09 - [TEST_STEP][PASSED] - sendRequestTextBox = driver.findElement(By.xpath("//textarea[@name='req']")): null

04-10-2024T10:20:10 - [TEST_STEP][PASSED] - responseTextBox = driver.findElement(By.xpath("/html[1]/body[1]/div[1]/main[1]/div[1]/section[1]/div[2]/div[1]/div[1]/div[2]/div[1]/div[1]/div[1]/form[1]/div[1]/div[1]/textarea[1]")): null

04-10-2024T10:20:10 - [TEST_STEP][PASSED] - sendRequestTextBox.clear(): null

04-10-2024T10:20:10 - [TEST_STEP][PASSED] - BookingIdToBePassed = testdataFromExcel["BookingId"][TestScenarioNumber]: null

04-10-2024T10:20:10 - [TEST_STEP][PASSED] - sendRequestTextBox.sendKeys(BookingIdToBePassed): null

04-10-2024T10:20:11 - [TEST_STEP][PASSED] - println(BookingIdToBePassed): null

04-10-2024T10:20:11 - [TEST_STEP][PASSED] - utils.clickSendButton(): null

04-10-2024T10:20:11 - [TEST_STEP][PASSED] - delay(2): Delayed 2 second(s)

04-10-2024T10:20:13 - [MESSAGE][PASSED] - Delayed 2 second(s)

04-10-2024T10:20:13 - [TEST_STEP][PASSED] - response = responseTextBox.getText(): null

04-10-2024T10:20:13 - [TEST_STEP][PASSED] - validationString = testdataFromExcel["Validation"][TestScenarioNumber]: null

04-10-2024T10:20:13 - [TEST_STEP][PASSED] - assert response.contains(validationString): null

04-10-2024T10:20:13 - [TEST_STEP][PASSED] - println("Test Scenario Number: " + TestScenarioNumber + 1): null

04-10-2024T10:20:13 - [TEST_STEP][PASSED] - TestScenarioRequiresCreateBooking = testdataFromExcel["ExecuteBookingCreationFlag"][TestScenarioNumber]: null

04-10-2024T10:20:13 - [TEST_STEP][PASSED] - if (TestScenarioRequiresCreateBooking == "Yes"): null

04-10-2024T10:20:13 - [TEST_STEP][PASSED] - else: null

04-10-2024T10:20:13 - [TEST_STEP][PASSED] - clickGET = xpath("//a[normalize-space()='Get']")).click(): null

04-10-2024T10:20:13 - [TEST_STEP][PASSED] - sendRequestTextBox = driver.findElement(By.xpath("//textarea[@name='req']")): null

04-10-2024T10:20:14 - [TEST_STEP][PASSED] - responseTextBox = driver.findElement(By.xpath("/html[1]/body[1]/div[1]/main[1]/div[1]/section[1]/div[2]/div[1]/div[1]/div[2]/div[1]/div[1]/div[1]/form[1]/div[1]/div[1]/textarea[1]")): null

04-10-2024T10:20:14 - [TEST_STEP][PASSED] - sendRequestTextBox.clear(): null

04-10-2024T10:20:14 - [TEST_STEP][PASSED] - BookingIdToBePassed = testdataFromExcel["BookingId"][TestScenarioNumber]: null

04-10-2024T10:20:14 - [TEST_STEP][PASSED] - sendRequestTextBox.sendKeys(BookingIdToBePassed): null

04-10-2024T10:20:14 - [TEST_STEP][PASSED] - println(BookingIdToBePassed): null

04-10-2024T10:20:14 - [TEST_STEP][PASSED] - utils.clickSendButton(): null

04-10-2024T10:20:15 - [TEST_STEP][PASSED] - delay(2): Delayed 2 second(s)

04-10-2024T10:20:17 - [MESSAGE][PASSED] - Delayed 2 second(s)

04-10-2024T10:20:17 - [TEST_STEP][PASSED] - response = responseTextBox.getText(): null

04-10-2024T10:20:17 - [TEST_STEP][PASSED] - validationString = testdataFromExcel["Validation"][TestScenarioNumber]: null

04-10-2024T10:20:17 - [TEST_STEP][PASSED] - assert response.contains(validationString): null

04-10-2024T10:20:17 - [TEST_STEP][PASSED] - println("Test Scenario Number: " + TestScenarioNumber + 1): null

04-10-2024T10:20:17 - [TEST_STEP][PASSED] - TestScenarioRequiresCreateBooking = testdataFromExcel["ExecuteBookingCreationFlag"][TestScenarioNumber]: null

04-10-2024T10:20:17 - [TEST_STEP][PASSED] - if (TestScenarioRequiresCreateBooking == "Yes"): null

04-10-2024T10:20:17 - [TEST_STEP][PASSED] - else: null

04-10-2024T10:20:17 - [TEST_STEP][PASSED] - clickGET = xpath("//a[normalize-space()='Get']")).click(): null

04-10-2024T10:20:17 - [TEST_STEP][PASSED] - sendRequestTextBox = driver.findElement(By.xpath("//textarea[@name='req']")): null

04-10-2024T10:20:17 - [TEST_STEP][PASSED] - responseTextBox = driver.findElement(By.xpath("/html[1]/body[1]/div[1]/main[1]/div[1]/section[1]/div[2]/div[1]/div[1]/div[2]/div[1]/div[1]/div[1]/form[1]/div[1]/div[1]/textarea[1]")): null

04-10-2024T10:20:18 - [TEST_STEP][PASSED] - sendRequestTextBox.clear(): null

04-10-2024T10:20:18 - [TEST_STEP][PASSED] - BookingIdToBePassed = testdataFromExcel["BookingId"][TestScenarioNumber]: null

04-10-2024T10:20:18 - [TEST_STEP][PASSED] - sendRequestTextBox.sendKeys(BookingIdToBePassed): null

04-10-2024T10:20:18 - [TEST_STEP][PASSED] - println(BookingIdToBePassed): null

04-10-2024T10:20:18 - [TEST_STEP][PASSED] - utils.clickSendButton(): null

04-10-2024T10:20:18 - [TEST_STEP][PASSED] - delay(2): Delayed 2 second(s)

04-10-2024T10:20:20 - [MESSAGE][PASSED] - Delayed 2 second(s)

04-10-2024T10:20:20 - [TEST_STEP][PASSED] - response = responseTextBox.getText(): null

04-10-2024T10:20:20 - [TEST_STEP][PASSED] - validationString = testdataFromExcel["Validation"][TestScenarioNumber]: null

04-10-2024T10:20:20 - [TEST_STEP][PASSED] - assert response.contains(validationString): null

04-10-2024T10:20:20 - [TEST_STEP][PASSED] - println("Test Scenario Number: " + TestScenarioNumber + 1): null

04-10-2024T10:20:20 - [TEST_STEP][PASSED] - TestScenarioRequiresCreateBooking = testdataFromExcel["ExecuteBookingCreationFlag"][TestScenarioNumber]: null

04-10-2024T10:20:20 - [TEST_STEP][PASSED] - if (TestScenarioRequiresCreateBooking == "Yes"): null

04-10-2024T10:20:20 - [TEST_STEP][PASSED] - else: null

04-10-2024T10:20:20 - [TEST_STEP][PASSED] - clickGET = xpath("//a[normalize-space()='Get']")).click(): null

04-10-2024T10:20:20 - [TEST_STEP][PASSED] - sendRequestTextBox = driver.findElement(By.xpath("//textarea[@name='req']")): null

04-10-2024T10:20:21 - [TEST_STEP][PASSED] - responseTextBox = driver.findElement(By.xpath("/html[1]/body[1]/div[1]/main[1]/div[1]/section[1]/div[2]/div[1]/div[1]/div[2]/div[1]/div[1]/div[1]/form[1]/div[1]/div[1]/textarea[1]")): null

04-10-2024T10:20:21 - [TEST_STEP][PASSED] - sendRequestTextBox.clear(): null

04-10-2024T10:20:21 - [TEST_STEP][PASSED] - BookingIdToBePassed = testdataFromExcel["BookingId"][TestScenarioNumber]: null

04-10-2024T10:20:21 - [TEST_STEP][PASSED] - sendRequestTextBox.sendKeys(BookingIdToBePassed): null

04-10-2024T10:20:22 - [TEST_STEP][PASSED] - println(BookingIdToBePassed): null

04-10-2024T10:20:22 - [TEST_STEP][PASSED] - utils.clickSendButton(): null

04-10-2024T10:20:22 - [TEST_STEP][PASSED] - delay(2): Delayed 2 second(s)

04-10-2024T10:20:24 - [MESSAGE][PASSED] - Delayed 2 second(s)

04-10-2024T10:20:24 - [TEST_STEP][PASSED] - response = responseTextBox.getText(): null

04-10-2024T10:20:24 - [TEST_STEP][PASSED] - validationString = testdataFromExcel["Validation"][TestScenarioNumber]: null

04-10-2024T10:20:24 - [TEST_STEP][PASSED] - assert response.contains(validationString): null

04-10-2024T10:20:24 - [TEST_STEP][PASSED] - println("Test Scenario Number: " + TestScenarioNumber + 1): null

04-10-2024T10:20:24 - [TEST_STEP][PASSED] - TestScenarioRequiresCreateBooking = testdataFromExcel["ExecuteBookingCreationFlag"][TestScenarioNumber]: null

04-10-2024T10:20:24 - [TEST_STEP][PASSED] - if (TestScenarioRequiresCreateBooking == "Yes"): null

04-10-2024T10:20:24 - [TEST_STEP][PASSED] - else: null

04-10-2024T10:20:24 - [TEST_STEP][PASSED] - clickGET = xpath("//a[normalize-space()='Get']")).click(): null

04-10-2024T10:20:24 - [TEST_STEP][PASSED] - sendRequestTextBox = driver.findElement(By.xpath("//textarea[@name='req']")): null

04-10-2024T10:20:25 - [TEST_STEP][PASSED] - responseTextBox = driver.findElement(By.xpath("/html[1]/body[1]/div[1]/main[1]/div[1]/section[1]/div[2]/div[1]/div[1]/div[2]/div[1]/div[1]/div[1]/form[1]/div[1]/div[1]/textarea[1]")): null

04-10-2024T10:20:25 - [TEST_STEP][PASSED] - sendRequestTextBox.clear(): null

04-10-2024T10:20:25 - [TEST_STEP][PASSED] - BookingIdToBePassed = testdataFromExcel["BookingId"][TestScenarioNumber]: null

04-10-2024T10:20:25 - [TEST_STEP][PASSED] - sendRequestTextBox.sendKeys(BookingIdToBePassed): null

04-10-2024T10:20:25 - [TEST_STEP][PASSED] - println(BookingIdToBePassed): null

04-10-2024T10:20:25 - [TEST_STEP][PASSED] - utils.clickSendButton(): null

04-10-2024T10:20:25 - [TEST_STEP][PASSED] - delay(2): Delayed 2 second(s)

04-10-2024T10:20:27 - [MESSAGE][PASSED] - Delayed 2 second(s)

04-10-2024T10:20:27 - [TEST_STEP][PASSED] - response = responseTextBox.getText(): null

04-10-2024T10:20:27 - [TEST_STEP][PASSED] - validationString = testdataFromExcel["Validation"][TestScenarioNumber]: null

04-10-2024T10:20:27 - [TEST_STEP][PASSED] - assert response.contains(validationString): null

04-10-2024T10:20:27 - [TEST_STEP][PASSED] - println("Test Scenario Number: " + TestScenarioNumber + 1): null

04-10-2024T10:20:27 - [TEST_STEP][PASSED] - TestScenarioRequiresCreateBooking = testdataFromExcel["ExecuteBookingCreationFlag"][TestScenarioNumber]: null

04-10-2024T10:20:27 - [TEST_STEP][PASSED] - if (TestScenarioRequiresCreateBooking == "Yes"): null

04-10-2024T10:20:27 - [TEST_STEP][PASSED] - else: null

04-10-2024T10:20:27 - [TEST_STEP][PASSED] - clickGET = xpath("//a[normalize-space()='Get']")).click(): null

04-10-2024T10:20:28 - [TEST_STEP][PASSED] - sendRequestTextBox = driver.findElement(By.xpath("//textarea[@name='req']")): null

04-10-2024T10:20:29 - [TEST_STEP][PASSED] - responseTextBox = driver.findElement(By.xpath("/html[1]/body[1]/div[1]/main[1]/div[1]/section[1]/div[2]/div[1]/div[1]/div[2]/div[1]/div[1]/div[1]/form[1]/div[1]/div[1]/textarea[1]")): null

04-10-2024T10:20:29 - [TEST_STEP][PASSED] - sendRequestTextBox.clear(): null

04-10-2024T10:20:29 - [TEST_STEP][PASSED] - BookingIdToBePassed = testdataFromExcel["BookingId"][TestScenarioNumber]: null

04-10-2024T10:20:29 - [TEST_STEP][PASSED] - sendRequestTextBox.sendKeys(BookingIdToBePassed): null

04-10-2024T10:20:29 - [TEST_STEP][PASSED] - println(BookingIdToBePassed): null

04-10-2024T10:20:29 - [TEST_STEP][PASSED] - utils.clickSendButton(): null

04-10-2024T10:20:29 - [TEST_STEP][PASSED] - delay(2): Delayed 2 second(s)

04-10-2024T10:20:31 - [MESSAGE][PASSED] - Delayed 2 second(s)

04-10-2024T10:20:31 - [TEST_STEP][PASSED] - response = responseTextBox.getText(): null

04-10-2024T10:20:31 - [TEST_STEP][PASSED] - validationString = testdataFromExcel["Validation"][TestScenarioNumber]: null

04-10-2024T10:20:31 - [TEST_STEP][PASSED] - assert response.contains(validationString): null

04-10-2024T10:20:31 - [TEST_STEP][PASSED] - println("Test Scenario Number: " + TestScenarioNumber + 1): null

04-10-2024T10:20:31 - [TEST_STEP][PASSED] - Finally: Browser is closed

04-10-2024T10:20:31 - [TEST_STEP][PASSED] - utils.closeBrowser(): Browser is closed

04-10-2024T10:20:33 - [MESSAGE][PASSED] - Delayed 2 second(s)

04-10-2024T10:20:34 - [MESSAGE][PASSED] - Browser is closed

04-10-2024T10:20:36 - [TEST_STEP][PASSED] - Video: Video recording for test case 'Test Cases/Web_Utilities_TestCases/ScheduledPayments/TC4_ScheduledPayment_Get' .

04-10-2024T10:20:36 - [MESSAGE][INFO] - Video recording for test case 'Test Cases/Web_Utilities_TestCases/ScheduledPayments/TC4_ScheduledPayment_Get' .]]></system-out>
         <system-err><![CDATA[]]></system-err>
      </testcase>
      <system-out><![CDATA[04-10-2024T10:14:18 - [TEST_SUITE][PASSED] - ScheduledPayments: Test Cases/Web_Utilities_TestCases/ScheduledPayments/TC4_ScheduledPayment_Get]]></system-out>
      <system-err><![CDATA[]]></system-err>
   </testsuite>
</testsuites>
