<?xml version="1.0" encoding="UTF-8"?>
<testsuites name="Wallets" time="105.266" tests="5" failures="0" errors="0">
   <testsuite name="Wallets" tests="5" failures="0" errors="0" time="105.266" skipped="0" timestamp="15-01-2025T10:43:03" hostname="manilacel - localhost" id="Test Suites/PMT_Libraries/Wallets">
      <properties>
         <property name="deviceName" value=""/>
         <property name="devicePlatform"/>
         <property name="logFolder" value="/Users/manilacel/Library/CloudStorage/OneDrive-RoyalCaribbeanGroup/PMT/Git/payment.web-utility-automation/payment.web-utility-automation/Reports/20250115_103617/PMT_Libraries/Wallets/20250115_103626"/>
         <property name="logFiles" value="/Users/manilacel/Library/CloudStorage/OneDrive-RoyalCaribbeanGroup/PMT/Git/payment.web-utility-automation/payment.web-utility-automation/Reports/20250115_103617/PMT_Libraries/Wallets/20250115_103626/execution0.log"/>
         <property name="attachments" value="./screenshots/Failed_Wallet_Update.png, ./screenshots/Failed_Wallet_Add.png, ./screenshots/Failed_Wallet_Delete.png"/>
         <property name="hostName" value="manilacel - localhost"/>
         <property name="os" value="Mac OS X 64bit"/>
         <property name="katalonVersion" value="9.5.0.217"/>
         <property name="browser" value="Chrome 131.0.0.0"/>
         <property name="hostAddress" value="127.0.0.1"/>
         <property name="sessionId" value="c1735d5c35e19217ebc2198d8e913685"/>
         <property name="seleniumVersion" value="3.141.59"/>
         <property name="proxyInformation" value="ProxyInformation { proxyOption=NO_PROXY, proxyServerType=HTTP, username=, password=********, proxyServerAddress=, proxyServerPort=0, executionList=&quot;&quot;, isApplyToDesiredCapabilities=true }"/>
         <property name="platform" value="Mac OS X"/>
      </properties>
      <testcase name="Test Cases/Web_Utilities_TestCases/Wallets/TC3_Wallet_Update" time="26.448" classname="Test Cases/Web_Utilities_TestCases/Wallets/TC3_Wallet_Update" status="PASSED">
         <system-out><![CDATA[15-01-2025T10:43:03 - [TEST_CASE][PASSED] - Test Cases/Web_Utilities_TestCases/Wallets/TC3_Wallet_Update: Test Cases/Web_Utilities_TestCases/Wallets/TC3_Wallet_Update

15-01-2025T10:43:05 - [TEST_STEP][PASSED] - try: null

15-01-2025T10:43:05 - [TEST_STEP][PASSED] - utils.openBrowserAndNavigateToPMT(): Navigate to 'https://dev1.payment.rccl.com/payment/utilities' successfully

15-01-2025T10:43:05 - [MESSAGE][INFO] - Starting 'Chrome' driver

15-01-2025T10:43:05 - [MESSAGE][INFO] - Action delay is set to 0 milliseconds

15-01-2025T10:43:07 - [MESSAGE][PASSED] - Browser is opened with url: ''

15-01-2025T10:43:07 - [MESSAGE][PASSED] - Current window maximized

15-01-2025T10:43:11 - [MESSAGE][PASSED] - Navigate to 'https://dev1.payment.rccl.com/payment/utilities' successfully

15-01-2025T10:43:11 - [TEST_STEP][PASSED] - EXCEL_PATH = "./Data Files/TestData.xlsx": null

15-01-2025T10:43:11 - [TEST_STEP][PASSED] - TAB = "Wallet_Update": null

15-01-2025T10:43:11 - [TEST_STEP][PASSED] - driver = getWebDriver(): null

15-01-2025T10:43:11 - [TEST_STEP][PASSED] - utils.goToWallets(): null

15-01-2025T10:43:14 - [TEST_STEP][PASSED] - clickAuthorizePayment = xpath("//a[normalize-space()='Update']")).click(): null

15-01-2025T10:43:15 - [TEST_STEP][PASSED] - utils.selectEnvironment(ENV): null

15-01-2025T10:43:16 - [TEST_STEP][PASSED] - sendRequestTextBox = driver.findElement(By.xpath("//textarea[@name='req']")): null

15-01-2025T10:43:16 - [TEST_STEP][PASSED] - fetchGuestAccount = sendRequest(findTestObject("GuestAccount")): Send request successfully

15-01-2025T10:43:19 - [MESSAGE][INFO] - HAR: /Users/manilacel/Library/CloudStorage/OneDrive-RoyalCaribbeanGroup/PMT/Git/payment.web-utility-automation/payment.web-utility-automation/Reports/20250115_103617/PMT_Libraries/Wallets/20250115_103626/requests/main/0.har

15-01-2025T10:43:19 - [MESSAGE][PASSED] - Send request successfully

15-01-2025T10:43:19 - [TEST_STEP][PASSED] - accountId = getElementPropertyValue(fetchGuestAccount, "payload.accountId"): null

15-01-2025T10:43:19 - [TEST_STEP][PASSED] - accessToken = getElementPropertyValue(fetchGuestAccount, "payload.accessToken"): null

15-01-2025T10:43:19 - [TEST_STEP][PASSED] - accountId = accountId: null

15-01-2025T10:43:19 - [TEST_STEP][PASSED] - accessToken = accessToken: null

15-01-2025T10:43:19 - [TEST_STEP][PASSED] - testdata = getdata.fromExcel(EXCEL_PATH, TAB): null

15-01-2025T10:43:19 - [TEST_STEP][PASSED] - for ([i = 0, i < testdata.size(), (i++)]): null

15-01-2025T10:43:19 - [TEST_STEP][PASSED] - sendRequestTextBox.clear(): null

15-01-2025T10:43:20 - [TEST_STEP][PASSED] - paymentMethod = testdata["paymentMethod"][i]: null

15-01-2025T10:43:20 - [TEST_STEP][PASSED] - cardNumber = testdata["cardNumber"][i]: null

15-01-2025T10:43:20 - [TEST_STEP][PASSED] - CNumber = cardNumber.replaceAll("\.0$", ""): null

15-01-2025T10:43:20 - [TEST_STEP][PASSED] - expirationMonth = testdata["expirationMonth"][i]: null

15-01-2025T10:43:20 - [TEST_STEP][PASSED] - xMonth = expirationMonth.replaceAll("\.0$", ""): null

15-01-2025T10:43:20 - [TEST_STEP][PASSED] - expirationYear = testdata["expirationYear"][i]: null

15-01-2025T10:43:20 - [TEST_STEP][PASSED] - xYear = expirationYear.replaceAll("\.0$", ""): null

15-01-2025T10:43:20 - [TEST_STEP][PASSED] - cardholderName = testdata["cardholderName"][i]: null

15-01-2025T10:43:20 - [TEST_STEP][PASSED] - nickName = testdata["nickName"][i]: null

15-01-2025T10:43:20 - [TEST_STEP][PASSED] - defaultPaymentMethod = testdata["defaultPaymentMethod"][i]: null

15-01-2025T10:43:20 - [TEST_STEP][PASSED] - request = {
    "paymentMethod": {
        "type": "$paymentMethod",
        "cardNumber": "$cardNumber",
        "cardholder": "$cardholderName",
        "nickname": "$nickName",
        "expirationMonth": "$expirationMonth",
        "expirationYear": "$expirationYear",
        "defaultPaymentMethod": "$defaultPaymentMethod"
    },
    "accountId": "$accountId",
    "accessToken": "$accessToken"
}: null

15-01-2025T10:43:20 - [TEST_STEP][PASSED] - restRequest = JsonSlurper().parseText(request): null

15-01-2025T10:43:20 - [TEST_STEP][PASSED] - prettyJson = JsonBuilder(restRequest).toPrettyString(): null

15-01-2025T10:43:20 - [TEST_STEP][PASSED] - println(prettyJson): null

15-01-2025T10:43:20 - [TEST_STEP][PASSED] - sendRequestTextBox.sendKeys(prettyJson): null

15-01-2025T10:43:21 - [TEST_STEP][PASSED] - utils.clickSendButton(): null

15-01-2025T10:43:21 - [TEST_STEP][PASSED] - delay(3): Delayed 3 second(s)

15-01-2025T10:43:24 - [MESSAGE][PASSED] - Delayed 3 second(s)

15-01-2025T10:43:24 - [TEST_STEP][PASSED] - response = utils.getResponse(): null

15-01-2025T10:43:24 - [TEST_STEP][PASSED] - println(response): null

15-01-2025T10:43:24 - [TEST_STEP][PASSED] - validation1 = testdata["ContainsValidation"][i]: null

15-01-2025T10:43:24 - [TEST_STEP][PASSED] - println(validation1): null

15-01-2025T10:43:24 - [TEST_STEP][PASSED] - validation2 = testdata["NotContainsValidation"][i]: null

15-01-2025T10:43:24 - [TEST_STEP][PASSED] - println(validation2): null

15-01-2025T10:43:24 - [TEST_STEP][PASSED] - println(testdata["TCNumber"][i]): null

15-01-2025T10:43:24 - [TEST_STEP][PASSED] - assert response.contains(validation1): null

15-01-2025T10:43:24 - [TEST_STEP][PASSED] - catch (AssertionError e): null

15-01-2025T10:43:24 - [TEST_STEP][PASSED] - takeScreenshot("./screenshots/Failed_Wallet_Update.png"): Taking screenshot successfully

15-01-2025T10:43:25 - [MESSAGE][PASSED] - Taking screenshot successfully
[[ATTACHMENT|./screenshots/Failed_Wallet_Update.png]]

15-01-2025T10:43:25 - [TEST_STEP][PASSED] - println(Assertion failed: $e.message): null

15-01-2025T10:43:25 - [TEST_STEP][PASSED] - e.printStackTrace(): null

15-01-2025T10:43:25 - [TEST_STEP][PASSED] - Finally: Browser is closed

15-01-2025T10:43:25 - [TEST_STEP][PASSED] - utils.closeBrowser(): Browser is closed

15-01-2025T10:43:27 - [MESSAGE][PASSED] - Delayed 2 second(s)

15-01-2025T10:43:27 - [MESSAGE][PASSED] - Browser is closed

15-01-2025T10:43:30 - [TEST_STEP][PASSED] - Video: Video recording for test case 'Test Cases/Web_Utilities_TestCases/Wallets/TC3_Wallet_Update' .

15-01-2025T10:43:30 - [MESSAGE][INFO] - Video recording for test case 'Test Cases/Web_Utilities_TestCases/Wallets/TC3_Wallet_Update' .]]></system-out>
         <system-err><![CDATA[]]></system-err>
      </testcase>
      <testcase name="Test Cases/Web_Utilities_TestCases/Wallets/Wallet_Get" time="13.96" classname="Test Cases/Web_Utilities_TestCases/Wallets/Wallet_Get" status="PASSED">
         <system-out><![CDATA[15-01-2025T10:43:30 - [TEST_CASE][PASSED] - Test Cases/Web_Utilities_TestCases/Wallets/Wallet_Get: Test Cases/Web_Utilities_TestCases/Wallets/Wallet_Get

15-01-2025T10:43:30 - [TEST_STEP][PASSED] - try: null

15-01-2025T10:43:30 - [TEST_STEP][PASSED] - utils.openBrowserAndNavigateToPMT(): Navigate to 'https://dev1.payment.rccl.com/payment/utilities' successfully

15-01-2025T10:43:30 - [MESSAGE][INFO] - Starting 'Chrome' driver

15-01-2025T10:43:30 - [MESSAGE][INFO] - Action delay is set to 0 milliseconds

15-01-2025T10:43:31 - [MESSAGE][PASSED] - Browser is opened with url: ''

15-01-2025T10:43:31 - [MESSAGE][PASSED] - Current window maximized

15-01-2025T10:43:35 - [MESSAGE][PASSED] - Navigate to 'https://dev1.payment.rccl.com/payment/utilities' successfully

15-01-2025T10:43:35 - [TEST_STEP][PASSED] - driver = getWebDriver(): null

15-01-2025T10:43:35 - [TEST_STEP][PASSED] - utils.goToWallets(): null

15-01-2025T10:43:38 - [TEST_STEP][PASSED] - clickAuthorizePayment = xpath("//a[normalize-space()='Get']")).click(): null

15-01-2025T10:43:38 - [TEST_STEP][PASSED] - utils.selectEnvironment(ENV): null

15-01-2025T10:43:39 - [TEST_STEP][PASSED] - Finally: Browser is closed

15-01-2025T10:43:39 - [TEST_STEP][PASSED] - utils.closeBrowser(): Browser is closed

15-01-2025T10:43:41 - [MESSAGE][PASSED] - Delayed 2 second(s)

15-01-2025T10:43:41 - [MESSAGE][PASSED] - Browser is closed

15-01-2025T10:43:44 - [TEST_STEP][PASSED] - Video: Video recording for test case 'Test Cases/Web_Utilities_TestCases/Wallets/Wallet_Get' .

15-01-2025T10:43:44 - [MESSAGE][INFO] - Video recording for test case 'Test Cases/Web_Utilities_TestCases/Wallets/Wallet_Get' .]]></system-out>
         <system-err><![CDATA[]]></system-err>
      </testcase>
      <testcase name="Test Cases/Web_Utilities_TestCases/Wallets/TC2__Replace" time="23.651" classname="Test Cases/Web_Utilities_TestCases/Wallets/TC2__Replace" status="PASSED">
         <system-out><![CDATA[15-01-2025T10:43:44 - [TEST_CASE][PASSED] - Test Cases/Web_Utilities_TestCases/Wallets/TC2__Replace: Test Cases/Web_Utilities_TestCases/Wallets/TC2__Replace

15-01-2025T10:43:44 - [TEST_STEP][PASSED] - try: null

15-01-2025T10:43:44 - [TEST_STEP][PASSED] - utils.openBrowserAndNavigateToPMT(): Navigate to 'https://dev1.payment.rccl.com/payment/utilities' successfully

15-01-2025T10:43:44 - [MESSAGE][INFO] - Starting 'Chrome' driver

15-01-2025T10:43:44 - [MESSAGE][INFO] - Action delay is set to 0 milliseconds

15-01-2025T10:43:45 - [MESSAGE][PASSED] - Browser is opened with url: ''

15-01-2025T10:43:45 - [MESSAGE][PASSED] - Current window maximized

15-01-2025T10:43:49 - [MESSAGE][PASSED] - Navigate to 'https://dev1.payment.rccl.com/payment/utilities' successfully

15-01-2025T10:43:49 - [TEST_STEP][PASSED] - EXCEL_PATH = "./Data Files/TestData.xlsx": null

15-01-2025T10:43:49 - [TEST_STEP][PASSED] - TAB = "Wallet_Replace": null

15-01-2025T10:43:49 - [TEST_STEP][PASSED] - driver = getWebDriver(): null

15-01-2025T10:43:49 - [TEST_STEP][PASSED] - utils.goToWallets(): null

15-01-2025T10:43:52 - [TEST_STEP][PASSED] - clickAuthorizePayment = xpath("//a[normalize-space()='Replace']")).click(): null

15-01-2025T10:43:53 - [TEST_STEP][PASSED] - utils.selectEnvironment(ENV): null

15-01-2025T10:43:54 - [TEST_STEP][PASSED] - sendRequestTextBox = driver.findElement(By.xpath("//textarea[@name='req']")): null

15-01-2025T10:43:54 - [TEST_STEP][PASSED] - fetchGuestAccount = sendRequest(findTestObject("GuestAccount")): Send request successfully

15-01-2025T10:43:55 - [MESSAGE][INFO] - HAR: /Users/manilacel/Library/CloudStorage/OneDrive-RoyalCaribbeanGroup/PMT/Git/payment.web-utility-automation/payment.web-utility-automation/Reports/20250115_103617/PMT_Libraries/Wallets/20250115_103626/requests/main/1.har

15-01-2025T10:43:55 - [MESSAGE][PASSED] - Send request successfully

15-01-2025T10:43:55 - [TEST_STEP][PASSED] - accountId = getElementPropertyValue(fetchGuestAccount, "payload.accountId"): null

15-01-2025T10:43:55 - [TEST_STEP][PASSED] - accessToken = getElementPropertyValue(fetchGuestAccount, "payload.accessToken"): null

15-01-2025T10:43:55 - [TEST_STEP][PASSED] - accountId = accountId: null

15-01-2025T10:43:55 - [TEST_STEP][PASSED] - accessToken = accessToken: null

15-01-2025T10:43:55 - [TEST_STEP][PASSED] - testdata = getdata.fromExcel(EXCEL_PATH, TAB): null

15-01-2025T10:43:55 - [TEST_STEP][PASSED] - for ([i = 0, i < testdata.size(), (i++)]): null

15-01-2025T10:43:55 - [TEST_STEP][PASSED] - sendRequestTextBox.clear(): null

15-01-2025T10:43:55 - [TEST_STEP][PASSED] - idToBeReplaced = testdata["idToBeReplaced"][i]: null

15-01-2025T10:43:55 - [TEST_STEP][PASSED] - paymentMethod = testdata["paymentMethod"][i]: null

15-01-2025T10:43:55 - [TEST_STEP][PASSED] - cardNumber = testdata["cardNumber"][i]: null

15-01-2025T10:43:55 - [TEST_STEP][PASSED] - CNumber = cardNumber.replaceAll("\.0$", ""): null

15-01-2025T10:43:55 - [TEST_STEP][PASSED] - expirationMonth = testdata["expirationMonth"][i]: null

15-01-2025T10:43:56 - [TEST_STEP][PASSED] - xMonth = expirationMonth.replaceAll("\.0$", ""): null

15-01-2025T10:43:56 - [TEST_STEP][PASSED] - expirationYear = testdata["expirationYear"][i]: null

15-01-2025T10:43:56 - [TEST_STEP][PASSED] - xYear = expirationYear.replaceAll("\.0$", ""): null

15-01-2025T10:43:56 - [TEST_STEP][PASSED] - cardholderName = testdata["cardholderName"][i]: null

15-01-2025T10:43:56 - [TEST_STEP][PASSED] - nickName = testdata["nickName"][i]: null

15-01-2025T10:43:56 - [TEST_STEP][PASSED] - defaultPaymentMethod = testdata["defaultPaymentMethod"][i]: null

15-01-2025T10:43:56 - [TEST_STEP][PASSED] - request = {
    "idToBeReplaced": "$idToBeReplaced",
    "paymentMethod": {
        "type": "$paymentMethod",
        "cardNumber": "$cardNumber",
        "expirationMonth": "$expirationMonth",
        "expirationYear": "$expirationYear",
        "cardholder": "$cardholderName",
        "nickname": "$nickName"
    },
    "accountId": "$accountId",
    "accessToken": "$accessToken"
}: null

15-01-2025T10:43:56 - [TEST_STEP][PASSED] - restRequest = JsonSlurper().parseText(request): null

15-01-2025T10:43:56 - [TEST_STEP][PASSED] - prettyJson = JsonBuilder(restRequest).toPrettyString(): null

15-01-2025T10:43:56 - [TEST_STEP][PASSED] - println(prettyJson): null

15-01-2025T10:43:56 - [TEST_STEP][PASSED] - sendRequestTextBox.sendKeys(prettyJson): null

15-01-2025T10:43:57 - [TEST_STEP][PASSED] - utils.clickSendButton(): null

15-01-2025T10:43:57 - [TEST_STEP][PASSED] - delay(3): Delayed 3 second(s)

15-01-2025T10:44:00 - [MESSAGE][PASSED] - Delayed 3 second(s)

15-01-2025T10:44:00 - [TEST_STEP][PASSED] - response = utils.getResponse(): null

15-01-2025T10:44:03 - [TEST_STEP][PASSED] - println(response): null

15-01-2025T10:44:03 - [TEST_STEP][PASSED] - validation1 = testdata["ContainsValidation"][i]: null

15-01-2025T10:44:03 - [TEST_STEP][PASSED] - println(validation1): null

15-01-2025T10:44:03 - [TEST_STEP][PASSED] - validation2 = testdata["NotContainsValidation"][i]: null

15-01-2025T10:44:03 - [TEST_STEP][PASSED] - println(validation2): null

15-01-2025T10:44:03 - [TEST_STEP][PASSED] - println(testdata["TCNumber"][i]): null

15-01-2025T10:44:03 - [TEST_STEP][PASSED] - assert response.contains(validation1): null

15-01-2025T10:44:03 - [TEST_STEP][PASSED] - assert response.contains(validation2) == false: null

15-01-2025T10:44:03 - [TEST_STEP][PASSED] - sendRequestTextBox.clear(): null

15-01-2025T10:44:03 - [TEST_STEP][PASSED] - idToBeReplaced = testdata["idToBeReplaced"][i]: null

15-01-2025T10:44:03 - [TEST_STEP][PASSED] - paymentMethod = testdata["paymentMethod"][i]: null

15-01-2025T10:44:03 - [TEST_STEP][PASSED] - cardNumber = testdata["cardNumber"][i]: null

15-01-2025T10:44:03 - [TEST_STEP][PASSED] - CNumber = cardNumber.replaceAll("\.0$", ""): null

15-01-2025T10:44:03 - [TEST_STEP][PASSED] - expirationMonth = testdata["expirationMonth"][i]: null

15-01-2025T10:44:03 - [TEST_STEP][PASSED] - xMonth = expirationMonth.replaceAll("\.0$", ""): null

15-01-2025T10:44:03 - [TEST_STEP][PASSED] - catch (Exception e): null

15-01-2025T10:44:03 - [TEST_STEP][PASSED] - println(An unexpected error occurred: $e.message): null

15-01-2025T10:44:03 - [TEST_STEP][PASSED] - e.printStackTrace(): null

15-01-2025T10:44:03 - [TEST_STEP][PASSED] - Finally: Browser is closed

15-01-2025T10:44:03 - [TEST_STEP][PASSED] - utils.closeBrowser(): Browser is closed

15-01-2025T10:44:05 - [MESSAGE][PASSED] - Delayed 2 second(s)

15-01-2025T10:44:05 - [MESSAGE][PASSED] - Browser is closed

15-01-2025T10:44:07 - [TEST_STEP][PASSED] - Video: Video recording for test case 'Test Cases/Web_Utilities_TestCases/Wallets/TC2__Replace' .

15-01-2025T10:44:07 - [MESSAGE][INFO] - Video recording for test case 'Test Cases/Web_Utilities_TestCases/Wallets/TC2__Replace' .]]></system-out>
         <system-err><![CDATA[]]></system-err>
      </testcase>
      <testcase name="Test Cases/Web_Utilities_TestCases/Wallets/TC1_Wallet_Add" time="21.041" classname="Test Cases/Web_Utilities_TestCases/Wallets/TC1_Wallet_Add" status="PASSED">
         <system-out><![CDATA[15-01-2025T10:44:07 - [TEST_CASE][PASSED] - Test Cases/Web_Utilities_TestCases/Wallets/TC1_Wallet_Add: Test Cases/Web_Utilities_TestCases/Wallets/TC1_Wallet_Add

15-01-2025T10:44:07 - [TEST_STEP][PASSED] - try: null

15-01-2025T10:44:07 - [TEST_STEP][PASSED] - utils.openBrowserAndNavigateToPMT(): Navigate to 'https://dev1.payment.rccl.com/payment/utilities' successfully

15-01-2025T10:44:07 - [MESSAGE][INFO] - Starting 'Chrome' driver

15-01-2025T10:44:07 - [MESSAGE][INFO] - Action delay is set to 0 milliseconds

15-01-2025T10:44:09 - [MESSAGE][PASSED] - Browser is opened with url: ''

15-01-2025T10:44:09 - [MESSAGE][PASSED] - Current window maximized

15-01-2025T10:44:12 - [MESSAGE][PASSED] - Navigate to 'https://dev1.payment.rccl.com/payment/utilities' successfully

15-01-2025T10:44:12 - [TEST_STEP][PASSED] - EXCEL_PATH = "./Data Files/TestData.xlsx": null

15-01-2025T10:44:12 - [TEST_STEP][PASSED] - TAB = "Wallet_Add": null

15-01-2025T10:44:12 - [TEST_STEP][PASSED] - driver = getWebDriver(): null

15-01-2025T10:44:12 - [TEST_STEP][PASSED] - utils.goToWallets(): null

15-01-2025T10:44:14 - [TEST_STEP][PASSED] - clickAdd = xpath("//a[normalize-space()='Add']")).click(): null

15-01-2025T10:44:14 - [TEST_STEP][PASSED] - utils.selectEnvironment(ENV): null

15-01-2025T10:44:15 - [TEST_STEP][PASSED] - sendRequestTextBox = driver.findElement(By.xpath("//textarea[@name='req']")): null

15-01-2025T10:44:15 - [TEST_STEP][PASSED] - fetchGuestAccount = sendRequest(findTestObject("GuestAccount")): Send request successfully

15-01-2025T10:44:15 - [MESSAGE][INFO] - HAR: /Users/manilacel/Library/CloudStorage/OneDrive-RoyalCaribbeanGroup/PMT/Git/payment.web-utility-automation/payment.web-utility-automation/Reports/20250115_103617/PMT_Libraries/Wallets/20250115_103626/requests/main/2.har

15-01-2025T10:44:15 - [MESSAGE][PASSED] - Send request successfully

15-01-2025T10:44:15 - [TEST_STEP][PASSED] - accountId = getElementPropertyValue(fetchGuestAccount, "payload.accountId"): null

15-01-2025T10:44:15 - [TEST_STEP][PASSED] - accessToken = getElementPropertyValue(fetchGuestAccount, "payload.accessToken"): null

15-01-2025T10:44:15 - [TEST_STEP][PASSED] - accountId = accountId: null

15-01-2025T10:44:15 - [TEST_STEP][PASSED] - accessToken = accessToken: null

15-01-2025T10:44:15 - [TEST_STEP][PASSED] - testdata = getdata.fromExcel(EXCEL_PATH, TAB): null

15-01-2025T10:44:15 - [TEST_STEP][PASSED] - for ([i = 0, i < testdata.size(), (i++)]): null

15-01-2025T10:44:15 - [TEST_STEP][PASSED] - sendRequestTextBox.clear(): null

15-01-2025T10:44:15 - [TEST_STEP][PASSED] - paymentMethod = testdata["paymentMethod"][i]: null

15-01-2025T10:44:15 - [TEST_STEP][PASSED] - cardNumber = testdata["cardNumber"][i]: null

15-01-2025T10:44:15 - [TEST_STEP][PASSED] - CNumber = cardNumber.replaceAll("\.0$", ""): null

15-01-2025T10:44:15 - [TEST_STEP][PASSED] - expirationMonth = testdata["expirationMonth"][i]: null

15-01-2025T10:44:16 - [TEST_STEP][PASSED] - xMonth = expirationMonth.replaceAll("\.0$", ""): null

15-01-2025T10:44:16 - [TEST_STEP][PASSED] - expirationYear = testdata["expirationYear"][i]: null

15-01-2025T10:44:16 - [TEST_STEP][PASSED] - xYear = expirationYear.replaceAll("\.0$", ""): null

15-01-2025T10:44:16 - [TEST_STEP][PASSED] - cardholderName = testdata["cardholderName"][i]: null

15-01-2025T10:44:16 - [TEST_STEP][PASSED] - nickName = testdata["nickName"][i]: null

15-01-2025T10:44:16 - [TEST_STEP][PASSED] - defaultPaymentMethod = testdata["defaultPaymentMethod"][i]: null

15-01-2025T10:44:16 - [TEST_STEP][PASSED] - request = {
    "paymentMethod": {
        "type": "$paymentMethod",
        "cardNumber": "$cardNumber",
        "expirationMonth": "$expirationMonth",
        "expirationYear": "$expirationYear",
        "cardholder": "$cardholderName",
        "nickname": "$nickName",
        "defaultPaymentMethod": "$defaultPaymentMethod"
    },
    "accountId": "$accountId",
    "accessToken": "$accessToken"
}: null

15-01-2025T10:44:16 - [TEST_STEP][PASSED] - restRequest = JsonSlurper().parseText(request): null

15-01-2025T10:44:16 - [TEST_STEP][PASSED] - prettyJson = JsonBuilder(restRequest).toPrettyString(): null

15-01-2025T10:44:16 - [TEST_STEP][PASSED] - println(prettyJson): null

15-01-2025T10:44:16 - [TEST_STEP][PASSED] - sendRequestTextBox.sendKeys(prettyJson): null

15-01-2025T10:44:17 - [TEST_STEP][PASSED] - utils.clickSendButton(): null

15-01-2025T10:44:17 - [TEST_STEP][PASSED] - delay(3): Delayed 3 second(s)

15-01-2025T10:44:20 - [MESSAGE][PASSED] - Delayed 3 second(s)

15-01-2025T10:44:20 - [TEST_STEP][PASSED] - response = utils.getResponse(): null

15-01-2025T10:44:23 - [TEST_STEP][PASSED] - println(response): null

15-01-2025T10:44:23 - [TEST_STEP][PASSED] - validation1 = testdata["ContainsValidation"][i]: null

15-01-2025T10:44:23 - [TEST_STEP][PASSED] - println(validation1): null

15-01-2025T10:44:23 - [TEST_STEP][PASSED] - validation2 = testdata["NotContainsValidation"][i]: null

15-01-2025T10:44:23 - [TEST_STEP][PASSED] - println(validation2): null

15-01-2025T10:44:23 - [TEST_STEP][PASSED] - println(testdata["TCNumber"][i]): null

15-01-2025T10:44:23 - [TEST_STEP][PASSED] - assert response.contains(validation1): null

15-01-2025T10:44:23 - [TEST_STEP][PASSED] - catch (AssertionError e): null

15-01-2025T10:44:23 - [TEST_STEP][PASSED] - takeScreenshot("./screenshots/Failed_Wallet_Add.png"): Taking screenshot successfully

15-01-2025T10:44:24 - [MESSAGE][PASSED] - Taking screenshot successfully
[[ATTACHMENT|./screenshots/Failed_Wallet_Add.png]]

15-01-2025T10:44:24 - [TEST_STEP][PASSED] - println(Assertion failed: $e.message): null

15-01-2025T10:44:24 - [TEST_STEP][PASSED] - e.printStackTrace(): null

15-01-2025T10:44:24 - [TEST_STEP][PASSED] - Finally: Browser is closed

15-01-2025T10:44:24 - [TEST_STEP][PASSED] - utils.closeBrowser(): Browser is closed

15-01-2025T10:44:26 - [MESSAGE][PASSED] - Delayed 2 second(s)

15-01-2025T10:44:26 - [MESSAGE][PASSED] - Browser is closed

15-01-2025T10:44:28 - [TEST_STEP][PASSED] - Video: Video recording for test case 'Test Cases/Web_Utilities_TestCases/Wallets/TC1_Wallet_Add' .

15-01-2025T10:44:28 - [MESSAGE][INFO] - Video recording for test case 'Test Cases/Web_Utilities_TestCases/Wallets/TC1_Wallet_Add' .]]></system-out>
         <system-err><![CDATA[]]></system-err>
      </testcase>
      <testcase name="Test Cases/Web_Utilities_TestCases/Wallets/TC4_Wallet_Delete" time="20.041" classname="Test Cases/Web_Utilities_TestCases/Wallets/TC4_Wallet_Delete" status="PASSED">
         <system-out><![CDATA[15-01-2025T10:44:28 - [TEST_CASE][PASSED] - Test Cases/Web_Utilities_TestCases/Wallets/TC4_Wallet_Delete: Test Cases/Web_Utilities_TestCases/Wallets/TC4_Wallet_Delete

15-01-2025T10:44:28 - [TEST_STEP][PASSED] - try: null

15-01-2025T10:44:28 - [TEST_STEP][PASSED] - utils.openBrowserAndNavigateToPMT(): Navigate to 'https://dev1.payment.rccl.com/payment/utilities' successfully

15-01-2025T10:44:28 - [MESSAGE][INFO] - Starting 'Chrome' driver

15-01-2025T10:44:28 - [MESSAGE][INFO] - Action delay is set to 0 milliseconds

15-01-2025T10:44:30 - [MESSAGE][PASSED] - Browser is opened with url: ''

15-01-2025T10:44:30 - [MESSAGE][PASSED] - Current window maximized

15-01-2025T10:44:33 - [MESSAGE][PASSED] - Navigate to 'https://dev1.payment.rccl.com/payment/utilities' successfully

15-01-2025T10:44:33 - [TEST_STEP][PASSED] - EXCEL_PATH = "./Data Files/TestData.xlsx": null

15-01-2025T10:44:33 - [TEST_STEP][PASSED] - TAB = "Wallet_Delete": null

15-01-2025T10:44:33 - [TEST_STEP][PASSED] - driver = getWebDriver(): null

15-01-2025T10:44:33 - [TEST_STEP][PASSED] - utils.goToWallets(): null

15-01-2025T10:44:34 - [TEST_STEP][PASSED] - clickAuthorizePayment = xpath("//a[normalize-space()='Delete']")).click(): null

15-01-2025T10:44:35 - [TEST_STEP][PASSED] - utils.selectEnvironment(ENV): null

15-01-2025T10:44:35 - [TEST_STEP][PASSED] - sendRequestTextBox = driver.findElement(By.xpath("//textarea[@name='req']")): null

15-01-2025T10:44:36 - [TEST_STEP][PASSED] - fetchGuestAccount = sendRequest(findTestObject("GuestAccount")): Send request successfully

15-01-2025T10:44:36 - [MESSAGE][INFO] - HAR: /Users/manilacel/Library/CloudStorage/OneDrive-RoyalCaribbeanGroup/PMT/Git/payment.web-utility-automation/payment.web-utility-automation/Reports/20250115_103617/PMT_Libraries/Wallets/20250115_103626/requests/main/3.har

15-01-2025T10:44:36 - [MESSAGE][PASSED] - Send request successfully

15-01-2025T10:44:36 - [TEST_STEP][PASSED] - accountId = getElementPropertyValue(fetchGuestAccount, "payload.accountId"): null

15-01-2025T10:44:36 - [TEST_STEP][PASSED] - accessToken = getElementPropertyValue(fetchGuestAccount, "payload.accessToken"): null

15-01-2025T10:44:36 - [TEST_STEP][PASSED] - accountId = accountId: null

15-01-2025T10:44:36 - [TEST_STEP][PASSED] - accessToken = accessToken: null

15-01-2025T10:44:36 - [TEST_STEP][PASSED] - testdata = getdata.fromExcel(EXCEL_PATH, TAB): null

15-01-2025T10:44:36 - [TEST_STEP][PASSED] - for ([i = 0, i < testdata.size(), (i++)]): null

15-01-2025T10:44:36 - [TEST_STEP][PASSED] - sendRequestTextBox.clear(): null

15-01-2025T10:44:36 - [TEST_STEP][PASSED] - cardNumber = testdata["cardNumber"][i]: null

15-01-2025T10:44:36 - [TEST_STEP][PASSED] - CNumber = cardNumber.replaceAll("\.0$", ""): null

15-01-2025T10:44:36 - [TEST_STEP][PASSED] - expirationMonth = testdata["expirationMonth"][i]: null

15-01-2025T10:44:36 - [TEST_STEP][PASSED] - xMonth = expirationMonth.replaceAll("\.0$", ""): null

15-01-2025T10:44:36 - [TEST_STEP][PASSED] - expirationYear = testdata["expirationYear"][i]: null

15-01-2025T10:44:36 - [TEST_STEP][PASSED] - xYear = expirationYear.replaceAll("\.0$", ""): null

15-01-2025T10:44:36 - [TEST_STEP][PASSED] - request = {
		"cardNumber": "$cardNumber",
		"expirationMonth": "$expirationMonth",
		"expirationYear": "$expirationYear",
		"accessToken": "$accessToken",
		"accountId": "$accountId}"
		}: null

15-01-2025T10:44:36 - [TEST_STEP][PASSED] - restRequest = JsonSlurper().parseText(request): null

15-01-2025T10:44:36 - [TEST_STEP][PASSED] - prettyJson = JsonBuilder(restRequest).toPrettyString(): null

15-01-2025T10:44:36 - [TEST_STEP][PASSED] - println(prettyJson): null

15-01-2025T10:44:36 - [TEST_STEP][PASSED] - sendRequestTextBox.sendKeys(prettyJson): null

15-01-2025T10:44:37 - [TEST_STEP][PASSED] - utils.clickSendButton(): null

15-01-2025T10:44:37 - [TEST_STEP][PASSED] - delay(3): Delayed 3 second(s)

15-01-2025T10:44:40 - [MESSAGE][PASSED] - Delayed 3 second(s)

15-01-2025T10:44:41 - [TEST_STEP][PASSED] - response = utils.getResponse(): null

15-01-2025T10:44:43 - [TEST_STEP][PASSED] - println(response): null

15-01-2025T10:44:43 - [TEST_STEP][PASSED] - validation1 = testdata["ContainsValidation"][i]: null

15-01-2025T10:44:43 - [TEST_STEP][PASSED] - println(validation1): null

15-01-2025T10:44:43 - [TEST_STEP][PASSED] - validation2 = testdata["NotContainsValidation"][i]: null

15-01-2025T10:44:43 - [TEST_STEP][PASSED] - println(validation2): null

15-01-2025T10:44:43 - [TEST_STEP][PASSED] - println(testdata["TCNumber"][i]): null

15-01-2025T10:44:43 - [TEST_STEP][PASSED] - assert response.contains(validation1): null

15-01-2025T10:44:43 - [TEST_STEP][PASSED] - catch (AssertionError e): null

15-01-2025T10:44:43 - [TEST_STEP][PASSED] - takeScreenshot("./screenshots/Failed_Wallet_Delete.png"): Taking screenshot successfully

15-01-2025T10:44:44 - [MESSAGE][PASSED] - Taking screenshot successfully
[[ATTACHMENT|./screenshots/Failed_Wallet_Delete.png]]

15-01-2025T10:44:44 - [TEST_STEP][PASSED] - println(Assertion failed: $e.message): null

15-01-2025T10:44:44 - [TEST_STEP][PASSED] - e.printStackTrace(): null

15-01-2025T10:44:44 - [TEST_STEP][PASSED] - Finally: Browser is closed

15-01-2025T10:44:44 - [TEST_STEP][PASSED] - utils.closeBrowser(): Browser is closed

15-01-2025T10:44:46 - [MESSAGE][PASSED] - Delayed 2 second(s)

15-01-2025T10:44:46 - [MESSAGE][PASSED] - Browser is closed

15-01-2025T10:44:48 - [TEST_STEP][PASSED] - Video: Video recording for test case 'Test Cases/Web_Utilities_TestCases/Wallets/TC4_Wallet_Delete' .

15-01-2025T10:44:48 - [MESSAGE][INFO] - Video recording for test case 'Test Cases/Web_Utilities_TestCases/Wallets/TC4_Wallet_Delete' .]]></system-out>
         <system-err><![CDATA[]]></system-err>
      </testcase>
      <system-out><![CDATA[15-01-2025T10:43:03 - [TEST_SUITE][PASSED] - Wallets: Test Cases/Web_Utilities_TestCases/Wallets/TC4_Wallet_Delete]]></system-out>
      <system-err><![CDATA[]]></system-err>
   </testsuite>
</testsuites>
